#
# A fatal error has been detected by the Java Runtime Environment:
#
#  EXCEPTION_ACCESS_VIOLATION (0xc0000005) at pc=0x00007ff851a06587, pid=5688, tid=6364
#
# JRE version: OpenJDK Runtime Environment (21.0.2+13) (build 21.0.2+13-58)
# Java VM: OpenJDK 64-Bit Server VM (21.0.2+13-58, mixed mode, sharing, tiered, compressed oops, compressed class ptrs, g1 gc, windows-amd64)
# Problematic frame:
# C  [glass.dll+0x26587]
#
# No core dump will be written. Minidumps are not enabled by default on client versions of Windows
#
# If you would like to submit a bug report, please visit:
#   https://bugreport.java.com/bugreport/crash.jsp
#

---------------  S U M M A R Y ------------

Command Line: --enable-preview -javaagent:C:\Program Files\JetBrains\IntelliJ IDEA 2023.3.2\lib\idea_rt.jar=52406:C:\Program Files\JetBrains\IntelliJ IDEA 2023.3.2\bin -Dfile.encoding=UTF-8 -Dsun.stdout.encoding=UTF-8 -Dsun.stderr.encoding=UTF-8 --module-path=C:\Users\admin\.m2\repository\com\dlsc\formsfx\formsfx-core\11.6.0\formsfx-core-11.6.0.jar;C:\Users\admin\.m2\repository\com\gluonhq\attach\util\4.0.17\util-4.0.17.jar;C:\Users\admin\.m2\repository\org\openjfx\javafx-controls\21\javafx-controls-21-win.jar;C:\Users\admin\.m2\repository\ch\qos\logback\logback-core\1.5.6\logback-core-1.5.6.jar;C:\Users\admin\.m2\repository\org\openjfx\javafx-fxml\21\javafx-fxml-21-win.jar;C:\Users\admin\.m2\repository\net\synedra\validatorfx\0.4.0\validatorfx-0.4.0.jar;C:\Users\admin\.m2\repository\com\github\almasb\fxgl-gameplay\17.3\fxgl-gameplay-17.3.jar;C:\Users\admin\.m2\repository\org\controlsfx\controlsfx\11.1.2\controlsfx-11.1.2.jar;C:\Users\admin\.m2\repository\org\springframework\spring-context\6.1.6\spring-context-6.1.6.jar;C:\Users\admin\.m2\repository\org\openjfx\javafx-graphics\21\javafx-graphics-21-win.jar;C:\Users\admin\.m2\repository\com\github\almasb\fxgl-io\17.3\fxgl-io-17.3.jar;C:\Users\admin\.m2\repository\com\github\almasb\fxgl-entity\17.3\fxgl-entity-17.3.jar;C:\Users\admin\.m2\repository\com\fasterxml\jackson\core\jackson-annotations\2.14.2\jackson-annotations-2.14.2.jar;C:\Users\admin\.m2\repository\org\kordamp\ikonli\ikonli-javafx\12.3.1\ikonli-javafx-12.3.1.jar;C:\Users\admin\.m2\repository\com\gluonhq\attach\audio\4.0.17\audio-4.0.17.jar;C:\Users\admin\.m2\repository\org\kordamp\ikonli\ikonli-core\12.3.1\ikonli-core-12.3.1.jar;C:\Users\admin\.m2\repository\org\springframework\spring-beans\6.1.6\spring-beans-6.1.6.jar;C:\Users\admin\.m2\repository\com\github\almasb\fxgl-core\17.3\fxgl-core-17.3.jar;C:\Users\admin\.m2\repository\ch\qos\logback\logback-classic\1.5.6\logback-classic-1.5.6.jar;C:\Users\admin\.m2\repository\com\github\almasb\fxgl\17.3\fxgl-17.3.jar;C:\Users\admin\.m2\repository\org\springframework\spring-core\6.1.6\spring-core-6.1.6.jar;C:\Users\admin\.m2\repository\org\openjfx\javafx-base\21\javafx-base-21-win.jar;C:\Users\admin\.m2\repository\com\gluonhq\attach\lifecycle\4.0.17\li-Djdk.module.main=org.example.eventsplanner org.example.eventsplanner/com.mil0812.eventsplanner.Main

Host: AMD Ryzen 7 5700U with Radeon Graphics         , 16 cores, 15G,  Windows 10 , 64 bit Build 19041 (10.0.19041.3636)
Time: Wed May 22 11:12:33 2024  Windows 10 , 64 bit Build 19041 (10.0.19041.3636) elapsed time: 50.377708 seconds (0d 0h 0m 50s)

---------------  T H R E A D  ---------------

Current thread (0x00000226d7ae17c0):  VMThread "VM Thread"          [id=6364, stack(0x000000f81e800000,0x000000f81e900000) (1024K)]

Stack: [0x000000f81e800000,0x000000f81e900000],  sp=0x000000f81e8fee30,  free space=1019k
Native frames: (J=compiled Java code, j=interpreted, Vv=VM code, C=native code)
C  [glass.dll+0x26587]


siginfo: EXCEPTION_ACCESS_VIOLATION (0xc0000005), reading address 0x0000000000000000


Registers:
RAX=0x0000000000000000, RBX=0x00000226d7af3632, RCX=0x00000226d7ae17c0, RDX=0x000000f81e8fee30
RSP=0x000000f81e8fee30, RBP=0x000002271dfaaae8, RSI=0x000002271dfaaac0, RDI=0x000059cba6109fb0
R8 =0x0000000000010002, R9 =0x000059cba6109fb0, R10=0x0000000000008000, R11=0x000000f81e8fedc0
R12=0x00007ff851a03ed0, R13=0x00007ff825b24720, R14=0x000000f81e8fef28, R15=0x000002271dfaaac0
RIP=0x00007ff851a06587, EFLAGS=0x0000000000010206


Register to memory mapping:

RAX=0x0 is null
RBX=0x00000226d7af3632 is a global jni handle
RCX=0x00000226d7ae17c0 points into unknown readable memory: 0x00007ff825936038 | 38 60 93 25 f8 7f 00 00
RDX=0x000000f81e8fee30 points into unknown readable memory: 0x0000000000000000 | 00 00 00 00 00 00 00 00
RSP=0x000000f81e8fee30 points into unknown readable memory: 0x0000000000000000 | 00 00 00 00 00 00 00 00
RBP=0x000002271dfaaae8 points into unknown readable memory: 0x000059cba6109fb0 | b0 9f 10 a6 cb 59 00 00
RSI=0x000002271dfaaac0 points into unknown readable memory: 0x39e859cbd9e8ce10 | 10 ce e8 d9 cb 59 e8 39
RDI=0x000059cba6109fb0 is an unknown value
R8 =0x0000000000010002 is an unknown value
R9 =0x000059cba6109fb0 is an unknown value
R10=0x0000000000008000 is an unknown value
R11=0x000000f81e8fedc0 points into unknown readable memory: 0x000002271dfaaac0 | c0 aa fa 1d 27 02 00 00
R12=0x00007ff851a03ed0 glass.dll
R13=0x00007ff825b24720 jvm.dll
R14=0x000000f81e8fef28 points into unknown readable memory: 0x000000f81e8fef10 | 10 ef 8f 1e f8 00 00 00
R15=0x000002271dfaaac0 points into unknown readable memory: 0x39e859cbd9e8ce10 | 10 ce e8 d9 cb 59 e8 39

Top of Stack: (sp=0x000000f81e8fee30)
0x000000f81e8fee30:   0000000000000000 000002271dfaaac0
0x000000f81e8fee40:   00007ff825b24720 00007ff851a03ed0
0x000000f81e8fee50:   000002271dfaaac8 00007ff86b9942d6
0x000000f81e8fee60:   000059cba6109fb0 0000022700000000
0x000000f81e8fee70:   000002271dfaaae8 000002271dfaaac0
0x000000f81e8fee80:   fffffffffffffffe 0000000000000000
0x000000f81e8fee90:   0000000000000001 00007ff8519e0000
0x000000f81e8feea0:   000000f81e8fef18 00007ff86b9941fb
0x000000f81e8feeb0:   0000000000000000 000000f81e8fef28
0x000000f81e8feec0:   000000f81e8ff200 00007ff86ba70e40
0x000000f81e8feed0:   0000000000000001 00007ff86b9941b4
0x000000f81e8feee0:   0000000000000000 0000000000000001
0x000000f81e8feef0:   0000000000000000 000000f81e8fef18
0x000000f81e8fef00:   0000000000000001 00007ff851a03d5d
0x000000f81e8fef10:   00007ff851a1a008 00007ff800000002
0x000000f81e8fef20:   0000000000000002 000000f81e8fef10
0x000000f81e8fef30:   0000000000000000 00007ff86e2e9993
0x000000f81e8fef40:   0000000000000000 00007ff851a03e82
0x000000f81e8fef50:   0000000000000001 00007ff86a950000
0x000000f81e8fef60:   0000000000000001 00007ff86b234b9d
0x000000f81e8fef70:   00007ff86b230000 0000000000000000
0x000000f81e8fef80:   0000000000000001 00007ff86a950000
0x000000f81e8fef90:   00007ff8519e0000 000000007ffe0384
0x000000f81e8fefa0:   0000000000000000 00007ff86e2e9a1d
0x000000f81e8fefb0:   00007ff8519e0000 0000000000000000
0x000000f81e8fefc0:   0000000000000001 000000007ffe0385
0x000000f81e8fefd0:   0000000000000000 00007ff86e32de41
0x000000f81e8fefe0:   000084b9ce7aaf00 0000000000000014
0x000000f81e8feff0:   00007ff851a03ed0 0000000000000000
0x000000f81e8ff000:   0000000000000000 000000f81dcfd000
0x000000f81e8ff010:   000002271df222f0 00007ff86e32dcda
0x000000f81e8ff020:   000002271df21230 00007ff8519e0000 

Instructions: (pc=0x00007ff851a06587)
0x00007ff851a06487:   8b 4d 58 e8 8d cf ff ff 48 8b 4d 60 e8 84 cf ff
0x00007ff851a06497:   ff 48 8b 95 80 00 00 00 48 8b 8d 18 01 00 00 e8
0x00007ff851a064a7:   76 c4 ff ff 33 d2 33 c9 e8 cc e1 ff ff 90 48 89
0x00007ff851a064b7:   54 24 10 55 48 83 ec 20 48 8b ea 48 b8 00 00 00
0x00007ff851a064c7:   00 00 00 00 00 48 83 c4 20 5d c3 cc 40 55 48 8b
0x00007ff851a064d7:   ea 48 8b 01 33 c9 81 38 05 00 00 c0 0f 94 c1 8b
0x00007ff851a064e7:   c1 5d c3 cc 40 55 48 83 ec 20 48 8b ea 8a 4d 40
0x00007ff851a064f7:   48 83 c4 20 5d e9 73 d3 ff ff cc 40 55 48 83 ec
0x00007ff851a06507:   20 48 8b ea 8a 4d 20 e8 61 d3 ff ff 90 48 83 c4
0x00007ff851a06517:   20 5d c3 cc 40 55 48 83 ec 20 48 8b ea 48 83 c4
0x00007ff851a06527:   20 5d e9 c2 d1 ff ff cc 40 55 48 83 ec 30 48 8b
0x00007ff851a06537:   ea 48 8b 01 8b 10 48 89 4c 24 28 89 54 24 20 4c
0x00007ff851a06547:   8d 0d 63 d6 ff ff 4c 8b 45 70 8b 55 68 48 8b 4d
0x00007ff851a06557:   60 e8 03 d1 ff ff 90 48 83 c4 30 5d c3 cc cc cc
0x00007ff851a06567:   cc cc cc cc cc cc cc cc cc 40 53 48 83 ec 20 48
0x00007ff851a06577:   8b 1d 8b 34 01 00 48 85 db 74 16 e8 89 8f ff ff
0x00007ff851a06587:   4c 8b 00 48 8b d3 48 8b c8 41 ff 90 b0 00 00 00
0x00007ff851a06597:   90 48 83 c4 20 5b c3 cc cc 40 53 48 83 ec 20 48
0x00007ff851a065a7:   8b 1d fb 35 01 00 48 85 db 74 57 b8 ff ff ff ff
0x00007ff851a065b7:   f0 0f c1 43 10 83 f8 01 75 3d 48 85 db 74 38 48
0x00007ff851a065c7:   8b 0b 48 85 c9 74 0d ff 15 d4 0c 00 00 48 c7 03
0x00007ff851a065d7:   00 00 00 00 48 8b 4b 08 48 85 c9 74 0d e8 33 ce
0x00007ff851a065e7:   ff ff 48 c7 43 08 00 00 00 00 ba 18 00 00 00 48
0x00007ff851a065f7:   8b cb e8 1e ce ff ff 48 c7 05 9f 35 01 00 00 00
0x00007ff851a06607:   00 00 48 83 c4 20 5b c3 cc 40 53 48 83 ec 20 48
0x00007ff851a06617:   8b 1d 6b 35 01 00 48 85 db 74 57 b8 ff ff ff ff
0x00007ff851a06627:   f0 0f c1 43 10 83 f8 01 75 3d 48 85 db 74 38 48
0x00007ff851a06637:   8b 0b 48 85 c9 74 0d ff 15 64 0c 00 00 48 c7 03
0x00007ff851a06647:   00 00 00 00 48 8b 4b 08 48 85 c9 74 0d e8 c3 cd
0x00007ff851a06657:   ff ff 48 c7 43 08 00 00 00 00 ba 18 00 00 00 48
0x00007ff851a06667:   8b cb e8 ae cd ff ff 48 c7 05 0f 35 01 00 00 00
0x00007ff851a06677:   00 00 48 83 c4 20 5b c3 cc 40 53 48 83 ec 20 48 


Stack slot to memory mapping:

stack at sp + 0 slots: 0x0 is null
stack at sp + 1 slots: 0x000002271dfaaac0 points into unknown readable memory: 0x39e859cbd9e8ce10 | 10 ce e8 d9 cb 59 e8 39
stack at sp + 2 slots: 0x00007ff825b24720 jvm.dll
stack at sp + 3 slots: 0x00007ff851a03ed0 glass.dll
stack at sp + 4 slots: 0x000002271dfaaac8 points into unknown readable memory: 0x000059cba6109fb0 | b0 9f 10 a6 cb 59 00 00
stack at sp + 5 slots: 0x00007ff86b9942d6 ucrtbase.dll
stack at sp + 6 slots: 0x000059cba6109fb0 is an unknown value
stack at sp + 7 slots: 0x0000022700000000 is an unknown value

VM_Operation (0x000000f8201f85d0): Exit, mode: safepoint, requested by thread 0x000002271dfde4d0


---------------  P R O C E S S  ---------------

Threads class SMR info:
_java_thread_list=0x000002271e686ff0, length=18, elements={
0x00000226b80f0cc0, 0x00000226d7afc550, 0x00000226d7afd3c0, 0x00000226d7aff890,
0x00000226d7b015b0, 0x00000226d7b02010, 0x00000226d7b0edd0, 0x00000226d7b131d0,
0x000002271d0ff6e0, 0x000002271dc16480, 0x000002271db41f90, 0x000002271dea3610,
0x000002271dfdd070, 0x000002271dfde4d0, 0x000002271e1b7e00, 0x000002271e774420,
0x000002271e904e40, 0x000002271e906f10
}

Java Threads: ( => current thread )
  0x00000226b80f0cc0 JavaThread "main"                              [_thread_blocked, id=9612, stack(0x000000f81e100000,0x000000f81e200000) (1024K)]
  0x00000226d7afc550 JavaThread "Reference Handler"          daemon [_thread_blocked, id=2440, stack(0x000000f81e900000,0x000000f81ea00000) (1024K)]
  0x00000226d7afd3c0 JavaThread "Finalizer"                  daemon [_thread_blocked, id=14400, stack(0x000000f81ea00000,0x000000f81eb00000) (1024K)]
  0x00000226d7aff890 JavaThread "Attach Listener"            daemon [_thread_blocked, id=4680, stack(0x000000f81ec00000,0x000000f81ed00000) (1024K)]
  0x00000226d7b015b0 JavaThread "Service Thread"             daemon [_thread_blocked, id=19976, stack(0x000000f81ed00000,0x000000f81ee00000) (1024K)]
  0x00000226d7b02010 JavaThread "Monitor Deflation Thread"   daemon [_thread_blocked, id=6712, stack(0x000000f81ee00000,0x000000f81ef00000) (1024K)]
  0x00000226d7b0edd0 JavaThread "C2 CompilerThread0"         daemon [_thread_blocked, id=7276, stack(0x000000f81ef00000,0x000000f81f000000) (1024K)]
  0x00000226d7b131d0 JavaThread "C1 CompilerThread0"         daemon [_thread_blocked, id=11116, stack(0x000000f81f000000,0x000000f81f100000) (1024K)]
  0x000002271d0ff6e0 JavaThread "Common-Cleaner"             daemon [_thread_blocked, id=7432, stack(0x000000f81f200000,0x000000f81f300000) (1024K)]
  0x000002271dc16480 JavaThread "Monitor Ctrl-Break"         daemon [_thread_in_native, id=19632, stack(0x000000f81fa00000,0x000000f81fb00000) (1024K)]
  0x000002271db41f90 JavaThread "Notification Thread"        daemon [_thread_blocked, id=15600, stack(0x000000f81fb00000,0x000000f81fc00000) (1024K)]
  0x000002271dea3610 JavaThread "QuantumRenderer-0"          daemon [_thread_blocked, id=12036, stack(0x000000f81f700000,0x000000f81f800000) (1024K)]
  0x000002271dfdd070 JavaThread "InvokeLaterDispatcher"      daemon [_thread_blocked, id=20240, stack(0x000000f820000000,0x000000f820100000) (1024K)]
  0x000002271dfde4d0 JavaThread "JavaFX Application Thread"         [_thread_blocked, id=2800, stack(0x000000f820100000,0x000000f820200000) (1024K)]
  0x000002271e1b7e00 JavaThread "Thread-1"                   daemon [_thread_in_native, id=10624, stack(0x000000f81f600000,0x000000f81f700000) (1024K)]
  0x000002271e774420 JavaThread "JavaFX-Launcher"                   [_thread_blocked, id=3064, stack(0x000000f820c00000,0x000000f820d00000) (1024K)]
  0x000002271e904e40 JavaThread "Prism Font Disposer"        daemon [_thread_blocked, id=11028, stack(0x000000f820d00000,0x000000f820e00000) (1024K)]
  0x000002271e906f10 JavaThread "Cleaner-0"                  daemon [_thread_blocked, id=18708, stack(0x000000f821a00000,0x000000f821b00000) (1024K)]
Total: 18

Other Threads:
=>0x00000226d7ae17c0 VMThread "VM Thread"                           [id=6364, stack(0x000000f81e800000,0x000000f81e900000) (1024K)]
  0x00000226b8158010 WorkerThread "GC Thread#0"                     [id=18500, stack(0x000000f81e200000,0x000000f81e300000) (1024K)]
  0x000002271d755060 WorkerThread "GC Thread#1"                     [id=18712, stack(0x000000f81f900000,0x000000f81fa00000) (1024K)]
  0x000002271da21750 WorkerThread "GC Thread#2"                     [id=6704, stack(0x000000f81fc00000,0x000000f81fd00000) (1024K)]
  0x000002271da21af0 WorkerThread "GC Thread#3"                     [id=19180, stack(0x000000f81fd00000,0x000000f81fe00000) (1024K)]
  0x000002271d760bb0 WorkerThread "GC Thread#4"                     [id=7876, stack(0x000000f81fe00000,0x000000f81ff00000) (1024K)]
  0x000002271e8d2f00 WorkerThread "GC Thread#5"                     [id=16176, stack(0x000000f820f00000,0x000000f821000000) (1024K)]
  0x000002271e8d2420 WorkerThread "GC Thread#6"                     [id=18156, stack(0x000000f821000000,0x000000f821100000) (1024K)]
  0x000002271e8d27c0 WorkerThread "GC Thread#7"                     [id=18480, stack(0x000000f821100000,0x000000f821200000) (1024K)]
  0x000002271e8d2b60 WorkerThread "GC Thread#8"                     [id=20088, stack(0x000000f821200000,0x000000f821300000) (1024K)]
  0x000002271e8d15a0 WorkerThread "GC Thread#9"                     [id=6120, stack(0x000000f821300000,0x000000f821400000) (1024K)]
  0x000002271e8d1940 WorkerThread "GC Thread#10"                    [id=17324, stack(0x000000f821400000,0x000000f821500000) (1024K)]
  0x000002271e8d1ce0 WorkerThread "GC Thread#11"                    [id=14872, stack(0x000000f821600000,0x000000f821700000) (1024K)]
  0x000002271e8d2080 WorkerThread "GC Thread#12"                    [id=404, stack(0x000000f821700000,0x000000f821800000) (1024K)]
  0x00000226b8168760 ConcurrentGCThread "G1 Main Marker"            terminated
  0x00000226b8169a00 WorkerThread "G1 Conc#0"                       [id=19136, stack(0x000000f81e400000,0x000000f81e500000) (1024K)]
  0x000002271e745680 WorkerThread "G1 Conc#1"                       [id=10916, stack(0x000000f821800000,0x000000f821900000) (1024K)]
  0x000002271e744460 WorkerThread "G1 Conc#2"                       [id=9364, stack(0x000000f821900000,0x000000f821a00000) (1024K)]
  0x00000226d7996c10 ConcurrentGCThread "G1 Refine#0"               terminated
  0x00000226d7997780 ConcurrentGCThread "G1 Service"                terminated
Total: 20

Threads with active compile tasks:
Total: 0

VM state: at safepoint (shutting down)

VM Mutex/Monitor currently owned by a thread:  ([mutex/lock_event])
[0x00007ff825afcd68] Threads_lock - owner thread: 0x00000226d7ae17c0
[0x00007ff825afce68] Heap_lock - owner thread: 0x000002271dfde4d0

Heap address: 0x000000070a400000, size: 3932 MB, Compressed Oops mode: Zero based, Oop shift amount: 3

CDS archive(s) mapped at: [0x00000226d8000000-0x00000226d8c90000-0x00000226d8c90000), size 13172736, SharedBaseAddress: 0x00000226d8000000, ArchiveRelocationMode: 1.
Compressed class space mapped at: 0x00000226d9000000-0x0000022719000000, reserved size: 1073741824
Narrow klass base: 0x00000226d8000000, Narrow klass shift: 0, Narrow klass range: 0x100000000

GC Precious Log:
 CardTable entry size: 512
 Card Set container configuration: InlinePtr #cards 4 size 8 Array Of Cards #cards 16 size 48 Howl #buckets 8 coarsen threshold 3686 Howl Bitmap #cards 512 size 80 coarsen threshold 460 Card regions per heap region 1 cards per card region 4096
 CPUs: 16 total, 16 available
 Memory: 15722M
 Large Page Support: Disabled
 NUMA Support: Disabled
 Compressed Oops: Enabled (Zero based)
 Heap Region Size: 2M
 Heap Min Capacity: 8M
 Heap Initial Capacity: 246M
 Heap Max Capacity: 3932M
 Pre-touch: Disabled
 Parallel Workers: 13
 Concurrent Workers: 3
 Concurrent Refinement Workers: 13
 Periodic GC: Disabled

Heap:
 garbage-first heap   total 55296K, used 37839K [0x000000070a400000, 0x0000000800000000)
  region size 2048K, 20 young (40960K), 6 survivors (12288K)
 Metaspace       used 25641K, committed 26112K, reserved 1114112K
  class space    used 3486K, committed 3712K, reserved 1048576K

Heap Regions: E=young(eden), S=young(survivor), O=old, HS=humongous(starts), HC=humongous(continues), CS=collection set, F=free, TAMS=top-at-mark-start, PB=parsable bottom
|   0|0x000000070a400000, 0x000000070a600000, 0x000000070a600000|100%|HS|  |TAMS 0x000000070a400000| PB 0x000000070a400000| Complete 
|   1|0x000000070a600000, 0x000000070a600000, 0x000000070a800000|  0%| F|  |TAMS 0x000000070a600000| PB 0x000000070a600000| Untracked 
|   2|0x000000070a800000, 0x000000070a800000, 0x000000070aa00000|  0%| F|  |TAMS 0x000000070a800000| PB 0x000000070a800000| Untracked 
|   3|0x000000070aa00000, 0x000000070aa00000, 0x000000070ac00000|  0%| F|  |TAMS 0x000000070aa00000| PB 0x000000070aa00000| Untracked 
|   4|0x000000070ac00000, 0x000000070ac00000, 0x000000070ae00000|  0%| F|  |TAMS 0x000000070ac00000| PB 0x000000070ac00000| Untracked 
|   5|0x000000070ae00000, 0x000000070ae00000, 0x000000070b000000|  0%| F|  |TAMS 0x000000070ae00000| PB 0x000000070ae00000| Untracked 
|   6|0x000000070b000000, 0x000000070b000000, 0x000000070b200000|  0%| F|  |TAMS 0x000000070b000000| PB 0x000000070b000000| Untracked 
|   7|0x000000070b200000, 0x000000070b400000, 0x000000070b400000|100%| E|  |TAMS 0x000000070b200000| PB 0x000000070b200000| Complete 
|   8|0x000000070b400000, 0x000000070b600000, 0x000000070b600000|100%| E|CS|TAMS 0x000000070b400000| PB 0x000000070b400000| Complete 
|   9|0x000000070b600000, 0x000000070b800000, 0x000000070b800000|100%| E|CS|TAMS 0x000000070b600000| PB 0x000000070b600000| Complete 
|  10|0x000000070b800000, 0x000000070ba00000, 0x000000070ba00000|100%| E|CS|TAMS 0x000000070b800000| PB 0x000000070b800000| Complete 
|  11|0x000000070ba00000, 0x000000070bc00000, 0x000000070bc00000|100%| E|CS|TAMS 0x000000070ba00000| PB 0x000000070ba00000| Complete 
|  12|0x000000070bc00000, 0x000000070be00000, 0x000000070be00000|100%| E|CS|TAMS 0x000000070bc00000| PB 0x000000070bc00000| Complete 
|  13|0x000000070be00000, 0x000000070c000000, 0x000000070c000000|100%| E|CS|TAMS 0x000000070be00000| PB 0x000000070be00000| Complete 
|  14|0x000000070c000000, 0x000000070c200000, 0x000000070c200000|100%| E|CS|TAMS 0x000000070c000000| PB 0x000000070c000000| Complete 
|  15|0x000000070c200000, 0x000000070c400000, 0x000000070c400000|100%| E|CS|TAMS 0x000000070c200000| PB 0x000000070c200000| Complete 
|  16|0x000000070c400000, 0x000000070c600000, 0x000000070c600000|100%| E|CS|TAMS 0x000000070c400000| PB 0x000000070c400000| Complete 
|  17|0x000000070c600000, 0x000000070c800000, 0x000000070c800000|100%| E|CS|TAMS 0x000000070c600000| PB 0x000000070c600000| Complete 
|  18|0x000000070c800000, 0x000000070ca00000, 0x000000070ca00000|100%| E|CS|TAMS 0x000000070c800000| PB 0x000000070c800000| Complete 
|  88|0x0000000715400000, 0x00000007154f3c80, 0x0000000715600000| 47%| S|CS|TAMS 0x0000000715400000| PB 0x0000000715400000| Complete 
|  89|0x0000000715600000, 0x0000000715800000, 0x0000000715800000|100%| S|CS|TAMS 0x0000000715600000| PB 0x0000000715600000| Complete 
|  90|0x0000000715800000, 0x0000000715a00000, 0x0000000715a00000|100%| S|CS|TAMS 0x0000000715800000| PB 0x0000000715800000| Complete 
|  91|0x0000000715a00000, 0x0000000715c00000, 0x0000000715c00000|100%| S|CS|TAMS 0x0000000715a00000| PB 0x0000000715a00000| Complete 
|  96|0x0000000716400000, 0x0000000716600000, 0x0000000716600000|100%| S|CS|TAMS 0x0000000716400000| PB 0x0000000716400000| Complete 
|  97|0x0000000716600000, 0x0000000716800000, 0x0000000716800000|100%| S|CS|TAMS 0x0000000716600000| PB 0x0000000716600000| Complete 
| 121|0x0000000719600000, 0x0000000719800000, 0x0000000719800000|100%| E|  |TAMS 0x0000000719600000| PB 0x0000000719600000| Complete 
| 122|0x0000000719800000, 0x0000000719a00000, 0x0000000719a00000|100%| E|CS|TAMS 0x0000000719800000| PB 0x0000000719800000| Complete 

Card table byte_map: [0x00000226d0580000,0x00000226d0d30000] _byte_map_base: 0x00000226ccd2e000

Marking Bits: (CMBitMap*) 0x00000226b8158710
 Bits: [0x00000226d0d30000, 0x00000226d4aa0000)

Polling page: 0x00000226b6100000

Metaspace:

Usage:
  Non-class:     21.64 MB used.
      Class:      3.40 MB used.
       Both:     25.04 MB used.

Virtual space:
  Non-class space:       64.00 MB reserved,      21.88 MB ( 34%) committed,  1 nodes.
      Class space:        1.00 GB reserved,       3.62 MB ( <1%) committed,  1 nodes.
             Both:        1.06 GB reserved,      25.50 MB (  2%) committed. 

Chunk freelists:
   Non-Class:  9.89 MB
       Class:  12.36 MB
        Both:  22.25 MB

MaxMetaspaceSize: unlimited
CompressedClassSpaceSize: 1.00 GB
Initial GC threshold: 21.00 MB
Current GC threshold: 35.12 MB
CDS: on
 - commit_granule_bytes: 65536.
 - commit_granule_words: 8192.
 - virtual_space_node_default_size: 8388608.
 - enlarge_chunks_in_place: 1.
 - use_allocation_guard: 0.


Internal statistics:

num_allocs_failed_limit: 3.
num_arena_births: 614.
num_arena_deaths: 0.
num_vsnodes_births: 2.
num_vsnodes_deaths: 0.
num_space_committed: 408.
num_space_uncommitted: 0.
num_chunks_returned_to_freelist: 3.
num_chunks_taken_from_freelist: 1481.
num_chunk_merges: 3.
num_chunk_splits: 1010.
num_chunks_enlarged: 722.
num_inconsistent_stats: 0.

CodeHeap 'non-profiled nmethods': size=119168Kb used=2173Kb max_used=2173Kb free=116994Kb
 bounds [0x00000226c80f0000, 0x00000226c8360000, 0x00000226cf550000]
CodeHeap 'profiled nmethods': size=119104Kb used=10150Kb max_used=10150Kb free=108953Kb
 bounds [0x00000226c0550000, 0x00000226c0f40000, 0x00000226c79a0000]
CodeHeap 'non-nmethods': size=7488Kb used=1875Kb max_used=3540Kb free=5612Kb
 bounds [0x00000226c79a0000, 0x00000226c7d20000, 0x00000226c80f0000]
 total_blobs=5943 nmethods=5070 adapters=777
 compilation: enabled
              stopped_count=0, restarted_count=0
 full_count=0

Compilation events (20 events):
Event: 46.139 Thread 0x00000226d7b131d0 5064       3       javafx.scene.Node$1::doTransformsChanged (5 bytes)
Event: 46.140 Thread 0x00000226d7b131d0 nmethod 5064 0x00000226c0f30190 code [0x00000226c0f30400, 0x00000226c0f31120]
Event: 46.140 Thread 0x00000226d7b131d0 5066       3       javafx.fxml.FXMLLoader$Element::processPropertyAttribute (212 bytes)
Event: 46.142 Thread 0x00000226d7b131d0 nmethod 5066 0x00000226c0f31510 code [0x00000226c0f31a00, 0x00000226c0f33cf0]
Event: 46.143 Thread 0x00000226d7b131d0 5069       3       javafx.fxml.FXMLLoader$Element::applyProperty (30 bytes)
Event: 46.143 Thread 0x00000226d7b131d0 nmethod 5069 0x00000226c0f34990 code [0x00000226c0f34be0, 0x00000226c0f35778]
Event: 46.143 Thread 0x00000226d7b131d0 5071       3       java.util.regex.ASCII::isDigit (18 bytes)
Event: 46.143 Thread 0x00000226d7b131d0 nmethod 5071 0x00000226c0f35a10 code [0x00000226c0f35ba0, 0x00000226c0f35cf8]
Event: 46.143 Thread 0x00000226d7b131d0 5065       3       javafx.scene.Node::doTransformsChanged (32 bytes)
Event: 46.144 Thread 0x00000226d7b131d0 nmethod 5065 0x00000226c0f35d90 code [0x00000226c0f36000, 0x00000226c0f36cb8]
Event: 46.144 Thread 0x00000226d7b131d0 5070       3       javafx.fxml.FXMLLoader$Element::getProperties (22 bytes)
Event: 46.145 Thread 0x00000226d7b131d0 nmethod 5070 0x00000226c0f37090 code [0x00000226c0f372a0, 0x00000226c0f37bb0]
Event: 46.145 Thread 0x00000226d7b131d0 5067       3       javafx.fxml.FXMLLoader$Element::isBindingExpression (25 bytes)
Event: 46.145 Thread 0x00000226d7b131d0 nmethod 5067 0x00000226c0f37d90 code [0x00000226c0f37f80, 0x00000226c0f38468]
Event: 46.145 Thread 0x00000226d7b131d0 5068       3       javafx.fxml.FXMLLoader$Element::isBidirectionalBindingExpression (8 bytes)
Event: 46.145 Thread 0x00000226d7b131d0 nmethod 5068 0x00000226c0f38690 code [0x00000226c0f38840, 0x00000226c0f38a08]
Event: 46.145 Thread 0x00000226d7b131d0 5061       3       javafx.beans.property.StringPropertyBase::set (9 bytes)
Event: 46.145 Thread 0x00000226d7b131d0 nmethod 5061 0x00000226c0f38b10 code [0x00000226c0f38cc0, 0x00000226c0f38f80]
Event: 49.012 Thread 0x00000226d7b131d0 5072       3       javafx.beans.property.SimpleBooleanProperty::<init> (24 bytes)
Event: 49.012 Thread 0x00000226d7b131d0 nmethod 5072 0x00000226c0f39090 code [0x00000226c0f39260, 0x00000226c0f396f0]

GC Heap History (6 events):
Event: 0.682 GC heap before
{Heap before GC invocations=0 (full 0):
 garbage-first heap   total 251904K, used 22528K [0x000000070a400000, 0x0000000800000000)
  region size 2048K, 11 young (22528K), 0 survivors (0K)
 Metaspace       used 2617K, committed 2816K, reserved 1114112K
  class space    used 264K, committed 320K, reserved 1048576K
}
Event: 0.686 GC heap after
{Heap after GC invocations=1 (full 0):
 garbage-first heap   total 251904K, used 2214K [0x000000070a400000, 0x0000000800000000)
  region size 2048K, 2 young (4096K), 2 survivors (4096K)
 Metaspace       used 2617K, committed 2816K, reserved 1114112K
  class space    used 264K, committed 320K, reserved 1048576K
}
Event: 1.941 GC heap before
{Heap before GC invocations=1 (full 0):
 garbage-first heap   total 251904K, used 53414K [0x000000070a400000, 0x0000000800000000)
  region size 2048K, 27 young (55296K), 2 survivors (4096K)
 Metaspace       used 10893K, committed 11264K, reserved 1114112K
  class space    used 1228K, committed 1408K, reserved 1048576K
}
Event: 1.951 GC heap after
{Heap after GC invocations=2 (full 0):
 garbage-first heap   total 251904K, used 6678K [0x000000070a400000, 0x0000000800000000)
  region size 2048K, 4 young (8192K), 4 survivors (8192K)
 Metaspace       used 10893K, committed 11264K, reserved 1114112K
  class space    used 1228K, committed 1408K, reserved 1048576K
}
Event: 3.247 GC heap before
{Heap before GC invocations=2 (full 0):
 garbage-first heap   total 251904K, used 55830K [0x000000070a400000, 0x0000000800000000)
  region size 2048K, 29 young (59392K), 4 survivors (8192K)
 Metaspace       used 21138K, committed 21504K, reserved 1114112K
  class space    used 2886K, committed 3072K, reserved 1048576K
}
Event: 3.258 GC heap after
{Heap after GC invocations=3 (full 0):
 garbage-first heap   total 251904K, used 11215K [0x000000070a400000, 0x0000000800000000)
  region size 2048K, 6 young (12288K), 6 survivors (12288K)
 Metaspace       used 21138K, committed 21504K, reserved 1114112K
  class space    used 2886K, committed 3072K, reserved 1048576K
}

Dll operation events (20 events):
Event: 0.719 Loaded shared library C:\Users\admin\.openjfx\cache\21+31\amd64\api-ms-win-crt-math-l1-1-0.dll
Event: 0.722 Loaded shared library C:\Users\admin\.openjfx\cache\21+31\amd64\api-ms-win-crt-multibyte-l1-1-0.dll
Event: 0.726 Loaded shared library C:\Users\admin\.openjfx\cache\21+31\amd64\api-ms-win-crt-private-l1-1-0.dll
Event: 0.730 Loaded shared library C:\Users\admin\.openjfx\cache\21+31\amd64\api-ms-win-crt-process-l1-1-0.dll
Event: 0.734 Loaded shared library C:\Users\admin\.openjfx\cache\21+31\amd64\api-ms-win-crt-runtime-l1-1-0.dll
Event: 0.738 Loaded shared library C:\Users\admin\.openjfx\cache\21+31\amd64\api-ms-win-crt-stdio-l1-1-0.dll
Event: 0.741 Loaded shared library C:\Users\admin\.openjfx\cache\21+31\amd64\api-ms-win-crt-string-l1-1-0.dll
Event: 0.744 Loaded shared library C:\Users\admin\.openjfx\cache\21+31\amd64\api-ms-win-crt-time-l1-1-0.dll
Event: 0.747 Loaded shared library C:\Users\admin\.openjfx\cache\21+31\amd64\api-ms-win-crt-utility-l1-1-0.dll
Event: 0.768 Loaded shared library C:\Users\admin\.openjfx\cache\21+31\amd64\ucrtbase.dll
Event: 0.774 Loaded shared library C:\Users\admin\.openjfx\cache\21+31\amd64\vcruntime140.dll
Event: 0.777 Loaded shared library C:\Users\admin\.openjfx\cache\21+31\amd64\vcruntime140_1.dll
Event: 0.789 Loaded shared library C:\Users\admin\.openjfx\cache\21+31\amd64\msvcp140.dll
Event: 0.793 Loaded shared library C:\Users\admin\.openjfx\cache\21+31\amd64\msvcp140_1.dll
Event: 0.799 Loaded shared library C:\Users\admin\.openjfx\cache\21+31\amd64\msvcp140_2.dll
Event: 0.852 Loaded shared library C:\Users\admin\.openjfx\cache\21+31\amd64\prism_d3d.dll
Event: 0.911 Loaded shared library C:\Users\admin\.openjfx\cache\21+31\amd64\glass.dll
Event: 1.068 Loaded shared library C:\Users\admin\.jdks\openjdk-21.0.2\bin\jimage.dll
Event: 2.331 Loaded shared library C:\Users\admin\AppData\Local\Temp\sqlite-3.45.3.0-32167117-5212-4f9c-b977-0c29c2d73d1a-sqlitejdbc.dll
Event: 2.665 Loaded shared library C:\Users\admin\.openjfx\cache\21+31\amd64\javafx_font.dll

Deoptimization events (20 events):
Event: 37.373 Thread 0x000002271dfde4d0 DEOPT PACKING pc=0x00000226c82cd31c sp=0x000000f8201f8c90
Event: 37.373 Thread 0x000002271dfde4d0 DEOPT UNPACKING pc=0x00000226c79f46a2 sp=0x000000f8201f8bb8 mode 2
Event: 37.420 Thread 0x000002271dea3610 Uncommon trap: trap_request=0xffffff45 fr.pc=0x00000226c82715ac relative=0x000000000000074c
Event: 37.420 Thread 0x000002271dea3610 Uncommon trap: reason=unstable_if action=reinterpret pc=0x00000226c82715ac method=com.sun.marlin.MaskMarlinAlphaConsumer.setAndClearRelativeAlphas([I[IIII)V @ 414 c2
Event: 37.420 Thread 0x000002271dea3610 DEOPT PACKING pc=0x00000226c82715ac sp=0x000000f81f7fd6d0
Event: 37.420 Thread 0x000002271dea3610 DEOPT UNPACKING pc=0x00000226c79f46a2 sp=0x000000f81f7fd5d8 mode 2
Event: 38.820 Thread 0x000002271dea3610 DEOPT PACKING pc=0x00000226c0ebcf85 sp=0x000000f81f7fd670
Event: 38.820 Thread 0x000002271dea3610 DEOPT UNPACKING pc=0x00000226c79f4e42 sp=0x000000f81f7fcac8 mode 0
Event: 38.821 Thread 0x000002271dea3610 DEOPT PACKING pc=0x00000226c0ebcf85 sp=0x000000f81f7fd670
Event: 38.821 Thread 0x000002271dea3610 DEOPT UNPACKING pc=0x00000226c79f4e42 sp=0x000000f81f7fcac8 mode 0
Event: 38.822 Thread 0x000002271dea3610 DEOPT PACKING pc=0x00000226c0ebcf85 sp=0x000000f81f7fd670
Event: 38.822 Thread 0x000002271dea3610 DEOPT UNPACKING pc=0x00000226c79f4e42 sp=0x000000f81f7fcac8 mode 0
Event: 40.539 Thread 0x000002271dfde4d0 Uncommon trap: trap_request=0xffffff45 fr.pc=0x00000226c82d0ed4 relative=0x0000000000000094
Event: 40.539 Thread 0x000002271dfde4d0 Uncommon trap: reason=unstable_if action=reinterpret pc=0x00000226c82d0ed4 method=javafx.scene.Node$MiscProperties.isMouseTransparent()Z @ 4 c2
Event: 40.539 Thread 0x000002271dfde4d0 DEOPT PACKING pc=0x00000226c82d0ed4 sp=0x000000f8201f8df0
Event: 40.539 Thread 0x000002271dfde4d0 DEOPT UNPACKING pc=0x00000226c79f46a2 sp=0x000000f8201f8c90 mode 2
Event: 45.464 Thread 0x000002271dfde4d0 Uncommon trap: trap_request=0xffffff6e fr.pc=0x00000226c830a55c relative=0x000000000000021c
Event: 45.464 Thread 0x000002271dfde4d0 Uncommon trap: reason=loop_limit_check action=maybe_recompile pc=0x00000226c830a55c method=javafx.scene.Parent.pickChildrenNode(Lcom/sun/javafx/geom/PickRay;Lcom/sun/javafx/scene/input/PickResultChooser;)Z @ 17 c2
Event: 45.464 Thread 0x000002271dfde4d0 DEOPT PACKING pc=0x00000226c830a55c sp=0x000000f8201f9120
Event: 45.464 Thread 0x000002271dfde4d0 DEOPT UNPACKING pc=0x00000226c79f46a2 sp=0x000000f8201f8ed0 mode 2

Classes loaded (20 events):
Event: 39.163 Loading class sun/util/logging/resources/logging
Event: 39.164 Loading class sun/util/logging/resources/logging done
Event: 39.164 Loading class sun/util/logging/resources/logging_uk
Event: 39.164 Loading class sun/util/logging/resources/logging_uk done
Event: 39.164 Loading class sun/util/logging/resources/logging_uk
Event: 39.164 Loading class sun/util/logging/resources/logging_uk done
Event: 39.164 Loading class sun/util/logging/resources/logging_uk_UA
Event: 39.164 Loading class sun/util/logging/resources/logging_uk_UA done
Event: 39.164 Loading class sun/util/logging/resources/logging_uk_UA
Event: 39.165 Loading class sun/util/logging/resources/logging_uk_UA done
Event: 39.165 Loading class java/util/Formatter$DateTime
Event: 39.165 Loading class java/util/Formatter$DateTime done
Event: 41.520 Loading class java/lang/AnchorPane
Event: 41.520 Loading class java/lang/AnchorPane done
Event: 41.520 Loading class java/util/AnchorPane
Event: 41.520 Loading class java/util/AnchorPane done
Event: 43.070 Loading class java/lang/AnchorPane
Event: 43.070 Loading class java/lang/AnchorPane done
Event: 43.070 Loading class java/util/AnchorPane
Event: 43.070 Loading class java/util/AnchorPane done

Classes unloaded (0 events):
No events

Classes redefined (0 events):
No events

Internal exceptions (20 events):
Event: 3.193 Thread 0x000002271dfde4d0 Exception <a 'java/lang/ClassNotFoundException'{0x0000000716d88990}: com/sun/javafx/scene/control/skin/resources/controls_uk> (0x0000000716d88990) 
thrown [s\open\src\hotspot\share\prims\jni.cpp, line 539]
Event: 3.193 Thread 0x000002271dfde4d0 Exception <a 'java/lang/ClassNotFoundException'{0x0000000716d89938}: com/sun/javafx/scene/control/skin/resources/controls_uk_UA> (0x0000000716d89938) 
thrown [s\open\src\hotspot\share\prims\jni.cpp, line 539]
Event: 3.354 Thread 0x000002271dfde4d0 Exception <a 'java/lang/NoSuchMethodError'{0x000000070c9b58e8}: 'java.lang.Object java.lang.invoke.DirectMethodHandle$Holder.newInvokeSpecial(java.lang.Object, java.lang.Object, int)'> (0x000000070c9b58e8) 
thrown [s\open\src\hotspot\share\interpreter\linkResolver.cpp, line 773]
Event: 15.765 Thread 0x000002271dfde4d0 Exception <a 'java/lang/NoSuchMethodError'{0x000000070c0ce620}: 'long java.lang.invoke.DirectMethodHandle$Holder.invokeStatic(java.lang.Object, java.lang.Object, java.lang.Object)'> (0x000000070c0ce620) 
thrown [s\open\src\hotspot\share\interpreter\linkResolver.cpp, line 773]
Event: 15.765 Thread 0x000002271dfde4d0 Exception <a 'java/lang/NoSuchMethodError'{0x000000070c0d19f0}: 'long java.lang.invoke.DirectMethodHandle$Holder.invokeStaticInit(java.lang.Object, java.lang.Object, java.lang.Object)'> (0x000000070c0d19f0) 
thrown [s\open\src\hotspot\share\interpreter\linkResolver.cpp, line 773]
Event: 15.769 Thread 0x000002271dfde4d0 Exception <a 'java/lang/NoSuchMethodError'{0x000000070c0e5fe8}: 'java.lang.Object java.lang.invoke.DirectMethodHandle$Holder.newInvokeSpecial(java.lang.Object, java.lang.Object, long)'> (0x000000070c0e5fe8) 
thrown [s\open\src\hotspot\share\interpreter\linkResolver.cpp, line 773]
Event: 15.769 Thread 0x000002271dfde4d0 Exception <a 'java/lang/NoSuchMethodError'{0x000000070c0e98e0}: 'java.lang.Object java.lang.invoke.Invokers$Holder.linkToTargetMethod(java.lang.Object, long, java.lang.Object)'> (0x000000070c0e98e0) 
thrown [s\open\src\hotspot\share\interpreter\linkResolver.cpp, line 773]
Event: 37.225 Thread 0x000002271dfde4d0 Exception <a 'java/lang/NoSuchMethodError'{0x000000070bbbaad0}: 'java.lang.Object java.lang.invoke.DirectMethodHandle$Holder.newInvokeSpecial(java.lang.Object, java.lang.Object, int, int, int, int, int, java.lang.Object)'> (0x000000070bbbaad0) 
thrown [s\open\src\hotspot\share\interpreter\linkResolver.cpp, line 773]
Event: 37.227 Thread 0x000002271dfde4d0 Exception <a 'java/lang/NoSuchMethodError'{0x000000070bbccc40}: 'java.lang.Object java.lang.invoke.DirectMethodHandle$Holder.newInvokeSpecial(java.lang.Object, java.lang.Object, java.lang.Object, int, int, int, int, int)'> (0x000000070bbccc40) 
thrown [s\open\src\hotspot\share\interpreter\linkResolver.cpp, line 773]
Event: 37.227 Thread 0x000002271dfde4d0 Exception <a 'java/lang/NoSuchMethodError'{0x000000070bbd44e0}: 'java.lang.Object java.lang.invoke.Invokers$Holder.linkToTargetMethod(java.lang.Object, java.lang.Object, int, int, int, int, int, java.lang.Object)'> (0x000000070bbd44e0) 
thrown [s\open\src\hotspot\share\interpreter\linkResolver.cpp, line 773]
Event: 37.275 Thread 0x000002271dfde4d0 Exception <a 'java/lang/NoSuchMethodError'{0x000000070bbdc418}: 'void java.lang.invoke.DirectMethodHandle$Holder.invokeInterface(java.lang.Object, java.lang.Object, int)'> (0x000000070bbdc418) 
thrown [s\open\src\hotspot\share\interpreter\linkResolver.cpp, line 773]
Event: 37.285 Thread 0x000002271dfde4d0 Exception <a 'java/lang/NoSuchMethodError'{0x000000070b828740}: 'java.lang.Object java.lang.invoke.DirectMethodHandle$Holder.invokeSpecial(java.lang.Object, java.lang.Object, int, java.lang.Object, long)'> (0x000000070b828740) 
thrown [s\open\src\hotspot\share\interpreter\linkResolver.cpp, line 773]
Event: 39.053 Thread 0x000002271dfde4d0 Exception <a 'java/lang/NoSuchMethodError'{0x000000070b453d48}: 'java.lang.Object java.lang.invoke.DirectMethodHandle$Holder.newInvokeSpecial(java.lang.Object, java.lang.Object, int, java.lang.Object, int)'> (0x000000070b453d48) 
thrown [s\open\src\hotspot\share\interpreter\linkResolver.cpp, line 773]
Event: 39.054 Thread 0x000002271dfde4d0 Exception <a 'java/lang/NoSuchMethodError'{0x000000070b4583c8}: 'java.lang.Object java.lang.invoke.DirectMethodHandle$Holder.invokeSpecial(java.lang.Object, java.lang.Object, java.lang.Object, int, java.lang.Object, int)'> (0x000000070b4583c8) 
thrown [s\open\src\hotspot\share\interpreter\linkResolver.cpp, line 773]
Event: 39.072 Thread 0x000002271dfde4d0 Exception <a 'java/lang/NoSuchMethodError'{0x000000070b471788}: 'void java.lang.invoke.DirectMethodHandle$Holder.invokeInterface(java.lang.Object, java.lang.Object)'> (0x000000070b471788) 
thrown [s\open\src\hotspot\share\interpreter\linkResolver.cpp, line 773]
Event: 39.155 Thread 0x000002271dfde4d0 Exception <a 'sun/nio/fs/WindowsException'{0x000000070b5d66c0}> (0x000000070b5d66c0) 
thrown [s\open\src\hotspot\share\prims\jni.cpp, line 520]
Event: 39.155 Thread 0x000002271dfde4d0 Exception <a 'sun/nio/fs/WindowsException'{0x000000070b5d84d8}> (0x000000070b5d84d8) 
thrown [s\open\src\hotspot\share\prims\jni.cpp, line 520]
Event: 39.163 Thread 0x000002271dfde4d0 Exception <a 'java/lang/ClassNotFoundException'{0x000000070b5e8d40}: sun/util/logging/resources/spi/loggingProvider> (0x000000070b5e8d40) 
thrown [s\open\src\hotspot\share\classfile\systemDictionary.cpp, line 312]
Event: 46.142 Thread 0x000002271dfde4d0 Exception <a 'sun/nio/fs/WindowsException'{0x000000070b338170}> (0x000000070b338170) 
thrown [s\open\src\hotspot\share\prims\jni.cpp, line 520]
Event: 46.142 Thread 0x000002271dfde4d0 Exception <a 'sun/nio/fs/WindowsException'{0x000000070b33a230}> (0x000000070b33a230) 
thrown [s\open\src\hotspot\share\prims\jni.cpp, line 520]

ZGC Phase Switch (0 events):
No events

VM Operations (20 events):
Event: 37.280 Executing VM operation: Cleanup done
Event: 37.335 Executing VM operation: HandshakeAllThreads (Deoptimize)
Event: 37.335 Executing VM operation: HandshakeAllThreads (Deoptimize) done
Event: 37.348 Executing VM operation: HandshakeAllThreads (Deoptimize)
Event: 37.348 Executing VM operation: HandshakeAllThreads (Deoptimize) done
Event: 38.348 Executing VM operation: Cleanup
Event: 38.348 Executing VM operation: Cleanup done
Event: 40.349 Executing VM operation: Cleanup
Event: 40.349 Executing VM operation: Cleanup done
Event: 41.349 Executing VM operation: Cleanup
Event: 41.349 Executing VM operation: Cleanup done
Event: 42.349 Executing VM operation: Cleanup
Event: 42.349 Executing VM operation: Cleanup done
Event: 43.349 Executing VM operation: Cleanup
Event: 43.349 Executing VM operation: Cleanup done
Event: 46.351 Executing VM operation: Cleanup
Event: 46.351 Executing VM operation: Cleanup done
Event: 49.353 Executing VM operation: Cleanup
Event: 49.353 Executing VM operation: Cleanup done
Event: 49.826 Executing VM operation: Exit

Events (20 events):
Event: 12.156 Thread 0x00000226d7b16180 Thread exited: 0x00000226d7b16180
Event: 16.013 Thread 0x00000226d7b15ab0 Thread added: 0x00000226d7b15ab0
Event: 16.031 Thread 0x00000226d7b16180 Thread added: 0x00000226d7b16180
Event: 16.382 Thread 0x00000226d7b16180 Thread exited: 0x00000226d7b16180
Event: 22.053 Thread 0x00000226d7b138a0 Thread added: 0x00000226d7b138a0
Event: 26.982 Thread 0x00000226d7b15ab0 Thread exited: 0x00000226d7b15ab0
Event: 26.982 Thread 0x00000226d7b138a0 Thread exited: 0x00000226d7b138a0
Event: 31.795 Thread 0x00000226d7b16180 Thread added: 0x00000226d7b16180
Event: 33.514 Thread 0x00000226d7b16180 Thread exited: 0x00000226d7b16180
Event: 33.817 Thread 0x00000226d7b16180 Thread added: 0x00000226d7b16180
Event: 35.939 Thread 0x00000226d7b16180 Thread exited: 0x00000226d7b16180
Event: 38.393 Thread 0x00000226d7b16850 Thread added: 0x00000226d7b16850
Event: 39.118 Thread 0x00000226d7b13f70 Thread added: 0x00000226d7b13f70
Event: 40.554 Thread 0x00000226d7b13f70 Thread exited: 0x00000226d7b13f70
Event: 40.554 Thread 0x00000226d7b16850 Thread exited: 0x00000226d7b16850
Event: 49.823 Thread 0x000002271e9082c0 Thread added: 0x000002271e9082c0
Event: 49.823 Thread 0x000002271e9054d0 Thread added: 0x000002271e9054d0
Event: 49.823 Thread 0x000002271e9054d0 Thread exited: 0x000002271e9054d0
Event: 49.824 Thread 0x000002271e9082c0 Thread exited: 0x000002271e9082c0
Event: 49.826 Thread 0x00000226d7afee30 Thread exited: 0x00000226d7afee30


Dynamic libraries:
0x00007ff737df0000 - 0x00007ff737dfe000 	C:\Users\admin\.jdks\openjdk-21.0.2\bin\java.exe
0x00007ff86e2d0000 - 0x00007ff86e4c8000 	C:\Windows\SYSTEM32\ntdll.dll
0x00007ff86cb90000 - 0x00007ff86cc4d000 	C:\Windows\System32\KERNEL32.DLL
0x00007ff86bc00000 - 0x00007ff86bef6000 	C:\Windows\System32\KERNELBASE.dll
0x00007ff86b980000 - 0x00007ff86ba80000 	C:\Windows\System32\ucrtbase.dll
0x00007ff86a0e0000 - 0x00007ff86a0f8000 	C:\Users\admin\.jdks\openjdk-21.0.2\bin\jli.dll
0x00007ff86a100000 - 0x00007ff86a11b000 	C:\Users\admin\.jdks\openjdk-21.0.2\bin\VCRUNTIME140.dll
0x00007ff86cc50000 - 0x00007ff86cdef000 	C:\Windows\System32\USER32.dll
0x00007ff852340000 - 0x00007ff8525da000 	C:\Windows\WinSxS\amd64_microsoft.windows.common-controls_6595b64144ccf1df_6.0.19041.4355_none_60b8b9eb71f62e16\COMCTL32.dll
0x00007ff86c2d0000 - 0x00007ff86c2f2000 	C:\Windows\System32\win32u.dll
0x00007ff86e180000 - 0x00007ff86e21e000 	C:\Windows\System32\msvcrt.dll
0x00007ff86cf10000 - 0x00007ff86cf3b000 	C:\Windows\System32\GDI32.dll
0x00007ff86bf90000 - 0x00007ff86c0a7000 	C:\Windows\System32\gdi32full.dll
0x00007ff86bab0000 - 0x00007ff86bb4d000 	C:\Windows\System32\msvcp_win.dll
0x00007ff86d650000 - 0x00007ff86d682000 	C:\Windows\System32\IMM32.DLL
0x00007ff86a170000 - 0x00007ff86a17c000 	C:\Users\admin\.jdks\openjdk-21.0.2\bin\vcruntime140_1.dll
0x00007ff8596e0000 - 0x00007ff85976e000 	C:\Users\admin\.jdks\openjdk-21.0.2\bin\msvcp140.dll
0x00007ff824ec0000 - 0x00007ff825bd7000 	C:\Users\admin\.jdks\openjdk-21.0.2\bin\server\jvm.dll
0x00007ff86d310000 - 0x00007ff86d3c0000 	C:\Windows\System32\ADVAPI32.dll
0x00007ff86e0e0000 - 0x00007ff86e180000 	C:\Windows\System32\sechost.dll
0x00007ff86d690000 - 0x00007ff86d7b3000 	C:\Windows\System32\RPCRT4.dll
0x00007ff86ba80000 - 0x00007ff86baa7000 	C:\Windows\System32\bcrypt.dll
0x00007ff86e220000 - 0x00007ff86e28b000 	C:\Windows\System32\WS2_32.dll
0x00007ff85a830000 - 0x00007ff85a857000 	C:\Windows\SYSTEM32\WINMM.dll
0x00007ff85f230000 - 0x00007ff85f23a000 	C:\Windows\SYSTEM32\VERSION.dll
0x00007ff86b720000 - 0x00007ff86b76b000 	C:\Windows\SYSTEM32\POWRPROF.dll
0x00007ff86b700000 - 0x00007ff86b712000 	C:\Windows\SYSTEM32\UMPDC.dll
0x00007ff86a1c0000 - 0x00007ff86a1d2000 	C:\Windows\SYSTEM32\kernel.appcore.dll
0x00007ff869eb0000 - 0x00007ff869eba000 	C:\Users\admin\.jdks\openjdk-21.0.2\bin\jimage.dll
0x00007ff869ed0000 - 0x00007ff86a0b4000 	C:\Windows\SYSTEM32\DBGHELP.DLL
0x00007ff862570000 - 0x00007ff8625a4000 	C:\Windows\SYSTEM32\dbgcore.DLL
0x00007ff86bf00000 - 0x00007ff86bf82000 	C:\Windows\System32\bcryptPrimitives.dll
0x00007ff869e60000 - 0x00007ff869e6f000 	C:\Users\admin\.jdks\openjdk-21.0.2\bin\instrument.dll
0x00007ff869e90000 - 0x00007ff869eaf000 	C:\Users\admin\.jdks\openjdk-21.0.2\bin\java.dll
0x00007ff86c410000 - 0x00007ff86cb7b000 	C:\Windows\System32\SHELL32.dll
0x00007ff869660000 - 0x00007ff869dfd000 	C:\Windows\SYSTEM32\windows.storage.dll
0x00007ff86d7c0000 - 0x00007ff86db13000 	C:\Windows\System32\combase.dll
0x00007ff86b330000 - 0x00007ff86b35e000 	C:\Windows\SYSTEM32\Wldp.dll
0x00007ff86d220000 - 0x00007ff86d2ed000 	C:\Windows\System32\OLEAUT32.dll
0x00007ff86ce60000 - 0x00007ff86cf0d000 	C:\Windows\System32\SHCORE.dll
0x00007ff86db20000 - 0x00007ff86db75000 	C:\Windows\System32\shlwapi.dll
0x00007ff86b8b0000 - 0x00007ff86b8d4000 	C:\Windows\SYSTEM32\profapi.dll
0x00007ff835ec0000 - 0x00007ff835f97000 	C:\Users\admin\.jdks\openjdk-21.0.2\bin\jsvml.dll
0x00007ff869e80000 - 0x00007ff869e90000 	C:\Users\admin\.jdks\openjdk-21.0.2\bin\net.dll
0x00007ff867dc0000 - 0x00007ff867eca000 	C:\Windows\SYSTEM32\WINHTTP.dll
0x00007ff86b030000 - 0x00007ff86b09a000 	C:\Windows\system32\mswsock.dll
0x00007ff8674c0000 - 0x00007ff8674d6000 	C:\Users\admin\.jdks\openjdk-21.0.2\bin\nio.dll
0x00007ff8674a0000 - 0x00007ff8674b8000 	C:\Users\admin\.jdks\openjdk-21.0.2\bin\zip.dll
0x00007ff866fc0000 - 0x00007ff866fda000 	C:\Program Files\JetBrains\IntelliJ IDEA 2023.3.2\bin\breakgen64.dll
0x00000226b8050000 - 0x00000226b8053000 	C:\Users\admin\.openjfx\cache\21+31\amd64\api-ms-win-core-console-l1-1-0.dll
0x00000226b8060000 - 0x00000226b8063000 	C:\Users\admin\.openjfx\cache\21+31\amd64\api-ms-win-core-console-l1-2-0.dll
0x00000226b8070000 - 0x00000226b8073000 	C:\Users\admin\.openjfx\cache\21+31\amd64\api-ms-win-core-datetime-l1-1-0.dll
0x00000226b8080000 - 0x00000226b8083000 	C:\Users\admin\.openjfx\cache\21+31\amd64\api-ms-win-core-debug-l1-1-0.dll
0x00000226b8090000 - 0x00000226b8093000 	C:\Users\admin\.openjfx\cache\21+31\amd64\api-ms-win-core-errorhandling-l1-1-0.dll
0x00000226b80a0000 - 0x00000226b80a4000 	C:\Users\admin\.openjfx\cache\21+31\amd64\api-ms-win-core-file-l1-1-0.dll
0x00000226b80b0000 - 0x00000226b80b3000 	C:\Users\admin\.openjfx\cache\21+31\amd64\api-ms-win-core-file-l1-2-0.dll
0x00000226d7c30000 - 0x00000226d7c33000 	C:\Users\admin\.openjfx\cache\21+31\amd64\api-ms-win-core-file-l2-1-0.dll
0x00000226d7c40000 - 0x00000226d7c43000 	C:\Users\admin\.openjfx\cache\21+31\amd64\api-ms-win-core-handle-l1-1-0.dll
0x00000226d7c50000 - 0x00000226d7c53000 	C:\Users\admin\.openjfx\cache\21+31\amd64\api-ms-win-core-heap-l1-1-0.dll
0x00000226d7c60000 - 0x00000226d7c63000 	C:\Users\admin\.openjfx\cache\21+31\amd64\api-ms-win-core-interlocked-l1-1-0.dll
0x00000226d7c70000 - 0x00000226d7c73000 	C:\Users\admin\.openjfx\cache\21+31\amd64\api-ms-win-core-libraryloader-l1-1-0.dll
0x00000226d7c80000 - 0x00000226d7c83000 	C:\Users\admin\.openjfx\cache\21+31\amd64\api-ms-win-core-localization-l1-2-0.dll
0x00000226d7c90000 - 0x00000226d7c93000 	C:\Users\admin\.openjfx\cache\21+31\amd64\api-ms-win-core-memory-l1-1-0.dll
0x00000226d7ca0000 - 0x00000226d7ca3000 	C:\Users\admin\.openjfx\cache\21+31\amd64\api-ms-win-core-namedpipe-l1-1-0.dll
0x00000226d7cb0000 - 0x00000226d7cb3000 	C:\Users\admin\.openjfx\cache\21+31\amd64\api-ms-win-core-processenvironment-l1-1-0.dll
0x00000226d7cc0000 - 0x00000226d7cc3000 	C:\Users\admin\.openjfx\cache\21+31\amd64\api-ms-win-core-processthreads-l1-1-0.dll
0x00000226d7cd0000 - 0x00000226d7cd3000 	C:\Users\admin\.openjfx\cache\21+31\amd64\api-ms-win-core-processthreads-l1-1-1.dll
0x00000226d7ce0000 - 0x00000226d7ce3000 	C:\Users\admin\.openjfx\cache\21+31\amd64\api-ms-win-core-profile-l1-1-0.dll
0x00000226d7cf0000 - 0x00000226d7cf3000 	C:\Users\admin\.openjfx\cache\21+31\amd64\api-ms-win-core-rtlsupport-l1-1-0.dll
0x00000226d7d00000 - 0x00000226d7d03000 	C:\Users\admin\.openjfx\cache\21+31\amd64\api-ms-win-core-string-l1-1-0.dll
0x00000226d7d10000 - 0x00000226d7d13000 	C:\Users\admin\.openjfx\cache\21+31\amd64\api-ms-win-core-synch-l1-1-0.dll
0x00000226d7d20000 - 0x00000226d7d23000 	C:\Users\admin\.openjfx\cache\21+31\amd64\api-ms-win-core-synch-l1-2-0.dll
0x00000226d7d30000 - 0x00000226d7d33000 	C:\Users\admin\.openjfx\cache\21+31\amd64\api-ms-win-core-sysinfo-l1-1-0.dll
0x00000226d7d40000 - 0x00000226d7d43000 	C:\Users\admin\.openjfx\cache\21+31\amd64\api-ms-win-core-timezone-l1-1-0.dll
0x00000226d7d50000 - 0x00000226d7d53000 	C:\Users\admin\.openjfx\cache\21+31\amd64\api-ms-win-core-util-l1-1-0.dll
0x00000226d7d60000 - 0x00000226d7d63000 	C:\Users\admin\.openjfx\cache\21+31\amd64\api-ms-win-crt-conio-l1-1-0.dll
0x00000226d7d70000 - 0x00000226d7d74000 	C:\Users\admin\.openjfx\cache\21+31\amd64\api-ms-win-crt-convert-l1-1-0.dll
0x00000226d7d80000 - 0x00000226d7d83000 	C:\Users\admin\.openjfx\cache\21+31\amd64\api-ms-win-crt-environment-l1-1-0.dll
0x00000226d7d90000 - 0x00000226d7d93000 	C:\Users\admin\.openjfx\cache\21+31\amd64\api-ms-win-crt-filesystem-l1-1-0.dll
0x00000226d7da0000 - 0x00000226d7da3000 	C:\Users\admin\.openjfx\cache\21+31\amd64\api-ms-win-crt-heap-l1-1-0.dll
0x00000226d7db0000 - 0x00000226d7db3000 	C:\Users\admin\.openjfx\cache\21+31\amd64\api-ms-win-crt-locale-l1-1-0.dll
0x00000226d7dc0000 - 0x00000226d7dc5000 	C:\Users\admin\.openjfx\cache\21+31\amd64\api-ms-win-crt-math-l1-1-0.dll
0x00000226d7dd0000 - 0x00000226d7dd5000 	C:\Users\admin\.openjfx\cache\21+31\amd64\api-ms-win-crt-multibyte-l1-1-0.dll
0x00000226d7de0000 - 0x00000226d7df0000 	C:\Users\admin\.openjfx\cache\21+31\amd64\api-ms-win-crt-private-l1-1-0.dll
0x00000226d7df0000 - 0x00000226d7df3000 	C:\Users\admin\.openjfx\cache\21+31\amd64\api-ms-win-crt-process-l1-1-0.dll
0x00000226d7e00000 - 0x00000226d7e04000 	C:\Users\admin\.openjfx\cache\21+31\amd64\api-ms-win-crt-runtime-l1-1-0.dll
0x00000226d7e10000 - 0x00000226d7e14000 	C:\Users\admin\.openjfx\cache\21+31\amd64\api-ms-win-crt-stdio-l1-1-0.dll
0x00000226d7e20000 - 0x00000226d7e24000 	C:\Users\admin\.openjfx\cache\21+31\amd64\api-ms-win-crt-string-l1-1-0.dll
0x00000226d7e30000 - 0x00000226d7e33000 	C:\Users\admin\.openjfx\cache\21+31\amd64\api-ms-win-crt-time-l1-1-0.dll
0x00000226d7e40000 - 0x00000226d7e43000 	C:\Users\admin\.openjfx\cache\21+31\amd64\api-ms-win-crt-utility-l1-1-0.dll
0x00007ff835dc0000 - 0x00007ff835ebc000 	C:\Users\admin\.openjfx\cache\21+31\amd64\ucrtbase.dll
0x00007ff863de0000 - 0x00007ff863dfb000 	C:\Users\admin\.openjfx\cache\21+31\amd64\vcruntime140.dll
0x00007ff864200000 - 0x00007ff86420c000 	C:\Users\admin\.openjfx\cache\21+31\amd64\vcruntime140_1.dll
0x00007ff850ea0000 - 0x00007ff850f2e000 	C:\Users\admin\.openjfx\cache\21+31\amd64\msvcp140.dll
0x00007ff86d0f0000 - 0x00007ff86d21b000 	C:\Windows\System32\ole32.dll
0x00007ff863dd0000 - 0x00007ff863dd9000 	C:\Users\admin\.openjfx\cache\21+31\amd64\msvcp140_1.dll
0x00007ff85bb20000 - 0x00007ff85bb4f000 	C:\Users\admin\.openjfx\cache\21+31\amd64\msvcp140_2.dll
0x00007ff85aa90000 - 0x00007ff85aabf000 	C:\Users\admin\.openjfx\cache\21+31\amd64\prism_d3d.dll
0x00007ff82e290000 - 0x00007ff82e45e000 	C:\Windows\system32\d3d9.dll
0x00007ff869170000 - 0x00007ff86919f000 	C:\Windows\SYSTEM32\dwmapi.dll
0x00007ff868f90000 - 0x00007ff86902e000 	C:\Windows\system32\uxtheme.dll
0x00007ff8519e0000 - 0x00007ff851a22000 	C:\Users\admin\.openjfx\cache\21+31\amd64\glass.dll
0x00007ff86d570000 - 0x00007ff86d64a000 	C:\Windows\System32\COMDLG32.dll
0x00007ff86cfd0000 - 0x00007ff86d0e4000 	C:\Windows\System32\MSCTF.dll
0x00007ff85c4d0000 - 0x00007ff85c50b000 	C:\Windows\SYSTEM32\dxcore.dll
0x00007ff86c280000 - 0x00007ff86c2ce000 	C:\Windows\System32\cfgmgr32.dll
0x00007ff86b230000 - 0x00007ff86b248000 	C:\Windows\SYSTEM32\CRYPTSP.dll
0x00007ff86a950000 - 0x00007ff86a984000 	C:\Windows\system32\rsaenh.dll
0x00007ff86b820000 - 0x00007ff86b84e000 	C:\Windows\SYSTEM32\USERENV.dll
0x00007ff86b220000 - 0x00007ff86b22c000 	C:\Windows\SYSTEM32\CRYPTBASE.dll
0x00007ff86ad10000 - 0x00007ff86ad4b000 	C:\Windows\SYSTEM32\IPHLPAPI.DLL
0x00007ff86cb80000 - 0x00007ff86cb88000 	C:\Windows\System32\NSI.dll
0x00007ff8316d0000 - 0x00007ff8317c5000 	C:\Users\admin\AppData\Local\Temp\sqlite-3.45.3.0-32167117-5212-4f9c-b977-0c29c2d73d1a-sqlitejdbc.dll
0x00007ff852c70000 - 0x00007ff852c84000 	C:\Users\admin\.openjfx\cache\21+31\amd64\javafx_font.dll
0x00007ff854af0000 - 0x00007ff854d6f000 	C:\Windows\SYSTEM32\dwrite.dll
0x00007ff86c360000 - 0x00007ff86c409000 	C:\Windows\System32\clbcatq.dll
0x00007ff868cb0000 - 0x00007ff868e64000 	C:\Windows\SYSTEM32\WindowsCodecs.dll
0x00007ff8535b0000 - 0x00007ff8535ee000 	C:\Windows\system32\dataexchange.dll
0x00007ff865280000 - 0x00007ff8654e3000 	C:\Windows\system32\d3d11.dll
0x00007ff865b30000 - 0x00007ff865d15000 	C:\Windows\system32\dcomp.dll
0x00007ff86a200000 - 0x00007ff86a2f2000 	C:\Windows\system32\dxgi.dll
0x00007ff863240000 - 0x00007ff863443000 	C:\Windows\system32\twinapi.appcore.dll
0x00007ff8516e0000 - 0x00007ff851714000 	C:\Program Files\Common Files\Microsoft Shared\Ink\rtscom.dll
0x00007ff85bd10000 - 0x00007ff85be09000 	C:\Windows\SYSTEM32\textinputframework.dll
0x00007ff866620000 - 0x00007ff86697b000 	C:\Windows\System32\CoreUIComponents.dll
0x00007ff866320000 - 0x00007ff866412000 	C:\Windows\System32\CoreMessaging.dll
0x00007ff867be0000 - 0x00007ff867d37000 	C:\Windows\SYSTEM32\wintypes.dll
0x00007ff86aa70000 - 0x00007ff86aaa3000 	C:\Windows\SYSTEM32\ntmarta.dll

dbghelp: loaded successfully - version: 4.0.5 - missing functions: none
symbol engine: initialized successfully - sym options: 0x614 - pdb path: .;C:\Users\admin\.jdks\openjdk-21.0.2\bin;C:\Windows\SYSTEM32;C:\Windows\WinSxS\amd64_microsoft.windows.common-controls_6595b64144ccf1df_6.0.19041.4355_none_60b8b9eb71f62e16;C:\Users\admin\.jdks\openjdk-21.0.2\bin\server;C:\Program Files\JetBrains\IntelliJ IDEA 2023.3.2\bin;C:\Users\admin\.openjfx\cache\21+31\amd64;C:\Windows\System32\DriverStore\FileRepository\u0364120.inf_amd64_636d39f1d2b33111\B364017;C:\Users\admin\AppData\Local\Temp;C:\Program Files\Common Files\Microsoft Shared\Ink

VM Arguments:
jvm_args: --enable-preview -javaagent:C:\Program Files\JetBrains\IntelliJ IDEA 2023.3.2\lib\idea_rt.jar=52406:C:\Program Files\JetBrains\IntelliJ IDEA 2023.3.2\bin -Dfile.encoding=UTF-8 -Dsun.stdout.encoding=UTF-8 -Dsun.stderr.encoding=UTF-8 --module-path=C:\Users\admin\.m2\repository\com\dlsc\formsfx\formsfx-core\11.6.0\formsfx-core-11.6.0.jar;C:\Users\admin\.m2\repository\com\gluonhq\attach\util\4.0.17\util-4.0.17.jar;C:\Users\admin\.m2\repository\org\openjfx\javafx-controls\21\javafx-controls-21-win.jar;C:\Users\admin\.m2\repository\ch\qos\logback\logback-core\1.5.6\logback-core-1.5.6.jar;C:\Users\admin\.m2\repository\org\openjfx\javafx-fxml\21\javafx-fxml-21-win.jar;C:\Users\admin\.m2\repository\net\synedra\validatorfx\0.4.0\validatorfx-0.4.0.jar;C:\Users\admin\.m2\repository\com\github\almasb\fxgl-gameplay\17.3\fxgl-gameplay-17.3.jar;C:\Users\admin\.m2\repository\org\controlsfx\controlsfx\11.1.2\controlsfx-11.1.2.jar;C:\Users\admin\.m2\repository\org\springframework\spring-context\6.1.6\spring-context-6.1.6.jar;C:\Users\admin\.m2\repository\org\openjfx\javafx-graphics\21\javafx-graphics-21-win.jar;C:\Users\admin\.m2\repository\com\github\almasb\fxgl-io\17.3\fxgl-io-17.3.jar;C:\Users\admin\.m2\repository\com\github\almasb\fxgl-entity\17.3\fxgl-entity-17.3.jar;C:\Users\admin\.m2\repository\com\fasterxml\jackson\core\jackson-annotations\2.14.2\jackson-annotations-2.14.2.jar;C:\Users\admin\.m2\repository\org\kordamp\ikonli\ikonli-javafx\12.3.1\ikonli-javafx-12.3.1.jar;C:\Users\admin\.m2\repository\com\gluonhq\attach\audio\4.0.17\audio-4.0.17.jar;C:\Users\admin\.m2\repository\org\kordamp\ikonli\ikonli-core\12.3.1\ikonli-core-12.3.1.jar;C:\Users\admin\.m2\repository\org\springframework\spring-beans\6.1.6\spring-beans-6.1.6.jar;C:\Users\admin\.m2\repository\com\github\almasb\fxgl-core\17.3\fxgl-core-17.3.jar;C:\Users\admin\.m2\repository\ch\qos\logback\logback-classic\1.5.6\logback-classic-1.5.6.jar;C:\Users\admin\.m2\repository\com\github\almasb\fxgl\17.3\fxgl-17.3.jar;C:\Users\admin\.m2\repository\org\springframework\spring-core\6.1.6\spring-core-6.1.6.jar;C:\Users\admin\.m2\repository\org\openjfx\javafx-base\21\javafx-base-21-win.jar;C:\Users\admin\.m2\repository\com\gluonhq\attach\lifecycle\4.0.17\li-Djdk.module.main=org.example.eventsplanner 
java_command: org.example.eventsplanner/com.mil0812.eventsplanner.Main
java_class_path (initial): C:\Users\admin\.m2\repository\org\openjfx\javafx-controls\21\javafx-controls-21.jar;C:\Users\admin\.m2\repository\org\openjfx\javafx-graphics\21\javafx-graphics-21.jar;C:\Users\admin\.m2\repository\org\openjfx\javafx-base\21\javafx-base-21.jar;C:\Users\admin\.m2\repository\org\openjfx\javafx-fxml\21\javafx-fxml-21.jar;C:\Users\admin\.m2\repository\org\openjfx\javafx-web\21\javafx-web-21.jar;C:\Users\admin\.m2\repository\org\openjfx\javafx-swing\21\javafx-swing-21.jar;C:\Users\admin\.m2\repository\org\openjfx\javafx-swing\21\javafx-swing-21-win.jar;C:\Users\admin\.m2\repository\org\openjfx\javafx-media\21\javafx-media-21.jar;C:\Users\admin\.m2\repository\org\jetbrains\kotlin\kotlin-stdlib-common\1.8.10\kotlin-stdlib-common-1.8.10.jar;C:\Users\admin\.m2\repository\org\jetbrains\annotations\13.0\annotations-13.0.jar;C:\Users\admin\.m2\repository\org\springframework\spring-aop\6.1.6\spring-aop-6.1.6.jar;C:\Users\admin\.m2\repository\org\springframework\spring-jcl\6.1.6\spring-jcl-6.1.6.jar;C:\Users\admin\.m2\repository\org\springframework\spring-expression\6.1.6\spring-expression-6.1.6.jar;C:\Users\admin\.m2\repository\io\micrometer\micrometer-observation\1.12.5\micrometer-observation-1.12.5.jar;C:\Users\admin\.m2\repository\io\micrometer\micrometer-commons\1.12.5\micrometer-commons-1.12.5.jar;C:\Users\admin\.m2\repository\jakarta\annotation\jakarta.annotation-api\3.0.0\jakarta.annotation-api-3.0.0.jar
Launcher Type: SUN_STANDARD

[Global flags]
     intx CICompilerCount                          = 12                                        {product} {ergonomic}
     uint ConcGCThreads                            = 3                                         {product} {ergonomic}
     uint G1ConcRefinementThreads                  = 13                                        {product} {ergonomic}
   size_t G1HeapRegionSize                         = 2097152                                   {product} {ergonomic}
    uintx GCDrainStackTargetSize                   = 64                                        {product} {ergonomic}
   size_t InitialHeapSize                          = 257949696                                 {product} {ergonomic}
   size_t MarkStackSize                            = 4194304                                   {product} {ergonomic}
   size_t MaxHeapSize                              = 4123000832                                {product} {ergonomic}
   size_t MaxNewSize                               = 2472542208                                {product} {ergonomic}
   size_t MinHeapDeltaBytes                        = 2097152                                   {product} {ergonomic}
   size_t MinHeapSize                              = 8388608                                   {product} {ergonomic}
    uintx NonNMethodCodeHeapSize                   = 7602480                                {pd product} {ergonomic}
    uintx NonProfiledCodeHeapSize                  = 122027880                              {pd product} {ergonomic}
    uintx ProfiledCodeHeapSize                     = 122027880                              {pd product} {ergonomic}
    uintx ReservedCodeCacheSize                    = 251658240                              {pd product} {ergonomic}
     bool SegmentedCodeCache                       = true                                      {product} {ergonomic}
   size_t SoftMaxHeapSize                          = 4123000832                             {manageable} {ergonomic}
     bool UseCompressedOops                        = true                           {product lp64_product} {ergonomic}
     bool UseG1GC                                  = true                                      {product} {ergonomic}
     bool UseLargePagesIndividualAllocation        = false                                  {pd product} {ergonomic}

Logging:
Log output configuration:
 #0: stdout all=off uptime,level,tags foldmultilines=false
 #1: stderr all=off uptime,level,tags foldmultilines=false

Environment Variables:
JAVA_HOME=C:\Users\admin\scoop\apps\openjdk\current
PATH=C:\Windows\system32;C:\Windows;C:\Windows\System32\Wbem;C:\Windows\System32\WindowsPowerShell\v1.0\;C:\Windows\System32\OpenSSH\;C:\Program Files\nodejs\;C:\Program Files\dotnet\;C:\Program Files\Cloudflare\Cloudflare WARP\;C:\Users\admin\scoop\apps\openjdk\current\bin;C:\Users\admin\scoop\shims;C:\Users\admin\AppData\Local\Microsoft\WindowsApps;C:\Users\admin\AppData\Local\GitHubDesktop\bin;C:\Users\admin\AppData\Roaming\npm;C:\Users\admin\.dotnet\tools
USERNAME=admin
OS=Windows_NT
PROCESSOR_IDENTIFIER=AMD64 Family 23 Model 104 Stepping 1, AuthenticAMD
TMP=C:\Users\admin\AppData\Local\Temp
TEMP=C:\Users\admin\AppData\Local\Temp




Periodic native trim disabled

---------------  S Y S T E M  ---------------

OS:
 Windows 10 , 64 bit Build 19041 (10.0.19041.3636)
OS uptime: 6 days 17:39 hours

CPU: total 16 (initial active 16) (16 cores per cpu, 2 threads per core) family 23 model 104 stepping 1 microcode 0x0, cx8, cmov, fxsr, ht, mmx, 3dnowpref, sse, sse2, sse3, ssse3, sse4a, sse4.1, sse4.2, popcnt, lzcnt, tsc, tscinvbit, avx, avx2, aes, clmul, bmi1, bmi2, adx, sha, fma, vzeroupper, clflush, clflushopt, rdtscp, rdpid, f16c
Processor Information for all 16 processors :
  Max Mhz: 1801, Current Mhz: 1801, Mhz Limit: 1801

Memory: 4k page, system-wide physical 15722M (8124M free)
TotalPageFile size 18154M (AvailPageFile size 6082M)
current process WorkingSet (physical memory assigned to process): 149M, peak: 183M
current process commit charge ("private bytes"): 231M, peak: 432M

vm_info: OpenJDK 64-Bit Server VM (21.0.2+13-58) for windows-amd64 JRE (21.0.2+13-58), built on 2024-01-05T18:32:24Z by "mach5one" with MS VC++ 17.1 (VS2022)

END.
