#
# A fatal error has been detected by the Java Runtime Environment:
#
#  EXCEPTION_ACCESS_VIOLATION (0xc0000005) at pc=0x00007ff844236587, pid=3712, tid=5788
#
# JRE version: OpenJDK Runtime Environment (21.0.2+13) (build 21.0.2+13-58)
# Java VM: OpenJDK 64-Bit Server VM (21.0.2+13-58, mixed mode, sharing, tiered, compressed oops, compressed class ptrs, g1 gc, windows-amd64)
# Problematic frame:
# C  [glass.dll+0x26587]
#
# No core dump will be written. Minidumps are not enabled by default on client versions of Windows
#
# If you would like to submit a bug report, please visit:
#   https://bugreport.java.com/bugreport/crash.jsp
#

---------------  S U M M A R Y ------------

Command Line: --enable-preview -javaagent:C:\Program Files\JetBrains\IntelliJ IDEA 2023.3.2\lib\idea_rt.jar=52335:C:\Program Files\JetBrains\IntelliJ IDEA 2023.3.2\bin -Dfile.encoding=UTF-8 -Dsun.stdout.encoding=UTF-8 -Dsun.stderr.encoding=UTF-8 --module-path=C:\Users\admin\.m2\repository\com\dlsc\formsfx\formsfx-core\11.6.0\formsfx-core-11.6.0.jar;C:\Users\admin\.m2\repository\com\gluonhq\attach\util\4.0.17\util-4.0.17.jar;C:\Users\admin\.m2\repository\org\openjfx\javafx-controls\21\javafx-controls-21-win.jar;C:\Users\admin\.m2\repository\ch\qos\logback\logback-core\1.5.6\logback-core-1.5.6.jar;C:\Users\admin\.m2\repository\org\openjfx\javafx-fxml\21\javafx-fxml-21-win.jar;C:\Users\admin\.m2\repository\net\synedra\validatorfx\0.4.0\validatorfx-0.4.0.jar;C:\Users\admin\.m2\repository\com\github\almasb\fxgl-gameplay\17.3\fxgl-gameplay-17.3.jar;C:\Users\admin\.m2\repository\org\controlsfx\controlsfx\11.1.2\controlsfx-11.1.2.jar;C:\Users\admin\.m2\repository\org\springframework\spring-context\6.1.6\spring-context-6.1.6.jar;C:\Users\admin\.m2\repository\org\openjfx\javafx-graphics\21\javafx-graphics-21-win.jar;C:\Users\admin\.m2\repository\com\github\almasb\fxgl-io\17.3\fxgl-io-17.3.jar;C:\Users\admin\.m2\repository\com\github\almasb\fxgl-entity\17.3\fxgl-entity-17.3.jar;C:\Users\admin\.m2\repository\com\fasterxml\jackson\core\jackson-annotations\2.14.2\jackson-annotations-2.14.2.jar;C:\Users\admin\.m2\repository\org\kordamp\ikonli\ikonli-javafx\12.3.1\ikonli-javafx-12.3.1.jar;C:\Users\admin\.m2\repository\com\gluonhq\attach\audio\4.0.17\audio-4.0.17.jar;C:\Users\admin\.m2\repository\org\kordamp\ikonli\ikonli-core\12.3.1\ikonli-core-12.3.1.jar;C:\Users\admin\.m2\repository\org\springframework\spring-beans\6.1.6\spring-beans-6.1.6.jar;C:\Users\admin\.m2\repository\com\github\almasb\fxgl-core\17.3\fxgl-core-17.3.jar;C:\Users\admin\.m2\repository\ch\qos\logback\logback-classic\1.5.6\logback-classic-1.5.6.jar;C:\Users\admin\.m2\repository\com\github\almasb\fxgl\17.3\fxgl-17.3.jar;C:\Users\admin\.m2\repository\org\springframework\spring-core\6.1.6\spring-core-6.1.6.jar;C:\Users\admin\.m2\repository\org\openjfx\javafx-base\21\javafx-base-21-win.jar;C:\Users\admin\.m2\repository\com\gluonhq\attach\lifecycle\4.0.17\li-Djdk.module.main=org.example.eventsplanner org.example.eventsplanner/com.mil0812.eventsplanner.Main

Host: AMD Ryzen 7 5700U with Radeon Graphics         , 16 cores, 15G,  Windows 10 , 64 bit Build 19041 (10.0.19041.3636)
Time: Wed May 22 10:58:51 2024  Windows 10 , 64 bit Build 19041 (10.0.19041.3636) elapsed time: 43.726022 seconds (0d 0h 0m 43s)

---------------  T H R E A D  ---------------

Current thread (0x00000281bdcf51f0):  VMThread "VM Thread"          [id=5788, stack(0x000000bdfac00000,0x000000bdfad00000) (1024K)]

Stack: [0x000000bdfac00000,0x000000bdfad00000],  sp=0x000000bdfacff260,  free space=1020k
Native frames: (J=compiled Java code, j=interpreted, Vv=VM code, C=native code)
C  [glass.dll+0x26587]


siginfo: EXCEPTION_ACCESS_VIOLATION (0xc0000005), reading address 0x0000000000000000


Registers:
RAX=0x0000000000000000, RBX=0x00000281bdd0967a, RCX=0x00000281bdcf51f0, RDX=0x000000bdfacff260
RSP=0x000000bdfacff260, RBP=0x00000281844dd898, RSI=0x00000281844dd870, RDI=0x000088d1c4eb5b05
R8 =0x0000000000010002, R9 =0x000088d1c4eb5b05, R10=0x0000000000008000, R11=0x000000bdfacff1f0
R12=0x00007ff844233ed0, R13=0x00007ff825b24720, R14=0x000000bdfacff358, R15=0x00000281844dd870
RIP=0x00007ff844236587, EFLAGS=0x0000000000010202


Register to memory mapping:

RAX=0x0 is null
RBX=0x00000281bdd0967a is a global jni handle
RCX=0x00000281bdcf51f0 points into unknown readable memory: 0x00007ff825936038 | 38 60 93 25 f8 7f 00 00
RDX=0x000000bdfacff260 points into unknown readable memory: 0x0000000000000000 | 00 00 00 00 00 00 00 00
RSP=0x000000bdfacff260 points into unknown readable memory: 0x0000000000000000 | 00 00 00 00 00 00 00 00
RBP=0x00000281844dd898 points into unknown readable memory: 0x000088d1c4eb5b05 | 05 5b eb c4 d1 88 00 00
RSI=0x00000281844dd870 points into unknown readable memory: 0x000f77d9408c6605 | 05 66 8c 40 d9 77 0f 00
RDI=0x000088d1c4eb5b05 is an unknown value
R8 =0x0000000000010002 is an unknown value
R9 =0x000088d1c4eb5b05 is an unknown value
R10=0x0000000000008000 is an unknown value
R11=0x000000bdfacff1f0 points into unknown readable memory: 0x00000281844dd870 | 70 d8 4d 84 81 02 00 00
R12=0x00007ff844233ed0 glass.dll
R13=0x00007ff825b24720 jvm.dll
R14=0x000000bdfacff358 points into unknown readable memory: 0x000000bdfacff340 | 40 f3 cf fa bd 00 00 00
R15=0x00000281844dd870 points into unknown readable memory: 0x000f77d9408c6605 | 05 66 8c 40 d9 77 0f 00

Top of Stack: (sp=0x000000bdfacff260)
0x000000bdfacff260:   0000000000000000 00000281844dd870
0x000000bdfacff270:   00007ff825b24720 00007ff844233ed0
0x000000bdfacff280:   00000281844dd878 00007ff86b9942d6
0x000000bdfacff290:   000088d1c4eb5b05 0000028100000000
0x000000bdfacff2a0:   00000281844dd898 00000281844dd870
0x000000bdfacff2b0:   fffffffffffffffe 0000000000000000
0x000000bdfacff2c0:   0000000000000001 00007ff844210000
0x000000bdfacff2d0:   000000bdfacff348 00007ff86b9941fb
0x000000bdfacff2e0:   0000000000000000 000000bdfacff358
0x000000bdfacff2f0:   000000bdfacff630 00007ff86ba70e40
0x000000bdfacff300:   0000000000000001 00007ff86b9941b4
0x000000bdfacff310:   0000000000000000 0000000000000001
0x000000bdfacff320:   0000000000000000 000000bdfacff348
0x000000bdfacff330:   0000000000000001 00007ff844233d5d
0x000000bdfacff340:   00007ff84424a008 00007ff800000002
0x000000bdfacff350:   0000000000000002 000000bdfacff340
0x000000bdfacff360:   0000000000000000 00007ff86e2e9993
0x000000bdfacff370:   0000000000000000 00007ff844233e82
0x000000bdfacff380:   0000000000000001 00007ff86a950000
0x000000bdfacff390:   0000000000000001 00007ff86b234b9d
0x000000bdfacff3a0:   00007ff86b230000 0000000000000000
0x000000bdfacff3b0:   0000000000000001 00007ff86a950000
0x000000bdfacff3c0:   00007ff844210000 000000007ffe0384
0x000000bdfacff3d0:   0000000000000000 00007ff86e2e9a1d
0x000000bdfacff3e0:   00007ff844210000 0000000000000000
0x000000bdfacff3f0:   0000000000000001 000000007ffe0385
0x000000bdfacff400:   0000000000000000 00007ff86e32de41
0x000000bdfacff410:   000081f35e89e500 0000000000000014
0x000000bdfacff420:   00007ff844233ed0 0000000000000000
0x000000bdfacff430:   0000000000000000 000000bdfa0d5000
0x000000bdfacff440:   00000281844c21c0 00007ff86e32dcda
0x000000bdfacff450:   00000281844c15c0 00007ff844210000 

Instructions: (pc=0x00007ff844236587)
0x00007ff844236487:   8b 4d 58 e8 8d cf ff ff 48 8b 4d 60 e8 84 cf ff
0x00007ff844236497:   ff 48 8b 95 80 00 00 00 48 8b 8d 18 01 00 00 e8
0x00007ff8442364a7:   76 c4 ff ff 33 d2 33 c9 e8 cc e1 ff ff 90 48 89
0x00007ff8442364b7:   54 24 10 55 48 83 ec 20 48 8b ea 48 b8 00 00 00
0x00007ff8442364c7:   00 00 00 00 00 48 83 c4 20 5d c3 cc 40 55 48 8b
0x00007ff8442364d7:   ea 48 8b 01 33 c9 81 38 05 00 00 c0 0f 94 c1 8b
0x00007ff8442364e7:   c1 5d c3 cc 40 55 48 83 ec 20 48 8b ea 8a 4d 40
0x00007ff8442364f7:   48 83 c4 20 5d e9 73 d3 ff ff cc 40 55 48 83 ec
0x00007ff844236507:   20 48 8b ea 8a 4d 20 e8 61 d3 ff ff 90 48 83 c4
0x00007ff844236517:   20 5d c3 cc 40 55 48 83 ec 20 48 8b ea 48 83 c4
0x00007ff844236527:   20 5d e9 c2 d1 ff ff cc 40 55 48 83 ec 30 48 8b
0x00007ff844236537:   ea 48 8b 01 8b 10 48 89 4c 24 28 89 54 24 20 4c
0x00007ff844236547:   8d 0d 63 d6 ff ff 4c 8b 45 70 8b 55 68 48 8b 4d
0x00007ff844236557:   60 e8 03 d1 ff ff 90 48 83 c4 30 5d c3 cc cc cc
0x00007ff844236567:   cc cc cc cc cc cc cc cc cc 40 53 48 83 ec 20 48
0x00007ff844236577:   8b 1d 8b 34 01 00 48 85 db 74 16 e8 89 8f ff ff
0x00007ff844236587:   4c 8b 00 48 8b d3 48 8b c8 41 ff 90 b0 00 00 00
0x00007ff844236597:   90 48 83 c4 20 5b c3 cc cc 40 53 48 83 ec 20 48
0x00007ff8442365a7:   8b 1d fb 35 01 00 48 85 db 74 57 b8 ff ff ff ff
0x00007ff8442365b7:   f0 0f c1 43 10 83 f8 01 75 3d 48 85 db 74 38 48
0x00007ff8442365c7:   8b 0b 48 85 c9 74 0d ff 15 d4 0c 00 00 48 c7 03
0x00007ff8442365d7:   00 00 00 00 48 8b 4b 08 48 85 c9 74 0d e8 33 ce
0x00007ff8442365e7:   ff ff 48 c7 43 08 00 00 00 00 ba 18 00 00 00 48
0x00007ff8442365f7:   8b cb e8 1e ce ff ff 48 c7 05 9f 35 01 00 00 00
0x00007ff844236607:   00 00 48 83 c4 20 5b c3 cc 40 53 48 83 ec 20 48
0x00007ff844236617:   8b 1d 6b 35 01 00 48 85 db 74 57 b8 ff ff ff ff
0x00007ff844236627:   f0 0f c1 43 10 83 f8 01 75 3d 48 85 db 74 38 48
0x00007ff844236637:   8b 0b 48 85 c9 74 0d ff 15 64 0c 00 00 48 c7 03
0x00007ff844236647:   00 00 00 00 48 8b 4b 08 48 85 c9 74 0d e8 c3 cd
0x00007ff844236657:   ff ff 48 c7 43 08 00 00 00 00 ba 18 00 00 00 48
0x00007ff844236667:   8b cb e8 ae cd ff ff 48 c7 05 0f 35 01 00 00 00
0x00007ff844236677:   00 00 48 83 c4 20 5b c3 cc 40 53 48 83 ec 20 48 


Stack slot to memory mapping:

stack at sp + 0 slots: 0x0 is null
stack at sp + 1 slots: 0x00000281844dd870 points into unknown readable memory: 0x000f77d9408c6605 | 05 66 8c 40 d9 77 0f 00
stack at sp + 2 slots: 0x00007ff825b24720 jvm.dll
stack at sp + 3 slots: 0x00007ff844233ed0 glass.dll
stack at sp + 4 slots: 0x00000281844dd878 points into unknown readable memory: 0x000088d1c4eb5b05 | 05 5b eb c4 d1 88 00 00
stack at sp + 5 slots: 0x00007ff86b9942d6 ucrtbase.dll
stack at sp + 6 slots: 0x000088d1c4eb5b05 is an unknown value
stack at sp + 7 slots: 0x0000028100000000 is an unknown value

VM_Operation (0x000000bdfc6f8860): Exit, mode: safepoint, requested by thread 0x00000281bdd18c70


---------------  P R O C E S S  ---------------

Threads class SMR info:
_java_thread_list=0x0000028189ef36b0, length=19, elements={
0x000002819c2282d0, 0x00000281bdd12700, 0x00000281bdd13160, 0x00000281bdd15e70,
0x00000281bdd16a80, 0x00000281bdd19990, 0x00000281bdd1b3d0, 0x00000281bdd24040,
0x00000281bdd2ab00, 0x00000281bdd1a020, 0x00000281bdd1a6b0, 0x00000281bdd1ad40,
0x00000281bdd17f50, 0x00000281bdd185e0, 0x00000281bdd18c70, 0x00000281bdd19300,
0x0000028184f90510, 0x0000028184f90ba0, 0x0000028184f91230
}

Java Threads: ( => current thread )
  0x000002819c2282d0 JavaThread "main"                              [_thread_blocked, id=7420, stack(0x000000bdfa500000,0x000000bdfa600000) (1024K)]
  0x00000281bdd12700 JavaThread "Reference Handler"          daemon [_thread_blocked, id=5904, stack(0x000000bdfad00000,0x000000bdfae00000) (1024K)]
  0x00000281bdd13160 JavaThread "Finalizer"                  daemon [_thread_blocked, id=13804, stack(0x000000bdfae00000,0x000000bdfaf00000) (1024K)]
  0x00000281bdd15e70 JavaThread "Signal Dispatcher"          daemon [_thread_blocked, id=14500, stack(0x000000bdfaf00000,0x000000bdfb000000) (1024K)]
  0x00000281bdd16a80 JavaThread "Attach Listener"            daemon [_thread_blocked, id=5000, stack(0x000000bdfb000000,0x000000bdfb100000) (1024K)]
  0x00000281bdd19990 JavaThread "Service Thread"             daemon [_thread_blocked, id=2984, stack(0x000000bdfb100000,0x000000bdfb200000) (1024K)]
  0x00000281bdd1b3d0 JavaThread "Monitor Deflation Thread"   daemon [_thread_blocked, id=16592, stack(0x000000bdfb200000,0x000000bdfb300000) (1024K)]
  0x00000281bdd24040 JavaThread "C2 CompilerThread0"         daemon [_thread_blocked, id=12736, stack(0x000000bdfb300000,0x000000bdfb400000) (1024K)]
  0x00000281bdd2ab00 JavaThread "C1 CompilerThread0"         daemon [_thread_blocked, id=19760, stack(0x000000bdfb400000,0x000000bdfb500000) (1024K)]
  0x00000281bdd1a020 JavaThread "Common-Cleaner"             daemon [_thread_blocked, id=5028, stack(0x000000bdfb600000,0x000000bdfb700000) (1024K)]
  0x00000281bdd1a6b0 JavaThread "Monitor Ctrl-Break"         daemon [_thread_in_native, id=16924, stack(0x000000bdfbf00000,0x000000bdfc000000) (1024K)]
  0x00000281bdd1ad40 JavaThread "Notification Thread"        daemon [_thread_blocked, id=16984, stack(0x000000bdfc000000,0x000000bdfc100000) (1024K)]
  0x00000281bdd17f50 JavaThread "QuantumRenderer-0"          daemon [_thread_blocked, id=9540, stack(0x000000bdfbd00000,0x000000bdfbe00000) (1024K)]
  0x00000281bdd185e0 JavaThread "InvokeLaterDispatcher"      daemon [_thread_blocked, id=12528, stack(0x000000bdfbc00000,0x000000bdfbd00000) (1024K)]
  0x00000281bdd18c70 JavaThread "JavaFX Application Thread"         [_thread_blocked, id=8452, stack(0x000000bdfc600000,0x000000bdfc700000) (1024K)]
  0x00000281bdd19300 JavaThread "Thread-1"                   daemon [_thread_in_native, id=6956, stack(0x000000bdfca00000,0x000000bdfcb00000) (1024K)]
  0x0000028184f90510 JavaThread "JavaFX-Launcher"                   [_thread_blocked, id=7556, stack(0x000000bdfba00000,0x000000bdfbb00000) (1024K)]
  0x0000028184f90ba0 JavaThread "Prism Font Disposer"        daemon [_thread_blocked, id=17948, stack(0x000000bdfd900000,0x000000bdfda00000) (1024K)]
  0x0000028184f91230 JavaThread "Cleaner-0"                  daemon [_thread_blocked, id=1168, stack(0x000000bdfb900000,0x000000bdfba00000) (1024K)]
Total: 19

Other Threads:
=>0x00000281bdcf51f0 VMThread "VM Thread"                           [id=5788, stack(0x000000bdfac00000,0x000000bdfad00000) (1024K)]
  0x000002819e434170 WorkerThread "GC Thread#0"                     [id=17008, stack(0x000000bdfa600000,0x000000bdfa700000) (1024K)]
  0x00000281ff950d20 WorkerThread "GC Thread#1"                     [id=7660, stack(0x000000bdfbe00000,0x000000bdfbf00000) (1024K)]
  0x000002818439dfd0 WorkerThread "GC Thread#2"                     [id=13380, stack(0x000000bdfc100000,0x000000bdfc200000) (1024K)]
  0x000002818439e370 WorkerThread "GC Thread#3"                     [id=6484, stack(0x000000bdfc200000,0x000000bdfc300000) (1024K)]
  0x00000281ff713ed0 WorkerThread "GC Thread#4"                     [id=11428, stack(0x000000bdfc300000,0x000000bdfc400000) (1024K)]
  0x0000028184f994a0 WorkerThread "GC Thread#5"                     [id=18184, stack(0x000000bdfd200000,0x000000bdfd300000) (1024K)]
  0x0000028184f99840 WorkerThread "GC Thread#6"                     [id=10884, stack(0x000000bdfd300000,0x000000bdfd400000) (1024K)]
  0x0000028184f98280 WorkerThread "GC Thread#7"                     [id=19144, stack(0x000000bdfd400000,0x000000bdfd500000) (1024K)]
  0x0000028184f99be0 WorkerThread "GC Thread#8"                     [id=3660, stack(0x000000bdfd500000,0x000000bdfd600000) (1024K)]
  0x0000028184f989c0 WorkerThread "GC Thread#9"                     [id=9640, stack(0x000000bdfd600000,0x000000bdfd700000) (1024K)]
  0x0000028184f98620 WorkerThread "GC Thread#10"                    [id=18256, stack(0x000000bdfd700000,0x000000bdfd800000) (1024K)]
  0x0000028184f98d60 WorkerThread "GC Thread#11"                    [id=17952, stack(0x000000bdfd100000,0x000000bdfd200000) (1024K)]
  0x0000028184f99100 WorkerThread "GC Thread#12"                    [id=19948, stack(0x000000bdfd800000,0x000000bdfd900000) (1024K)]
  0x000002819e4467f0 ConcurrentGCThread "G1 Main Marker"            terminated
  0x000002819e4479a0 WorkerThread "G1 Conc#0"                       [id=8564, stack(0x000000bdfa800000,0x000000bdfa900000) (1024K)]
  0x0000028184600e20 WorkerThread "G1 Conc#1"                       [id=12644, stack(0x000000bdfdb00000,0x000000bdfdc00000) (1024K)]
  0x00000281846023e0 WorkerThread "G1 Conc#2"                       [id=11648, stack(0x000000bdfdc00000,0x000000bdfdd00000) (1024K)]
  0x000002819e49e790 ConcurrentGCThread "G1 Refine#0"               terminated
  0x00000281bdbb33e0 ConcurrentGCThread "G1 Service"                terminated
Total: 20

Threads with active compile tasks:
Total: 0

VM state: at safepoint (shutting down)

VM Mutex/Monitor currently owned by a thread:  ([mutex/lock_event])
[0x00007ff825afcd68] Threads_lock - owner thread: 0x00000281bdcf51f0
[0x00007ff825afce68] Heap_lock - owner thread: 0x00000281bdd18c70

Heap address: 0x000000070a400000, size: 3932 MB, Compressed Oops mode: Zero based, Oop shift amount: 3

CDS archive(s) mapped at: [0x00000281be000000-0x00000281bec90000-0x00000281bec90000), size 13172736, SharedBaseAddress: 0x00000281be000000, ArchiveRelocationMode: 1.
Compressed class space mapped at: 0x00000281bf000000-0x00000281ff000000, reserved size: 1073741824
Narrow klass base: 0x00000281be000000, Narrow klass shift: 0, Narrow klass range: 0x100000000

GC Precious Log:
 CardTable entry size: 512
 Card Set container configuration: InlinePtr #cards 4 size 8 Array Of Cards #cards 16 size 48 Howl #buckets 8 coarsen threshold 3686 Howl Bitmap #cards 512 size 80 coarsen threshold 460 Card regions per heap region 1 cards per card region 4096
 CPUs: 16 total, 16 available
 Memory: 15722M
 Large Page Support: Disabled
 NUMA Support: Disabled
 Compressed Oops: Enabled (Zero based)
 Heap Region Size: 2M
 Heap Min Capacity: 8M
 Heap Initial Capacity: 246M
 Heap Max Capacity: 3932M
 Pre-touch: Disabled
 Parallel Workers: 13
 Concurrent Workers: 3
 Concurrent Refinement Workers: 13
 Periodic GC: Disabled

Heap:
 garbage-first heap   total 55296K, used 39747K [0x000000070a400000, 0x0000000800000000)
  region size 2048K, 20 young (40960K), 6 survivors (12288K)
 Metaspace       used 25490K, committed 26048K, reserved 1114112K
  class space    used 3474K, committed 3712K, reserved 1048576K

Heap Regions: E=young(eden), S=young(survivor), O=old, HS=humongous(starts), HC=humongous(continues), CS=collection set, F=free, TAMS=top-at-mark-start, PB=parsable bottom
|   0|0x000000070a400000, 0x000000070a600000, 0x000000070a600000|100%|HS|  |TAMS 0x000000070a400000| PB 0x000000070a400000| Complete 
|   1|0x000000070a600000, 0x000000070a600000, 0x000000070a800000|  0%| F|  |TAMS 0x000000070a600000| PB 0x000000070a600000| Untracked 
|   2|0x000000070a800000, 0x000000070a800000, 0x000000070aa00000|  0%| F|  |TAMS 0x000000070a800000| PB 0x000000070a800000| Untracked 
|   3|0x000000070aa00000, 0x000000070aa00000, 0x000000070ac00000|  0%| F|  |TAMS 0x000000070aa00000| PB 0x000000070aa00000| Untracked 
|   4|0x000000070ac00000, 0x000000070ac00000, 0x000000070ae00000|  0%| F|  |TAMS 0x000000070ac00000| PB 0x000000070ac00000| Untracked 
|   5|0x000000070ae00000, 0x000000070ae00000, 0x000000070b000000|  0%| F|  |TAMS 0x000000070ae00000| PB 0x000000070ae00000| Untracked 
|   6|0x000000070b000000, 0x000000070b000000, 0x000000070b200000|  0%| F|  |TAMS 0x000000070b000000| PB 0x000000070b000000| Untracked 
|   7|0x000000070b200000, 0x000000070b400000, 0x000000070b400000|100%| E|  |TAMS 0x000000070b200000| PB 0x000000070b200000| Complete 
|   8|0x000000070b400000, 0x000000070b600000, 0x000000070b600000|100%| E|CS|TAMS 0x000000070b400000| PB 0x000000070b400000| Complete 
|   9|0x000000070b600000, 0x000000070b800000, 0x000000070b800000|100%| E|CS|TAMS 0x000000070b600000| PB 0x000000070b600000| Complete 
|  10|0x000000070b800000, 0x000000070ba00000, 0x000000070ba00000|100%| E|CS|TAMS 0x000000070b800000| PB 0x000000070b800000| Complete 
|  11|0x000000070ba00000, 0x000000070bc00000, 0x000000070bc00000|100%| E|CS|TAMS 0x000000070ba00000| PB 0x000000070ba00000| Complete 
|  12|0x000000070bc00000, 0x000000070be00000, 0x000000070be00000|100%| E|CS|TAMS 0x000000070bc00000| PB 0x000000070bc00000| Complete 
|  13|0x000000070be00000, 0x000000070c000000, 0x000000070c000000|100%| E|CS|TAMS 0x000000070be00000| PB 0x000000070be00000| Complete 
|  14|0x000000070c000000, 0x000000070c200000, 0x000000070c200000|100%| E|CS|TAMS 0x000000070c000000| PB 0x000000070c000000| Complete 
|  15|0x000000070c200000, 0x000000070c400000, 0x000000070c400000|100%| E|CS|TAMS 0x000000070c200000| PB 0x000000070c200000| Complete 
|  16|0x000000070c400000, 0x000000070c600000, 0x000000070c600000|100%| E|CS|TAMS 0x000000070c400000| PB 0x000000070c400000| Complete 
|  17|0x000000070c600000, 0x000000070c800000, 0x000000070c800000|100%| E|CS|TAMS 0x000000070c600000| PB 0x000000070c600000| Complete 
|  18|0x000000070c800000, 0x000000070ca00000, 0x000000070ca00000|100%| E|CS|TAMS 0x000000070c800000| PB 0x000000070c800000| Complete 
|  88|0x0000000715400000, 0x00000007154d0f98, 0x0000000715600000| 40%| S|CS|TAMS 0x0000000715400000| PB 0x0000000715400000| Complete 
|  89|0x0000000715600000, 0x0000000715800000, 0x0000000715800000|100%| S|CS|TAMS 0x0000000715600000| PB 0x0000000715600000| Complete 
|  90|0x0000000715800000, 0x0000000715a00000, 0x0000000715a00000|100%| S|CS|TAMS 0x0000000715800000| PB 0x0000000715800000| Complete 
|  91|0x0000000715a00000, 0x0000000715c00000, 0x0000000715c00000|100%| S|CS|TAMS 0x0000000715a00000| PB 0x0000000715a00000| Complete 
|  92|0x0000000715c00000, 0x0000000715e00000, 0x0000000715e00000|100%| S|CS|TAMS 0x0000000715c00000| PB 0x0000000715c00000| Complete 
|  97|0x0000000716600000, 0x0000000716800000, 0x0000000716800000|100%| S|CS|TAMS 0x0000000716600000| PB 0x0000000716600000| Complete 
| 121|0x0000000719600000, 0x0000000719800000, 0x0000000719800000|100%| E|CS|TAMS 0x0000000719600000| PB 0x0000000719600000| Complete 
| 122|0x0000000719800000, 0x0000000719a00000, 0x0000000719a00000|100%| E|CS|TAMS 0x0000000719800000| PB 0x0000000719800000| Complete 

Card table byte_map: [0x00000281b6860000,0x00000281b7010000] _byte_map_base: 0x00000281b300e000

Marking Bits: (CMBitMap*) 0x000002819e435790
 Bits: [0x00000281b7010000, 0x00000281bad80000)

Polling page: 0x000002819c1d0000

Metaspace:

Usage:
  Non-class:     21.50 MB used.
      Class:      3.39 MB used.
       Both:     24.89 MB used.

Virtual space:
  Non-class space:       64.00 MB reserved,      21.81 MB ( 34%) committed,  1 nodes.
      Class space:        1.00 GB reserved,       3.62 MB ( <1%) committed,  1 nodes.
             Both:        1.06 GB reserved,      25.44 MB (  2%) committed. 

Chunk freelists:
   Non-Class:  9.98 MB
       Class:  12.36 MB
        Both:  22.34 MB

MaxMetaspaceSize: unlimited
CompressedClassSpaceSize: 1.00 GB
Initial GC threshold: 21.00 MB
Current GC threshold: 35.25 MB
CDS: on
 - commit_granule_bytes: 65536.
 - commit_granule_words: 8192.
 - virtual_space_node_default_size: 8388608.
 - enlarge_chunks_in_place: 1.
 - use_allocation_guard: 0.


Internal statistics:

num_allocs_failed_limit: 3.
num_arena_births: 592.
num_arena_deaths: 0.
num_vsnodes_births: 2.
num_vsnodes_deaths: 0.
num_space_committed: 407.
num_space_uncommitted: 0.
num_chunks_returned_to_freelist: 3.
num_chunks_taken_from_freelist: 1467.
num_chunk_merges: 3.
num_chunk_splits: 995.
num_chunks_enlarged: 700.
num_inconsistent_stats: 0.

CodeHeap 'non-profiled nmethods': size=119168Kb used=2122Kb max_used=2122Kb free=117045Kb
 bounds [0x00000281ae3d0000, 0x00000281ae640000, 0x00000281b5830000]
CodeHeap 'profiled nmethods': size=119104Kb used=10028Kb max_used=10028Kb free=109075Kb
 bounds [0x00000281a6830000, 0x00000281a7200000, 0x00000281adc80000]
CodeHeap 'non-nmethods': size=7488Kb used=1874Kb max_used=3551Kb free=5613Kb
 bounds [0x00000281adc80000, 0x00000281ae000000, 0x00000281ae3d0000]
 total_blobs=5921 nmethods=5049 adapters=774
 compilation: enabled
              stopped_count=0, restarted_count=0
 full_count=0

Compilation events (20 events):
Event: 42.432 Thread 0x00000281ff4da670 nmethod 5044 0x00000281a71e8b10 code [0x00000281a71e8d60, 0x00000281a71e98f8]
Event: 42.432 Thread 0x00000281ff4da670 5040       3       javafx.fxml.FXMLLoader$Element::isBidirectionalBindingExpression (8 bytes)
Event: 42.432 Thread 0x00000281bdd2ab00 nmethod 5038 0x00000281a71e9b90 code [0x00000281a71ea080, 0x00000281a71ec370]
Event: 42.432 Thread 0x00000281ff4da670 nmethod 5040 0x00000281a71ed010 code [0x00000281a71ed1c0, 0x00000281a71ed388]
Event: 42.432 Thread 0x00000281bdd2ab00 5041       3       javafx.fxml.FXMLLoader$Element::processValue (126 bytes)
Event: 42.432 Thread 0x00000281ff4da670 5042   !   3       javafx.fxml.FXMLLoader$Element::resolvePrefixedValue (449 bytes)
Event: 42.435 Thread 0x00000281bdd2ab00 nmethod 5041 0x00000281a71ed490 code [0x00000281a71ed8e0, 0x00000281a71effe0]
Event: 42.435 Thread 0x00000281bdd2ab00 5048       3       java.lang.StringUTF16::getChars (42 bytes)
Event: 42.436 Thread 0x00000281bdd2ab00 nmethod 5048 0x00000281a71f0990 code [0x00000281a71f0b80, 0x00000281a71f1000]
Event: 42.436 Thread 0x00000281bdd2ab00 5047       3       java.util.regex.ASCII::isDigit (18 bytes)
Event: 42.436 Thread 0x00000281bdd2ab00 nmethod 5047 0x00000281a71f1290 code [0x00000281a71f1420, 0x00000281a71f1578]
Event: 42.436 Thread 0x00000281bdd2ab00 5043       3       com.sun.javafx.fxml.BeanAdapter::put (10 bytes)
Event: 42.436 Thread 0x00000281bdd2ab00 nmethod 5043 0x00000281a71f1610 code [0x00000281a71f17c0, 0x00000281a71f1a08]
Event: 42.436 Thread 0x00000281bdd2ab00 5046       3       javafx.scene.layout.Pane::getChildren (5 bytes)
Event: 42.436 Thread 0x00000281bdd2ab00 nmethod 5046 0x00000281a71f1b10 code [0x00000281a71f1ca0, 0x00000281a71f1dc8]
Event: 42.436 Thread 0x00000281bdd2ab00 5045       3       java.io.BufferedOutputStream::flushBuffer (29 bytes)
Event: 42.436 Thread 0x00000281bdd2ab00 nmethod 5045 0x00000281a71f1e90 code [0x00000281a71f2040, 0x00000281a71f2278]
Event: 42.440 Thread 0x00000281ff4da670 nmethod 5042 0x00000281a71f2390 code [0x00000281a71f2ec0, 0x00000281a71f8d80]
Event: 43.168 Thread 0x00000281bdd24040 5049       4       java.util.ArrayList$Itr::checkForComodification (23 bytes)
Event: 43.169 Thread 0x00000281bdd24040 nmethod 5049 0x00000281ae5e2590 code [0x00000281ae5e2720, 0x00000281ae5e27e0]

GC Heap History (6 events):
Event: 0.717 GC heap before
{Heap before GC invocations=0 (full 0):
 garbage-first heap   total 251904K, used 20480K [0x000000070a400000, 0x0000000800000000)
  region size 2048K, 11 young (22528K), 0 survivors (0K)
 Metaspace       used 2616K, committed 2816K, reserved 1114112K
  class space    used 264K, committed 320K, reserved 1048576K
}
Event: 0.721 GC heap after
{Heap after GC invocations=1 (full 0):
 garbage-first heap   total 251904K, used 2214K [0x000000070a400000, 0x0000000800000000)
  region size 2048K, 2 young (4096K), 2 survivors (4096K)
 Metaspace       used 2616K, committed 2816K, reserved 1114112K
  class space    used 264K, committed 320K, reserved 1048576K
}
Event: 1.884 GC heap before
{Heap before GC invocations=1 (full 0):
 garbage-first heap   total 251904K, used 49318K [0x000000070a400000, 0x0000000800000000)
  region size 2048K, 26 young (53248K), 2 survivors (4096K)
 Metaspace       used 10357K, committed 10688K, reserved 1114112K
  class space    used 1172K, committed 1344K, reserved 1048576K
}
Event: 1.891 GC heap after
{Heap after GC invocations=2 (full 0):
 garbage-first heap   total 251904K, used 6670K [0x000000070a400000, 0x0000000800000000)
  region size 2048K, 4 young (8192K), 4 survivors (8192K)
 Metaspace       used 10357K, committed 10688K, reserved 1114112K
  class space    used 1172K, committed 1344K, reserved 1048576K
}
Event: 3.183 GC heap before
{Heap before GC invocations=2 (full 0):
 garbage-first heap   total 251904K, used 53774K [0x000000070a400000, 0x0000000800000000)
  region size 2048K, 29 young (59392K), 4 survivors (8192K)
 Metaspace       used 21091K, committed 21504K, reserved 1114112K
  class space    used 2848K, committed 3008K, reserved 1048576K
}
Event: 3.194 GC heap after
{Heap after GC invocations=3 (full 0):
 garbage-first heap   total 251904K, used 11075K [0x000000070a400000, 0x0000000800000000)
  region size 2048K, 6 young (12288K), 6 survivors (12288K)
 Metaspace       used 21091K, committed 21504K, reserved 1114112K
  class space    used 2848K, committed 3008K, reserved 1048576K
}

Dll operation events (20 events):
Event: 0.753 Loaded shared library C:\Users\admin\.openjfx\cache\21+31\amd64\api-ms-win-crt-math-l1-1-0.dll
Event: 0.756 Loaded shared library C:\Users\admin\.openjfx\cache\21+31\amd64\api-ms-win-crt-multibyte-l1-1-0.dll
Event: 0.761 Loaded shared library C:\Users\admin\.openjfx\cache\21+31\amd64\api-ms-win-crt-private-l1-1-0.dll
Event: 0.765 Loaded shared library C:\Users\admin\.openjfx\cache\21+31\amd64\api-ms-win-crt-process-l1-1-0.dll
Event: 0.769 Loaded shared library C:\Users\admin\.openjfx\cache\21+31\amd64\api-ms-win-crt-runtime-l1-1-0.dll
Event: 0.772 Loaded shared library C:\Users\admin\.openjfx\cache\21+31\amd64\api-ms-win-crt-stdio-l1-1-0.dll
Event: 0.777 Loaded shared library C:\Users\admin\.openjfx\cache\21+31\amd64\api-ms-win-crt-string-l1-1-0.dll
Event: 0.781 Loaded shared library C:\Users\admin\.openjfx\cache\21+31\amd64\api-ms-win-crt-time-l1-1-0.dll
Event: 0.786 Loaded shared library C:\Users\admin\.openjfx\cache\21+31\amd64\api-ms-win-crt-utility-l1-1-0.dll
Event: 0.808 Loaded shared library C:\Users\admin\.openjfx\cache\21+31\amd64\ucrtbase.dll
Event: 0.815 Loaded shared library C:\Users\admin\.openjfx\cache\21+31\amd64\vcruntime140.dll
Event: 0.819 Loaded shared library C:\Users\admin\.openjfx\cache\21+31\amd64\vcruntime140_1.dll
Event: 0.832 Loaded shared library C:\Users\admin\.openjfx\cache\21+31\amd64\msvcp140.dll
Event: 0.836 Loaded shared library C:\Users\admin\.openjfx\cache\21+31\amd64\msvcp140_1.dll
Event: 0.842 Loaded shared library C:\Users\admin\.openjfx\cache\21+31\amd64\msvcp140_2.dll
Event: 0.901 Loaded shared library C:\Users\admin\.openjfx\cache\21+31\amd64\prism_d3d.dll
Event: 0.959 Loaded shared library C:\Users\admin\.openjfx\cache\21+31\amd64\glass.dll
Event: 1.032 Loaded shared library C:\Users\admin\.jdks\openjdk-21.0.2\bin\jimage.dll
Event: 2.305 Loaded shared library C:\Users\admin\AppData\Local\Temp\sqlite-3.45.3.0-1a5a28c7-c7eb-406a-b178-d2e43098071b-sqlitejdbc.dll
Event: 2.628 Loaded shared library C:\Users\admin\.openjfx\cache\21+31\amd64\javafx_font.dll

Deoptimization events (20 events):
Event: 31.318 Thread 0x00000281bdd18c70 Uncommon trap: trap_request=0xffffffde fr.pc=0x00000281ae5b3818 relative=0x0000000000000858
Event: 31.318 Thread 0x00000281bdd18c70 Uncommon trap: reason=class_check action=maybe_recompile pc=0x00000281ae5b3818 method=javafx.scene.CssStyleHelper.getStyle(Ljavafx/css/Styleable;Ljava/lang/String;Lcom/sun/javafx/css/StyleMap;Ljava/util/Set;)Lcom/sun/javafx/css/CascadingStyle; @ 140 c2
Event: 31.318 Thread 0x00000281bdd18c70 DEOPT PACKING pc=0x00000281ae5b3818 sp=0x000000bdfc6f9da0
Event: 31.318 Thread 0x00000281bdd18c70 DEOPT UNPACKING pc=0x00000281adcd46a2 sp=0x000000bdfc6f9d00 mode 2
Event: 31.318 Thread 0x00000281bdd18c70 Uncommon trap: trap_request=0xffffffde fr.pc=0x00000281ae5b3818 relative=0x0000000000000858
Event: 31.318 Thread 0x00000281bdd18c70 Uncommon trap: reason=class_check action=maybe_recompile pc=0x00000281ae5b3818 method=javafx.scene.CssStyleHelper.getStyle(Ljavafx/css/Styleable;Ljava/lang/String;Lcom/sun/javafx/css/StyleMap;Ljava/util/Set;)Lcom/sun/javafx/css/CascadingStyle; @ 140 c2
Event: 31.318 Thread 0x00000281bdd18c70 DEOPT PACKING pc=0x00000281ae5b3818 sp=0x000000bdfc6f9da0
Event: 31.318 Thread 0x00000281bdd18c70 DEOPT UNPACKING pc=0x00000281adcd46a2 sp=0x000000bdfc6f9d00 mode 2
Event: 31.334 Thread 0x00000281bdd18c70 Uncommon trap: trap_request=0xffffffde fr.pc=0x00000281ae5b82cc relative=0x0000000000002c0c
Event: 31.334 Thread 0x00000281bdd18c70 Uncommon trap: reason=class_check action=maybe_recompile pc=0x00000281ae5b82cc method=com.sun.javafx.css.StyleMap.getCascadingStyles()Ljava/util/Map; @ 77 c2
Event: 31.334 Thread 0x00000281bdd18c70 DEOPT PACKING pc=0x00000281ae5b82cc sp=0x000000bdfc6f9a50
Event: 31.334 Thread 0x00000281bdd18c70 DEOPT UNPACKING pc=0x00000281adcd46a2 sp=0x000000bdfc6f9a20 mode 2
Event: 31.334 Thread 0x00000281bdd18c70 Uncommon trap: trap_request=0xffffffde fr.pc=0x00000281ae5b3818 relative=0x0000000000000858
Event: 31.334 Thread 0x00000281bdd18c70 Uncommon trap: reason=class_check action=maybe_recompile pc=0x00000281ae5b3818 method=javafx.scene.CssStyleHelper.getStyle(Ljavafx/css/Styleable;Ljava/lang/String;Lcom/sun/javafx/css/StyleMap;Ljava/util/Set;)Lcom/sun/javafx/css/CascadingStyle; @ 140 c2
Event: 31.334 Thread 0x00000281bdd18c70 DEOPT PACKING pc=0x00000281ae5b3818 sp=0x000000bdfc6f9b10
Event: 31.334 Thread 0x00000281bdd18c70 DEOPT UNPACKING pc=0x00000281adcd46a2 sp=0x000000bdfc6f9a70 mode 2
Event: 31.335 Thread 0x00000281bdd18c70 Uncommon trap: trap_request=0xffffff45 fr.pc=0x00000281ae5afc9c relative=0x00000000000000dc
Event: 31.335 Thread 0x00000281bdd18c70 Uncommon trap: reason=unstable_if action=reinterpret pc=0x00000281ae5afc9c method=java.lang.StrictMath.floorOrCeil(DDDD)D @ 24 c2
Event: 31.335 Thread 0x00000281bdd18c70 DEOPT PACKING pc=0x00000281ae5afc9c sp=0x000000bdfc6f8ea0
Event: 31.335 Thread 0x00000281bdd18c70 DEOPT UNPACKING pc=0x00000281adcd46a2 sp=0x000000bdfc6f8dc8 mode 2

Classes loaded (20 events):
Event: 33.255 Loading class sun/util/logging/resources/logging
Event: 33.255 Loading class sun/util/logging/resources/logging done
Event: 33.255 Loading class sun/util/logging/resources/logging_uk
Event: 33.255 Loading class sun/util/logging/resources/logging_uk done
Event: 33.255 Loading class sun/util/logging/resources/logging_uk
Event: 33.255 Loading class sun/util/logging/resources/logging_uk done
Event: 33.255 Loading class sun/util/logging/resources/logging_uk_UA
Event: 33.255 Loading class sun/util/logging/resources/logging_uk_UA done
Event: 33.255 Loading class sun/util/logging/resources/logging_uk_UA
Event: 33.255 Loading class sun/util/logging/resources/logging_uk_UA done
Event: 33.256 Loading class java/util/Formatter$DateTime
Event: 33.256 Loading class java/util/Formatter$DateTime done
Event: 40.890 Loading class java/lang/AnchorPane
Event: 40.890 Loading class java/lang/AnchorPane done
Event: 40.890 Loading class java/util/AnchorPane
Event: 40.890 Loading class java/util/AnchorPane done
Event: 41.730 Loading class java/lang/AnchorPane
Event: 41.730 Loading class java/lang/AnchorPane done
Event: 41.730 Loading class java/util/AnchorPane
Event: 41.730 Loading class java/util/AnchorPane done

Classes unloaded (0 events):
No events

Classes redefined (0 events):
No events

Internal exceptions (20 events):
Event: 2.920 Thread 0x00000281bdd18c70 Exception <a 'sun/nio/fs/WindowsException'{0x00000007175eff90}> (0x00000007175eff90) 
thrown [s\open\src\hotspot\share\prims\jni.cpp, line 520]
Event: 3.083 Thread 0x00000281bdd18c70 Exception <a 'java/lang/IncompatibleClassChangeError'{0x0000000716caedc8}: Found class java.lang.Object, but interface was expected> (0x0000000716caedc8) 
thrown [s\open\src\hotspot\share\interpreter\linkResolver.cpp, line 840]
Event: 3.139 Thread 0x00000281bdd18c70 Exception <a 'java/lang/ClassNotFoundException'{0x0000000716b6b968}: com/sun/javafx/scene/control/skin/resources/controls> (0x0000000716b6b968) 
thrown [s\open\src\hotspot\share\prims\jni.cpp, line 539]
Event: 3.140 Thread 0x00000281bdd18c70 Exception <a 'java/lang/ClassNotFoundException'{0x0000000716b79b68}: com/sun/javafx/scene/control/skin/resources/controls_uk> (0x0000000716b79b68) 
thrown [s\open\src\hotspot\share\prims\jni.cpp, line 539]
Event: 3.140 Thread 0x00000281bdd18c70 Exception <a 'java/lang/ClassNotFoundException'{0x0000000716b7ab10}: com/sun/javafx/scene/control/skin/resources/controls_uk_UA> (0x0000000716b7ab10) 
thrown [s\open\src\hotspot\share\prims\jni.cpp, line 539]
Event: 3.282 Thread 0x00000281bdd18c70 Exception <a 'java/lang/NoSuchMethodError'{0x000000070c6459a0}: 'java.lang.Object java.lang.invoke.DirectMethodHandle$Holder.newInvokeSpecial(java.lang.Object, java.lang.Object, int)'> (0x000000070c6459a0) 
thrown [s\open\src\hotspot\share\interpreter\linkResolver.cpp, line 773]
Event: 5.256 Thread 0x00000281bdd18c70 Exception <a 'java/lang/NoSuchMethodError'{0x000000070be25fa0}: 'long java.lang.invoke.DirectMethodHandle$Holder.invokeStatic(java.lang.Object, java.lang.Object, java.lang.Object)'> (0x000000070be25fa0) 
thrown [s\open\src\hotspot\share\interpreter\linkResolver.cpp, line 773]
Event: 5.256 Thread 0x00000281bdd18c70 Exception <a 'java/lang/NoSuchMethodError'{0x000000070be29370}: 'long java.lang.invoke.DirectMethodHandle$Holder.invokeStaticInit(java.lang.Object, java.lang.Object, java.lang.Object)'> (0x000000070be29370) 
thrown [s\open\src\hotspot\share\interpreter\linkResolver.cpp, line 773]
Event: 5.259 Thread 0x00000281bdd18c70 Exception <a 'java/lang/NoSuchMethodError'{0x000000070be3d968}: 'java.lang.Object java.lang.invoke.DirectMethodHandle$Holder.newInvokeSpecial(java.lang.Object, java.lang.Object, long)'> (0x000000070be3d968) 
thrown [s\open\src\hotspot\share\interpreter\linkResolver.cpp, line 773]
Event: 5.259 Thread 0x00000281bdd18c70 Exception <a 'java/lang/NoSuchMethodError'{0x000000070be41260}: 'java.lang.Object java.lang.invoke.Invokers$Holder.linkToTargetMethod(java.lang.Object, long, java.lang.Object)'> (0x000000070be41260) 
thrown [s\open\src\hotspot\share\interpreter\linkResolver.cpp, line 773]
Event: 31.232 Thread 0x00000281bdd18c70 Exception <a 'java/lang/NoSuchMethodError'{0x000000070bbeaa38}: 'void java.lang.invoke.DirectMethodHandle$Holder.invokeInterface(java.lang.Object, java.lang.Object, int)'> (0x000000070bbeaa38) 
thrown [s\open\src\hotspot\share\interpreter\linkResolver.cpp, line 773]
Event: 31.242 Thread 0x00000281bdd18c70 Exception <a 'java/lang/NoSuchMethodError'{0x000000070b82dd60}: 'java.lang.Object java.lang.invoke.DirectMethodHandle$Holder.invokeSpecial(java.lang.Object, java.lang.Object, int, java.lang.Object, long)'> (0x000000070b82dd60) 
thrown [s\open\src\hotspot\share\interpreter\linkResolver.cpp, line 773]
Event: 33.121 Thread 0x00000281bdd18c70 Exception <a 'java/lang/NoSuchMethodError'{0x000000070b45b688}: 'java.lang.Object java.lang.invoke.DirectMethodHandle$Holder.newInvokeSpecial(java.lang.Object, java.lang.Object, int, java.lang.Object, int)'> (0x000000070b45b688) 
thrown [s\open\src\hotspot\share\interpreter\linkResolver.cpp, line 773]
Event: 33.122 Thread 0x00000281bdd18c70 Exception <a 'java/lang/NoSuchMethodError'{0x000000070b45fd08}: 'java.lang.Object java.lang.invoke.DirectMethodHandle$Holder.invokeSpecial(java.lang.Object, java.lang.Object, java.lang.Object, int, java.lang.Object, int)'> (0x000000070b45fd08) 
thrown [s\open\src\hotspot\share\interpreter\linkResolver.cpp, line 773]
Event: 33.168 Thread 0x00000281bdd18c70 Exception <a 'java/lang/NoSuchMethodError'{0x000000070b479178}: 'void java.lang.invoke.DirectMethodHandle$Holder.invokeInterface(java.lang.Object, java.lang.Object)'> (0x000000070b479178) 
thrown [s\open\src\hotspot\share\interpreter\linkResolver.cpp, line 773]
Event: 33.248 Thread 0x00000281bdd18c70 Exception <a 'sun/nio/fs/WindowsException'{0x000000070b5d5718}> (0x000000070b5d5718) 
thrown [s\open\src\hotspot\share\prims\jni.cpp, line 520]
Event: 33.248 Thread 0x00000281bdd18c70 Exception <a 'sun/nio/fs/WindowsException'{0x000000070b5d7530}> (0x000000070b5d7530) 
thrown [s\open\src\hotspot\share\prims\jni.cpp, line 520]
Event: 33.255 Thread 0x00000281bdd18c70 Exception <a 'java/lang/ClassNotFoundException'{0x000000070b5e7d98}: sun/util/logging/resources/spi/loggingProvider> (0x000000070b5e7d98) 
thrown [s\open\src\hotspot\share\classfile\systemDictionary.cpp, line 312]
Event: 42.432 Thread 0x00000281bdd18c70 Exception <a 'sun/nio/fs/WindowsException'{0x000000070b2ebc80}> (0x000000070b2ebc80) 
thrown [s\open\src\hotspot\share\prims\jni.cpp, line 520]
Event: 42.432 Thread 0x00000281bdd18c70 Exception <a 'sun/nio/fs/WindowsException'{0x000000070b2edd40}> (0x000000070b2edd40) 
thrown [s\open\src\hotspot\share\prims\jni.cpp, line 520]

ZGC Phase Switch (0 events):
No events

VM Operations (20 events):
Event: 29.215 Executing VM operation: Cleanup done
Event: 30.216 Executing VM operation: Cleanup
Event: 30.216 Executing VM operation: Cleanup done
Event: 31.217 Executing VM operation: Cleanup
Event: 31.217 Executing VM operation: Cleanup done
Event: 31.292 Executing VM operation: HandshakeAllThreads (Deoptimize)
Event: 31.292 Executing VM operation: HandshakeAllThreads (Deoptimize) done
Event: 31.307 Executing VM operation: HandshakeAllThreads (Deoptimize)
Event: 31.307 Executing VM operation: HandshakeAllThreads (Deoptimize) done
Event: 32.308 Executing VM operation: Cleanup
Event: 32.308 Executing VM operation: Cleanup done
Event: 34.308 Executing VM operation: Cleanup
Event: 34.308 Executing VM operation: Cleanup done
Event: 40.311 Executing VM operation: Cleanup
Event: 40.311 Executing VM operation: Cleanup done
Event: 41.311 Executing VM operation: Cleanup
Event: 41.311 Executing VM operation: Cleanup done
Event: 42.312 Executing VM operation: Cleanup
Event: 42.312 Executing VM operation: Cleanup done
Event: 43.171 Executing VM operation: Exit

Events (20 events):
Event: 3.363 Thread 0x0000028184f91230 Thread added: 0x0000028184f91230
Event: 4.662 Thread 0x00000281ff149410 Thread exited: 0x00000281ff149410
Event: 5.360 Thread 0x0000028184e38a10 Thread added: 0x0000028184e38a10
Event: 5.372 Thread 0x0000028189befa20 Thread added: 0x0000028189befa20
Event: 5.519 Thread 0x0000028189befa20 Thread exited: 0x0000028189befa20
Event: 5.662 Thread 0x0000028184e38a10 Thread exited: 0x0000028184e38a10
Event: 14.229 Thread 0x00000281ff2a30b0 Thread exited: 0x00000281ff2a30b0
Event: 16.903 Thread 0x00000281bdd5dc60 Thread exited: 0x00000281bdd5dc60
Event: 28.308 Thread 0x000002818a22a7f0 Thread added: 0x000002818a22a7f0
Event: 28.518 Thread 0x000002818a22a7f0 Thread exited: 0x000002818a22a7f0
Event: 29.849 Thread 0x0000028184ce7730 Thread added: 0x0000028184ce7730
Event: 31.318 Thread 0x00000281ff4da670 Thread added: 0x00000281ff4da670
Event: 32.293 Thread 0x00000281ff4da670 Thread exited: 0x00000281ff4da670
Event: 38.319 Thread 0x0000028184ce7730 Thread exited: 0x0000028184ce7730
Event: 40.391 Thread 0x00000281ff4da670 Thread added: 0x00000281ff4da670
Event: 43.168 Thread 0x00000281ff4da670 Thread exited: 0x00000281ff4da670
Event: 43.168 Thread 0x0000028184f8d090 Thread added: 0x0000028184f8d090
Event: 43.168 Thread 0x0000028184f8ead0 Thread added: 0x0000028184f8ead0
Event: 43.169 Thread 0x0000028184f8ead0 Thread exited: 0x0000028184f8ead0
Event: 43.170 Thread 0x0000028184f8d090 Thread exited: 0x0000028184f8d090


Dynamic libraries:
0x00007ff737df0000 - 0x00007ff737dfe000 	C:\Users\admin\.jdks\openjdk-21.0.2\bin\java.exe
0x00007ff86e2d0000 - 0x00007ff86e4c8000 	C:\Windows\SYSTEM32\ntdll.dll
0x00007ff86cb90000 - 0x00007ff86cc4d000 	C:\Windows\System32\KERNEL32.DLL
0x00007ff86bc00000 - 0x00007ff86bef6000 	C:\Windows\System32\KERNELBASE.dll
0x00007ff86b980000 - 0x00007ff86ba80000 	C:\Windows\System32\ucrtbase.dll
0x00007ff86a0f0000 - 0x00007ff86a108000 	C:\Users\admin\.jdks\openjdk-21.0.2\bin\jli.dll
0x00007ff869e80000 - 0x00007ff869e9b000 	C:\Users\admin\.jdks\openjdk-21.0.2\bin\VCRUNTIME140.dll
0x00007ff86cc50000 - 0x00007ff86cdef000 	C:\Windows\System32\USER32.dll
0x00007ff852340000 - 0x00007ff8525da000 	C:\Windows\WinSxS\amd64_microsoft.windows.common-controls_6595b64144ccf1df_6.0.19041.4355_none_60b8b9eb71f62e16\COMCTL32.dll
0x00007ff86c2d0000 - 0x00007ff86c2f2000 	C:\Windows\System32\win32u.dll
0x00007ff86e180000 - 0x00007ff86e21e000 	C:\Windows\System32\msvcrt.dll
0x00007ff86cf10000 - 0x00007ff86cf3b000 	C:\Windows\System32\GDI32.dll
0x00007ff86bf90000 - 0x00007ff86c0a7000 	C:\Windows\System32\gdi32full.dll
0x00007ff86bab0000 - 0x00007ff86bb4d000 	C:\Windows\System32\msvcp_win.dll
0x00007ff86d650000 - 0x00007ff86d682000 	C:\Windows\System32\IMM32.DLL
0x00007ff86a0e0000 - 0x00007ff86a0ec000 	C:\Users\admin\.jdks\openjdk-21.0.2\bin\vcruntime140_1.dll
0x00007ff8596d0000 - 0x00007ff85975e000 	C:\Users\admin\.jdks\openjdk-21.0.2\bin\msvcp140.dll
0x00007ff824ec0000 - 0x00007ff825bd7000 	C:\Users\admin\.jdks\openjdk-21.0.2\bin\server\jvm.dll
0x00007ff86d310000 - 0x00007ff86d3c0000 	C:\Windows\System32\ADVAPI32.dll
0x00007ff86e0e0000 - 0x00007ff86e180000 	C:\Windows\System32\sechost.dll
0x00007ff86d690000 - 0x00007ff86d7b3000 	C:\Windows\System32\RPCRT4.dll
0x00007ff86ba80000 - 0x00007ff86baa7000 	C:\Windows\System32\bcrypt.dll
0x00007ff86e220000 - 0x00007ff86e28b000 	C:\Windows\System32\WS2_32.dll
0x00007ff86b720000 - 0x00007ff86b76b000 	C:\Windows\SYSTEM32\POWRPROF.dll
0x00007ff85f230000 - 0x00007ff85f23a000 	C:\Windows\SYSTEM32\VERSION.dll
0x00007ff85a830000 - 0x00007ff85a857000 	C:\Windows\SYSTEM32\WINMM.dll
0x00007ff86b700000 - 0x00007ff86b712000 	C:\Windows\SYSTEM32\UMPDC.dll
0x00007ff86a1c0000 - 0x00007ff86a1d2000 	C:\Windows\SYSTEM32\kernel.appcore.dll
0x00007ff869e60000 - 0x00007ff869e6a000 	C:\Users\admin\.jdks\openjdk-21.0.2\bin\jimage.dll
0x00007ff869ed0000 - 0x00007ff86a0b4000 	C:\Windows\SYSTEM32\DBGHELP.DLL
0x00007ff862570000 - 0x00007ff8625a4000 	C:\Windows\SYSTEM32\dbgcore.DLL
0x00007ff86bf00000 - 0x00007ff86bf82000 	C:\Windows\System32\bcryptPrimitives.dll
0x00007ff863dd0000 - 0x00007ff863ddf000 	C:\Users\admin\.jdks\openjdk-21.0.2\bin\instrument.dll
0x00007ff866fe0000 - 0x00007ff866fff000 	C:\Users\admin\.jdks\openjdk-21.0.2\bin\java.dll
0x00007ff86c410000 - 0x00007ff86cb7b000 	C:\Windows\System32\SHELL32.dll
0x00007ff869660000 - 0x00007ff869dfd000 	C:\Windows\SYSTEM32\windows.storage.dll
0x00007ff86d7c0000 - 0x00007ff86db13000 	C:\Windows\System32\combase.dll
0x00007ff86b330000 - 0x00007ff86b35e000 	C:\Windows\SYSTEM32\Wldp.dll
0x00007ff86d220000 - 0x00007ff86d2ed000 	C:\Windows\System32\OLEAUT32.dll
0x00007ff86ce60000 - 0x00007ff86cf0d000 	C:\Windows\System32\SHCORE.dll
0x00007ff86db20000 - 0x00007ff86db75000 	C:\Windows\System32\shlwapi.dll
0x00007ff86b8b0000 - 0x00007ff86b8d4000 	C:\Windows\SYSTEM32\profapi.dll
0x00007ff835e30000 - 0x00007ff835f07000 	C:\Users\admin\.jdks\openjdk-21.0.2\bin\jsvml.dll
0x00007ff8674b0000 - 0x00007ff8674c0000 	C:\Users\admin\.jdks\openjdk-21.0.2\bin\net.dll
0x00007ff867dc0000 - 0x00007ff867eca000 	C:\Windows\SYSTEM32\WINHTTP.dll
0x00007ff86b030000 - 0x00007ff86b09a000 	C:\Windows\system32\mswsock.dll
0x00007ff866fc0000 - 0x00007ff866fd6000 	C:\Users\admin\.jdks\openjdk-21.0.2\bin\nio.dll
0x00007ff863de0000 - 0x00007ff863df8000 	C:\Users\admin\.jdks\openjdk-21.0.2\bin\zip.dll
0x00007ff851ed0000 - 0x00007ff851eea000 	C:\Program Files\JetBrains\IntelliJ IDEA 2023.3.2\bin\breakgen64.dll
0x00000281bde80000 - 0x00000281bde83000 	C:\Users\admin\.openjfx\cache\21+31\amd64\api-ms-win-core-console-l1-1-0.dll
0x00000281bde90000 - 0x00000281bde93000 	C:\Users\admin\.openjfx\cache\21+31\amd64\api-ms-win-core-console-l1-2-0.dll
0x00000281bdea0000 - 0x00000281bdea3000 	C:\Users\admin\.openjfx\cache\21+31\amd64\api-ms-win-core-datetime-l1-1-0.dll
0x00000281bdeb0000 - 0x00000281bdeb3000 	C:\Users\admin\.openjfx\cache\21+31\amd64\api-ms-win-core-debug-l1-1-0.dll
0x00000281bdec0000 - 0x00000281bdec3000 	C:\Users\admin\.openjfx\cache\21+31\amd64\api-ms-win-core-errorhandling-l1-1-0.dll
0x00000281bded0000 - 0x00000281bded4000 	C:\Users\admin\.openjfx\cache\21+31\amd64\api-ms-win-core-file-l1-1-0.dll
0x00000281bdee0000 - 0x00000281bdee3000 	C:\Users\admin\.openjfx\cache\21+31\amd64\api-ms-win-core-file-l1-2-0.dll
0x00000281bdef0000 - 0x00000281bdef3000 	C:\Users\admin\.openjfx\cache\21+31\amd64\api-ms-win-core-file-l2-1-0.dll
0x00000281bdf00000 - 0x00000281bdf03000 	C:\Users\admin\.openjfx\cache\21+31\amd64\api-ms-win-core-handle-l1-1-0.dll
0x00000281bdf10000 - 0x00000281bdf13000 	C:\Users\admin\.openjfx\cache\21+31\amd64\api-ms-win-core-heap-l1-1-0.dll
0x00000281bdf20000 - 0x00000281bdf23000 	C:\Users\admin\.openjfx\cache\21+31\amd64\api-ms-win-core-interlocked-l1-1-0.dll
0x00000281bdf30000 - 0x00000281bdf33000 	C:\Users\admin\.openjfx\cache\21+31\amd64\api-ms-win-core-libraryloader-l1-1-0.dll
0x00000281bdf40000 - 0x00000281bdf43000 	C:\Users\admin\.openjfx\cache\21+31\amd64\api-ms-win-core-localization-l1-2-0.dll
0x00000281bdf50000 - 0x00000281bdf53000 	C:\Users\admin\.openjfx\cache\21+31\amd64\api-ms-win-core-memory-l1-1-0.dll
0x00000281bdf60000 - 0x00000281bdf63000 	C:\Users\admin\.openjfx\cache\21+31\amd64\api-ms-win-core-namedpipe-l1-1-0.dll
0x00000281bdf70000 - 0x00000281bdf73000 	C:\Users\admin\.openjfx\cache\21+31\amd64\api-ms-win-core-processenvironment-l1-1-0.dll
0x00000281bdf80000 - 0x00000281bdf83000 	C:\Users\admin\.openjfx\cache\21+31\amd64\api-ms-win-core-processthreads-l1-1-0.dll
0x00000281bdf90000 - 0x00000281bdf93000 	C:\Users\admin\.openjfx\cache\21+31\amd64\api-ms-win-core-processthreads-l1-1-1.dll
0x00000281bdfa0000 - 0x00000281bdfa3000 	C:\Users\admin\.openjfx\cache\21+31\amd64\api-ms-win-core-profile-l1-1-0.dll
0x00000281bdfb0000 - 0x00000281bdfb3000 	C:\Users\admin\.openjfx\cache\21+31\amd64\api-ms-win-core-rtlsupport-l1-1-0.dll
0x00000281bdfc0000 - 0x00000281bdfc3000 	C:\Users\admin\.openjfx\cache\21+31\amd64\api-ms-win-core-string-l1-1-0.dll
0x00000281bdfd0000 - 0x00000281bdfd3000 	C:\Users\admin\.openjfx\cache\21+31\amd64\api-ms-win-core-synch-l1-1-0.dll
0x00000281bdfe0000 - 0x00000281bdfe3000 	C:\Users\admin\.openjfx\cache\21+31\amd64\api-ms-win-core-synch-l1-2-0.dll
0x00000281bdff0000 - 0x00000281bdff3000 	C:\Users\admin\.openjfx\cache\21+31\amd64\api-ms-win-core-sysinfo-l1-1-0.dll
0x00000281ffc00000 - 0x00000281ffc03000 	C:\Users\admin\.openjfx\cache\21+31\amd64\api-ms-win-core-timezone-l1-1-0.dll
0x00000281ffc10000 - 0x00000281ffc13000 	C:\Users\admin\.openjfx\cache\21+31\amd64\api-ms-win-core-util-l1-1-0.dll
0x00000281ffc20000 - 0x00000281ffc23000 	C:\Users\admin\.openjfx\cache\21+31\amd64\api-ms-win-crt-conio-l1-1-0.dll
0x00000281ffc30000 - 0x00000281ffc34000 	C:\Users\admin\.openjfx\cache\21+31\amd64\api-ms-win-crt-convert-l1-1-0.dll
0x00000281ffc40000 - 0x00000281ffc43000 	C:\Users\admin\.openjfx\cache\21+31\amd64\api-ms-win-crt-environment-l1-1-0.dll
0x00000281ffc50000 - 0x00000281ffc53000 	C:\Users\admin\.openjfx\cache\21+31\amd64\api-ms-win-crt-filesystem-l1-1-0.dll
0x00000281ffc60000 - 0x00000281ffc63000 	C:\Users\admin\.openjfx\cache\21+31\amd64\api-ms-win-crt-heap-l1-1-0.dll
0x00000281ffc70000 - 0x00000281ffc73000 	C:\Users\admin\.openjfx\cache\21+31\amd64\api-ms-win-crt-locale-l1-1-0.dll
0x00000281ffc80000 - 0x00000281ffc85000 	C:\Users\admin\.openjfx\cache\21+31\amd64\api-ms-win-crt-math-l1-1-0.dll
0x00000281ffc90000 - 0x00000281ffc95000 	C:\Users\admin\.openjfx\cache\21+31\amd64\api-ms-win-crt-multibyte-l1-1-0.dll
0x00000281ffca0000 - 0x00000281ffcb0000 	C:\Users\admin\.openjfx\cache\21+31\amd64\api-ms-win-crt-private-l1-1-0.dll
0x00000281ffcb0000 - 0x00000281ffcb3000 	C:\Users\admin\.openjfx\cache\21+31\amd64\api-ms-win-crt-process-l1-1-0.dll
0x00000281ffcc0000 - 0x00000281ffcc4000 	C:\Users\admin\.openjfx\cache\21+31\amd64\api-ms-win-crt-runtime-l1-1-0.dll
0x00000281ffcd0000 - 0x00000281ffcd4000 	C:\Users\admin\.openjfx\cache\21+31\amd64\api-ms-win-crt-stdio-l1-1-0.dll
0x00000281ffce0000 - 0x00000281ffce4000 	C:\Users\admin\.openjfx\cache\21+31\amd64\api-ms-win-crt-string-l1-1-0.dll
0x00000281ffcf0000 - 0x00000281ffcf3000 	C:\Users\admin\.openjfx\cache\21+31\amd64\api-ms-win-crt-time-l1-1-0.dll
0x00000281ffd00000 - 0x00000281ffd03000 	C:\Users\admin\.openjfx\cache\21+31\amd64\api-ms-win-crt-utility-l1-1-0.dll
0x00007ff830940000 - 0x00007ff830a3c000 	C:\Users\admin\.openjfx\cache\21+31\amd64\ucrtbase.dll
0x00007ff851b20000 - 0x00007ff851b3b000 	C:\Users\admin\.openjfx\cache\21+31\amd64\vcruntime140.dll
0x00007ff854ff0000 - 0x00007ff854ffc000 	C:\Users\admin\.openjfx\cache\21+31\amd64\vcruntime140_1.dll
0x00007ff850ea0000 - 0x00007ff850f2e000 	C:\Users\admin\.openjfx\cache\21+31\amd64\msvcp140.dll
0x00007ff86d0f0000 - 0x00007ff86d21b000 	C:\Windows\System32\ole32.dll
0x00007ff851be0000 - 0x00007ff851be9000 	C:\Users\admin\.openjfx\cache\21+31\amd64\msvcp140_1.dll
0x00007ff8512d0000 - 0x00007ff8512ff000 	C:\Users\admin\.openjfx\cache\21+31\amd64\msvcp140_2.dll
0x00007ff850f90000 - 0x00007ff850fbf000 	C:\Users\admin\.openjfx\cache\21+31\amd64\prism_d3d.dll
0x00007ff82e290000 - 0x00007ff82e45e000 	C:\Windows\system32\d3d9.dll
0x00007ff869170000 - 0x00007ff86919f000 	C:\Windows\SYSTEM32\dwmapi.dll
0x00007ff868f90000 - 0x00007ff86902e000 	C:\Windows\system32\uxtheme.dll
0x00007ff844210000 - 0x00007ff844252000 	C:\Users\admin\.openjfx\cache\21+31\amd64\glass.dll
0x00007ff86d570000 - 0x00007ff86d64a000 	C:\Windows\System32\COMDLG32.dll
0x00007ff86cfd0000 - 0x00007ff86d0e4000 	C:\Windows\System32\MSCTF.dll
0x00007ff85c4d0000 - 0x00007ff85c50b000 	C:\Windows\SYSTEM32\dxcore.dll
0x00007ff86c280000 - 0x00007ff86c2ce000 	C:\Windows\System32\cfgmgr32.dll
0x00007ff86b230000 - 0x00007ff86b248000 	C:\Windows\SYSTEM32\CRYPTSP.dll
0x00007ff86a950000 - 0x00007ff86a984000 	C:\Windows\system32\rsaenh.dll
0x00007ff86b820000 - 0x00007ff86b84e000 	C:\Windows\SYSTEM32\USERENV.dll
0x00007ff86b220000 - 0x00007ff86b22c000 	C:\Windows\SYSTEM32\CRYPTBASE.dll
0x00007ff86ad10000 - 0x00007ff86ad4b000 	C:\Windows\SYSTEM32\IPHLPAPI.DLL
0x00007ff86cb80000 - 0x00007ff86cb88000 	C:\Windows\System32\NSI.dll
0x00007ff830840000 - 0x00007ff830935000 	C:\Users\admin\AppData\Local\Temp\sqlite-3.45.3.0-1a5a28c7-c7eb-406a-b178-d2e43098071b-sqlitejdbc.dll
0x00007ff851ac0000 - 0x00007ff851ad4000 	C:\Users\admin\.openjfx\cache\21+31\amd64\javafx_font.dll
0x00007ff854af0000 - 0x00007ff854d6f000 	C:\Windows\SYSTEM32\dwrite.dll
0x00007ff86c360000 - 0x00007ff86c409000 	C:\Windows\System32\clbcatq.dll
0x00007ff868cb0000 - 0x00007ff868e64000 	C:\Windows\SYSTEM32\WindowsCodecs.dll
0x00007ff8535b0000 - 0x00007ff8535ee000 	C:\Windows\system32\dataexchange.dll
0x00007ff865280000 - 0x00007ff8654e3000 	C:\Windows\system32\d3d11.dll
0x00007ff865b30000 - 0x00007ff865d15000 	C:\Windows\system32\dcomp.dll
0x00007ff86a200000 - 0x00007ff86a2f2000 	C:\Windows\system32\dxgi.dll
0x00007ff863240000 - 0x00007ff863443000 	C:\Windows\system32\twinapi.appcore.dll
0x00007ff8519b0000 - 0x00007ff8519e4000 	C:\Program Files\Common Files\Microsoft Shared\Ink\rtscom.dll
0x00007ff85bd10000 - 0x00007ff85be09000 	C:\Windows\SYSTEM32\textinputframework.dll
0x00007ff866320000 - 0x00007ff866412000 	C:\Windows\System32\CoreMessaging.dll
0x00007ff866620000 - 0x00007ff86697b000 	C:\Windows\System32\CoreUIComponents.dll
0x00007ff86aa70000 - 0x00007ff86aaa3000 	C:\Windows\SYSTEM32\ntmarta.dll
0x00007ff867be0000 - 0x00007ff867d37000 	C:\Windows\SYSTEM32\wintypes.dll

dbghelp: loaded successfully - version: 4.0.5 - missing functions: none
symbol engine: initialized successfully - sym options: 0x614 - pdb path: .;C:\Users\admin\.jdks\openjdk-21.0.2\bin;C:\Windows\SYSTEM32;C:\Windows\WinSxS\amd64_microsoft.windows.common-controls_6595b64144ccf1df_6.0.19041.4355_none_60b8b9eb71f62e16;C:\Users\admin\.jdks\openjdk-21.0.2\bin\server;C:\Program Files\JetBrains\IntelliJ IDEA 2023.3.2\bin;C:\Users\admin\.openjfx\cache\21+31\amd64;C:\Windows\System32\DriverStore\FileRepository\u0364120.inf_amd64_636d39f1d2b33111\B364017;C:\Users\admin\AppData\Local\Temp;C:\Program Files\Common Files\Microsoft Shared\Ink

VM Arguments:
jvm_args: --enable-preview -javaagent:C:\Program Files\JetBrains\IntelliJ IDEA 2023.3.2\lib\idea_rt.jar=52335:C:\Program Files\JetBrains\IntelliJ IDEA 2023.3.2\bin -Dfile.encoding=UTF-8 -Dsun.stdout.encoding=UTF-8 -Dsun.stderr.encoding=UTF-8 --module-path=C:\Users\admin\.m2\repository\com\dlsc\formsfx\formsfx-core\11.6.0\formsfx-core-11.6.0.jar;C:\Users\admin\.m2\repository\com\gluonhq\attach\util\4.0.17\util-4.0.17.jar;C:\Users\admin\.m2\repository\org\openjfx\javafx-controls\21\javafx-controls-21-win.jar;C:\Users\admin\.m2\repository\ch\qos\logback\logback-core\1.5.6\logback-core-1.5.6.jar;C:\Users\admin\.m2\repository\org\openjfx\javafx-fxml\21\javafx-fxml-21-win.jar;C:\Users\admin\.m2\repository\net\synedra\validatorfx\0.4.0\validatorfx-0.4.0.jar;C:\Users\admin\.m2\repository\com\github\almasb\fxgl-gameplay\17.3\fxgl-gameplay-17.3.jar;C:\Users\admin\.m2\repository\org\controlsfx\controlsfx\11.1.2\controlsfx-11.1.2.jar;C:\Users\admin\.m2\repository\org\springframework\spring-context\6.1.6\spring-context-6.1.6.jar;C:\Users\admin\.m2\repository\org\openjfx\javafx-graphics\21\javafx-graphics-21-win.jar;C:\Users\admin\.m2\repository\com\github\almasb\fxgl-io\17.3\fxgl-io-17.3.jar;C:\Users\admin\.m2\repository\com\github\almasb\fxgl-entity\17.3\fxgl-entity-17.3.jar;C:\Users\admin\.m2\repository\com\fasterxml\jackson\core\jackson-annotations\2.14.2\jackson-annotations-2.14.2.jar;C:\Users\admin\.m2\repository\org\kordamp\ikonli\ikonli-javafx\12.3.1\ikonli-javafx-12.3.1.jar;C:\Users\admin\.m2\repository\com\gluonhq\attach\audio\4.0.17\audio-4.0.17.jar;C:\Users\admin\.m2\repository\org\kordamp\ikonli\ikonli-core\12.3.1\ikonli-core-12.3.1.jar;C:\Users\admin\.m2\repository\org\springframework\spring-beans\6.1.6\spring-beans-6.1.6.jar;C:\Users\admin\.m2\repository\com\github\almasb\fxgl-core\17.3\fxgl-core-17.3.jar;C:\Users\admin\.m2\repository\ch\qos\logback\logback-classic\1.5.6\logback-classic-1.5.6.jar;C:\Users\admin\.m2\repository\com\github\almasb\fxgl\17.3\fxgl-17.3.jar;C:\Users\admin\.m2\repository\org\springframework\spring-core\6.1.6\spring-core-6.1.6.jar;C:\Users\admin\.m2\repository\org\openjfx\javafx-base\21\javafx-base-21-win.jar;C:\Users\admin\.m2\repository\com\gluonhq\attach\lifecycle\4.0.17\li-Djdk.module.main=org.example.eventsplanner 
java_command: org.example.eventsplanner/com.mil0812.eventsplanner.Main
java_class_path (initial): C:\Users\admin\.m2\repository\org\openjfx\javafx-controls\21\javafx-controls-21.jar;C:\Users\admin\.m2\repository\org\openjfx\javafx-graphics\21\javafx-graphics-21.jar;C:\Users\admin\.m2\repository\org\openjfx\javafx-base\21\javafx-base-21.jar;C:\Users\admin\.m2\repository\org\openjfx\javafx-fxml\21\javafx-fxml-21.jar;C:\Users\admin\.m2\repository\org\openjfx\javafx-web\21\javafx-web-21.jar;C:\Users\admin\.m2\repository\org\openjfx\javafx-swing\21\javafx-swing-21.jar;C:\Users\admin\.m2\repository\org\openjfx\javafx-swing\21\javafx-swing-21-win.jar;C:\Users\admin\.m2\repository\org\openjfx\javafx-media\21\javafx-media-21.jar;C:\Users\admin\.m2\repository\org\jetbrains\kotlin\kotlin-stdlib-common\1.8.10\kotlin-stdlib-common-1.8.10.jar;C:\Users\admin\.m2\repository\org\jetbrains\annotations\13.0\annotations-13.0.jar;C:\Users\admin\.m2\repository\org\springframework\spring-aop\6.1.6\spring-aop-6.1.6.jar;C:\Users\admin\.m2\repository\org\springframework\spring-jcl\6.1.6\spring-jcl-6.1.6.jar;C:\Users\admin\.m2\repository\org\springframework\spring-expression\6.1.6\spring-expression-6.1.6.jar;C:\Users\admin\.m2\repository\io\micrometer\micrometer-observation\1.12.5\micrometer-observation-1.12.5.jar;C:\Users\admin\.m2\repository\io\micrometer\micrometer-commons\1.12.5\micrometer-commons-1.12.5.jar;C:\Users\admin\.m2\repository\jakarta\annotation\jakarta.annotation-api\3.0.0\jakarta.annotation-api-3.0.0.jar
Launcher Type: SUN_STANDARD

[Global flags]
     intx CICompilerCount                          = 12                                        {product} {ergonomic}
     uint ConcGCThreads                            = 3                                         {product} {ergonomic}
     uint G1ConcRefinementThreads                  = 13                                        {product} {ergonomic}
   size_t G1HeapRegionSize                         = 2097152                                   {product} {ergonomic}
    uintx GCDrainStackTargetSize                   = 64                                        {product} {ergonomic}
   size_t InitialHeapSize                          = 257949696                                 {product} {ergonomic}
   size_t MarkStackSize                            = 4194304                                   {product} {ergonomic}
   size_t MaxHeapSize                              = 4123000832                                {product} {ergonomic}
   size_t MaxNewSize                               = 2472542208                                {product} {ergonomic}
   size_t MinHeapDeltaBytes                        = 2097152                                   {product} {ergonomic}
   size_t MinHeapSize                              = 8388608                                   {product} {ergonomic}
    uintx NonNMethodCodeHeapSize                   = 7602480                                {pd product} {ergonomic}
    uintx NonProfiledCodeHeapSize                  = 122027880                              {pd product} {ergonomic}
    uintx ProfiledCodeHeapSize                     = 122027880                              {pd product} {ergonomic}
    uintx ReservedCodeCacheSize                    = 251658240                              {pd product} {ergonomic}
     bool SegmentedCodeCache                       = true                                      {product} {ergonomic}
   size_t SoftMaxHeapSize                          = 4123000832                             {manageable} {ergonomic}
     bool UseCompressedOops                        = true                           {product lp64_product} {ergonomic}
     bool UseG1GC                                  = true                                      {product} {ergonomic}
     bool UseLargePagesIndividualAllocation        = false                                  {pd product} {ergonomic}

Logging:
Log output configuration:
 #0: stdout all=off uptime,level,tags foldmultilines=false
 #1: stderr all=off uptime,level,tags foldmultilines=false

Environment Variables:
JAVA_HOME=C:\Users\admin\scoop\apps\openjdk\current
PATH=C:\Windows\system32;C:\Windows;C:\Windows\System32\Wbem;C:\Windows\System32\WindowsPowerShell\v1.0\;C:\Windows\System32\OpenSSH\;C:\Program Files\nodejs\;C:\Program Files\dotnet\;C:\Program Files\Cloudflare\Cloudflare WARP\;C:\Users\admin\scoop\apps\openjdk\current\bin;C:\Users\admin\scoop\shims;C:\Users\admin\AppData\Local\Microsoft\WindowsApps;C:\Users\admin\AppData\Local\GitHubDesktop\bin;C:\Users\admin\AppData\Roaming\npm;C:\Users\admin\.dotnet\tools
USERNAME=admin
OS=Windows_NT
PROCESSOR_IDENTIFIER=AMD64 Family 23 Model 104 Stepping 1, AuthenticAMD
TMP=C:\Users\admin\AppData\Local\Temp
TEMP=C:\Users\admin\AppData\Local\Temp




Periodic native trim disabled

---------------  S Y S T E M  ---------------

OS:
 Windows 10 , 64 bit Build 19041 (10.0.19041.3636)
OS uptime: 6 days 17:26 hours

CPU: total 16 (initial active 16) (16 cores per cpu, 2 threads per core) family 23 model 104 stepping 1 microcode 0x0, cx8, cmov, fxsr, ht, mmx, 3dnowpref, sse, sse2, sse3, ssse3, sse4a, sse4.1, sse4.2, popcnt, lzcnt, tsc, tscinvbit, avx, avx2, aes, clmul, bmi1, bmi2, adx, sha, fma, vzeroupper, clflush, clflushopt, rdtscp, rdpid, f16c
Processor Information for all 16 processors :
  Max Mhz: 1801, Current Mhz: 1801, Mhz Limit: 1801

Memory: 4k page, system-wide physical 15722M (7291M free)
TotalPageFile size 18154M (AvailPageFile size 5473M)
current process WorkingSet (physical memory assigned to process): 148M, peak: 183M
current process commit charge ("private bytes"): 230M, peak: 425M

vm_info: OpenJDK 64-Bit Server VM (21.0.2+13-58) for windows-amd64 JRE (21.0.2+13-58), built on 2024-01-05T18:32:24Z by "mach5one" with MS VC++ 17.1 (VS2022)

END.
