#
# A fatal error has been detected by the Java Runtime Environment:
#
#  EXCEPTION_ACCESS_VIOLATION (0xc0000005) at pc=0x00007ff851156587, pid=13924, tid=8712
#
# JRE version: OpenJDK Runtime Environment (21.0.2+13) (build 21.0.2+13-58)
# Java VM: OpenJDK 64-Bit Server VM (21.0.2+13-58, mixed mode, sharing, tiered, compressed oops, compressed class ptrs, g1 gc, windows-amd64)
# Problematic frame:
# C  [glass.dll+0x26587]
#
# No core dump will be written. Minidumps are not enabled by default on client versions of Windows
#
# If you would like to submit a bug report, please visit:
#   https://bugreport.java.com/bugreport/crash.jsp
#

---------------  S U M M A R Y ------------

Command Line: --enable-preview -javaagent:C:\Program Files\JetBrains\IntelliJ IDEA 2023.3.2\lib\idea_rt.jar=61591:C:\Program Files\JetBrains\IntelliJ IDEA 2023.3.2\bin -Dfile.encoding=UTF-8 -Dsun.stdout.encoding=UTF-8 -Dsun.stderr.encoding=UTF-8 --module-path=C:\Users\admin\.m2\repository\com\gluonhq\attach\audio\4.0.17\audio-4.0.17.jar;C:\Users\admin\.m2\repository\com\github\almasb\fxgl\17.3\fxgl-17.3.jar;C:\Users\admin\.m2\repository\com\gluonhq\attach\storage\4.0.17\storage-4.0.17.jar;C:\Users\admin\.m2\repository\com\fasterxml\jackson\core\jackson-databind\2.14.2\jackson-databind-2.14.2.jar;C:\Users\admin\.m2\repository\ch\qos\logback\logback-classic\1.5.6\logback-classic-1.5.6.jar;C:\Users\admin\.m2\repository\com\github\almasb\fxgl-scene\17.3\fxgl-scene-17.3.jar;C:\Users\admin\.m2\repository\eu\hansolo\tilesfx\11.48\tilesfx-11.48.jar;C:\Users\admin\.m2\repository\org\openjfx\javafx-base\21\javafx-base-21-win.jar;C:\Users\admin\.m2\repository\org\openjfx\javafx-graphics\21\javafx-graphics-21-win.jar;C:\Users\admin\.m2\repository\org\xerial\sqlite-jdbc\3.45.3.0\sqlite-jdbc-3.45.3.0.jar;C:\Users\admin\.m2\repository\org\springframework\spring-core\6.1.6\spring-core-6.1.6.jar;C:\Users\admin\.m2\repository\org\openjfx\javafx-fxml\21\javafx-fxml-21-win.jar;C:\Users\admin\.m2\repository\org\openjfx\javafx-web\21\javafx-web-21-win.jar;C:\Users\admin\.m2\repository\org\kordamp\bootstrapfx\bootstrapfx-core\0.4.0\bootstrapfx-core-0.4.0.jar;C:\Users\admin\.m2\repository\org\kordamp\ikonli\ikonli-javafx\12.3.1\ikonli-javafx-12.3.1.jar;C:\Users\admin\.m2\repository\com\gluonhq\attach\util\4.0.17\util-4.0.17.jar;C:\Users\admin\.m2\repository\org\kordamp\ikonli\ikonli-core\12.3.1\ikonli-core-12.3.1.jar;C:\Users\admin\.m2\repository\com\github\almasb\fxgl-entity\17.3\fxgl-entity-17.3.jar;C:\Users\admin\.m2\repository\com\github\almasb\fxgl-io\17.3\fxgl-io-17.3.jar;C:\Users\admin\.m2\repository\org\springframework\spring-context\6.1.6\spring-context-6.1.6.jar;C:\Users\admin\IdeaProjects\EventsPlanner\target\classes;C:\Users\admin\.m2\repository\com\github\almasb\fxgl-core\17.3\fxgl-core-17.3.jar;C:\Users\admin\.m2\repository\com\dlsc\formsfx\formsfx-core\11.6.0\formsfx-core-11.6.0.jar;C:\Users\admin\.m2\repository\or-Djdk.module.main=org.example.eventsplanner org.example.eventsplanner/com.mil0812.eventsplanner.Main

Host: AMD Ryzen 7 5700U with Radeon Graphics         , 16 cores, 15G,  Windows 10 , 64 bit Build 19041 (10.0.19041.3636)
Time: Fri May 24 13:06:08 2024  Windows 10 , 64 bit Build 19041 (10.0.19041.3636) elapsed time: 55.559708 seconds (0d 0h 0m 55s)

---------------  T H R E A D  ---------------

Current thread (0x00000181c475c500):  VMThread "VM Thread"          [id=8712, stack(0x000000448d700000,0x000000448d800000) (1024K)]

Stack: [0x000000448d700000,0x000000448d800000],  sp=0x000000448d7ff1a0,  free space=1020k
Native frames: (J=compiled Java code, j=interpreted, Vv=VM code, C=native code)
C  [glass.dll+0x26587]


siginfo: EXCEPTION_ACCESS_VIOLATION (0xc0000005), reading address 0x0000000000000000


Registers:
RAX=0x0000000000000000, RBX=0x00000181c476f382, RCX=0x00000181c475c500, RDX=0x000000448d7ff1a0
RSP=0x000000448d7ff1a0, RBP=0x000001820a9c8128, RSI=0x000001820a9c8100, RDI=0x000018dececbd047
R8 =0x0000000000010002, R9 =0x000018dececbd047, R10=0x0000000000008000, R11=0x000000448d7ff130
R12=0x00007ff851153ed0, R13=0x00007ff822114720, R14=0x000000448d7ff298, R15=0x000001820a9c8100
RIP=0x00007ff851156587, EFLAGS=0x0000000000010202


Register to memory mapping:

RAX=0x0 is null
RBX=0x00000181c476f382 is a global jni handle
RCX=0x00000181c475c500 points into unknown readable memory: 0x00007ff821f26038 | 38 60 f2 21 f8 7f 00 00
RDX=0x000000448d7ff1a0 points into unknown readable memory: 0x0000000000000000 | 00 00 00 00 00 00 00 00
RSP=0x000000448d7ff1a0 points into unknown readable memory: 0x0000000000000000 | 00 00 00 00 00 00 00 00
RBP=0x000001820a9c8128 points into unknown readable memory: 0x000018dececbd047 | 47 d0 cb ce de 18 00 00
RSI=0x000001820a9c8100 points into unknown readable memory: 0x003fe4f644572447 | 47 24 57 44 f6 e4 3f 00
RDI=0x000018dececbd047 is an unknown value
R8 =0x0000000000010002 is an unknown value
R9 =0x000018dececbd047 is an unknown value
R10=0x0000000000008000 is an unknown value
R11=0x000000448d7ff130 points into unknown readable memory: 0x000001820a9c8100 | 00 81 9c 0a 82 01 00 00
R12=0x00007ff851153ed0 glass.dll
R13=0x00007ff822114720 jvm.dll
R14=0x000000448d7ff298 points into unknown readable memory: 0x000000448d7ff280 | 80 f2 7f 8d 44 00 00 00
R15=0x000001820a9c8100 points into unknown readable memory: 0x003fe4f644572447 | 47 24 57 44 f6 e4 3f 00

Top of Stack: (sp=0x000000448d7ff1a0)
0x000000448d7ff1a0:   0000000000000000 000001820a9c8100
0x000000448d7ff1b0:   00007ff822114720 00007ff851153ed0
0x000000448d7ff1c0:   000001820a9c8108 00007ff86b9942d6
0x000000448d7ff1d0:   000018dececbd047 0000018200000000
0x000000448d7ff1e0:   000001820a9c8128 000001820a9c8100
0x000000448d7ff1f0:   fffffffffffffffe 0000000000000000
0x000000448d7ff200:   0000000000000001 00007ff851130000
0x000000448d7ff210:   000000448d7ff288 00007ff86b9941fb
0x000000448d7ff220:   0000000000000000 000000448d7ff298
0x000000448d7ff230:   000000448d7ff570 00007ff86ba70e40
0x000000448d7ff240:   0000000000000001 00007ff86b9941b4
0x000000448d7ff250:   0000000000000000 0000000000000001
0x000000448d7ff260:   0000000000000000 000000448d7ff288
0x000000448d7ff270:   0000000000000001 00007ff851153d5d
0x000000448d7ff280:   00007ff85116a008 00007ff800000002
0x000000448d7ff290:   0000000000000002 000000448d7ff280
0x000000448d7ff2a0:   0000000000000000 00007ff86e2e9993
0x000000448d7ff2b0:   0000000000000000 00007ff851153e82
0x000000448d7ff2c0:   0000000000000001 00007ff86a950000
0x000000448d7ff2d0:   0000000000000001 00007ff86b234b9d
0x000000448d7ff2e0:   00007ff86b230000 0000000000000000
0x000000448d7ff2f0:   0000000000000001 00007ff86a950000
0x000000448d7ff300:   00007ff851130000 000000007ffe0384
0x000000448d7ff310:   0000000000000000 00007ff86e2e9a1d
0x000000448d7ff320:   00007ff851130000 0000000000000000
0x000000448d7ff330:   0000000000000001 000000007ffe0385
0x000000448d7ff340:   0000000000000000 00007ff86e32de41
0x000000448d7ff350:   00006d1fcce7ae00 0000000000000014
0x000000448d7ff360:   00007ff851153ed0 0000000000000000
0x000000448d7ff370:   0000000000000000 000000448ca36000
0x000000448d7ff380:   000001820a9369f0 00007ff86e32dcda
0x000000448d7ff390:   000001820a937350 00007ff851130000 

Instructions: (pc=0x00007ff851156587)
0x00007ff851156487:   8b 4d 58 e8 8d cf ff ff 48 8b 4d 60 e8 84 cf ff
0x00007ff851156497:   ff 48 8b 95 80 00 00 00 48 8b 8d 18 01 00 00 e8
0x00007ff8511564a7:   76 c4 ff ff 33 d2 33 c9 e8 cc e1 ff ff 90 48 89
0x00007ff8511564b7:   54 24 10 55 48 83 ec 20 48 8b ea 48 b8 00 00 00
0x00007ff8511564c7:   00 00 00 00 00 48 83 c4 20 5d c3 cc 40 55 48 8b
0x00007ff8511564d7:   ea 48 8b 01 33 c9 81 38 05 00 00 c0 0f 94 c1 8b
0x00007ff8511564e7:   c1 5d c3 cc 40 55 48 83 ec 20 48 8b ea 8a 4d 40
0x00007ff8511564f7:   48 83 c4 20 5d e9 73 d3 ff ff cc 40 55 48 83 ec
0x00007ff851156507:   20 48 8b ea 8a 4d 20 e8 61 d3 ff ff 90 48 83 c4
0x00007ff851156517:   20 5d c3 cc 40 55 48 83 ec 20 48 8b ea 48 83 c4
0x00007ff851156527:   20 5d e9 c2 d1 ff ff cc 40 55 48 83 ec 30 48 8b
0x00007ff851156537:   ea 48 8b 01 8b 10 48 89 4c 24 28 89 54 24 20 4c
0x00007ff851156547:   8d 0d 63 d6 ff ff 4c 8b 45 70 8b 55 68 48 8b 4d
0x00007ff851156557:   60 e8 03 d1 ff ff 90 48 83 c4 30 5d c3 cc cc cc
0x00007ff851156567:   cc cc cc cc cc cc cc cc cc 40 53 48 83 ec 20 48
0x00007ff851156577:   8b 1d 8b 34 01 00 48 85 db 74 16 e8 89 8f ff ff
0x00007ff851156587:   4c 8b 00 48 8b d3 48 8b c8 41 ff 90 b0 00 00 00
0x00007ff851156597:   90 48 83 c4 20 5b c3 cc cc 40 53 48 83 ec 20 48
0x00007ff8511565a7:   8b 1d fb 35 01 00 48 85 db 74 57 b8 ff ff ff ff
0x00007ff8511565b7:   f0 0f c1 43 10 83 f8 01 75 3d 48 85 db 74 38 48
0x00007ff8511565c7:   8b 0b 48 85 c9 74 0d ff 15 d4 0c 00 00 48 c7 03
0x00007ff8511565d7:   00 00 00 00 48 8b 4b 08 48 85 c9 74 0d e8 33 ce
0x00007ff8511565e7:   ff ff 48 c7 43 08 00 00 00 00 ba 18 00 00 00 48
0x00007ff8511565f7:   8b cb e8 1e ce ff ff 48 c7 05 9f 35 01 00 00 00
0x00007ff851156607:   00 00 48 83 c4 20 5b c3 cc 40 53 48 83 ec 20 48
0x00007ff851156617:   8b 1d 6b 35 01 00 48 85 db 74 57 b8 ff ff ff ff
0x00007ff851156627:   f0 0f c1 43 10 83 f8 01 75 3d 48 85 db 74 38 48
0x00007ff851156637:   8b 0b 48 85 c9 74 0d ff 15 64 0c 00 00 48 c7 03
0x00007ff851156647:   00 00 00 00 48 8b 4b 08 48 85 c9 74 0d e8 c3 cd
0x00007ff851156657:   ff ff 48 c7 43 08 00 00 00 00 ba 18 00 00 00 48
0x00007ff851156667:   8b cb e8 ae cd ff ff 48 c7 05 0f 35 01 00 00 00
0x00007ff851156677:   00 00 48 83 c4 20 5b c3 cc 40 53 48 83 ec 20 48 


Stack slot to memory mapping:

stack at sp + 0 slots: 0x0 is null
stack at sp + 1 slots: 0x000001820a9c8100 points into unknown readable memory: 0x003fe4f644572447 | 47 24 57 44 f6 e4 3f 00
stack at sp + 2 slots: 0x00007ff822114720 jvm.dll
stack at sp + 3 slots: 0x00007ff851153ed0 glass.dll
stack at sp + 4 slots: 0x000001820a9c8108 points into unknown readable memory: 0x000018dececbd047 | 47 d0 cb ce de 18 00 00
stack at sp + 5 slots: 0x00007ff86b9942d6 ucrtbase.dll
stack at sp + 6 slots: 0x000018dececbd047 is an unknown value
stack at sp + 7 slots: 0x0000018200000000 is an unknown value

VM_Operation (0x000000448f2f65f0): Exit, mode: safepoint, requested by thread 0x000001820a9ea380


---------------  P R O C E S S  ---------------

Threads class SMR info:
_java_thread_list=0x000001821091b020, length=19, elements={
0x00000181a4e31cb0, 0x00000181c47782e0, 0x00000181c4778ef0, 0x00000181c477ab10,
0x00000181c477d580, 0x00000181c477e810, 0x00000181c477f420, 0x00000181c4788830,
0x00000181c478ea90, 0x00000181c49f7d10, 0x000001820a478960, 0x000001820a459be0,
0x000001820a8b8bf0, 0x000001820a9ca4f0, 0x000001820a9ea380, 0x000001820abdacf0,
0x000001820b7a15d0, 0x000001820b63bce0, 0x000001820b5ad180
}

Java Threads: ( => current thread )
  0x00000181a4e31cb0 JavaThread "main"                              [_thread_blocked, id=7888, stack(0x000000448d000000,0x000000448d100000) (1024K)]
  0x00000181c47782e0 JavaThread "Reference Handler"          daemon [_thread_blocked, id=8456, stack(0x000000448d800000,0x000000448d900000) (1024K)]
  0x00000181c4778ef0 JavaThread "Finalizer"                  daemon [_thread_blocked, id=4572, stack(0x000000448d900000,0x000000448da00000) (1024K)]
  0x00000181c477ab10 JavaThread "Signal Dispatcher"          daemon [_thread_blocked, id=19560, stack(0x000000448da00000,0x000000448db00000) (1024K)]
  0x00000181c477d580 JavaThread "Attach Listener"            daemon [_thread_blocked, id=8992, stack(0x000000448db00000,0x000000448dc00000) (1024K)]
  0x00000181c477e810 JavaThread "Service Thread"             daemon [_thread_blocked, id=13840, stack(0x000000448dc00000,0x000000448dd00000) (1024K)]
  0x00000181c477f420 JavaThread "Monitor Deflation Thread"   daemon [_thread_blocked, id=2092, stack(0x000000448dd00000,0x000000448de00000) (1024K)]
  0x00000181c4788830 JavaThread "C2 CompilerThread0"         daemon [_thread_blocked, id=17016, stack(0x000000448de00000,0x000000448df00000) (1024K)]
  0x00000181c478ea90 JavaThread "C1 CompilerThread0"         daemon [_thread_blocked, id=2716, stack(0x000000448df00000,0x000000448e000000) (1024K)]
  0x00000181c49f7d10 JavaThread "Common-Cleaner"             daemon [_thread_blocked, id=6296, stack(0x000000448e200000,0x000000448e300000) (1024K)]
  0x000001820a478960 JavaThread "Monitor Ctrl-Break"         daemon [_thread_in_native, id=18752, stack(0x000000448e800000,0x000000448e900000) (1024K)]
  0x000001820a459be0 JavaThread "Notification Thread"        daemon [_thread_blocked, id=6740, stack(0x000000448e900000,0x000000448ea00000) (1024K)]
  0x000001820a8b8bf0 JavaThread "QuantumRenderer-0"          daemon [_thread_blocked, id=7956, stack(0x000000448ee00000,0x000000448ef00000) (1024K)]
  0x000001820a9ca4f0 JavaThread "InvokeLaterDispatcher"      daemon [_thread_blocked, id=8904, stack(0x000000448f100000,0x000000448f200000) (1024K)]
  0x000001820a9ea380 JavaThread "JavaFX Application Thread"         [_thread_blocked, id=4976, stack(0x000000448f200000,0x000000448f300000) (1024K)]
  0x000001820abdacf0 JavaThread "Thread-1"                   daemon [_thread_in_native, id=16668, stack(0x000000448fd00000,0x000000448fe00000) (1024K)]
  0x000001820b7a15d0 JavaThread "JavaFX-Launcher"                   [_thread_blocked, id=14364, stack(0x0000004490100000,0x0000004490200000) (1024K)]
  0x000001820b63bce0 JavaThread "Prism Font Disposer"        daemon [_thread_blocked, id=19648, stack(0x0000004490200000,0x0000004490300000) (1024K)]
  0x000001820b5ad180 JavaThread "Cleaner-0"                  daemon [_thread_blocked, id=15460, stack(0x0000004490b00000,0x0000004490c00000) (1024K)]
Total: 19

Other Threads:
=>0x00000181c475c500 VMThread "VM Thread"                           [id=8712, stack(0x000000448d700000,0x000000448d800000) (1024K)]
  0x00000181a4e97d40 WorkerThread "GC Thread#0"                     [id=15884, stack(0x000000448d100000,0x000000448d200000) (1024K)]
  0x000001820a5f8f60 WorkerThread "GC Thread#1"                     [id=19060, stack(0x000000448ea00000,0x000000448eb00000) (1024K)]
  0x000001820a5f9300 WorkerThread "GC Thread#2"                     [id=8636, stack(0x000000448eb00000,0x000000448ec00000) (1024K)]
  0x000001820a7f0110 WorkerThread "GC Thread#3"                     [id=8560, stack(0x000000448ec00000,0x000000448ed00000) (1024K)]
  0x000001820a83b6e0 WorkerThread "GC Thread#4"                     [id=17404, stack(0x000000448ed00000,0x000000448ee00000) (1024K)]
  0x000001820a83ba80 WorkerThread "GC Thread#5"                     [id=7268, stack(0x000000448fe00000,0x000000448ff00000) (1024K)]
  0x000001820a83a4c0 WorkerThread "GC Thread#6"                     [id=11396, stack(0x000000448ff00000,0x0000004490000000) (1024K)]
  0x000001820a83ac00 WorkerThread "GC Thread#7"                     [id=11572, stack(0x0000004490000000,0x0000004490100000) (1024K)]
  0x000001820a83b340 WorkerThread "GC Thread#8"                     [id=8532, stack(0x0000004490400000,0x0000004490500000) (1024K)]
  0x00000182108e3510 WorkerThread "GC Thread#9"                     [id=6820, stack(0x0000004490500000,0x0000004490600000) (1024K)]
  0x00000182108e5950 WorkerThread "GC Thread#10"                    [id=15856, stack(0x0000004490600000,0x0000004490700000) (1024K)]
  0x00000182108e2dd0 WorkerThread "GC Thread#11"                    [id=9240, stack(0x0000004490700000,0x0000004490800000) (1024K)]
  0x00000182108e3170 WorkerThread "GC Thread#12"                    [id=19224, stack(0x0000004490800000,0x0000004490900000) (1024K)]
  0x00000181a4ea94a0 ConcurrentGCThread "G1 Main Marker"            terminated
  0x00000181a4ea9fa0 WorkerThread "G1 Conc#0"                       [id=2232, stack(0x000000448d300000,0x000000448d400000) (1024K)]
  0x00000182108e4390 WorkerThread "G1 Conc#1"                       [id=15284, stack(0x0000004490900000,0x0000004490a00000) (1024K)]
  0x00000182108e5cf0 WorkerThread "G1 Conc#2"                       [id=4052, stack(0x0000004490a00000,0x0000004490b00000) (1024K)]
  0x00000181c4618810 ConcurrentGCThread "G1 Refine#0"               terminated
  0x00000181c4619380 ConcurrentGCThread "G1 Service"                terminated
Total: 20

Threads with active compile tasks:
Total: 0

VM state: at safepoint (shutting down)

VM Mutex/Monitor currently owned by a thread:  ([mutex/lock_event])
[0x00007ff8220ecd68] Threads_lock - owner thread: 0x00000181c475c500
[0x00007ff8220ece68] Heap_lock - owner thread: 0x000001820a9ea380

Heap address: 0x000000070a400000, size: 3932 MB, Compressed Oops mode: Zero based, Oop shift amount: 3

CDS archive(s) mapped at: [0x00000181c5000000-0x00000181c5c90000-0x00000181c5c90000), size 13172736, SharedBaseAddress: 0x00000181c5000000, ArchiveRelocationMode: 1.
Compressed class space mapped at: 0x00000181c6000000-0x0000018206000000, reserved size: 1073741824
Narrow klass base: 0x00000181c5000000, Narrow klass shift: 0, Narrow klass range: 0x100000000

GC Precious Log:
 CardTable entry size: 512
 Card Set container configuration: InlinePtr #cards 4 size 8 Array Of Cards #cards 16 size 48 Howl #buckets 8 coarsen threshold 3686 Howl Bitmap #cards 512 size 80 coarsen threshold 460 Card regions per heap region 1 cards per card region 4096
 CPUs: 16 total, 16 available
 Memory: 15722M
 Large Page Support: Disabled
 NUMA Support: Disabled
 Compressed Oops: Enabled (Zero based)
 Heap Region Size: 2M
 Heap Min Capacity: 8M
 Heap Initial Capacity: 246M
 Heap Max Capacity: 3932M
 Pre-touch: Disabled
 Parallel Workers: 13
 Concurrent Workers: 3
 Concurrent Refinement Workers: 13
 Periodic GC: Disabled

Heap:
 garbage-first heap   total 67584K, used 23637K [0x000000070a400000, 0x0000000800000000)
  region size 2048K, 11 young (22528K), 7 survivors (14336K)
 Metaspace       used 26606K, committed 27072K, reserved 1114112K
  class space    used 3638K, committed 3840K, reserved 1048576K

Heap Regions: E=young(eden), S=young(survivor), O=old, HS=humongous(starts), HC=humongous(continues), CS=collection set, F=free, TAMS=top-at-mark-start, PB=parsable bottom
|   0|0x000000070a400000, 0x000000070a600000, 0x000000070a600000|100%|HS|  |TAMS 0x000000070a400000| PB 0x000000070a400000| Complete 
|   1|0x000000070a600000, 0x000000070a600000, 0x000000070a800000|  0%| F|  |TAMS 0x000000070a600000| PB 0x000000070a600000| Untracked 
|   2|0x000000070a800000, 0x000000070a800000, 0x000000070aa00000|  0%| F|  |TAMS 0x000000070a800000| PB 0x000000070a800000| Untracked 
|   3|0x000000070aa00000, 0x000000070aa00000, 0x000000070ac00000|  0%| F|  |TAMS 0x000000070aa00000| PB 0x000000070aa00000| Untracked 
|   4|0x000000070ac00000, 0x000000070ac00000, 0x000000070ae00000|  0%| F|  |TAMS 0x000000070ac00000| PB 0x000000070ac00000| Untracked 
|   5|0x000000070ae00000, 0x000000070ae00000, 0x000000070b000000|  0%| F|  |TAMS 0x000000070ae00000| PB 0x000000070ae00000| Untracked 
|   6|0x000000070b000000, 0x000000070b000000, 0x000000070b200000|  0%| F|  |TAMS 0x000000070b000000| PB 0x000000070b000000| Untracked 
|   7|0x000000070b200000, 0x000000070b200000, 0x000000070b400000|  0%| F|  |TAMS 0x000000070b200000| PB 0x000000070b200000| Untracked 
|   8|0x000000070b400000, 0x000000070b400000, 0x000000070b600000|  0%| F|  |TAMS 0x000000070b400000| PB 0x000000070b400000| Untracked 
|   9|0x000000070b600000, 0x000000070b600000, 0x000000070b800000|  0%| F|  |TAMS 0x000000070b600000| PB 0x000000070b600000| Untracked 
|  10|0x000000070b800000, 0x000000070b800000, 0x000000070ba00000|  0%| F|  |TAMS 0x000000070b800000| PB 0x000000070b800000| Untracked 
|  11|0x000000070ba00000, 0x000000070ba00000, 0x000000070bc00000|  0%| F|  |TAMS 0x000000070ba00000| PB 0x000000070ba00000| Untracked 
|  12|0x000000070bc00000, 0x000000070bc00000, 0x000000070be00000|  0%| F|  |TAMS 0x000000070bc00000| PB 0x000000070bc00000| Untracked 
|  13|0x000000070be00000, 0x000000070be00000, 0x000000070c000000|  0%| F|  |TAMS 0x000000070be00000| PB 0x000000070be00000| Untracked 
|  14|0x000000070c000000, 0x000000070c000000, 0x000000070c200000|  0%| F|  |TAMS 0x000000070c000000| PB 0x000000070c000000| Untracked 
|  15|0x000000070c200000, 0x000000070c200000, 0x000000070c400000|  0%| F|  |TAMS 0x000000070c200000| PB 0x000000070c200000| Untracked 
|  16|0x000000070c400000, 0x000000070c400000, 0x000000070c600000|  0%| F|  |TAMS 0x000000070c400000| PB 0x000000070c400000| Untracked 
|  17|0x000000070c600000, 0x000000070c800000, 0x000000070c800000|100%| S|CS|TAMS 0x000000070c600000| PB 0x000000070c600000| Complete 
|  18|0x000000070c800000, 0x000000070ca00000, 0x000000070ca00000|100%| S|CS|TAMS 0x000000070c800000| PB 0x000000070c800000| Complete 
|  19|0x000000070ca00000, 0x000000070cc00000, 0x000000070cc00000|100%| S|CS|TAMS 0x000000070ca00000| PB 0x000000070ca00000| Complete 
|  20|0x000000070cc00000, 0x000000070ce00000, 0x000000070ce00000|100%| S|CS|TAMS 0x000000070cc00000| PB 0x000000070cc00000| Complete 
|  21|0x000000070ce00000, 0x000000070d000000, 0x000000070d000000|100%| S|CS|TAMS 0x000000070ce00000| PB 0x000000070ce00000| Complete 
|  22|0x000000070d000000, 0x000000070d200000, 0x000000070d200000|100%| S|CS|TAMS 0x000000070d000000| PB 0x000000070d000000| Complete 
|  23|0x000000070d200000, 0x000000070d30d600, 0x000000070d400000| 52%| S|CS|TAMS 0x000000070d200000| PB 0x000000070d200000| Complete 
|  88|0x0000000715400000, 0x0000000715400000, 0x0000000715600000|  0%| F|  |TAMS 0x0000000715400000| PB 0x0000000715400000| Untracked 
|  89|0x0000000715600000, 0x0000000715600000, 0x0000000715800000|  0%| F|  |TAMS 0x0000000715600000| PB 0x0000000715600000| Untracked 
|  90|0x0000000715800000, 0x0000000715800000, 0x0000000715a00000|  0%| F|  |TAMS 0x0000000715800000| PB 0x0000000715800000| Untracked 
|  91|0x0000000715a00000, 0x0000000715ab45d8, 0x0000000715c00000| 35%| E|  |TAMS 0x0000000715a00000| PB 0x0000000715a00000| Complete 
|  96|0x0000000716400000, 0x0000000716600000, 0x0000000716600000|100%| E|CS|TAMS 0x0000000716400000| PB 0x0000000716400000| Complete 
|  97|0x0000000716600000, 0x0000000716800000, 0x0000000716800000|100%| E|CS|TAMS 0x0000000716600000| PB 0x0000000716600000| Complete 
| 122|0x0000000719800000, 0x0000000719a00000, 0x0000000719a00000|100%| E|CS|TAMS 0x0000000719800000| PB 0x0000000719800000| Complete 
|1964|0x00000007ffc00000, 0x00000007ffc08100, 0x00000007ffe00000|  1%| O|  |TAMS 0x00000007ffc00000| PB 0x00000007ffc00000| Untracked 
|1965|0x00000007ffe00000, 0x0000000800000000, 0x0000000800000000|100%| O|  |TAMS 0x00000007ffe00000| PB 0x00000007ffe00000| Untracked 

Card table byte_map: [0x00000181bd2c0000,0x00000181bda70000] _byte_map_base: 0x00000181b9a6e000

Marking Bits: (CMBitMap*) 0x00000181a4e98440
 Bits: [0x00000181bda70000, 0x00000181c17e0000)

Polling page: 0x00000181a2d60000

Metaspace:

Usage:
  Non-class:     22.43 MB used.
      Class:      3.55 MB used.
       Both:     25.98 MB used.

Virtual space:
  Non-class space:       64.00 MB reserved,      22.69 MB ( 35%) committed,  1 nodes.
      Class space:        1.00 GB reserved,       3.75 MB ( <1%) committed,  1 nodes.
             Both:        1.06 GB reserved,      26.44 MB (  2%) committed. 

Chunk freelists:
   Non-Class:  9.11 MB
       Class:  12.08 MB
        Both:  21.19 MB

MaxMetaspaceSize: unlimited
CompressedClassSpaceSize: 1.00 GB
Initial GC threshold: 21.00 MB
Current GC threshold: 35.12 MB
CDS: on
 - commit_granule_bytes: 65536.
 - commit_granule_words: 8192.
 - virtual_space_node_default_size: 8388608.
 - enlarge_chunks_in_place: 1.
 - use_allocation_guard: 0.


Internal statistics:

num_allocs_failed_limit: 3.
num_arena_births: 598.
num_arena_deaths: 0.
num_vsnodes_births: 2.
num_vsnodes_deaths: 0.
num_space_committed: 423.
num_space_uncommitted: 0.
num_chunks_returned_to_freelist: 3.
num_chunks_taken_from_freelist: 1497.
num_chunk_merges: 3.
num_chunk_splits: 1032.
num_chunks_enlarged: 741.
num_inconsistent_stats: 0.

CodeHeap 'non-profiled nmethods': size=119168Kb used=2355Kb max_used=2355Kb free=116812Kb
 bounds [0x00000181b4e30000, 0x00000181b50a0000, 0x00000181bc290000]
CodeHeap 'profiled nmethods': size=119104Kb used=11732Kb max_used=11732Kb free=107371Kb
 bounds [0x00000181ad290000, 0x00000181ade10000, 0x00000181b46e0000]
CodeHeap 'non-nmethods': size=7488Kb used=1873Kb max_used=3566Kb free=5614Kb
 bounds [0x00000181b46e0000, 0x00000181b4a60000, 0x00000181b4e30000]
 total_blobs=6545 nmethods=5672 adapters=777
 compilation: enabled
              stopped_count=0, restarted_count=0
 full_count=0

Compilation events (20 events):
Event: 53.891 Thread 0x00000181c478ea90 nmethod 5663 0x00000181ade00e10 code [0x00000181ade00fe0, 0x00000181ade012c8]
Event: 53.891 Thread 0x00000181c478ea90 5664       1       sun.reflect.generics.reflectiveObjects.ParameterizedTypeImpl::getRawType (5 bytes)
Event: 53.891 Thread 0x00000181c478ea90 nmethod 5664 0x00000181b5071290 code [0x00000181b5071420, 0x00000181b50714f0]
Event: 53.891 Thread 0x00000181c478ea90 5662       1       java.lang.reflect.Method::getMethodAccessor (5 bytes)
Event: 53.891 Thread 0x00000181c478ea90 nmethod 5662 0x00000181b5071590 code [0x00000181b5071720, 0x00000181b50717f0]
Event: 53.891 Thread 0x00000181c4788830 nmethod 5665 0x00000181b5071890 code [0x00000181b5071a00, 0x00000181b5071a70]
Event: 53.892 Thread 0x00000181c478ea90 5666       3       java.util.ArrayList::fastRemove (44 bytes)
Event: 53.892 Thread 0x00000181c478ea90 nmethod 5666 0x00000181ade01410 code [0x00000181ade015e0, 0x00000181ade019e0]
Event: 53.893 Thread 0x00000181c4788830 5667       4       com.sun.javafx.css.parser.LexerState::hashCode (8 bytes)
Event: 53.894 Thread 0x00000181c4788830 nmethod 5667 0x00000181b5071b90 code [0x00000181b5071d60, 0x00000181b50720c8]
Event: 53.894 Thread 0x00000181c4788830 5669   !   4       javafx.css.CssLexer::getToken (1356 bytes)
Event: 54.000 Thread 0x00000181c4788830 nmethod 5669 0x00000181b5072210 code [0x00000181b5072940, 0x00000181b5079398]
Event: 54.001 Thread 0x00000181c4788830 5668       4       javafx.css.CssLexer::readChar (72 bytes)
Event: 54.007 Thread 0x00000181c4788830 nmethod 5668 0x00000181b507b910 code [0x00000181b507bb60, 0x00000181b507c698]
Event: 54.582 Thread 0x00000181c478ea90 5670       3       java.util.Arrays::sort (37 bytes)
Event: 54.583 Thread 0x00000181c478ea90 nmethod 5670 0x00000181ade01b10 code [0x00000181ade01ce0, 0x00000181ade01ed8]
Event: 54.646 Thread 0x00000181c478ea90 5671       3       javafx.animation.KeyFrame::<init> (192 bytes)
Event: 54.647 Thread 0x00000181c478ea90 nmethod 5671 0x00000181ade01f90 code [0x00000181ade02340, 0x00000181ade04308]
Event: 54.647 Thread 0x00000181c478ea90 5672       3       java.util.concurrent.CopyOnWriteArraySet::size (8 bytes)
Event: 54.647 Thread 0x00000181c478ea90 nmethod 5672 0x00000181ade04c10 code [0x00000181ade04dc0, 0x00000181ade04fd8]

GC Heap History (8 events):
Event: 0.344 GC heap before
{Heap before GC invocations=0 (full 0):
 garbage-first heap   total 251904K, used 20480K [0x000000070a400000, 0x0000000800000000)
  region size 2048K, 11 young (22528K), 0 survivors (0K)
 Metaspace       used 2620K, committed 2816K, reserved 1114112K
  class space    used 265K, committed 320K, reserved 1048576K
}
Event: 0.347 GC heap after
{Heap after GC invocations=1 (full 0):
 garbage-first heap   total 251904K, used 2297K [0x000000070a400000, 0x0000000800000000)
  region size 2048K, 2 young (4096K), 2 survivors (4096K)
 Metaspace       used 2620K, committed 2816K, reserved 1114112K
  class space    used 265K, committed 320K, reserved 1048576K
}
Event: 0.999 GC heap before
{Heap before GC invocations=1 (full 0):
 garbage-first heap   total 251904K, used 53497K [0x000000070a400000, 0x0000000800000000)
  region size 2048K, 27 young (55296K), 2 survivors (4096K)
 Metaspace       used 10443K, committed 10752K, reserved 1114112K
  class space    used 1197K, committed 1344K, reserved 1048576K
}
Event: 1.005 GC heap after
{Heap after GC invocations=2 (full 0):
 garbage-first heap   total 251904K, used 6615K [0x000000070a400000, 0x0000000800000000)
  region size 2048K, 4 young (8192K), 4 survivors (8192K)
 Metaspace       used 10443K, committed 10752K, reserved 1114112K
  class space    used 1197K, committed 1344K, reserved 1048576K
}
Event: 1.620 GC heap before
{Heap before GC invocations=2 (full 0):
 garbage-first heap   total 251904K, used 53719K [0x000000070a400000, 0x0000000800000000)
  region size 2048K, 29 young (59392K), 4 survivors (8192K)
 Metaspace       used 21082K, committed 21504K, reserved 1114112K
  class space    used 2802K, committed 2944K, reserved 1048576K
}
Event: 1.626 GC heap after
{Heap after GC invocations=3 (full 0):
 garbage-first heap   total 251904K, used 11371K [0x000000070a400000, 0x0000000800000000)
  region size 2048K, 6 young (12288K), 6 survivors (12288K)
 Metaspace       used 21082K, committed 21504K, reserved 1114112K
  class space    used 2802K, committed 2944K, reserved 1048576K
}
Event: 38.973 GC heap before
{Heap before GC invocations=4 (full 0):
 garbage-first heap   total 49152K, used 48235K [0x000000070a400000, 0x0000000800000000)
  region size 2048K, 23 young (47104K), 6 survivors (12288K)
 Metaspace       used 26067K, committed 26496K, reserved 1114112K
  class space    used 3520K, committed 3712K, reserved 1048576K
}
Event: 38.983 GC heap after
{Heap after GC invocations=5 (full 0):
 garbage-first heap   total 67584K, used 17493K [0x000000070a400000, 0x0000000800000000)
  region size 2048K, 7 young (14336K), 7 survivors (14336K)
 Metaspace       used 26067K, committed 26496K, reserved 1114112K
  class space    used 3520K, committed 3712K, reserved 1048576K
}

Dll operation events (20 events):
Event: 0.365 Loaded shared library C:\Users\admin\.openjfx\cache\21+31\amd64\api-ms-win-crt-math-l1-1-0.dll
Event: 0.366 Loaded shared library C:\Users\admin\.openjfx\cache\21+31\amd64\api-ms-win-crt-multibyte-l1-1-0.dll
Event: 0.369 Loaded shared library C:\Users\admin\.openjfx\cache\21+31\amd64\api-ms-win-crt-private-l1-1-0.dll
Event: 0.370 Loaded shared library C:\Users\admin\.openjfx\cache\21+31\amd64\api-ms-win-crt-process-l1-1-0.dll
Event: 0.372 Loaded shared library C:\Users\admin\.openjfx\cache\21+31\amd64\api-ms-win-crt-runtime-l1-1-0.dll
Event: 0.374 Loaded shared library C:\Users\admin\.openjfx\cache\21+31\amd64\api-ms-win-crt-stdio-l1-1-0.dll
Event: 0.375 Loaded shared library C:\Users\admin\.openjfx\cache\21+31\amd64\api-ms-win-crt-string-l1-1-0.dll
Event: 0.377 Loaded shared library C:\Users\admin\.openjfx\cache\21+31\amd64\api-ms-win-crt-time-l1-1-0.dll
Event: 0.379 Loaded shared library C:\Users\admin\.openjfx\cache\21+31\amd64\api-ms-win-crt-utility-l1-1-0.dll
Event: 0.388 Loaded shared library C:\Users\admin\.openjfx\cache\21+31\amd64\ucrtbase.dll
Event: 0.391 Loaded shared library C:\Users\admin\.openjfx\cache\21+31\amd64\vcruntime140.dll
Event: 0.393 Loaded shared library C:\Users\admin\.openjfx\cache\21+31\amd64\vcruntime140_1.dll
Event: 0.399 Loaded shared library C:\Users\admin\.openjfx\cache\21+31\amd64\msvcp140.dll
Event: 0.401 Loaded shared library C:\Users\admin\.openjfx\cache\21+31\amd64\msvcp140_1.dll
Event: 0.404 Loaded shared library C:\Users\admin\.openjfx\cache\21+31\amd64\msvcp140_2.dll
Event: 0.431 Loaded shared library C:\Users\admin\.openjfx\cache\21+31\amd64\prism_d3d.dll
Event: 0.461 Loaded shared library C:\Users\admin\.openjfx\cache\21+31\amd64\glass.dll
Event: 0.535 Loaded shared library C:\Users\admin\.jdks\openjdk-21.0.2\bin\jimage.dll
Event: 1.205 Loaded shared library C:\Users\admin\AppData\Local\Temp\sqlite-3.45.3.0-b726b905-54dd-4c9c-b49a-befe615ef3e7-sqlitejdbc.dll
Event: 1.307 Loaded shared library C:\Users\admin\.openjfx\cache\21+31\amd64\javafx_font.dll

Deoptimization events (20 events):
Event: 40.146 Thread 0x000001820a9ea380 DEOPT PACKING pc=0x00000181ad8955d5 sp=0x000000448f2f5c00
Event: 40.146 Thread 0x000001820a9ea380 DEOPT UNPACKING pc=0x00000181b4734e42 sp=0x000000448f2f5088 mode 0
Event: 40.172 Thread 0x000001820a9ea380 Uncommon trap: trap_request=0xffffff45 fr.pc=0x00000181b50001c0 relative=0x0000000000000580
Event: 40.172 Thread 0x000001820a9ea380 Uncommon trap: reason=unstable_if action=reinterpret pc=0x00000181b50001c0 method=javafx.scene.Node.updateLocalToParentTransform()V @ 22 c2
Event: 40.172 Thread 0x000001820a9ea380 DEOPT PACKING pc=0x00000181b50001c0 sp=0x000000448f2f4fc0
Event: 40.172 Thread 0x000001820a9ea380 DEOPT UNPACKING pc=0x00000181b47346a2 sp=0x000000448f2f4f50 mode 2
Event: 40.172 Thread 0x000001820a9ea380 Uncommon trap: trap_request=0xffffffc6 fr.pc=0x00000181b501ed78 relative=0x00000000000001d8
Event: 40.172 Thread 0x000001820a9ea380 Uncommon trap: reason=bimorphic_or_optimized_type_check action=maybe_recompile pc=0x00000181b501ed78 method=javafx.scene.Node.getGeomBounds(Lcom/sun/javafx/geom/BaseBounds;Lcom/sun/javafx/geom/transform/BaseTransform;)Lcom/sun/javafx/geom/BaseBounds; @ 1 
Event: 40.173 Thread 0x000001820a9ea380 DEOPT PACKING pc=0x00000181b501ed78 sp=0x000000448f2f4ee0
Event: 40.173 Thread 0x000001820a9ea380 DEOPT UNPACKING pc=0x00000181b47346a2 sp=0x000000448f2f4e78 mode 2
Event: 40.965 Thread 0x000001820a9ea380 Uncommon trap: trap_request=0xffffffc6 fr.pc=0x00000181b501ed78 relative=0x00000000000001d8
Event: 40.965 Thread 0x000001820a9ea380 Uncommon trap: reason=bimorphic_or_optimized_type_check action=maybe_recompile pc=0x00000181b501ed78 method=javafx.scene.Node.getGeomBounds(Lcom/sun/javafx/geom/BaseBounds;Lcom/sun/javafx/geom/transform/BaseTransform;)Lcom/sun/javafx/geom/BaseBounds; @ 1 
Event: 40.965 Thread 0x000001820a9ea380 DEOPT PACKING pc=0x00000181b501ed78 sp=0x000000448f2f4ec0
Event: 40.965 Thread 0x000001820a9ea380 DEOPT UNPACKING pc=0x00000181b47346a2 sp=0x000000448f2f4e58 mode 2
Event: 53.193 Thread 0x000001820a9ea380 Uncommon trap: trap_request=0xffffffc6 fr.pc=0x00000181b501ed78 relative=0x00000000000001d8
Event: 53.193 Thread 0x000001820a9ea380 Uncommon trap: reason=bimorphic_or_optimized_type_check action=maybe_recompile pc=0x00000181b501ed78 method=javafx.scene.Node.getGeomBounds(Lcom/sun/javafx/geom/BaseBounds;Lcom/sun/javafx/geom/transform/BaseTransform;)Lcom/sun/javafx/geom/BaseBounds; @ 1 
Event: 53.193 Thread 0x000001820a9ea380 DEOPT PACKING pc=0x00000181b501ed78 sp=0x000000448f2f4ec0
Event: 53.193 Thread 0x000001820a9ea380 DEOPT UNPACKING pc=0x00000181b47346a2 sp=0x000000448f2f4e58 mode 2
Event: 53.889 Thread 0x000001820a9ea380 DEOPT PACKING pc=0x00000181ad8955d5 sp=0x000000448f2f5c60
Event: 53.889 Thread 0x000001820a9ea380 DEOPT UNPACKING pc=0x00000181b4734e42 sp=0x000000448f2f50e8 mode 0

Classes loaded (20 events):
Event: 24.971 Loading class java/util/stream/Nodes$IntFixedNodeBuilder
Event: 24.971 Loading class java/util/stream/Node$Builder$OfInt
Event: 24.971 Loading class java/util/stream/Node$Builder$OfInt done
Event: 24.971 Loading class java/util/stream/Nodes$IntArrayNode
Event: 24.971 Loading class java/util/stream/Nodes$IntArrayNode done
Event: 24.971 Loading class java/util/stream/Nodes$IntFixedNodeBuilder done
Event: 24.971 Loading class java/util/stream/LongPipeline$4$1
Event: 24.971 Loading class java/util/stream/Sink$ChainedLong
Event: 24.971 Loading class java/util/stream/Sink$OfLong
Event: 24.971 Loading class java/util/stream/Sink$OfLong done
Event: 24.971 Loading class java/util/stream/Sink$ChainedLong done
Event: 24.971 Loading class java/util/stream/LongPipeline$4$1 done
Event: 24.984 Loading class java/io/SequenceInputStream
Event: 24.984 Loading class java/io/SequenceInputStream done
Event: 40.156 Loading class java/time/DateTimeException
Event: 40.156 Loading class java/time/DateTimeException done
Event: 40.157 Loading class java/time/format/FormatStyle
Event: 40.157 Loading class java/time/format/FormatStyle done
Event: 40.961 Loading class java/util/function/UnaryOperator
Event: 40.962 Loading class java/util/function/UnaryOperator done

Classes unloaded (0 events):
No events

Classes redefined (0 events):
No events

Internal exceptions (20 events):
Event: 1.688 Thread 0x000001820a9ea380 Exception <a 'java/lang/NoSuchMethodError'{0x000000070be1b090}: 'java.lang.Object java.lang.invoke.DirectMethodHandle$Holder.newInvokeSpecial(java.lang.Object, java.lang.Object, int)'> (0x000000070be1b090) 
thrown [s\open\src\hotspot\share\interpreter\linkResolver.cpp, line 773]
Event: 4.791 Thread 0x000001820a9ea380 Exception <a 'java/lang/NoSuchMethodError'{0x000000070b995db0}: 'long java.lang.invoke.DirectMethodHandle$Holder.invokeStatic(java.lang.Object, java.lang.Object, java.lang.Object)'> (0x000000070b995db0) 
thrown [s\open\src\hotspot\share\interpreter\linkResolver.cpp, line 773]
Event: 4.791 Thread 0x000001820a9ea380 Exception <a 'java/lang/NoSuchMethodError'{0x000000070b999180}: 'long java.lang.invoke.DirectMethodHandle$Holder.invokeStaticInit(java.lang.Object, java.lang.Object, java.lang.Object)'> (0x000000070b999180) 
thrown [s\open\src\hotspot\share\interpreter\linkResolver.cpp, line 773]
Event: 4.792 Thread 0x000001820a9ea380 Exception <a 'java/lang/NoSuchMethodError'{0x000000070b9ad778}: 'java.lang.Object java.lang.invoke.DirectMethodHandle$Holder.newInvokeSpecial(java.lang.Object, java.lang.Object, long)'> (0x000000070b9ad778) 
thrown [s\open\src\hotspot\share\interpreter\linkResolver.cpp, line 773]
Event: 4.792 Thread 0x000001820a9ea380 Exception <a 'java/lang/NoSuchMethodError'{0x000000070b9b1070}: 'java.lang.Object java.lang.invoke.Invokers$Holder.linkToTargetMethod(java.lang.Object, long, java.lang.Object)'> (0x000000070b9b1070) 
thrown [s\open\src\hotspot\share\interpreter\linkResolver.cpp, line 773]
Event: 5.030 Thread 0x000001820a9ea380 Exception <a 'java/io/FileNotFoundException'{0x000000070b61d9b8}> (0x000000070b61d9b8) 
thrown [s\open\src\hotspot\share\prims\jni.cpp, line 520]
Event: 24.955 Thread 0x000001820a9ea380 Exception <a 'java/lang/NoSuchMethodError'{0x000000070b099bf8}: 'void java.lang.invoke.DirectMethodHandle$Holder.invokeInterface(java.lang.Object, java.lang.Object, int)'> (0x000000070b099bf8) 
thrown [s\open\src\hotspot\share\interpreter\linkResolver.cpp, line 773]
Event: 24.960 Thread 0x000001820a9ea380 Exception <a 'java/lang/NoSuchMethodError'{0x000000070b0dc3e8}: 'java.lang.Object java.lang.invoke.DirectMethodHandle$Holder.invokeSpecial(java.lang.Object, java.lang.Object, int, java.lang.Object, long)'> (0x000000070b0dc3e8) 
thrown [s\open\src\hotspot\share\interpreter\linkResolver.cpp, line 773]
Event: 24.966 Thread 0x000001820a9ea380 Exception <a 'java/lang/NoSuchMethodError'{0x000000070b113170}: 'java.lang.Object java.lang.invoke.DirectMethodHandle$Holder.newInvokeSpecial(java.lang.Object, java.lang.Object, int, java.lang.Object, int)'> (0x000000070b113170) 
thrown [s\open\src\hotspot\share\interpreter\linkResolver.cpp, line 773]
Event: 24.966 Thread 0x000001820a9ea380 Exception <a 'java/lang/NoSuchMethodError'{0x000000070b1177f0}: 'java.lang.Object java.lang.invoke.DirectMethodHandle$Holder.invokeSpecial(java.lang.Object, java.lang.Object, java.lang.Object, int, java.lang.Object, int)'> (0x000000070b1177f0) 
thrown [s\open\src\hotspot\share\interpreter\linkResolver.cpp, line 773]
Event: 24.972 Thread 0x000001820a9ea380 Exception <a 'java/lang/NoSuchMethodError'{0x000000070b130c08}: 'void java.lang.invoke.DirectMethodHandle$Holder.invokeInterface(java.lang.Object, java.lang.Object)'> (0x000000070b130c08) 
thrown [s\open\src\hotspot\share\interpreter\linkResolver.cpp, line 773]
Event: 27.557 Thread 0x000001820a9ea380 Exception <a 'java/io/FileNotFoundException'{0x000000070ad2ff08}> (0x000000070ad2ff08) 
thrown [s\open\src\hotspot\share\prims\jni.cpp, line 520]
Event: 38.927 Thread 0x000001820a9ea380 Exception <a 'java/io/FileNotFoundException'{0x000000070a660a98}> (0x000000070a660a98) 
thrown [s\open\src\hotspot\share\prims\jni.cpp, line 520]
Event: 40.168 Thread 0x000001820a9ea380 Exception <a 'java/io/FileNotFoundException'{0x00000007167627f8}> (0x00000007167627f8) 
thrown [s\open\src\hotspot\share\prims\jni.cpp, line 520]
Event: 40.170 Thread 0x000001820a9ea380 Exception <a 'java/lang/ClassNotFoundException'{0x00000007167c0b38}: com/sun/javafx/scene/control/skin/resources/controls-nt> (0x00000007167c0b38) 
thrown [s\open\src\hotspot\share\prims\jni.cpp, line 539]
Event: 40.171 Thread 0x000001820a9ea380 Exception <a 'java/lang/ClassNotFoundException'{0x00000007167c9ef0}: com/sun/javafx/scene/control/skin/resources/controls-nt_uk> (0x00000007167c9ef0) 
thrown [s\open\src\hotspot\share\prims\jni.cpp, line 539]
Event: 40.171 Thread 0x000001820a9ea380 Exception <a 'java/lang/ClassNotFoundException'{0x00000007167cbec8}: com/sun/javafx/scene/control/skin/resources/controls-nt_uk_UA> (0x00000007167cbec8) 
thrown [s\open\src\hotspot\share\prims\jni.cpp, line 539]
Event: 40.963 Thread 0x000001820a9ea380 Exception <a 'java/io/FileNotFoundException'{0x0000000716467de8}> (0x0000000716467de8) 
thrown [s\open\src\hotspot\share\prims\jni.cpp, line 520]
Event: 53.191 Thread 0x000001820a9ea380 Exception <a 'java/io/FileNotFoundException'{0x0000000715a0f598}> (0x0000000715a0f598) 
thrown [s\open\src\hotspot\share\prims\jni.cpp, line 520]
Event: 53.892 Thread 0x000001820a9ea380 Exception <a 'java/io/FileNotFoundException'{0x0000000715a5dfd0}> (0x0000000715a5dfd0) 
thrown [s\open\src\hotspot\share\prims\jni.cpp, line 520]

ZGC Phase Switch (0 events):
No events

VM Operations (20 events):
Event: 38.032 Executing VM operation: Cleanup done
Event: 38.971 Executing VM operation: HandshakeAllThreads (Deoptimize)
Event: 38.971 Executing VM operation: HandshakeAllThreads (Deoptimize) done
Event: 38.972 Executing VM operation: HandshakeAllThreads (Deoptimize)
Event: 38.972 Executing VM operation: HandshakeAllThreads (Deoptimize) done
Event: 38.973 Executing VM operation: G1CollectForAllocation (G1 Evacuation Pause)
Event: 38.983 Executing VM operation: G1CollectForAllocation (G1 Evacuation Pause) done
Event: 40.152 Executing VM operation: HandshakeAllThreads (Deoptimize)
Event: 40.152 Executing VM operation: HandshakeAllThreads (Deoptimize) done
Event: 40.152 Executing VM operation: Cleanup
Event: 40.153 Executing VM operation: Cleanup done
Event: 41.154 Executing VM operation: Cleanup
Event: 41.154 Executing VM operation: Cleanup done
Event: 48.157 Executing VM operation: Cleanup
Event: 48.157 Executing VM operation: Cleanup done
Event: 52.159 Executing VM operation: Cleanup
Event: 52.159 Executing VM operation: Cleanup done
Event: 54.161 Executing VM operation: Cleanup
Event: 54.161 Executing VM operation: Cleanup done
Event: 55.054 Executing VM operation: Exit

Events (20 events):
Event: 3.148 Thread 0x00000181c478f830 Thread exited: 0x00000181c478f830
Event: 5.036 Thread 0x00000181c47905d0 Thread added: 0x00000181c47905d0
Event: 5.036 Thread 0x00000181c478dcf0 Thread added: 0x00000181c478dcf0
Event: 5.252 Thread 0x00000181c478dcf0 Thread exited: 0x00000181c478dcf0
Event: 5.276 Thread 0x00000181c47905d0 Thread exited: 0x00000181c47905d0
Event: 13.460 Thread 0x00000181c478d620 Thread exited: 0x00000181c478d620
Event: 19.125 Thread 0x00000181c478e3c0 Thread exited: 0x00000181c478e3c0
Event: 19.125 Thread 0x00000181c478cf50 Thread exited: 0x00000181c478cf50
Event: 26.559 Thread 0x00000181c478dcf0 Thread added: 0x00000181c478dcf0
Event: 32.340 Thread 0x00000181c478dcf0 Thread exited: 0x00000181c478dcf0
Event: 37.815 Thread 0x00000181c478cf50 Thread added: 0x00000181c478cf50
Event: 40.146 Thread 0x00000181c478cf50 Thread exited: 0x00000181c478cf50
Event: 40.151 Thread 0x00000181c478cf50 Thread added: 0x00000181c478cf50
Event: 40.151 Thread 0x00000181c478dcf0 Thread added: 0x00000181c478dcf0
Event: 40.726 Thread 0x00000181c478dcf0 Thread exited: 0x00000181c478dcf0
Event: 45.213 Thread 0x00000181c478cf50 Thread exited: 0x00000181c478cf50
Event: 55.052 Thread 0x000001820b5ac460 Thread added: 0x000001820b5ac460
Event: 55.052 Thread 0x000001820b5ab740 Thread added: 0x000001820b5ab740
Event: 55.053 Thread 0x000001820b5ab740 Thread exited: 0x000001820b5ab740
Event: 55.053 Thread 0x000001820b5ac460 Thread exited: 0x000001820b5ac460


Dynamic libraries:
0x00007ff7f43e0000 - 0x00007ff7f43ee000 	C:\Users\admin\.jdks\openjdk-21.0.2\bin\java.exe
0x00007ff86e2d0000 - 0x00007ff86e4c8000 	C:\Windows\SYSTEM32\ntdll.dll
0x00007ff86cb90000 - 0x00007ff86cc4d000 	C:\Windows\System32\KERNEL32.DLL
0x00007ff86bc00000 - 0x00007ff86bef6000 	C:\Windows\System32\KERNELBASE.dll
0x00007ff86b980000 - 0x00007ff86ba80000 	C:\Windows\System32\ucrtbase.dll
0x00007ff85c7b0000 - 0x00007ff85c7c8000 	C:\Users\admin\.jdks\openjdk-21.0.2\bin\jli.dll
0x00007ff85c980000 - 0x00007ff85c99b000 	C:\Users\admin\.jdks\openjdk-21.0.2\bin\VCRUNTIME140.dll
0x00007ff86cc50000 - 0x00007ff86cdef000 	C:\Windows\System32\USER32.dll
0x00007ff86c2d0000 - 0x00007ff86c2f2000 	C:\Windows\System32\win32u.dll
0x00007ff852340000 - 0x00007ff8525da000 	C:\Windows\WinSxS\amd64_microsoft.windows.common-controls_6595b64144ccf1df_6.0.19041.4355_none_60b8b9eb71f62e16\COMCTL32.dll
0x00007ff86cf10000 - 0x00007ff86cf3b000 	C:\Windows\System32\GDI32.dll
0x00007ff86bf90000 - 0x00007ff86c0a7000 	C:\Windows\System32\gdi32full.dll
0x00007ff86e180000 - 0x00007ff86e21e000 	C:\Windows\System32\msvcrt.dll
0x00007ff86bab0000 - 0x00007ff86bb4d000 	C:\Windows\System32\msvcp_win.dll
0x00007ff86d650000 - 0x00007ff86d682000 	C:\Windows\System32\IMM32.DLL
0x00007ff869e90000 - 0x00007ff869e9c000 	C:\Users\admin\.jdks\openjdk-21.0.2\bin\vcruntime140_1.dll
0x00007ff851de0000 - 0x00007ff851e6e000 	C:\Users\admin\.jdks\openjdk-21.0.2\bin\msvcp140.dll
0x00007ff8214b0000 - 0x00007ff8221c7000 	C:\Users\admin\.jdks\openjdk-21.0.2\bin\server\jvm.dll
0x00007ff86d310000 - 0x00007ff86d3c0000 	C:\Windows\System32\ADVAPI32.dll
0x00007ff86e0e0000 - 0x00007ff86e180000 	C:\Windows\System32\sechost.dll
0x00007ff86d690000 - 0x00007ff86d7b3000 	C:\Windows\System32\RPCRT4.dll
0x00007ff86ba80000 - 0x00007ff86baa7000 	C:\Windows\System32\bcrypt.dll
0x00007ff86e220000 - 0x00007ff86e28b000 	C:\Windows\System32\WS2_32.dll
0x00007ff85f230000 - 0x00007ff85f23a000 	C:\Windows\SYSTEM32\VERSION.dll
0x00007ff86b720000 - 0x00007ff86b76b000 	C:\Windows\SYSTEM32\POWRPROF.dll
0x00007ff85a830000 - 0x00007ff85a857000 	C:\Windows\SYSTEM32\WINMM.dll
0x00007ff86b700000 - 0x00007ff86b712000 	C:\Windows\SYSTEM32\UMPDC.dll
0x00007ff86a1c0000 - 0x00007ff86a1d2000 	C:\Windows\SYSTEM32\kernel.appcore.dll
0x00007ff8644a0000 - 0x00007ff8644aa000 	C:\Users\admin\.jdks\openjdk-21.0.2\bin\jimage.dll
0x00007ff869ed0000 - 0x00007ff86a0b4000 	C:\Windows\SYSTEM32\DBGHELP.DLL
0x00007ff862570000 - 0x00007ff8625a4000 	C:\Windows\SYSTEM32\dbgcore.DLL
0x00007ff86bf00000 - 0x00007ff86bf82000 	C:\Windows\System32\bcryptPrimitives.dll
0x00007ff863d30000 - 0x00007ff863d3f000 	C:\Users\admin\.jdks\openjdk-21.0.2\bin\instrument.dll
0x00007ff85afc0000 - 0x00007ff85afdf000 	C:\Users\admin\.jdks\openjdk-21.0.2\bin\java.dll
0x00007ff86c410000 - 0x00007ff86cb7b000 	C:\Windows\System32\SHELL32.dll
0x00007ff869660000 - 0x00007ff869dfd000 	C:\Windows\SYSTEM32\windows.storage.dll
0x00007ff86d7c0000 - 0x00007ff86db13000 	C:\Windows\System32\combase.dll
0x00007ff86b330000 - 0x00007ff86b35e000 	C:\Windows\SYSTEM32\Wldp.dll
0x00007ff86d220000 - 0x00007ff86d2ed000 	C:\Windows\System32\OLEAUT32.dll
0x00007ff86ce60000 - 0x00007ff86cf0d000 	C:\Windows\System32\SHCORE.dll
0x00007ff86db20000 - 0x00007ff86db75000 	C:\Windows\System32\shlwapi.dll
0x00007ff86b8b0000 - 0x00007ff86b8d4000 	C:\Windows\SYSTEM32\profapi.dll
0x00007ff851580000 - 0x00007ff851657000 	C:\Users\admin\.jdks\openjdk-21.0.2\bin\jsvml.dll
0x00007ff864470000 - 0x00007ff864480000 	C:\Users\admin\.jdks\openjdk-21.0.2\bin\net.dll
0x00007ff867dc0000 - 0x00007ff867eca000 	C:\Windows\SYSTEM32\WINHTTP.dll
0x00007ff86b030000 - 0x00007ff86b09a000 	C:\Windows\system32\mswsock.dll
0x00007ff85afa0000 - 0x00007ff85afb6000 	C:\Users\admin\.jdks\openjdk-21.0.2\bin\nio.dll
0x00007ff85ad60000 - 0x00007ff85ad78000 	C:\Users\admin\.jdks\openjdk-21.0.2\bin\zip.dll
0x00007ff85a790000 - 0x00007ff85a7aa000 	C:\Program Files\JetBrains\IntelliJ IDEA 2023.3.2\bin\breakgen64.dll
0x00000181a4d80000 - 0x00000181a4d83000 	C:\Users\admin\.openjfx\cache\21+31\amd64\api-ms-win-core-console-l1-1-0.dll
0x00000181a4d90000 - 0x00000181a4d93000 	C:\Users\admin\.openjfx\cache\21+31\amd64\api-ms-win-core-console-l1-2-0.dll
0x00000181a4da0000 - 0x00000181a4da3000 	C:\Users\admin\.openjfx\cache\21+31\amd64\api-ms-win-core-datetime-l1-1-0.dll
0x00000181a4db0000 - 0x00000181a4db3000 	C:\Users\admin\.openjfx\cache\21+31\amd64\api-ms-win-core-debug-l1-1-0.dll
0x00000181a4dc0000 - 0x00000181a4dc3000 	C:\Users\admin\.openjfx\cache\21+31\amd64\api-ms-win-core-errorhandling-l1-1-0.dll
0x00000181a4dd0000 - 0x00000181a4dd4000 	C:\Users\admin\.openjfx\cache\21+31\amd64\api-ms-win-core-file-l1-1-0.dll
0x00000181a4de0000 - 0x00000181a4de3000 	C:\Users\admin\.openjfx\cache\21+31\amd64\api-ms-win-core-file-l1-2-0.dll
0x00000181a4df0000 - 0x00000181a4df3000 	C:\Users\admin\.openjfx\cache\21+31\amd64\api-ms-win-core-file-l2-1-0.dll
0x00000181c4cb0000 - 0x00000181c4cb3000 	C:\Users\admin\.openjfx\cache\21+31\amd64\api-ms-win-core-handle-l1-1-0.dll
0x00000181c4cc0000 - 0x00000181c4cc3000 	C:\Users\admin\.openjfx\cache\21+31\amd64\api-ms-win-core-heap-l1-1-0.dll
0x00000181c4cd0000 - 0x00000181c4cd3000 	C:\Users\admin\.openjfx\cache\21+31\amd64\api-ms-win-core-interlocked-l1-1-0.dll
0x00000181c4ce0000 - 0x00000181c4ce3000 	C:\Users\admin\.openjfx\cache\21+31\amd64\api-ms-win-core-libraryloader-l1-1-0.dll
0x00000181c4cf0000 - 0x00000181c4cf3000 	C:\Users\admin\.openjfx\cache\21+31\amd64\api-ms-win-core-localization-l1-2-0.dll
0x00000181c4d00000 - 0x00000181c4d03000 	C:\Users\admin\.openjfx\cache\21+31\amd64\api-ms-win-core-memory-l1-1-0.dll
0x00000181c4d10000 - 0x00000181c4d13000 	C:\Users\admin\.openjfx\cache\21+31\amd64\api-ms-win-core-namedpipe-l1-1-0.dll
0x00000181c4d20000 - 0x00000181c4d23000 	C:\Users\admin\.openjfx\cache\21+31\amd64\api-ms-win-core-processenvironment-l1-1-0.dll
0x00000181c4d30000 - 0x00000181c4d33000 	C:\Users\admin\.openjfx\cache\21+31\amd64\api-ms-win-core-processthreads-l1-1-0.dll
0x00000181c4d40000 - 0x00000181c4d43000 	C:\Users\admin\.openjfx\cache\21+31\amd64\api-ms-win-core-processthreads-l1-1-1.dll
0x00000181c4d50000 - 0x00000181c4d53000 	C:\Users\admin\.openjfx\cache\21+31\amd64\api-ms-win-core-profile-l1-1-0.dll
0x00000181c4d60000 - 0x00000181c4d63000 	C:\Users\admin\.openjfx\cache\21+31\amd64\api-ms-win-core-rtlsupport-l1-1-0.dll
0x00000181c4d70000 - 0x00000181c4d73000 	C:\Users\admin\.openjfx\cache\21+31\amd64\api-ms-win-core-string-l1-1-0.dll
0x00000181c4d80000 - 0x00000181c4d83000 	C:\Users\admin\.openjfx\cache\21+31\amd64\api-ms-win-core-synch-l1-1-0.dll
0x00000181c4d90000 - 0x00000181c4d93000 	C:\Users\admin\.openjfx\cache\21+31\amd64\api-ms-win-core-synch-l1-2-0.dll
0x00000181c4da0000 - 0x00000181c4da3000 	C:\Users\admin\.openjfx\cache\21+31\amd64\api-ms-win-core-sysinfo-l1-1-0.dll
0x00000181c4db0000 - 0x00000181c4db3000 	C:\Users\admin\.openjfx\cache\21+31\amd64\api-ms-win-core-timezone-l1-1-0.dll
0x00000181c4dc0000 - 0x00000181c4dc3000 	C:\Users\admin\.openjfx\cache\21+31\amd64\api-ms-win-core-util-l1-1-0.dll
0x00000181c4dd0000 - 0x00000181c4dd3000 	C:\Users\admin\.openjfx\cache\21+31\amd64\api-ms-win-crt-conio-l1-1-0.dll
0x00000181c4de0000 - 0x00000181c4de4000 	C:\Users\admin\.openjfx\cache\21+31\amd64\api-ms-win-crt-convert-l1-1-0.dll
0x00000181c4df0000 - 0x00000181c4df3000 	C:\Users\admin\.openjfx\cache\21+31\amd64\api-ms-win-crt-environment-l1-1-0.dll
0x00000181c4e00000 - 0x00000181c4e03000 	C:\Users\admin\.openjfx\cache\21+31\amd64\api-ms-win-crt-filesystem-l1-1-0.dll
0x00000181c4e10000 - 0x00000181c4e13000 	C:\Users\admin\.openjfx\cache\21+31\amd64\api-ms-win-crt-heap-l1-1-0.dll
0x00000181c4e20000 - 0x00000181c4e23000 	C:\Users\admin\.openjfx\cache\21+31\amd64\api-ms-win-crt-locale-l1-1-0.dll
0x00000181c4e30000 - 0x00000181c4e35000 	C:\Users\admin\.openjfx\cache\21+31\amd64\api-ms-win-crt-math-l1-1-0.dll
0x00000181c4e40000 - 0x00000181c4e45000 	C:\Users\admin\.openjfx\cache\21+31\amd64\api-ms-win-crt-multibyte-l1-1-0.dll
0x00000181c4e50000 - 0x00000181c4e60000 	C:\Users\admin\.openjfx\cache\21+31\amd64\api-ms-win-crt-private-l1-1-0.dll
0x00000181c4e60000 - 0x00000181c4e63000 	C:\Users\admin\.openjfx\cache\21+31\amd64\api-ms-win-crt-process-l1-1-0.dll
0x00000181c4e70000 - 0x00000181c4e74000 	C:\Users\admin\.openjfx\cache\21+31\amd64\api-ms-win-crt-runtime-l1-1-0.dll
0x00000181c4e80000 - 0x00000181c4e84000 	C:\Users\admin\.openjfx\cache\21+31\amd64\api-ms-win-crt-stdio-l1-1-0.dll
0x00000181c4e90000 - 0x00000181c4e94000 	C:\Users\admin\.openjfx\cache\21+31\amd64\api-ms-win-crt-string-l1-1-0.dll
0x00000181c4ea0000 - 0x00000181c4ea3000 	C:\Users\admin\.openjfx\cache\21+31\amd64\api-ms-win-crt-time-l1-1-0.dll
0x00000181c4eb0000 - 0x00000181c4eb3000 	C:\Users\admin\.openjfx\cache\21+31\amd64\api-ms-win-crt-utility-l1-1-0.dll
0x00007ff8313f0000 - 0x00007ff8314ec000 	C:\Users\admin\.openjfx\cache\21+31\amd64\ucrtbase.dll
0x00007ff859970000 - 0x00007ff85998b000 	C:\Users\admin\.openjfx\cache\21+31\amd64\vcruntime140.dll
0x00007ff861680000 - 0x00007ff86168c000 	C:\Users\admin\.openjfx\cache\21+31\amd64\vcruntime140_1.dll
0x00007ff851050000 - 0x00007ff8510de000 	C:\Users\admin\.openjfx\cache\21+31\amd64\msvcp140.dll
0x00007ff86d0f0000 - 0x00007ff86d21b000 	C:\Windows\System32\ole32.dll
0x00007ff860d90000 - 0x00007ff860d99000 	C:\Users\admin\.openjfx\cache\21+31\amd64\msvcp140_1.dll
0x00007ff8543b0000 - 0x00007ff8543df000 	C:\Users\admin\.openjfx\cache\21+31\amd64\msvcp140_2.dll
0x00007ff852c90000 - 0x00007ff852cbf000 	C:\Users\admin\.openjfx\cache\21+31\amd64\prism_d3d.dll
0x00007ff832510000 - 0x00007ff8326de000 	C:\Windows\system32\d3d9.dll
0x00007ff869170000 - 0x00007ff86919f000 	C:\Windows\SYSTEM32\dwmapi.dll
0x00007ff868f90000 - 0x00007ff86902e000 	C:\Windows\system32\uxtheme.dll
0x00007ff851130000 - 0x00007ff851172000 	C:\Users\admin\.openjfx\cache\21+31\amd64\glass.dll
0x00007ff86d570000 - 0x00007ff86d64a000 	C:\Windows\System32\COMDLG32.dll
0x00007ff86cfd0000 - 0x00007ff86d0e4000 	C:\Windows\System32\MSCTF.dll
0x00007ff85c4d0000 - 0x00007ff85c50b000 	C:\Windows\SYSTEM32\dxcore.dll
0x00007ff86c280000 - 0x00007ff86c2ce000 	C:\Windows\System32\cfgmgr32.dll
0x00007ff86b230000 - 0x00007ff86b248000 	C:\Windows\SYSTEM32\CRYPTSP.dll
0x00007ff86a950000 - 0x00007ff86a984000 	C:\Windows\system32\rsaenh.dll
0x00007ff86b820000 - 0x00007ff86b84e000 	C:\Windows\SYSTEM32\USERENV.dll
0x00007ff86b220000 - 0x00007ff86b22c000 	C:\Windows\SYSTEM32\CRYPTBASE.dll
0x00007ff86ad10000 - 0x00007ff86ad4b000 	C:\Windows\SYSTEM32\IPHLPAPI.DLL
0x00007ff86cb80000 - 0x00007ff86cb88000 	C:\Windows\System32\NSI.dll
0x00007ff82eef0000 - 0x00007ff82efe5000 	C:\Users\admin\AppData\Local\Temp\sqlite-3.45.3.0-b726b905-54dd-4c9c-b49a-befe615ef3e7-sqlitejdbc.dll
0x00007ff854920000 - 0x00007ff854934000 	C:\Users\admin\.openjfx\cache\21+31\amd64\javafx_font.dll
0x00007ff851180000 - 0x00007ff8513ff000 	C:\Windows\SYSTEM32\dwrite.dll
0x00007ff86c360000 - 0x00007ff86c409000 	C:\Windows\System32\clbcatq.dll
0x00007ff868cb0000 - 0x00007ff868e64000 	C:\Windows\SYSTEM32\WindowsCodecs.dll
0x00007ff850ef0000 - 0x00007ff850f2e000 	C:\Windows\system32\dataexchange.dll
0x00007ff865280000 - 0x00007ff8654e3000 	C:\Windows\system32\d3d11.dll
0x00007ff865b30000 - 0x00007ff865d15000 	C:\Windows\system32\dcomp.dll
0x00007ff86a200000 - 0x00007ff86a2f2000 	C:\Windows\system32\dxgi.dll
0x00007ff863240000 - 0x00007ff863443000 	C:\Windows\system32\twinapi.appcore.dll
0x00007ff850f90000 - 0x00007ff850fc4000 	C:\Program Files\Common Files\Microsoft Shared\Ink\rtscom.dll
0x00007ff85bd10000 - 0x00007ff85be09000 	C:\Windows\SYSTEM32\textinputframework.dll
0x00007ff866620000 - 0x00007ff86697b000 	C:\Windows\System32\CoreUIComponents.dll
0x00007ff866320000 - 0x00007ff866412000 	C:\Windows\System32\CoreMessaging.dll
0x00007ff86aa70000 - 0x00007ff86aaa3000 	C:\Windows\SYSTEM32\ntmarta.dll
0x00007ff867be0000 - 0x00007ff867d37000 	C:\Windows\SYSTEM32\wintypes.dll

dbghelp: loaded successfully - version: 4.0.5 - missing functions: none
symbol engine: initialized successfully - sym options: 0x614 - pdb path: .;C:\Users\admin\.jdks\openjdk-21.0.2\bin;C:\Windows\SYSTEM32;C:\Windows\WinSxS\amd64_microsoft.windows.common-controls_6595b64144ccf1df_6.0.19041.4355_none_60b8b9eb71f62e16;C:\Users\admin\.jdks\openjdk-21.0.2\bin\server;C:\Program Files\JetBrains\IntelliJ IDEA 2023.3.2\bin;C:\Users\admin\.openjfx\cache\21+31\amd64;C:\Windows\System32\DriverStore\FileRepository\u0364120.inf_amd64_636d39f1d2b33111\B364017;C:\Users\admin\AppData\Local\Temp;C:\Program Files\Common Files\Microsoft Shared\Ink

VM Arguments:
jvm_args: --enable-preview -javaagent:C:\Program Files\JetBrains\IntelliJ IDEA 2023.3.2\lib\idea_rt.jar=61591:C:\Program Files\JetBrains\IntelliJ IDEA 2023.3.2\bin -Dfile.encoding=UTF-8 -Dsun.stdout.encoding=UTF-8 -Dsun.stderr.encoding=UTF-8 --module-path=C:\Users\admin\.m2\repository\com\gluonhq\attach\audio\4.0.17\audio-4.0.17.jar;C:\Users\admin\.m2\repository\com\github\almasb\fxgl\17.3\fxgl-17.3.jar;C:\Users\admin\.m2\repository\com\gluonhq\attach\storage\4.0.17\storage-4.0.17.jar;C:\Users\admin\.m2\repository\com\fasterxml\jackson\core\jackson-databind\2.14.2\jackson-databind-2.14.2.jar;C:\Users\admin\.m2\repository\ch\qos\logback\logback-classic\1.5.6\logback-classic-1.5.6.jar;C:\Users\admin\.m2\repository\com\github\almasb\fxgl-scene\17.3\fxgl-scene-17.3.jar;C:\Users\admin\.m2\repository\eu\hansolo\tilesfx\11.48\tilesfx-11.48.jar;C:\Users\admin\.m2\repository\org\openjfx\javafx-base\21\javafx-base-21-win.jar;C:\Users\admin\.m2\repository\org\openjfx\javafx-graphics\21\javafx-graphics-21-win.jar;C:\Users\admin\.m2\repository\org\xerial\sqlite-jdbc\3.45.3.0\sqlite-jdbc-3.45.3.0.jar;C:\Users\admin\.m2\repository\org\springframework\spring-core\6.1.6\spring-core-6.1.6.jar;C:\Users\admin\.m2\repository\org\openjfx\javafx-fxml\21\javafx-fxml-21-win.jar;C:\Users\admin\.m2\repository\org\openjfx\javafx-web\21\javafx-web-21-win.jar;C:\Users\admin\.m2\repository\org\kordamp\bootstrapfx\bootstrapfx-core\0.4.0\bootstrapfx-core-0.4.0.jar;C:\Users\admin\.m2\repository\org\kordamp\ikonli\ikonli-javafx\12.3.1\ikonli-javafx-12.3.1.jar;C:\Users\admin\.m2\repository\com\gluonhq\attach\util\4.0.17\util-4.0.17.jar;C:\Users\admin\.m2\repository\org\kordamp\ikonli\ikonli-core\12.3.1\ikonli-core-12.3.1.jar;C:\Users\admin\.m2\repository\com\github\almasb\fxgl-entity\17.3\fxgl-entity-17.3.jar;C:\Users\admin\.m2\repository\com\github\almasb\fxgl-io\17.3\fxgl-io-17.3.jar;C:\Users\admin\.m2\repository\org\springframework\spring-context\6.1.6\spring-context-6.1.6.jar;C:\Users\admin\IdeaProjects\EventsPlanner\target\classes;C:\Users\admin\.m2\repository\com\github\almasb\fxgl-core\17.3\fxgl-core-17.3.jar;C:\Users\admin\.m2\repository\com\dlsc\formsfx\formsfx-core\11.6.0\formsfx-core-11.6.0.jar;C:\Users\admin\.m2\repository\or-Djdk.module.main=org.example.eventsplanner 
java_command: org.example.eventsplanner/com.mil0812.eventsplanner.Main
java_class_path (initial): C:\Users\admin\.m2\repository\org\openjfx\javafx-controls\21\javafx-controls-21.jar;C:\Users\admin\.m2\repository\org\openjfx\javafx-graphics\21\javafx-graphics-21.jar;C:\Users\admin\.m2\repository\org\openjfx\javafx-base\21\javafx-base-21.jar;C:\Users\admin\.m2\repository\org\openjfx\javafx-fxml\21\javafx-fxml-21.jar;C:\Users\admin\.m2\repository\org\openjfx\javafx-web\21\javafx-web-21.jar;C:\Users\admin\.m2\repository\org\openjfx\javafx-swing\21\javafx-swing-21.jar;C:\Users\admin\.m2\repository\org\openjfx\javafx-swing\21\javafx-swing-21-win.jar;C:\Users\admin\.m2\repository\org\openjfx\javafx-media\21\javafx-media-21.jar;C:\Users\admin\.m2\repository\org\jetbrains\kotlin\kotlin-stdlib-common\1.8.10\kotlin-stdlib-common-1.8.10.jar;C:\Users\admin\.m2\repository\org\jetbrains\annotations\13.0\annotations-13.0.jar;C:\Users\admin\.m2\repository\org\springframework\spring-aop\6.1.6\spring-aop-6.1.6.jar;C:\Users\admin\.m2\repository\org\springframework\spring-jcl\6.1.6\spring-jcl-6.1.6.jar;C:\Users\admin\.m2\repository\org\springframework\spring-expression\6.1.6\spring-expression-6.1.6.jar;C:\Users\admin\.m2\repository\io\micrometer\micrometer-observation\1.12.5\micrometer-observation-1.12.5.jar;C:\Users\admin\.m2\repository\io\micrometer\micrometer-commons\1.12.5\micrometer-commons-1.12.5.jar;C:\Users\admin\.m2\repository\jakarta\annotation\jakarta.annotation-api\3.0.0\jakarta.annotation-api-3.0.0.jar
Launcher Type: SUN_STANDARD

[Global flags]
     intx CICompilerCount                          = 12                                        {product} {ergonomic}
     uint ConcGCThreads                            = 3                                         {product} {ergonomic}
     uint G1ConcRefinementThreads                  = 13                                        {product} {ergonomic}
   size_t G1HeapRegionSize                         = 2097152                                   {product} {ergonomic}
    uintx GCDrainStackTargetSize                   = 64                                        {product} {ergonomic}
   size_t InitialHeapSize                          = 257949696                                 {product} {ergonomic}
   size_t MarkStackSize                            = 4194304                                   {product} {ergonomic}
   size_t MaxHeapSize                              = 4123000832                                {product} {ergonomic}
   size_t MaxNewSize                               = 2472542208                                {product} {ergonomic}
   size_t MinHeapDeltaBytes                        = 2097152                                   {product} {ergonomic}
   size_t MinHeapSize                              = 8388608                                   {product} {ergonomic}
    uintx NonNMethodCodeHeapSize                   = 7602480                                {pd product} {ergonomic}
    uintx NonProfiledCodeHeapSize                  = 122027880                              {pd product} {ergonomic}
    uintx ProfiledCodeHeapSize                     = 122027880                              {pd product} {ergonomic}
    uintx ReservedCodeCacheSize                    = 251658240                              {pd product} {ergonomic}
     bool SegmentedCodeCache                       = true                                      {product} {ergonomic}
   size_t SoftMaxHeapSize                          = 4123000832                             {manageable} {ergonomic}
     bool UseCompressedOops                        = true                           {product lp64_product} {ergonomic}
     bool UseG1GC                                  = true                                      {product} {ergonomic}
     bool UseLargePagesIndividualAllocation        = false                                  {pd product} {ergonomic}

Logging:
Log output configuration:
 #0: stdout all=off uptime,level,tags foldmultilines=false
 #1: stderr all=off uptime,level,tags foldmultilines=false

Environment Variables:
JAVA_HOME=C:\Users\admin\scoop\apps\openjdk\current
PATH=C:\Windows\system32;C:\Windows;C:\Windows\System32\Wbem;C:\Windows\System32\WindowsPowerShell\v1.0\;C:\Windows\System32\OpenSSH\;C:\Program Files\nodejs\;C:\Program Files\dotnet\;C:\Program Files\Cloudflare\Cloudflare WARP\;C:\Users\admin\scoop\apps\openjdk\current\bin;C:\Users\admin\scoop\shims;C:\Users\admin\AppData\Local\Microsoft\WindowsApps;C:\Users\admin\AppData\Local\GitHubDesktop\bin;C:\Users\admin\AppData\Roaming\npm;C:\Users\admin\.dotnet\tools
USERNAME=admin
OS=Windows_NT
PROCESSOR_IDENTIFIER=AMD64 Family 23 Model 104 Stepping 1, AuthenticAMD
TMP=C:\Users\admin\AppData\Local\Temp
TEMP=C:\Users\admin\AppData\Local\Temp




Periodic native trim disabled

---------------  S Y S T E M  ---------------

OS:
 Windows 10 , 64 bit Build 19041 (10.0.19041.3636)
OS uptime: 8 days 19:33 hours

CPU: total 16 (initial active 16) (16 cores per cpu, 2 threads per core) family 23 model 104 stepping 1 microcode 0x0, cx8, cmov, fxsr, ht, mmx, 3dnowpref, sse, sse2, sse3, ssse3, sse4a, sse4.1, sse4.2, popcnt, lzcnt, tsc, tscinvbit, avx, avx2, aes, clmul, bmi1, bmi2, adx, sha, fma, vzeroupper, clflush, clflushopt, rdtscp, rdpid, f16c
Processor Information for all 16 processors :
  Max Mhz: 1801, Current Mhz: 1801, Mhz Limit: 1801

Memory: 4k page, system-wide physical 15722M (7622M free)
TotalPageFile size 18154M (AvailPageFile size 5412M)
current process WorkingSet (physical memory assigned to process): 182M, peak: 195M
current process commit charge ("private bytes"): 260M, peak: 426M

vm_info: OpenJDK 64-Bit Server VM (21.0.2+13-58) for windows-amd64 JRE (21.0.2+13-58), built on 2024-01-05T18:32:24Z by "mach5one" with MS VC++ 17.1 (VS2022)

END.
