#
# A fatal error has been detected by the Java Runtime Environment:
#
#  EXCEPTION_ACCESS_VIOLATION (0xc0000005) at pc=0x00007ff8510b6587, pid=14108, tid=5028
#
# JRE version: OpenJDK Runtime Environment (21.0.2+13) (build 21.0.2+13-58)
# Java VM: OpenJDK 64-Bit Server VM (21.0.2+13-58, mixed mode, sharing, tiered, compressed oops, compressed class ptrs, g1 gc, windows-amd64)
# Problematic frame:
# C  [glass.dll+0x26587]
#
# No core dump will be written. Minidumps are not enabled by default on client versions of Windows
#
# If you would like to submit a bug report, please visit:
#   https://bugreport.java.com/bugreport/crash.jsp
#

---------------  S U M M A R Y ------------

Command Line: --enable-preview -javaagent:C:\Program Files\JetBrains\IntelliJ IDEA 2023.3.2\lib\idea_rt.jar=61344:C:\Program Files\JetBrains\IntelliJ IDEA 2023.3.2\bin -Dfile.encoding=UTF-8 -Dsun.stdout.encoding=UTF-8 -Dsun.stderr.encoding=UTF-8 --module-path=C:\Users\admin\.m2\repository\com\gluonhq\attach\audio\4.0.17\audio-4.0.17.jar;C:\Users\admin\.m2\repository\com\github\almasb\fxgl\17.3\fxgl-17.3.jar;C:\Users\admin\.m2\repository\com\gluonhq\attach\storage\4.0.17\storage-4.0.17.jar;C:\Users\admin\.m2\repository\com\fasterxml\jackson\core\jackson-databind\2.14.2\jackson-databind-2.14.2.jar;C:\Users\admin\.m2\repository\ch\qos\logback\logback-classic\1.5.6\logback-classic-1.5.6.jar;C:\Users\admin\.m2\repository\com\github\almasb\fxgl-scene\17.3\fxgl-scene-17.3.jar;C:\Users\admin\.m2\repository\eu\hansolo\tilesfx\11.48\tilesfx-11.48.jar;C:\Users\admin\.m2\repository\org\openjfx\javafx-base\21\javafx-base-21-win.jar;C:\Users\admin\.m2\repository\org\openjfx\javafx-graphics\21\javafx-graphics-21-win.jar;C:\Users\admin\.m2\repository\org\xerial\sqlite-jdbc\3.45.3.0\sqlite-jdbc-3.45.3.0.jar;C:\Users\admin\.m2\repository\org\springframework\spring-core\6.1.6\spring-core-6.1.6.jar;C:\Users\admin\.m2\repository\org\openjfx\javafx-fxml\21\javafx-fxml-21-win.jar;C:\Users\admin\.m2\repository\org\openjfx\javafx-web\21\javafx-web-21-win.jar;C:\Users\admin\.m2\repository\org\kordamp\bootstrapfx\bootstrapfx-core\0.4.0\bootstrapfx-core-0.4.0.jar;C:\Users\admin\.m2\repository\org\kordamp\ikonli\ikonli-javafx\12.3.1\ikonli-javafx-12.3.1.jar;C:\Users\admin\.m2\repository\com\gluonhq\attach\util\4.0.17\util-4.0.17.jar;C:\Users\admin\.m2\repository\org\kordamp\ikonli\ikonli-core\12.3.1\ikonli-core-12.3.1.jar;C:\Users\admin\.m2\repository\com\github\almasb\fxgl-entity\17.3\fxgl-entity-17.3.jar;C:\Users\admin\.m2\repository\com\github\almasb\fxgl-io\17.3\fxgl-io-17.3.jar;C:\Users\admin\.m2\repository\org\springframework\spring-context\6.1.6\spring-context-6.1.6.jar;C:\Users\admin\IdeaProjects\EventsPlanner\target\classes;C:\Users\admin\.m2\repository\com\github\almasb\fxgl-core\17.3\fxgl-core-17.3.jar;C:\Users\admin\.m2\repository\com\dlsc\formsfx\formsfx-core\11.6.0\formsfx-core-11.6.0.jar;C:\Users\admin\.m2\repository\or-Djdk.module.main=org.example.eventsplanner org.example.eventsplanner/com.mil0812.eventsplanner.Main

Host: AMD Ryzen 7 5700U with Radeon Graphics         , 16 cores, 15G,  Windows 10 , 64 bit Build 19041 (10.0.19041.3636)
Time: Fri May 24 12:22:23 2024  Windows 10 , 64 bit Build 19041 (10.0.19041.3636) elapsed time: 48.520494 seconds (0d 0h 0m 48s)

---------------  T H R E A D  ---------------

Current thread (0x0000024ba04ea5d0):  VMThread "VM Thread"          [id=5028, stack(0x0000005bf5e00000,0x0000005bf5f00000) (1024K)]

Stack: [0x0000005bf5e00000,0x0000005bf5f00000],  sp=0x0000005bf5eff100,  free space=1020k
Native frames: (J=compiled Java code, j=interpreted, Vv=VM code, C=native code)
C  [glass.dll+0x26587]


siginfo: EXCEPTION_ACCESS_VIOLATION (0xc0000005), reading address 0x0000000000000000


Registers:
RAX=0x0000000000000000, RBX=0x0000024ba04f8c0a, RCX=0x0000024ba04ea5d0, RDX=0x0000005bf5eff100
RSP=0x0000005bf5eff100, RBP=0x0000024be6afe008, RSI=0x0000024be6afdfe0, RDI=0x000015ec44796456
R8 =0x0000000000010002, R9 =0x000015ec44796456, R10=0x0000000000008000, R11=0x0000005bf5eff090
R12=0x00007ff8510b3ed0, R13=0x00007ff822114720, R14=0x0000005bf5eff1f8, R15=0x0000024be6afdfe0
RIP=0x00007ff8510b6587, EFLAGS=0x0000000000010202


Register to memory mapping:

RAX=0x0 is null
RBX=0x0000024ba04f8c0a is a global jni handle
RCX=0x0000024ba04ea5d0 points into unknown readable memory: 0x00007ff821f26038 | 38 60 f2 21 f8 7f 00 00
RDX=0x0000005bf5eff100 points into unknown readable memory: 0x0000000000000000 | 00 00 00 00 00 00 00 00
RSP=0x0000005bf5eff100 points into unknown readable memory: 0x0000000000000000 | 00 00 00 00 00 00 00 00
RBP=0x0000024be6afe008 points into unknown readable memory: 0x000015ec44796456 | 56 64 79 44 ec 15 00 00
RSI=0x0000024be6afdfe0 points into unknown readable memory: 0xfe1457223e796449 | 49 64 79 3e 22 57 14 fe
RDI=0x000015ec44796456 is an unknown value
R8 =0x0000000000010002 is an unknown value
R9 =0x000015ec44796456 is an unknown value
R10=0x0000000000008000 is an unknown value
R11=0x0000005bf5eff090 points into unknown readable memory: 0x0000024be6afdfe0 | e0 df af e6 4b 02 00 00
R12=0x00007ff8510b3ed0 glass.dll
R13=0x00007ff822114720 jvm.dll
R14=0x0000005bf5eff1f8 points into unknown readable memory: 0x0000005bf5eff1e0 | e0 f1 ef f5 5b 00 00 00
R15=0x0000024be6afdfe0 points into unknown readable memory: 0xfe1457223e796449 | 49 64 79 3e 22 57 14 fe

Top of Stack: (sp=0x0000005bf5eff100)
0x0000005bf5eff100:   0000000000000000 0000024be6afdfe0
0x0000005bf5eff110:   00007ff822114720 00007ff8510b3ed0
0x0000005bf5eff120:   0000024be6afdfe8 00007ff86b9942d6
0x0000005bf5eff130:   000015ec44796456 0000024b00000000
0x0000005bf5eff140:   0000024be6afe008 0000024be6afdfe0
0x0000005bf5eff150:   fffffffffffffffe 0000000000000000
0x0000005bf5eff160:   0000000000000001 00007ff851090000
0x0000005bf5eff170:   0000005bf5eff1e8 00007ff86b9941fb
0x0000005bf5eff180:   0000000000000000 0000005bf5eff1f8
0x0000005bf5eff190:   0000005bf5eff4d0 00007ff86ba70e40
0x0000005bf5eff1a0:   0000000000000001 00007ff86b9941b4
0x0000005bf5eff1b0:   0000000000000000 0000000000000001
0x0000005bf5eff1c0:   0000000000000000 0000005bf5eff1e8
0x0000005bf5eff1d0:   0000000000000001 00007ff8510b3d5d
0x0000005bf5eff1e0:   00007ff8510ca008 00007ff800000002
0x0000005bf5eff1f0:   0000000000000002 0000005bf5eff1e0
0x0000005bf5eff200:   0000000000000000 00007ff86e2e9993
0x0000005bf5eff210:   0000000000000000 00007ff8510b3e82
0x0000005bf5eff220:   0000000000000001 00007ff86a950000
0x0000005bf5eff230:   0000000000000001 00007ff86b234b9d
0x0000005bf5eff240:   00007ff86b230000 0000000000000000
0x0000005bf5eff250:   0000000000000001 00007ff86a950000
0x0000005bf5eff260:   00007ff851090000 000000007ffe0384
0x0000005bf5eff270:   0000000000000000 00007ff86e2e9a1d
0x0000005bf5eff280:   00007ff851090000 0000000000000000
0x0000005bf5eff290:   0000000000000001 000000007ffe0385
0x0000005bf5eff2a0:   0000000000000000 00007ff86e32de41
0x0000005bf5eff2b0:   0000ecc4cf90cd00 0000000000000014
0x0000005bf5eff2c0:   00007ff8510b3ed0 0000000000000000
0x0000005bf5eff2d0:   0000000000000000 0000005bf53ef000
0x0000005bf5eff2e0:   0000024be6865bd0 00007ff86e32dcda
0x0000005bf5eff2f0:   0000024be6865a80 00007ff851090000 

Instructions: (pc=0x00007ff8510b6587)
0x00007ff8510b6487:   8b 4d 58 e8 8d cf ff ff 48 8b 4d 60 e8 84 cf ff
0x00007ff8510b6497:   ff 48 8b 95 80 00 00 00 48 8b 8d 18 01 00 00 e8
0x00007ff8510b64a7:   76 c4 ff ff 33 d2 33 c9 e8 cc e1 ff ff 90 48 89
0x00007ff8510b64b7:   54 24 10 55 48 83 ec 20 48 8b ea 48 b8 00 00 00
0x00007ff8510b64c7:   00 00 00 00 00 48 83 c4 20 5d c3 cc 40 55 48 8b
0x00007ff8510b64d7:   ea 48 8b 01 33 c9 81 38 05 00 00 c0 0f 94 c1 8b
0x00007ff8510b64e7:   c1 5d c3 cc 40 55 48 83 ec 20 48 8b ea 8a 4d 40
0x00007ff8510b64f7:   48 83 c4 20 5d e9 73 d3 ff ff cc 40 55 48 83 ec
0x00007ff8510b6507:   20 48 8b ea 8a 4d 20 e8 61 d3 ff ff 90 48 83 c4
0x00007ff8510b6517:   20 5d c3 cc 40 55 48 83 ec 20 48 8b ea 48 83 c4
0x00007ff8510b6527:   20 5d e9 c2 d1 ff ff cc 40 55 48 83 ec 30 48 8b
0x00007ff8510b6537:   ea 48 8b 01 8b 10 48 89 4c 24 28 89 54 24 20 4c
0x00007ff8510b6547:   8d 0d 63 d6 ff ff 4c 8b 45 70 8b 55 68 48 8b 4d
0x00007ff8510b6557:   60 e8 03 d1 ff ff 90 48 83 c4 30 5d c3 cc cc cc
0x00007ff8510b6567:   cc cc cc cc cc cc cc cc cc 40 53 48 83 ec 20 48
0x00007ff8510b6577:   8b 1d 8b 34 01 00 48 85 db 74 16 e8 89 8f ff ff
0x00007ff8510b6587:   4c 8b 00 48 8b d3 48 8b c8 41 ff 90 b0 00 00 00
0x00007ff8510b6597:   90 48 83 c4 20 5b c3 cc cc 40 53 48 83 ec 20 48
0x00007ff8510b65a7:   8b 1d fb 35 01 00 48 85 db 74 57 b8 ff ff ff ff
0x00007ff8510b65b7:   f0 0f c1 43 10 83 f8 01 75 3d 48 85 db 74 38 48
0x00007ff8510b65c7:   8b 0b 48 85 c9 74 0d ff 15 d4 0c 00 00 48 c7 03
0x00007ff8510b65d7:   00 00 00 00 48 8b 4b 08 48 85 c9 74 0d e8 33 ce
0x00007ff8510b65e7:   ff ff 48 c7 43 08 00 00 00 00 ba 18 00 00 00 48
0x00007ff8510b65f7:   8b cb e8 1e ce ff ff 48 c7 05 9f 35 01 00 00 00
0x00007ff8510b6607:   00 00 48 83 c4 20 5b c3 cc 40 53 48 83 ec 20 48
0x00007ff8510b6617:   8b 1d 6b 35 01 00 48 85 db 74 57 b8 ff ff ff ff
0x00007ff8510b6627:   f0 0f c1 43 10 83 f8 01 75 3d 48 85 db 74 38 48
0x00007ff8510b6637:   8b 0b 48 85 c9 74 0d ff 15 64 0c 00 00 48 c7 03
0x00007ff8510b6647:   00 00 00 00 48 8b 4b 08 48 85 c9 74 0d e8 c3 cd
0x00007ff8510b6657:   ff ff 48 c7 43 08 00 00 00 00 ba 18 00 00 00 48
0x00007ff8510b6667:   8b cb e8 ae cd ff ff 48 c7 05 0f 35 01 00 00 00
0x00007ff8510b6677:   00 00 48 83 c4 20 5b c3 cc 40 53 48 83 ec 20 48 


Stack slot to memory mapping:

stack at sp + 0 slots: 0x0 is null
stack at sp + 1 slots: 0x0000024be6afdfe0 points into unknown readable memory: 0xfe1457223e796449 | 49 64 79 3e 22 57 14 fe
stack at sp + 2 slots: 0x00007ff822114720 jvm.dll
stack at sp + 3 slots: 0x00007ff8510b3ed0 glass.dll
stack at sp + 4 slots: 0x0000024be6afdfe8 points into unknown readable memory: 0x000015ec44796456 | 56 64 79 44 ec 15 00 00
stack at sp + 5 slots: 0x00007ff86b9942d6 ucrtbase.dll
stack at sp + 6 slots: 0x000015ec44796456 is an unknown value
stack at sp + 7 slots: 0x0000024b00000000 is an unknown value

VM_Operation (0x0000005bf7af65a0): Exit, mode: safepoint, requested by thread 0x0000024be6b11a60


---------------  P R O C E S S  ---------------

Threads class SMR info:
_java_thread_list=0x0000024be68efd50, length=19, elements={
0x0000024bff6ee920, 0x0000024ba0502be0, 0x0000024ba0503640, 0x0000024ba05050b0,
0x0000024ba0505b10, 0x0000024ba0507800, 0x0000024ba050a270, 0x0000024ba050d410,
0x0000024ba051b3d0, 0x0000024ba07eb5c0, 0x0000024be6542410, 0x0000024be650b310,
0x0000024be68458f0, 0x0000024be6b02650, 0x0000024be6b11a60, 0x0000024be6c5ce30,
0x0000024be708f0e0, 0x0000024bec6dc1a0, 0x0000024bec45d700
}

Java Threads: ( => current thread )
  0x0000024bff6ee920 JavaThread "main"                              [_thread_blocked, id=8888, stack(0x0000005bf5700000,0x0000005bf5800000) (1024K)]
  0x0000024ba0502be0 JavaThread "Reference Handler"          daemon [_thread_blocked, id=8516, stack(0x0000005bf5f00000,0x0000005bf6000000) (1024K)]
  0x0000024ba0503640 JavaThread "Finalizer"                  daemon [_thread_blocked, id=16108, stack(0x0000005bf6000000,0x0000005bf6100000) (1024K)]
  0x0000024ba05050b0 JavaThread "Signal Dispatcher"          daemon [_thread_blocked, id=19372, stack(0x0000005bf6100000,0x0000005bf6200000) (1024K)]
  0x0000024ba0505b10 JavaThread "Attach Listener"            daemon [_thread_blocked, id=8744, stack(0x0000005bf6200000,0x0000005bf6300000) (1024K)]
  0x0000024ba0507800 JavaThread "Service Thread"             daemon [_thread_blocked, id=8296, stack(0x0000005bf6300000,0x0000005bf6400000) (1024K)]
  0x0000024ba050a270 JavaThread "Monitor Deflation Thread"   daemon [_thread_blocked, id=10624, stack(0x0000005bf6400000,0x0000005bf6500000) (1024K)]
  0x0000024ba050d410 JavaThread "C2 CompilerThread0"         daemon [_thread_blocked, id=18440, stack(0x0000005bf6500000,0x0000005bf6600000) (1024K)]
  0x0000024ba051b3d0 JavaThread "C1 CompilerThread0"         daemon [_thread_blocked, id=13128, stack(0x0000005bf6600000,0x0000005bf6700000) (1024K)]
  0x0000024ba07eb5c0 JavaThread "Common-Cleaner"             daemon [_thread_blocked, id=5976, stack(0x0000005bf6900000,0x0000005bf6a00000) (1024K)]
  0x0000024be6542410 JavaThread "Monitor Ctrl-Break"         daemon [_thread_in_native, id=13016, stack(0x0000005bf7000000,0x0000005bf7100000) (1024K)]
  0x0000024be650b310 JavaThread "Notification Thread"        daemon [_thread_blocked, id=8780, stack(0x0000005bf7100000,0x0000005bf7200000) (1024K)]
  0x0000024be68458f0 JavaThread "QuantumRenderer-0"          daemon [_thread_blocked, id=13360, stack(0x0000005bf7600000,0x0000005bf7700000) (1024K)]
  0x0000024be6b02650 JavaThread "InvokeLaterDispatcher"      daemon [_thread_blocked, id=18396, stack(0x0000005bf7900000,0x0000005bf7a00000) (1024K)]
  0x0000024be6b11a60 JavaThread "JavaFX Application Thread"         [_thread_blocked, id=12940, stack(0x0000005bf7a00000,0x0000005bf7b00000) (1024K)]
  0x0000024be6c5ce30 JavaThread "Thread-1"                   daemon [_thread_in_native, id=10912, stack(0x0000005bf8400000,0x0000005bf8500000) (1024K)]
  0x0000024be708f0e0 JavaThread "JavaFX-Launcher"                   [_thread_blocked, id=8648, stack(0x0000005bf8a00000,0x0000005bf8b00000) (1024K)]
  0x0000024bec6dc1a0 JavaThread "Prism Font Disposer"        daemon [_thread_blocked, id=6400, stack(0x0000005bf8b00000,0x0000005bf8c00000) (1024K)]
  0x0000024bec45d700 JavaThread "Cleaner-0"                  daemon [_thread_blocked, id=15228, stack(0x0000005bf9300000,0x0000005bf9400000) (1024K)]
Total: 19

Other Threads:
=>0x0000024ba04ea5d0 VMThread "VM Thread"                           [id=5028, stack(0x0000005bf5e00000,0x0000005bf5f00000) (1024K)]
  0x0000024bff756050 WorkerThread "GC Thread#0"                     [id=12984, stack(0x0000005bf5800000,0x0000005bf5900000) (1024K)]
  0x0000024be6628900 WorkerThread "GC Thread#1"                     [id=8848, stack(0x0000005bf7200000,0x0000005bf7300000) (1024K)]
  0x0000024be65d63d0 WorkerThread "GC Thread#2"                     [id=8428, stack(0x0000005bf7300000,0x0000005bf7400000) (1024K)]
  0x0000024be65d6770 WorkerThread "GC Thread#3"                     [id=14784, stack(0x0000005bf7400000,0x0000005bf7500000) (1024K)]
  0x0000024be67033d0 WorkerThread "GC Thread#4"                     [id=8692, stack(0x0000005bf7500000,0x0000005bf7600000) (1024K)]
  0x0000024be6e24890 WorkerThread "GC Thread#5"                     [id=10448, stack(0x0000005bf8600000,0x0000005bf8700000) (1024K)]
  0x0000024be6e24150 WorkerThread "GC Thread#6"                     [id=15368, stack(0x0000005bf8700000,0x0000005bf8800000) (1024K)]
  0x0000024be6e24c30 WorkerThread "GC Thread#7"                     [id=11052, stack(0x0000005bf8800000,0x0000005bf8900000) (1024K)]
  0x0000024be6e23670 WorkerThread "GC Thread#8"                     [id=6824, stack(0x0000005bf8900000,0x0000005bf8a00000) (1024K)]
  0x0000024be6e244f0 WorkerThread "GC Thread#9"                     [id=3328, stack(0x0000005bf8d00000,0x0000005bf8e00000) (1024K)]
  0x0000024be6e23a10 WorkerThread "GC Thread#10"                    [id=12016, stack(0x0000005bf8e00000,0x0000005bf8f00000) (1024K)]
  0x0000024be6e232d0 WorkerThread "GC Thread#11"                    [id=12008, stack(0x0000005bf8f00000,0x0000005bf9000000) (1024K)]
  0x0000024be6e23db0 WorkerThread "GC Thread#12"                    [id=11980, stack(0x0000005bf9000000,0x0000005bf9100000) (1024K)]
  0x0000024bff7665f0 ConcurrentGCThread "G1 Main Marker"            terminated
  0x0000024bff7672a0 WorkerThread "G1 Conc#0"                       [id=420, stack(0x0000005bf5a00000,0x0000005bf5b00000) (1024K)]
  0x0000024bec126aa0 WorkerThread "G1 Conc#1"                       [id=1444, stack(0x0000005bf9100000,0x0000005bf9200000) (1024K)]
  0x0000024bec125140 WorkerThread "G1 Conc#2"                       [id=16920, stack(0x0000005bf9200000,0x0000005bf9300000) (1024K)]
  0x0000024ba03a0d80 ConcurrentGCThread "G1 Refine#0"               terminated
  0x0000024ba03a15a0 ConcurrentGCThread "G1 Service"                terminated
Total: 20

Threads with active compile tasks:
C2 CompilerThread0    48587 5672       4       java.lang.invoke.VarForm::getMemberName (31 bytes)
Total: 1

VM state: at safepoint (shutting down)

VM Mutex/Monitor currently owned by a thread:  ([mutex/lock_event])
[0x00007ff8220ecd68] Threads_lock - owner thread: 0x0000024ba04ea5d0
[0x00007ff8220ece68] Heap_lock - owner thread: 0x0000024be6b11a60

Heap address: 0x000000070a400000, size: 3932 MB, Compressed Oops mode: Zero based, Oop shift amount: 3

CDS archive(s) mapped at: [0x0000024ba1000000-0x0000024ba1c90000-0x0000024ba1c90000), size 13172736, SharedBaseAddress: 0x0000024ba1000000, ArchiveRelocationMode: 1.
Compressed class space mapped at: 0x0000024ba2000000-0x0000024be2000000, reserved size: 1073741824
Narrow klass base: 0x0000024ba1000000, Narrow klass shift: 0, Narrow klass range: 0x100000000

GC Precious Log:
 CardTable entry size: 512
 Card Set container configuration: InlinePtr #cards 4 size 8 Array Of Cards #cards 16 size 48 Howl #buckets 8 coarsen threshold 3686 Howl Bitmap #cards 512 size 80 coarsen threshold 460 Card regions per heap region 1 cards per card region 4096
 CPUs: 16 total, 16 available
 Memory: 15722M
 Large Page Support: Disabled
 NUMA Support: Disabled
 Compressed Oops: Enabled (Zero based)
 Heap Region Size: 2M
 Heap Min Capacity: 8M
 Heap Initial Capacity: 246M
 Heap Max Capacity: 3932M
 Pre-touch: Disabled
 Parallel Workers: 13
 Concurrent Workers: 3
 Concurrent Refinement Workers: 13
 Periodic GC: Disabled

Heap:
 garbage-first heap   total 67584K, used 21757K [0x000000070a400000, 0x0000000800000000)
  region size 2048K, 10 young (20480K), 7 survivors (14336K)
 Metaspace       used 26599K, committed 27136K, reserved 1114112K
  class space    used 3648K, committed 3904K, reserved 1048576K

Heap Regions: E=young(eden), S=young(survivor), O=old, HS=humongous(starts), HC=humongous(continues), CS=collection set, F=free, TAMS=top-at-mark-start, PB=parsable bottom
|   0|0x000000070a400000, 0x000000070a600000, 0x000000070a600000|100%|HS|  |TAMS 0x000000070a400000| PB 0x000000070a400000| Complete 
|   1|0x000000070a600000, 0x000000070a600000, 0x000000070a800000|  0%| F|  |TAMS 0x000000070a600000| PB 0x000000070a600000| Untracked 
|   2|0x000000070a800000, 0x000000070a800000, 0x000000070aa00000|  0%| F|  |TAMS 0x000000070a800000| PB 0x000000070a800000| Untracked 
|   3|0x000000070aa00000, 0x000000070aa00000, 0x000000070ac00000|  0%| F|  |TAMS 0x000000070aa00000| PB 0x000000070aa00000| Untracked 
|   4|0x000000070ac00000, 0x000000070ac00000, 0x000000070ae00000|  0%| F|  |TAMS 0x000000070ac00000| PB 0x000000070ac00000| Untracked 
|   5|0x000000070ae00000, 0x000000070ae00000, 0x000000070b000000|  0%| F|  |TAMS 0x000000070ae00000| PB 0x000000070ae00000| Untracked 
|   6|0x000000070b000000, 0x000000070b000000, 0x000000070b200000|  0%| F|  |TAMS 0x000000070b000000| PB 0x000000070b000000| Untracked 
|   7|0x000000070b200000, 0x000000070b200000, 0x000000070b400000|  0%| F|  |TAMS 0x000000070b200000| PB 0x000000070b200000| Untracked 
|   8|0x000000070b400000, 0x000000070b400000, 0x000000070b600000|  0%| F|  |TAMS 0x000000070b400000| PB 0x000000070b400000| Untracked 
|   9|0x000000070b600000, 0x000000070b600000, 0x000000070b800000|  0%| F|  |TAMS 0x000000070b600000| PB 0x000000070b600000| Untracked 
|  10|0x000000070b800000, 0x000000070b800000, 0x000000070ba00000|  0%| F|  |TAMS 0x000000070b800000| PB 0x000000070b800000| Untracked 
|  11|0x000000070ba00000, 0x000000070ba00000, 0x000000070bc00000|  0%| F|  |TAMS 0x000000070ba00000| PB 0x000000070ba00000| Untracked 
|  12|0x000000070bc00000, 0x000000070bc00000, 0x000000070be00000|  0%| F|  |TAMS 0x000000070bc00000| PB 0x000000070bc00000| Untracked 
|  13|0x000000070be00000, 0x000000070be00000, 0x000000070c000000|  0%| F|  |TAMS 0x000000070be00000| PB 0x000000070be00000| Untracked 
|  14|0x000000070c000000, 0x000000070c000000, 0x000000070c200000|  0%| F|  |TAMS 0x000000070c000000| PB 0x000000070c000000| Untracked 
|  15|0x000000070c200000, 0x000000070c200000, 0x000000070c400000|  0%| F|  |TAMS 0x000000070c200000| PB 0x000000070c200000| Untracked 
|  16|0x000000070c400000, 0x000000070c400000, 0x000000070c600000|  0%| F|  |TAMS 0x000000070c400000| PB 0x000000070c400000| Untracked 
|  17|0x000000070c600000, 0x000000070c800000, 0x000000070c800000|100%| S|CS|TAMS 0x000000070c600000| PB 0x000000070c600000| Complete 
|  18|0x000000070c800000, 0x000000070ca00000, 0x000000070ca00000|100%| S|CS|TAMS 0x000000070c800000| PB 0x000000070c800000| Complete 
|  19|0x000000070ca00000, 0x000000070cc00000, 0x000000070cc00000|100%| S|CS|TAMS 0x000000070ca00000| PB 0x000000070ca00000| Complete 
|  20|0x000000070cc00000, 0x000000070ce00000, 0x000000070ce00000|100%| S|CS|TAMS 0x000000070cc00000| PB 0x000000070cc00000| Complete 
|  21|0x000000070ce00000, 0x000000070d000000, 0x000000070d000000|100%| S|CS|TAMS 0x000000070ce00000| PB 0x000000070ce00000| Complete 
|  22|0x000000070d000000, 0x000000070d200000, 0x000000070d200000|100%| S|CS|TAMS 0x000000070d000000| PB 0x000000070d000000| Complete 
|  23|0x000000070d200000, 0x000000070d337590, 0x000000070d400000| 60%| S|CS|TAMS 0x000000070d200000| PB 0x000000070d200000| Complete 
|  88|0x0000000715400000, 0x0000000715400000, 0x0000000715600000|  0%| F|  |TAMS 0x0000000715400000| PB 0x0000000715400000| Untracked 
|  89|0x0000000715600000, 0x0000000715600000, 0x0000000715800000|  0%| F|  |TAMS 0x0000000715600000| PB 0x0000000715600000| Untracked 
|  90|0x0000000715800000, 0x0000000715800000, 0x0000000715a00000|  0%| F|  |TAMS 0x0000000715800000| PB 0x0000000715800000| Untracked 
|  91|0x0000000715a00000, 0x0000000715a00000, 0x0000000715c00000|  0%| F|  |TAMS 0x0000000715a00000| PB 0x0000000715a00000| Untracked 
|  96|0x0000000716400000, 0x00000007165edf58, 0x0000000716600000| 96%| E|  |TAMS 0x0000000716400000| PB 0x0000000716400000| Complete 
|  97|0x0000000716600000, 0x0000000716800000, 0x0000000716800000|100%| E|CS|TAMS 0x0000000716600000| PB 0x0000000716600000| Complete 
| 122|0x0000000719800000, 0x0000000719a00000, 0x0000000719a00000|100%| E|CS|TAMS 0x0000000719800000| PB 0x0000000719800000| Complete 
|1964|0x00000007ffc00000, 0x00000007ffc08100, 0x00000007ffe00000|  1%| O|  |TAMS 0x00000007ffc00000| PB 0x00000007ffc00000| Untracked 
|1965|0x00000007ffe00000, 0x0000000800000000, 0x0000000800000000|100%| O|  |TAMS 0x00000007ffe00000| PB 0x00000007ffe00000| Untracked 

Card table byte_map: [0x0000024b99060000,0x0000024b99810000] _byte_map_base: 0x0000024b9580e000

Marking Bits: (CMBitMap*) 0x0000024bff756750
 Bits: [0x0000024b99810000, 0x0000024b9d580000)

Polling page: 0x0000024bfeab0000

Metaspace:

Usage:
  Non-class:     22.41 MB used.
      Class:      3.56 MB used.
       Both:     25.98 MB used.

Virtual space:
  Non-class space:       64.00 MB reserved,      22.69 MB ( 35%) committed,  1 nodes.
      Class space:        1.00 GB reserved,       3.81 MB ( <1%) committed,  1 nodes.
             Both:        1.06 GB reserved,      26.50 MB (  2%) committed. 

Chunk freelists:
   Non-Class:  9.13 MB
       Class:  12.19 MB
        Both:  21.32 MB

MaxMetaspaceSize: unlimited
CompressedClassSpaceSize: 1.00 GB
Initial GC threshold: 21.00 MB
Current GC threshold: 35.25 MB
CDS: on
 - commit_granule_bytes: 65536.
 - commit_granule_words: 8192.
 - virtual_space_node_default_size: 8388608.
 - enlarge_chunks_in_place: 1.
 - use_allocation_guard: 0.


Internal statistics:

num_allocs_failed_limit: 3.
num_arena_births: 628.
num_arena_deaths: 0.
num_vsnodes_births: 2.
num_vsnodes_deaths: 0.
num_space_committed: 424.
num_space_uncommitted: 0.
num_chunks_returned_to_freelist: 3.
num_chunks_taken_from_freelist: 1538.
num_chunk_merges: 3.
num_chunk_splits: 1052.
num_chunks_enlarged: 749.
num_inconsistent_stats: 0.

CodeHeap 'non-profiled nmethods': size=119168Kb used=2422Kb max_used=2422Kb free=116745Kb
 bounds [0x0000024b91340000, 0x0000024b915b0000, 0x0000024b987a0000]
CodeHeap 'profiled nmethods': size=119104Kb used=11727Kb max_used=11727Kb free=107377Kb
 bounds [0x0000024b897a0000, 0x0000024b8a320000, 0x0000024b90bf0000]
CodeHeap 'non-nmethods': size=7488Kb used=1877Kb max_used=3566Kb free=5610Kb
 bounds [0x0000024b90bf0000, 0x0000024b90f80000, 0x0000024b91340000]
 total_blobs=6547 nmethods=5671 adapters=780
 compilation: enabled
              stopped_count=0, restarted_count=0
 full_count=0

Compilation events (20 events):
Event: 47.211 Thread 0x0000024be7153640 nmethod 5662 0x0000024b8a30ab90 code [0x0000024b8a30ad40, 0x0000024b8a30af00]
Event: 47.212 Thread 0x0000024be7153640 5667       3       javafx.scene.Node::invalidatedScenes (209 bytes)
Event: 47.212 Thread 0x0000024ba050d410 nmethod 5659 0x0000024b91599410 code [0x0000024b915995a0, 0x0000024b91599958]
Event: 47.212 Thread 0x0000024ba050d410 5665       4       java.lang.String::startsWith (7 bytes)
Event: 47.215 Thread 0x0000024ba050d410 nmethod 5665 0x0000024b91599a90 code [0x0000024b91599c40, 0x0000024b91599f50]
Event: 47.215 Thread 0x0000024ba050d410 5666       4       javafx.css.SimpleSelector::applies (54 bytes)
Event: 47.216 Thread 0x0000024be7153640 nmethod 5667 0x0000024b8a30b010 code [0x0000024b8a30b7a0, 0x0000024b8a310d18]
Event: 47.227 Thread 0x0000024ba050d410 nmethod 5666 0x0000024b9159a210 code [0x0000024b9159a4e0, 0x0000024b9159b3c8]
Event: 47.227 Thread 0x0000024ba050d410 5664       4       javafx.css.CssLexer$$Lambda/0x0000024ba2288c90::recognize (5 bytes)
Event: 47.227 Thread 0x0000024ba050d410 nmethod 5664 0x0000024b9159c390 code [0x0000024b9159c520, 0x0000024b9159c5c8]
Event: 47.253 Thread 0x0000024bec3a6c00 nmethod 5657 0x0000024b9159c690 code [0x0000024b9159c820, 0x0000024b9159d2e0]
Event: 47.399 Thread 0x0000024be7153640 5668       3       com.sun.scenario.animation.AbstractPrimaryTimer::removePulseReceiver (135 bytes)
Event: 47.400 Thread 0x0000024be7153640 nmethod 5668 0x0000024b8a312710 code [0x0000024b8a312940, 0x0000024b8a313320]
Event: 47.783 Thread 0x0000024ba050d410 5669       4       com.sun.javafx.event.BasicEventDispatcher::dispatchCapturingEvent (2 bytes)
Event: 47.783 Thread 0x0000024ba050d410 nmethod 5669 0x0000024b9159d410 code [0x0000024b9159d5a0, 0x0000024b9159d628]
Event: 47.823 Thread 0x0000024ba050d410 5670       4       java.util.ArrayList::clear (43 bytes)
Event: 47.825 Thread 0x0000024ba050d410 nmethod 5670 0x0000024b9159d710 code [0x0000024b9159d8a0, 0x0000024b9159da00]
Event: 47.919 Thread 0x0000024ba051b3d0 5671       3       com.sun.scenario.animation.shared.ClipInterpolator::getRealKeyFrameCount (34 bytes)
Event: 47.919 Thread 0x0000024ba051b3d0 nmethod 5671 0x0000024b8a313590 code [0x0000024b8a313760, 0x0000024b8a313a60]
Event: 48.008 Thread 0x0000024ba050d410 5672       4       java.lang.invoke.VarForm::getMemberName (31 bytes)

GC Heap History (8 events):
Event: 0.372 GC heap before
{Heap before GC invocations=0 (full 0):
 garbage-first heap   total 251904K, used 20480K [0x000000070a400000, 0x0000000800000000)
  region size 2048K, 11 young (22528K), 0 survivors (0K)
 Metaspace       used 2622K, committed 2816K, reserved 1114112K
  class space    used 264K, committed 320K, reserved 1048576K
}
Event: 0.375 GC heap after
{Heap after GC invocations=1 (full 0):
 garbage-first heap   total 251904K, used 2380K [0x000000070a400000, 0x0000000800000000)
  region size 2048K, 2 young (4096K), 2 survivors (4096K)
 Metaspace       used 2622K, committed 2816K, reserved 1114112K
  class space    used 264K, committed 320K, reserved 1048576K
}
Event: 1.034 GC heap before
{Heap before GC invocations=1 (full 0):
 garbage-first heap   total 251904K, used 51532K [0x000000070a400000, 0x0000000800000000)
  region size 2048K, 27 young (55296K), 2 survivors (4096K)
 Metaspace       used 10458K, committed 10816K, reserved 1114112K
  class space    used 1192K, committed 1344K, reserved 1048576K
}
Event: 1.039 GC heap after
{Heap after GC invocations=2 (full 0):
 garbage-first heap   total 251904K, used 6271K [0x000000070a400000, 0x0000000800000000)
  region size 2048K, 4 young (8192K), 4 survivors (8192K)
 Metaspace       used 10458K, committed 10816K, reserved 1114112K
  class space    used 1192K, committed 1344K, reserved 1048576K
}
Event: 1.672 GC heap before
{Heap before GC invocations=2 (full 0):
 garbage-first heap   total 251904K, used 53375K [0x000000070a400000, 0x0000000800000000)
  region size 2048K, 29 young (59392K), 4 survivors (8192K)
 Metaspace       used 21133K, committed 21504K, reserved 1114112K
  class space    used 2848K, committed 3008K, reserved 1048576K
}
Event: 1.679 GC heap after
{Heap after GC invocations=3 (full 0):
 garbage-first heap   total 251904K, used 11454K [0x000000070a400000, 0x0000000800000000)
  region size 2048K, 6 young (12288K), 6 survivors (12288K)
 Metaspace       used 21133K, committed 21504K, reserved 1114112K
  class space    used 2848K, committed 3008K, reserved 1048576K
}
Event: 43.339 GC heap before
{Heap before GC invocations=4 (full 0):
 garbage-first heap   total 49152K, used 46270K [0x000000070a400000, 0x0000000800000000)
  region size 2048K, 23 young (47104K), 6 survivors (12288K)
 Metaspace       used 26447K, committed 26944K, reserved 1114112K
  class space    used 3622K, committed 3840K, reserved 1048576K
}
Event: 43.347 GC heap after
{Heap after GC invocations=5 (full 0):
 garbage-first heap   total 67584K, used 17661K [0x000000070a400000, 0x0000000800000000)
  region size 2048K, 7 young (14336K), 7 survivors (14336K)
 Metaspace       used 26447K, committed 26944K, reserved 1114112K
  class space    used 3622K, committed 3840K, reserved 1048576K
}

Dll operation events (20 events):
Event: 0.387 Loaded shared library C:\Users\admin\.openjfx\cache\21+31\amd64\api-ms-win-crt-math-l1-1-0.dll
Event: 0.389 Loaded shared library C:\Users\admin\.openjfx\cache\21+31\amd64\api-ms-win-crt-multibyte-l1-1-0.dll
Event: 0.392 Loaded shared library C:\Users\admin\.openjfx\cache\21+31\amd64\api-ms-win-crt-private-l1-1-0.dll
Event: 0.394 Loaded shared library C:\Users\admin\.openjfx\cache\21+31\amd64\api-ms-win-crt-process-l1-1-0.dll
Event: 0.396 Loaded shared library C:\Users\admin\.openjfx\cache\21+31\amd64\api-ms-win-crt-runtime-l1-1-0.dll
Event: 0.398 Loaded shared library C:\Users\admin\.openjfx\cache\21+31\amd64\api-ms-win-crt-stdio-l1-1-0.dll
Event: 0.400 Loaded shared library C:\Users\admin\.openjfx\cache\21+31\amd64\api-ms-win-crt-string-l1-1-0.dll
Event: 0.403 Loaded shared library C:\Users\admin\.openjfx\cache\21+31\amd64\api-ms-win-crt-time-l1-1-0.dll
Event: 0.405 Loaded shared library C:\Users\admin\.openjfx\cache\21+31\amd64\api-ms-win-crt-utility-l1-1-0.dll
Event: 0.414 Loaded shared library C:\Users\admin\.openjfx\cache\21+31\amd64\ucrtbase.dll
Event: 0.417 Loaded shared library C:\Users\admin\.openjfx\cache\21+31\amd64\vcruntime140.dll
Event: 0.419 Loaded shared library C:\Users\admin\.openjfx\cache\21+31\amd64\vcruntime140_1.dll
Event: 0.425 Loaded shared library C:\Users\admin\.openjfx\cache\21+31\amd64\msvcp140.dll
Event: 0.427 Loaded shared library C:\Users\admin\.openjfx\cache\21+31\amd64\msvcp140_1.dll
Event: 0.430 Loaded shared library C:\Users\admin\.openjfx\cache\21+31\amd64\msvcp140_2.dll
Event: 0.459 Loaded shared library C:\Users\admin\.openjfx\cache\21+31\amd64\prism_d3d.dll
Event: 0.488 Loaded shared library C:\Users\admin\.openjfx\cache\21+31\amd64\glass.dll
Event: 0.567 Loaded shared library C:\Users\admin\.jdks\openjdk-21.0.2\bin\jimage.dll
Event: 1.232 Loaded shared library C:\Users\admin\AppData\Local\Temp\sqlite-3.45.3.0-9ce8fe1e-917e-4cce-8aec-745da37b09cc-sqlitejdbc.dll
Event: 1.327 Loaded shared library C:\Users\admin\.openjfx\cache\21+31\amd64\javafx_font.dll

Deoptimization events (20 events):
Event: 47.203 Thread 0x0000024be6b11a60 Uncommon trap: trap_request=0xffffff6e fr.pc=0x0000024b9158810c relative=0x0000000000000fac
Event: 47.203 Thread 0x0000024be6b11a60 Uncommon trap: reason=loop_limit_check action=maybe_recompile pc=0x0000024b9158810c method=com.sun.javafx.image.impl.BaseByteToByteConverter$FourByteReorderer.doConvert([BII[BIIII)V @ 27 c2
Event: 47.203 Thread 0x0000024be6b11a60 DEOPT PACKING pc=0x0000024b9158810c sp=0x0000005bf7af5800
Event: 47.203 Thread 0x0000024be6b11a60 DEOPT UNPACKING pc=0x0000024b90c446a2 sp=0x0000005bf7af57a8 mode 2
Event: 47.204 Thread 0x0000024be6b11a60 DEOPT PACKING pc=0x0000024b8a2bbd73 sp=0x0000005bf7af5850
Event: 47.204 Thread 0x0000024be6b11a60 DEOPT UNPACKING pc=0x0000024b90c44e42 sp=0x0000005bf7af4c98 mode 0
Event: 47.205 Thread 0x0000024be6b11a60 DEOPT PACKING pc=0x0000024b8a2bbd73 sp=0x0000005bf7af5850
Event: 47.205 Thread 0x0000024be6b11a60 DEOPT UNPACKING pc=0x0000024b90c44e42 sp=0x0000005bf7af4c98 mode 0
Event: 47.206 Thread 0x0000024be6b11a60 DEOPT PACKING pc=0x0000024b8a2bbd73 sp=0x0000005bf7af5850
Event: 47.206 Thread 0x0000024be6b11a60 DEOPT UNPACKING pc=0x0000024b90c44e42 sp=0x0000005bf7af4c98 mode 0
Event: 47.207 Thread 0x0000024be6b11a60 DEOPT PACKING pc=0x0000024b8a2bbd73 sp=0x0000005bf7af5850
Event: 47.207 Thread 0x0000024be6b11a60 DEOPT UNPACKING pc=0x0000024b90c44e42 sp=0x0000005bf7af4c98 mode 0
Event: 47.208 Thread 0x0000024be6b11a60 Uncommon trap: trap_request=0xffffff6e fr.pc=0x0000024b91598bcc relative=0x00000000000003ac
Event: 47.208 Thread 0x0000024be6b11a60 Uncommon trap: reason=loop_limit_check action=maybe_recompile pc=0x0000024b91598bcc method=com.sun.javafx.image.impl.ByteBgra$ToByteBgraPreConv.doConvert([BII[BIIII)V @ 21 c2
Event: 47.208 Thread 0x0000024be6b11a60 DEOPT PACKING pc=0x0000024b91598bcc sp=0x0000005bf7af5870
Event: 47.208 Thread 0x0000024be6b11a60 DEOPT UNPACKING pc=0x0000024b90c446a2 sp=0x0000005bf7af57a0 mode 2
Event: 47.212 Thread 0x0000024be6b11a60 Uncommon trap: trap_request=0xffffffc6 fr.pc=0x0000024b91525b78 relative=0x00000000000001d8
Event: 47.212 Thread 0x0000024be6b11a60 Uncommon trap: reason=bimorphic_or_optimized_type_check action=maybe_recompile pc=0x0000024b91525b78 method=javafx.scene.Node.getGeomBounds(Lcom/sun/javafx/geom/BaseBounds;Lcom/sun/javafx/geom/transform/BaseTransform;)Lcom/sun/javafx/geom/BaseBounds; @ 1 
Event: 47.212 Thread 0x0000024be6b11a60 DEOPT PACKING pc=0x0000024b91525b78 sp=0x0000005bf7af50d0
Event: 47.212 Thread 0x0000024be6b11a60 DEOPT UNPACKING pc=0x0000024b90c446a2 sp=0x0000005bf7af5080 mode 2

Classes loaded (20 events):
Event: 25.282 Loading class java/util/stream/Nodes$IntFixedNodeBuilder
Event: 25.282 Loading class java/util/stream/Node$Builder$OfInt
Event: 25.282 Loading class java/util/stream/Node$Builder$OfInt done
Event: 25.282 Loading class java/util/stream/Nodes$IntArrayNode
Event: 25.282 Loading class java/util/stream/Nodes$IntArrayNode done
Event: 25.282 Loading class java/util/stream/Nodes$IntFixedNodeBuilder done
Event: 25.282 Loading class java/util/stream/LongPipeline$4$1
Event: 25.282 Loading class java/util/stream/Sink$ChainedLong
Event: 25.282 Loading class java/util/stream/Sink$OfLong
Event: 25.282 Loading class java/util/stream/Sink$OfLong done
Event: 25.282 Loading class java/util/stream/Sink$ChainedLong done
Event: 25.282 Loading class java/util/stream/LongPipeline$4$1 done
Event: 25.295 Loading class java/io/SequenceInputStream
Event: 25.295 Loading class java/io/SequenceInputStream done
Event: 43.329 Loading class java/time/DateTimeException
Event: 43.329 Loading class java/time/DateTimeException done
Event: 43.330 Loading class java/time/format/FormatStyle
Event: 43.330 Loading class java/time/format/FormatStyle done
Event: 46.391 Loading class java/util/function/UnaryOperator
Event: 46.391 Loading class java/util/function/UnaryOperator done

Classes unloaded (0 events):
No events

Classes redefined (0 events):
No events

Internal exceptions (20 events):
Event: 3.188 Thread 0x0000024be6b11a60 Exception <a 'java/lang/NoSuchMethodError'{0x000000070bb4b840}: 'java.lang.Object java.lang.invoke.Invokers$Holder.linkToTargetMethod(java.lang.Object, long, java.lang.Object)'> (0x000000070bb4b840) 
thrown [s\open\src\hotspot\share\interpreter\linkResolver.cpp, line 773]
Event: 3.257 Thread 0x0000024be6b11a60 Exception <a 'java/io/FileNotFoundException'{0x000000070bbb5130}> (0x000000070bbb5130) 
thrown [s\open\src\hotspot\share\prims\jni.cpp, line 520]
Event: 20.456 Thread 0x0000024be6b11a60 Exception <a 'java/lang/NoSuchMethodError'{0x000000070b471e70}: 'java.lang.Object java.lang.invoke.DirectMethodHandle$Holder.newInvokeSpecial(java.lang.Object, java.lang.Object, int, int, int, int, int, java.lang.Object)'> (0x000000070b471e70) 
thrown [s\open\src\hotspot\share\interpreter\linkResolver.cpp, line 773]
Event: 20.457 Thread 0x0000024be6b11a60 Exception <a 'java/lang/NoSuchMethodError'{0x000000070b483fe0}: 'java.lang.Object java.lang.invoke.DirectMethodHandle$Holder.newInvokeSpecial(java.lang.Object, java.lang.Object, java.lang.Object, int, int, int, int, int)'> (0x000000070b483fe0) 
thrown [s\open\src\hotspot\share\interpreter\linkResolver.cpp, line 773]
Event: 20.457 Thread 0x0000024be6b11a60 Exception <a 'java/lang/NoSuchMethodError'{0x000000070b48b880}: 'java.lang.Object java.lang.invoke.Invokers$Holder.linkToTargetMethod(java.lang.Object, java.lang.Object, int, int, int, int, int, java.lang.Object)'> (0x000000070b48b880) 
thrown [s\open\src\hotspot\share\interpreter\linkResolver.cpp, line 773]
Event: 25.264 Thread 0x0000024be6b11a60 Exception <a 'java/lang/NoSuchMethodError'{0x000000070b59adf0}: 'void java.lang.invoke.DirectMethodHandle$Holder.invokeInterface(java.lang.Object, java.lang.Object, int)'> (0x000000070b59adf0) 
thrown [s\open\src\hotspot\share\interpreter\linkResolver.cpp, line 773]
Event: 25.270 Thread 0x0000024be6b11a60 Exception <a 'java/lang/NoSuchMethodError'{0x000000070b5dd678}: 'java.lang.Object java.lang.invoke.DirectMethodHandle$Holder.invokeSpecial(java.lang.Object, java.lang.Object, int, java.lang.Object, long)'> (0x000000070b5dd678) 
thrown [s\open\src\hotspot\share\interpreter\linkResolver.cpp, line 773]
Event: 25.277 Thread 0x0000024be6b11a60 Exception <a 'java/lang/NoSuchMethodError'{0x000000070b2134d8}: 'java.lang.Object java.lang.invoke.DirectMethodHandle$Holder.newInvokeSpecial(java.lang.Object, java.lang.Object, int, java.lang.Object, int)'> (0x000000070b2134d8) 
thrown [s\open\src\hotspot\share\interpreter\linkResolver.cpp, line 773]
Event: 25.277 Thread 0x0000024be6b11a60 Exception <a 'java/lang/NoSuchMethodError'{0x000000070b217b58}: 'java.lang.Object java.lang.invoke.DirectMethodHandle$Holder.invokeSpecial(java.lang.Object, java.lang.Object, java.lang.Object, int, java.lang.Object, int)'> (0x000000070b217b58) 
thrown [s\open\src\hotspot\share\interpreter\linkResolver.cpp, line 773]
Event: 25.283 Thread 0x0000024be6b11a60 Exception <a 'java/lang/NoSuchMethodError'{0x000000070b230fa0}: 'void java.lang.invoke.DirectMethodHandle$Holder.invokeInterface(java.lang.Object, java.lang.Object)'> (0x000000070b230fa0) 
thrown [s\open\src\hotspot\share\interpreter\linkResolver.cpp, line 773]
Event: 26.178 Thread 0x0000024be6b11a60 Exception <a 'java/io/FileNotFoundException'{0x000000070ae229f0}> (0x000000070ae229f0) 
thrown [s\open\src\hotspot\share\prims\jni.cpp, line 520]
Event: 36.508 Thread 0x0000024be6b11a60 Exception <a 'java/io/FileNotFoundException'{0x000000070ab84520}> (0x000000070ab84520) 
thrown [s\open\src\hotspot\share\prims\jni.cpp, line 520]
Event: 42.011 Thread 0x0000024be6b11a60 Exception <a 'java/io/FileNotFoundException'{0x000000070a63ccd8}> (0x000000070a63ccd8) 
thrown [s\open\src\hotspot\share\prims\jni.cpp, line 520]
Event: 43.350 Thread 0x0000024be6b11a60 Exception <a 'java/io/FileNotFoundException'{0x0000000719930f90}> (0x0000000719930f90) 
thrown [s\open\src\hotspot\share\prims\jni.cpp, line 520]
Event: 43.353 Thread 0x0000024be6b11a60 Exception <a 'java/lang/ClassNotFoundException'{0x000000071663e6c8}: com/sun/javafx/scene/control/skin/resources/controls-nt> (0x000000071663e6c8) 
thrown [s\open\src\hotspot\share\prims\jni.cpp, line 539]
Event: 43.354 Thread 0x0000024be6b11a60 Exception <a 'java/lang/ClassNotFoundException'{0x0000000716647a80}: com/sun/javafx/scene/control/skin/resources/controls-nt_uk> (0x0000000716647a80) 
thrown [s\open\src\hotspot\share\prims\jni.cpp, line 539]
Event: 43.354 Thread 0x0000024be6b11a60 Exception <a 'java/lang/ClassNotFoundException'{0x0000000716649a58}: com/sun/javafx/scene/control/skin/resources/controls-nt_uk_UA> (0x0000000716649a58) 
thrown [s\open\src\hotspot\share\prims\jni.cpp, line 539]
Event: 46.393 Thread 0x0000024be6b11a60 Exception <a 'java/io/FileNotFoundException'{0x00000007167d26e8}> (0x00000007167d26e8) 
thrown [s\open\src\hotspot\share\prims\jni.cpp, line 520]
Event: 46.830 Thread 0x0000024be6b11a60 Exception <a 'java/io/FileNotFoundException'{0x000000071642a1c8}> (0x000000071642a1c8) 
thrown [s\open\src\hotspot\share\prims\jni.cpp, line 520]
Event: 47.210 Thread 0x0000024be6b11a60 Exception <a 'java/io/FileNotFoundException'{0x00000007164ee590}> (0x00000007164ee590) 
thrown [s\open\src\hotspot\share\prims\jni.cpp, line 520]

ZGC Phase Switch (0 events):
No events

VM Operations (20 events):
Event: 36.552 Executing VM operation: HandshakeAllThreads (Deoptimize) done
Event: 36.554 Executing VM operation: HandshakeAllThreads (Deoptimize)
Event: 36.554 Executing VM operation: HandshakeAllThreads (Deoptimize) done
Event: 37.554 Executing VM operation: Cleanup
Event: 37.554 Executing VM operation: Cleanup done
Event: 39.555 Executing VM operation: Cleanup
Event: 39.555 Executing VM operation: Cleanup done
Event: 42.557 Executing VM operation: Cleanup
Event: 42.557 Executing VM operation: Cleanup done
Event: 43.326 Executing VM operation: HandshakeAllThreads (Deoptimize)
Event: 43.326 Executing VM operation: HandshakeAllThreads (Deoptimize) done
Event: 43.339 Executing VM operation: G1CollectForAllocation (G1 Evacuation Pause)
Event: 43.347 Executing VM operation: G1CollectForAllocation (G1 Evacuation Pause) done
Event: 44.348 Executing VM operation: Cleanup
Event: 44.348 Executing VM operation: Cleanup done
Event: 46.348 Executing VM operation: Cleanup
Event: 46.348 Executing VM operation: Cleanup done
Event: 47.349 Executing VM operation: Cleanup
Event: 47.349 Executing VM operation: Cleanup done
Event: 48.009 Executing VM operation: Exit

Events (20 events):
Event: 11.281 Thread 0x0000024ba06ffa30 Thread exited: 0x0000024ba06ffa30
Event: 19.343 Thread 0x0000024ba054e530 Thread exited: 0x0000024ba054e530
Event: 20.657 Thread 0x0000024ba06ffa30 Thread added: 0x0000024ba06ffa30
Event: 22.092 Thread 0x0000024ba06ffa30 Thread exited: 0x0000024ba06ffa30
Event: 22.130 Thread 0x0000024ba06ffa30 Thread added: 0x0000024ba06ffa30
Event: 24.743 Thread 0x0000024ba06ffa30 Thread exited: 0x0000024ba06ffa30
Event: 26.175 Thread 0x0000024be6272bc0 Thread added: 0x0000024be6272bc0
Event: 33.537 Thread 0x0000024be6272bc0 Thread exited: 0x0000024be6272bc0
Event: 35.488 Thread 0x0000024be6278840 Thread added: 0x0000024be6278840
Event: 39.199 Thread 0x0000024be6278840 Thread exited: 0x0000024be6278840
Event: 43.323 Thread 0x0000024bec82a280 Thread added: 0x0000024bec82a280
Event: 45.783 Thread 0x0000024bec82a280 Thread exited: 0x0000024bec82a280
Event: 46.390 Thread 0x0000024be7153640 Thread added: 0x0000024be7153640
Event: 47.203 Thread 0x0000024bec3a6c00 Thread added: 0x0000024bec3a6c00
Event: 47.399 Thread 0x0000024bec3a6c00 Thread exited: 0x0000024bec3a6c00
Event: 47.919 Thread 0x0000024be7153640 Thread exited: 0x0000024be7153640
Event: 48.007 Thread 0x0000024bec45dd90 Thread added: 0x0000024bec45dd90
Event: 48.007 Thread 0x0000024bec45c9e0 Thread added: 0x0000024bec45c9e0
Event: 48.008 Thread 0x0000024bec45c9e0 Thread exited: 0x0000024bec45c9e0
Event: 48.008 Thread 0x0000024bec45dd90 Thread exited: 0x0000024bec45dd90


Dynamic libraries:
0x00007ff7f43e0000 - 0x00007ff7f43ee000 	C:\Users\admin\.jdks\openjdk-21.0.2\bin\java.exe
0x00007ff86e2d0000 - 0x00007ff86e4c8000 	C:\Windows\SYSTEM32\ntdll.dll
0x00007ff86cb90000 - 0x00007ff86cc4d000 	C:\Windows\System32\KERNEL32.DLL
0x00007ff86bc00000 - 0x00007ff86bef6000 	C:\Windows\System32\KERNELBASE.dll
0x00007ff86b980000 - 0x00007ff86ba80000 	C:\Windows\System32\ucrtbase.dll
0x00007ff85afc0000 - 0x00007ff85afd8000 	C:\Users\admin\.jdks\openjdk-21.0.2\bin\jli.dll
0x00007ff85c980000 - 0x00007ff85c99b000 	C:\Users\admin\.jdks\openjdk-21.0.2\bin\VCRUNTIME140.dll
0x00007ff86cc50000 - 0x00007ff86cdef000 	C:\Windows\System32\USER32.dll
0x00007ff86c2d0000 - 0x00007ff86c2f2000 	C:\Windows\System32\win32u.dll
0x00007ff852340000 - 0x00007ff8525da000 	C:\Windows\WinSxS\amd64_microsoft.windows.common-controls_6595b64144ccf1df_6.0.19041.4355_none_60b8b9eb71f62e16\COMCTL32.dll
0x00007ff86cf10000 - 0x00007ff86cf3b000 	C:\Windows\System32\GDI32.dll
0x00007ff86e180000 - 0x00007ff86e21e000 	C:\Windows\System32\msvcrt.dll
0x00007ff86bf90000 - 0x00007ff86c0a7000 	C:\Windows\System32\gdi32full.dll
0x00007ff86bab0000 - 0x00007ff86bb4d000 	C:\Windows\System32\msvcp_win.dll
0x00007ff86d650000 - 0x00007ff86d682000 	C:\Windows\System32\IMM32.DLL
0x00007ff869e90000 - 0x00007ff869e9c000 	C:\Users\admin\.jdks\openjdk-21.0.2\bin\vcruntime140_1.dll
0x00007ff851de0000 - 0x00007ff851e6e000 	C:\Users\admin\.jdks\openjdk-21.0.2\bin\msvcp140.dll
0x00007ff8214b0000 - 0x00007ff8221c7000 	C:\Users\admin\.jdks\openjdk-21.0.2\bin\server\jvm.dll
0x00007ff86d310000 - 0x00007ff86d3c0000 	C:\Windows\System32\ADVAPI32.dll
0x00007ff86e0e0000 - 0x00007ff86e180000 	C:\Windows\System32\sechost.dll
0x00007ff86d690000 - 0x00007ff86d7b3000 	C:\Windows\System32\RPCRT4.dll
0x00007ff86ba80000 - 0x00007ff86baa7000 	C:\Windows\System32\bcrypt.dll
0x00007ff86e220000 - 0x00007ff86e28b000 	C:\Windows\System32\WS2_32.dll
0x00007ff86b720000 - 0x00007ff86b76b000 	C:\Windows\SYSTEM32\POWRPROF.dll
0x00007ff85f230000 - 0x00007ff85f23a000 	C:\Windows\SYSTEM32\VERSION.dll
0x00007ff85a830000 - 0x00007ff85a857000 	C:\Windows\SYSTEM32\WINMM.dll
0x00007ff86b700000 - 0x00007ff86b712000 	C:\Windows\SYSTEM32\UMPDC.dll
0x00007ff86a1c0000 - 0x00007ff86a1d2000 	C:\Windows\SYSTEM32\kernel.appcore.dll
0x00007ff8644a0000 - 0x00007ff8644aa000 	C:\Users\admin\.jdks\openjdk-21.0.2\bin\jimage.dll
0x00007ff869ed0000 - 0x00007ff86a0b4000 	C:\Windows\SYSTEM32\DBGHELP.DLL
0x00007ff862570000 - 0x00007ff8625a4000 	C:\Windows\SYSTEM32\dbgcore.DLL
0x00007ff86bf00000 - 0x00007ff86bf82000 	C:\Windows\System32\bcryptPrimitives.dll
0x00007ff864230000 - 0x00007ff86423f000 	C:\Users\admin\.jdks\openjdk-21.0.2\bin\instrument.dll
0x00007ff85ad60000 - 0x00007ff85ad7f000 	C:\Users\admin\.jdks\openjdk-21.0.2\bin\java.dll
0x00007ff86c410000 - 0x00007ff86cb7b000 	C:\Windows\System32\SHELL32.dll
0x00007ff869660000 - 0x00007ff869dfd000 	C:\Windows\SYSTEM32\windows.storage.dll
0x00007ff86d7c0000 - 0x00007ff86db13000 	C:\Windows\System32\combase.dll
0x00007ff86b330000 - 0x00007ff86b35e000 	C:\Windows\SYSTEM32\Wldp.dll
0x00007ff86d220000 - 0x00007ff86d2ed000 	C:\Windows\System32\OLEAUT32.dll
0x00007ff86ce60000 - 0x00007ff86cf0d000 	C:\Windows\System32\SHCORE.dll
0x00007ff86db20000 - 0x00007ff86db75000 	C:\Windows\System32\shlwapi.dll
0x00007ff86b8b0000 - 0x00007ff86b8d4000 	C:\Windows\SYSTEM32\profapi.dll
0x00007ff834610000 - 0x00007ff8346e7000 	C:\Users\admin\.jdks\openjdk-21.0.2\bin\jsvml.dll
0x00007ff864470000 - 0x00007ff864480000 	C:\Users\admin\.jdks\openjdk-21.0.2\bin\net.dll
0x00007ff867dc0000 - 0x00007ff867eca000 	C:\Windows\SYSTEM32\WINHTTP.dll
0x00007ff86b030000 - 0x00007ff86b09a000 	C:\Windows\system32\mswsock.dll
0x00007ff85a790000 - 0x00007ff85a7a6000 	C:\Users\admin\.jdks\openjdk-21.0.2\bin\nio.dll
0x00007ff8596b0000 - 0x00007ff8596c8000 	C:\Users\admin\.jdks\openjdk-21.0.2\bin\zip.dll
0x00007ff859690000 - 0x00007ff8596aa000 	C:\Program Files\JetBrains\IntelliJ IDEA 2023.3.2\bin\breakgen64.dll
0x0000024ba0a90000 - 0x0000024ba0a93000 	C:\Users\admin\.openjfx\cache\21+31\amd64\api-ms-win-core-console-l1-1-0.dll
0x0000024ba0aa0000 - 0x0000024ba0aa3000 	C:\Users\admin\.openjfx\cache\21+31\amd64\api-ms-win-core-console-l1-2-0.dll
0x0000024ba0ab0000 - 0x0000024ba0ab3000 	C:\Users\admin\.openjfx\cache\21+31\amd64\api-ms-win-core-datetime-l1-1-0.dll
0x0000024ba0ac0000 - 0x0000024ba0ac3000 	C:\Users\admin\.openjfx\cache\21+31\amd64\api-ms-win-core-debug-l1-1-0.dll
0x0000024ba0ad0000 - 0x0000024ba0ad3000 	C:\Users\admin\.openjfx\cache\21+31\amd64\api-ms-win-core-errorhandling-l1-1-0.dll
0x0000024ba0ae0000 - 0x0000024ba0ae4000 	C:\Users\admin\.openjfx\cache\21+31\amd64\api-ms-win-core-file-l1-1-0.dll
0x0000024ba0af0000 - 0x0000024ba0af3000 	C:\Users\admin\.openjfx\cache\21+31\amd64\api-ms-win-core-file-l1-2-0.dll
0x0000024ba0b00000 - 0x0000024ba0b03000 	C:\Users\admin\.openjfx\cache\21+31\amd64\api-ms-win-core-file-l2-1-0.dll
0x0000024ba0b10000 - 0x0000024ba0b13000 	C:\Users\admin\.openjfx\cache\21+31\amd64\api-ms-win-core-handle-l1-1-0.dll
0x0000024ba0b20000 - 0x0000024ba0b23000 	C:\Users\admin\.openjfx\cache\21+31\amd64\api-ms-win-core-heap-l1-1-0.dll
0x0000024ba0b30000 - 0x0000024ba0b33000 	C:\Users\admin\.openjfx\cache\21+31\amd64\api-ms-win-core-interlocked-l1-1-0.dll
0x0000024ba0b40000 - 0x0000024ba0b43000 	C:\Users\admin\.openjfx\cache\21+31\amd64\api-ms-win-core-libraryloader-l1-1-0.dll
0x0000024ba0b50000 - 0x0000024ba0b53000 	C:\Users\admin\.openjfx\cache\21+31\amd64\api-ms-win-core-localization-l1-2-0.dll
0x0000024ba0b60000 - 0x0000024ba0b63000 	C:\Users\admin\.openjfx\cache\21+31\amd64\api-ms-win-core-memory-l1-1-0.dll
0x0000024ba0b70000 - 0x0000024ba0b73000 	C:\Users\admin\.openjfx\cache\21+31\amd64\api-ms-win-core-namedpipe-l1-1-0.dll
0x0000024ba0b80000 - 0x0000024ba0b83000 	C:\Users\admin\.openjfx\cache\21+31\amd64\api-ms-win-core-processenvironment-l1-1-0.dll
0x0000024ba0b90000 - 0x0000024ba0b93000 	C:\Users\admin\.openjfx\cache\21+31\amd64\api-ms-win-core-processthreads-l1-1-0.dll
0x0000024ba0ba0000 - 0x0000024ba0ba3000 	C:\Users\admin\.openjfx\cache\21+31\amd64\api-ms-win-core-processthreads-l1-1-1.dll
0x0000024ba0bb0000 - 0x0000024ba0bb3000 	C:\Users\admin\.openjfx\cache\21+31\amd64\api-ms-win-core-profile-l1-1-0.dll
0x0000024ba0bc0000 - 0x0000024ba0bc3000 	C:\Users\admin\.openjfx\cache\21+31\amd64\api-ms-win-core-rtlsupport-l1-1-0.dll
0x0000024ba0bd0000 - 0x0000024ba0bd3000 	C:\Users\admin\.openjfx\cache\21+31\amd64\api-ms-win-core-string-l1-1-0.dll
0x0000024ba0be0000 - 0x0000024ba0be3000 	C:\Users\admin\.openjfx\cache\21+31\amd64\api-ms-win-core-synch-l1-1-0.dll
0x0000024ba0bf0000 - 0x0000024ba0bf3000 	C:\Users\admin\.openjfx\cache\21+31\amd64\api-ms-win-core-synch-l1-2-0.dll
0x0000024ba0c00000 - 0x0000024ba0c03000 	C:\Users\admin\.openjfx\cache\21+31\amd64\api-ms-win-core-sysinfo-l1-1-0.dll
0x0000024ba0c10000 - 0x0000024ba0c13000 	C:\Users\admin\.openjfx\cache\21+31\amd64\api-ms-win-core-timezone-l1-1-0.dll
0x0000024ba0c20000 - 0x0000024ba0c23000 	C:\Users\admin\.openjfx\cache\21+31\amd64\api-ms-win-core-util-l1-1-0.dll
0x0000024ba0c30000 - 0x0000024ba0c33000 	C:\Users\admin\.openjfx\cache\21+31\amd64\api-ms-win-crt-conio-l1-1-0.dll
0x0000024ba0c40000 - 0x0000024ba0c44000 	C:\Users\admin\.openjfx\cache\21+31\amd64\api-ms-win-crt-convert-l1-1-0.dll
0x0000024ba0c50000 - 0x0000024ba0c53000 	C:\Users\admin\.openjfx\cache\21+31\amd64\api-ms-win-crt-environment-l1-1-0.dll
0x0000024ba0c60000 - 0x0000024ba0c63000 	C:\Users\admin\.openjfx\cache\21+31\amd64\api-ms-win-crt-filesystem-l1-1-0.dll
0x0000024ba0c70000 - 0x0000024ba0c73000 	C:\Users\admin\.openjfx\cache\21+31\amd64\api-ms-win-crt-heap-l1-1-0.dll
0x0000024ba0c80000 - 0x0000024ba0c83000 	C:\Users\admin\.openjfx\cache\21+31\amd64\api-ms-win-crt-locale-l1-1-0.dll
0x0000024ba0c90000 - 0x0000024ba0c95000 	C:\Users\admin\.openjfx\cache\21+31\amd64\api-ms-win-crt-math-l1-1-0.dll
0x0000024ba0ca0000 - 0x0000024ba0ca5000 	C:\Users\admin\.openjfx\cache\21+31\amd64\api-ms-win-crt-multibyte-l1-1-0.dll
0x0000024ba0cb0000 - 0x0000024ba0cc0000 	C:\Users\admin\.openjfx\cache\21+31\amd64\api-ms-win-crt-private-l1-1-0.dll
0x0000024ba0cc0000 - 0x0000024ba0cc3000 	C:\Users\admin\.openjfx\cache\21+31\amd64\api-ms-win-crt-process-l1-1-0.dll
0x0000024ba0cd0000 - 0x0000024ba0cd4000 	C:\Users\admin\.openjfx\cache\21+31\amd64\api-ms-win-crt-runtime-l1-1-0.dll
0x0000024ba0ce0000 - 0x0000024ba0ce4000 	C:\Users\admin\.openjfx\cache\21+31\amd64\api-ms-win-crt-stdio-l1-1-0.dll
0x0000024ba0cf0000 - 0x0000024ba0cf4000 	C:\Users\admin\.openjfx\cache\21+31\amd64\api-ms-win-crt-string-l1-1-0.dll
0x0000024ba0d00000 - 0x0000024ba0d03000 	C:\Users\admin\.openjfx\cache\21+31\amd64\api-ms-win-crt-time-l1-1-0.dll
0x0000024ba0d10000 - 0x0000024ba0d13000 	C:\Users\admin\.openjfx\cache\21+31\amd64\api-ms-win-crt-utility-l1-1-0.dll
0x00007ff8313f0000 - 0x00007ff8314ec000 	C:\Users\admin\.openjfx\cache\21+31\amd64\ucrtbase.dll
0x00007ff859670000 - 0x00007ff85968b000 	C:\Users\admin\.openjfx\cache\21+31\amd64\vcruntime140.dll
0x00007ff860d90000 - 0x00007ff860d9c000 	C:\Users\admin\.openjfx\cache\21+31\amd64\vcruntime140_1.dll
0x00007ff851d50000 - 0x00007ff851dde000 	C:\Users\admin\.openjfx\cache\21+31\amd64\msvcp140.dll
0x00007ff86d0f0000 - 0x00007ff86d21b000 	C:\Windows\System32\ole32.dll
0x00007ff85df90000 - 0x00007ff85df99000 	C:\Users\admin\.openjfx\cache\21+31\amd64\msvcp140_1.dll
0x00007ff8543b0000 - 0x00007ff8543df000 	C:\Users\admin\.openjfx\cache\21+31\amd64\msvcp140_2.dll
0x00007ff8519b0000 - 0x00007ff8519df000 	C:\Users\admin\.openjfx\cache\21+31\amd64\prism_d3d.dll
0x00007ff832510000 - 0x00007ff8326de000 	C:\Windows\system32\d3d9.dll
0x00007ff869170000 - 0x00007ff86919f000 	C:\Windows\SYSTEM32\dwmapi.dll
0x00007ff868f90000 - 0x00007ff86902e000 	C:\Windows\system32\uxtheme.dll
0x00007ff851090000 - 0x00007ff8510d2000 	C:\Users\admin\.openjfx\cache\21+31\amd64\glass.dll
0x00007ff86d570000 - 0x00007ff86d64a000 	C:\Windows\System32\COMDLG32.dll
0x00007ff86cfd0000 - 0x00007ff86d0e4000 	C:\Windows\System32\MSCTF.dll
0x00007ff85c4d0000 - 0x00007ff85c50b000 	C:\Windows\SYSTEM32\dxcore.dll
0x00007ff86c280000 - 0x00007ff86c2ce000 	C:\Windows\System32\cfgmgr32.dll
0x00007ff86b230000 - 0x00007ff86b248000 	C:\Windows\SYSTEM32\CRYPTSP.dll
0x00007ff86a950000 - 0x00007ff86a984000 	C:\Windows\system32\rsaenh.dll
0x00007ff86b820000 - 0x00007ff86b84e000 	C:\Windows\SYSTEM32\USERENV.dll
0x00007ff86b220000 - 0x00007ff86b22c000 	C:\Windows\SYSTEM32\CRYPTBASE.dll
0x00007ff86ad10000 - 0x00007ff86ad4b000 	C:\Windows\SYSTEM32\IPHLPAPI.DLL
0x00007ff86cb80000 - 0x00007ff86cb88000 	C:\Windows\System32\NSI.dll
0x00007ff8312f0000 - 0x00007ff8313e5000 	C:\Users\admin\AppData\Local\Temp\sqlite-3.45.3.0-9ce8fe1e-917e-4cce-8aec-745da37b09cc-sqlitejdbc.dll
0x00007ff854920000 - 0x00007ff854934000 	C:\Users\admin\.openjfx\cache\21+31\amd64\javafx_font.dll
0x00007ff851180000 - 0x00007ff8513ff000 	C:\Windows\SYSTEM32\dwrite.dll
0x00007ff86c360000 - 0x00007ff86c409000 	C:\Windows\System32\clbcatq.dll
0x00007ff868cb0000 - 0x00007ff868e64000 	C:\Windows\SYSTEM32\WindowsCodecs.dll
0x00007ff850ef0000 - 0x00007ff850f2e000 	C:\Windows\system32\dataexchange.dll
0x00007ff865280000 - 0x00007ff8654e3000 	C:\Windows\system32\d3d11.dll
0x00007ff865b30000 - 0x00007ff865d15000 	C:\Windows\system32\dcomp.dll
0x00007ff86a200000 - 0x00007ff86a2f2000 	C:\Windows\system32\dxgi.dll
0x00007ff863240000 - 0x00007ff863443000 	C:\Windows\system32\twinapi.appcore.dll
0x00007ff851050000 - 0x00007ff851084000 	C:\Program Files\Common Files\Microsoft Shared\Ink\rtscom.dll
0x00007ff85bd10000 - 0x00007ff85be09000 	C:\Windows\SYSTEM32\textinputframework.dll
0x00007ff866320000 - 0x00007ff866412000 	C:\Windows\System32\CoreMessaging.dll
0x00007ff866620000 - 0x00007ff86697b000 	C:\Windows\System32\CoreUIComponents.dll
0x00007ff86aa70000 - 0x00007ff86aaa3000 	C:\Windows\SYSTEM32\ntmarta.dll
0x00007ff867be0000 - 0x00007ff867d37000 	C:\Windows\SYSTEM32\wintypes.dll

dbghelp: loaded successfully - version: 4.0.5 - missing functions: none
symbol engine: initialized successfully - sym options: 0x614 - pdb path: .;C:\Users\admin\.jdks\openjdk-21.0.2\bin;C:\Windows\SYSTEM32;C:\Windows\WinSxS\amd64_microsoft.windows.common-controls_6595b64144ccf1df_6.0.19041.4355_none_60b8b9eb71f62e16;C:\Users\admin\.jdks\openjdk-21.0.2\bin\server;C:\Program Files\JetBrains\IntelliJ IDEA 2023.3.2\bin;C:\Users\admin\.openjfx\cache\21+31\amd64;C:\Windows\System32\DriverStore\FileRepository\u0364120.inf_amd64_636d39f1d2b33111\B364017;C:\Users\admin\AppData\Local\Temp;C:\Program Files\Common Files\Microsoft Shared\Ink

VM Arguments:
jvm_args: --enable-preview -javaagent:C:\Program Files\JetBrains\IntelliJ IDEA 2023.3.2\lib\idea_rt.jar=61344:C:\Program Files\JetBrains\IntelliJ IDEA 2023.3.2\bin -Dfile.encoding=UTF-8 -Dsun.stdout.encoding=UTF-8 -Dsun.stderr.encoding=UTF-8 --module-path=C:\Users\admin\.m2\repository\com\gluonhq\attach\audio\4.0.17\audio-4.0.17.jar;C:\Users\admin\.m2\repository\com\github\almasb\fxgl\17.3\fxgl-17.3.jar;C:\Users\admin\.m2\repository\com\gluonhq\attach\storage\4.0.17\storage-4.0.17.jar;C:\Users\admin\.m2\repository\com\fasterxml\jackson\core\jackson-databind\2.14.2\jackson-databind-2.14.2.jar;C:\Users\admin\.m2\repository\ch\qos\logback\logback-classic\1.5.6\logback-classic-1.5.6.jar;C:\Users\admin\.m2\repository\com\github\almasb\fxgl-scene\17.3\fxgl-scene-17.3.jar;C:\Users\admin\.m2\repository\eu\hansolo\tilesfx\11.48\tilesfx-11.48.jar;C:\Users\admin\.m2\repository\org\openjfx\javafx-base\21\javafx-base-21-win.jar;C:\Users\admin\.m2\repository\org\openjfx\javafx-graphics\21\javafx-graphics-21-win.jar;C:\Users\admin\.m2\repository\org\xerial\sqlite-jdbc\3.45.3.0\sqlite-jdbc-3.45.3.0.jar;C:\Users\admin\.m2\repository\org\springframework\spring-core\6.1.6\spring-core-6.1.6.jar;C:\Users\admin\.m2\repository\org\openjfx\javafx-fxml\21\javafx-fxml-21-win.jar;C:\Users\admin\.m2\repository\org\openjfx\javafx-web\21\javafx-web-21-win.jar;C:\Users\admin\.m2\repository\org\kordamp\bootstrapfx\bootstrapfx-core\0.4.0\bootstrapfx-core-0.4.0.jar;C:\Users\admin\.m2\repository\org\kordamp\ikonli\ikonli-javafx\12.3.1\ikonli-javafx-12.3.1.jar;C:\Users\admin\.m2\repository\com\gluonhq\attach\util\4.0.17\util-4.0.17.jar;C:\Users\admin\.m2\repository\org\kordamp\ikonli\ikonli-core\12.3.1\ikonli-core-12.3.1.jar;C:\Users\admin\.m2\repository\com\github\almasb\fxgl-entity\17.3\fxgl-entity-17.3.jar;C:\Users\admin\.m2\repository\com\github\almasb\fxgl-io\17.3\fxgl-io-17.3.jar;C:\Users\admin\.m2\repository\org\springframework\spring-context\6.1.6\spring-context-6.1.6.jar;C:\Users\admin\IdeaProjects\EventsPlanner\target\classes;C:\Users\admin\.m2\repository\com\github\almasb\fxgl-core\17.3\fxgl-core-17.3.jar;C:\Users\admin\.m2\repository\com\dlsc\formsfx\formsfx-core\11.6.0\formsfx-core-11.6.0.jar;C:\Users\admin\.m2\repository\or-Djdk.module.main=org.example.eventsplanner 
java_command: org.example.eventsplanner/com.mil0812.eventsplanner.Main
java_class_path (initial): C:\Users\admin\.m2\repository\org\openjfx\javafx-controls\21\javafx-controls-21.jar;C:\Users\admin\.m2\repository\org\openjfx\javafx-graphics\21\javafx-graphics-21.jar;C:\Users\admin\.m2\repository\org\openjfx\javafx-base\21\javafx-base-21.jar;C:\Users\admin\.m2\repository\org\openjfx\javafx-fxml\21\javafx-fxml-21.jar;C:\Users\admin\.m2\repository\org\openjfx\javafx-web\21\javafx-web-21.jar;C:\Users\admin\.m2\repository\org\openjfx\javafx-swing\21\javafx-swing-21.jar;C:\Users\admin\.m2\repository\org\openjfx\javafx-swing\21\javafx-swing-21-win.jar;C:\Users\admin\.m2\repository\org\openjfx\javafx-media\21\javafx-media-21.jar;C:\Users\admin\.m2\repository\org\jetbrains\kotlin\kotlin-stdlib-common\1.8.10\kotlin-stdlib-common-1.8.10.jar;C:\Users\admin\.m2\repository\org\jetbrains\annotations\13.0\annotations-13.0.jar;C:\Users\admin\.m2\repository\org\springframework\spring-aop\6.1.6\spring-aop-6.1.6.jar;C:\Users\admin\.m2\repository\org\springframework\spring-jcl\6.1.6\spring-jcl-6.1.6.jar;C:\Users\admin\.m2\repository\org\springframework\spring-expression\6.1.6\spring-expression-6.1.6.jar;C:\Users\admin\.m2\repository\io\micrometer\micrometer-observation\1.12.5\micrometer-observation-1.12.5.jar;C:\Users\admin\.m2\repository\io\micrometer\micrometer-commons\1.12.5\micrometer-commons-1.12.5.jar;C:\Users\admin\.m2\repository\jakarta\annotation\jakarta.annotation-api\3.0.0\jakarta.annotation-api-3.0.0.jar
Launcher Type: SUN_STANDARD

[Global flags]
     intx CICompilerCount                          = 12                                        {product} {ergonomic}
     uint ConcGCThreads                            = 3                                         {product} {ergonomic}
     uint G1ConcRefinementThreads                  = 13                                        {product} {ergonomic}
   size_t G1HeapRegionSize                         = 2097152                                   {product} {ergonomic}
    uintx GCDrainStackTargetSize                   = 64                                        {product} {ergonomic}
   size_t InitialHeapSize                          = 257949696                                 {product} {ergonomic}
   size_t MarkStackSize                            = 4194304                                   {product} {ergonomic}
   size_t MaxHeapSize                              = 4123000832                                {product} {ergonomic}
   size_t MaxNewSize                               = 2472542208                                {product} {ergonomic}
   size_t MinHeapDeltaBytes                        = 2097152                                   {product} {ergonomic}
   size_t MinHeapSize                              = 8388608                                   {product} {ergonomic}
    uintx NonNMethodCodeHeapSize                   = 7602480                                {pd product} {ergonomic}
    uintx NonProfiledCodeHeapSize                  = 122027880                              {pd product} {ergonomic}
    uintx ProfiledCodeHeapSize                     = 122027880                              {pd product} {ergonomic}
    uintx ReservedCodeCacheSize                    = 251658240                              {pd product} {ergonomic}
     bool SegmentedCodeCache                       = true                                      {product} {ergonomic}
   size_t SoftMaxHeapSize                          = 4123000832                             {manageable} {ergonomic}
     bool UseCompressedOops                        = true                           {product lp64_product} {ergonomic}
     bool UseG1GC                                  = true                                      {product} {ergonomic}
     bool UseLargePagesIndividualAllocation        = false                                  {pd product} {ergonomic}

Logging:
Log output configuration:
 #0: stdout all=off uptime,level,tags foldmultilines=false
 #1: stderr all=off uptime,level,tags foldmultilines=false

Environment Variables:
JAVA_HOME=C:\Users\admin\scoop\apps\openjdk\current
PATH=C:\Windows\system32;C:\Windows;C:\Windows\System32\Wbem;C:\Windows\System32\WindowsPowerShell\v1.0\;C:\Windows\System32\OpenSSH\;C:\Program Files\nodejs\;C:\Program Files\dotnet\;C:\Program Files\Cloudflare\Cloudflare WARP\;C:\Users\admin\scoop\apps\openjdk\current\bin;C:\Users\admin\scoop\shims;C:\Users\admin\AppData\Local\Microsoft\WindowsApps;C:\Users\admin\AppData\Local\GitHubDesktop\bin;C:\Users\admin\AppData\Roaming\npm;C:\Users\admin\.dotnet\tools
USERNAME=admin
OS=Windows_NT
PROCESSOR_IDENTIFIER=AMD64 Family 23 Model 104 Stepping 1, AuthenticAMD
TMP=C:\Users\admin\AppData\Local\Temp
TEMP=C:\Users\admin\AppData\Local\Temp




Periodic native trim disabled

---------------  S Y S T E M  ---------------

OS:
 Windows 10 , 64 bit Build 19041 (10.0.19041.3636)
OS uptime: 8 days 18:49 hours

CPU: total 16 (initial active 16) (16 cores per cpu, 2 threads per core) family 23 model 104 stepping 1 microcode 0x0, cx8, cmov, fxsr, ht, mmx, 3dnowpref, sse, sse2, sse3, ssse3, sse4a, sse4.1, sse4.2, popcnt, lzcnt, tsc, tscinvbit, avx, avx2, aes, clmul, bmi1, bmi2, adx, sha, fma, vzeroupper, clflush, clflushopt, rdtscp, rdpid, f16c
Processor Information for all 16 processors :
  Max Mhz: 1801, Current Mhz: 1801, Mhz Limit: 1801

Memory: 4k page, system-wide physical 15722M (7530M free)
TotalPageFile size 18154M (AvailPageFile size 5656M)
current process WorkingSet (physical memory assigned to process): 182M, peak: 195M
current process commit charge ("private bytes"): 258M, peak: 427M

vm_info: OpenJDK 64-Bit Server VM (21.0.2+13-58) for windows-amd64 JRE (21.0.2+13-58), built on 2024-01-05T18:32:24Z by "mach5one" with MS VC++ 17.1 (VS2022)

END.
