#
# A fatal error has been detected by the Java Runtime Environment:
#
#  EXCEPTION_ACCESS_VIOLATION (0xc0000005) at pc=0x00007ff844236587, pid=4004, tid=9932
#
# JRE version: OpenJDK Runtime Environment (21.0.2+13) (build 21.0.2+13-58)
# Java VM: OpenJDK 64-Bit Server VM (21.0.2+13-58, mixed mode, sharing, tiered, compressed oops, compressed class ptrs, g1 gc, windows-amd64)
# Problematic frame:
# C  [glass.dll+0x26587]
#
# No core dump will be written. Minidumps are not enabled by default on client versions of Windows
#
# If you would like to submit a bug report, please visit:
#   https://bugreport.java.com/bugreport/crash.jsp
#

---------------  S U M M A R Y ------------

Command Line: --enable-preview -javaagent:C:\Program Files\JetBrains\IntelliJ IDEA 2023.3.2\lib\idea_rt.jar=52386:C:\Program Files\JetBrains\IntelliJ IDEA 2023.3.2\bin -Dfile.encoding=UTF-8 -Dsun.stdout.encoding=UTF-8 -Dsun.stderr.encoding=UTF-8 --module-path=C:\Users\admin\.m2\repository\com\dlsc\formsfx\formsfx-core\11.6.0\formsfx-core-11.6.0.jar;C:\Users\admin\.m2\repository\com\gluonhq\attach\util\4.0.17\util-4.0.17.jar;C:\Users\admin\.m2\repository\org\openjfx\javafx-controls\21\javafx-controls-21-win.jar;C:\Users\admin\.m2\repository\ch\qos\logback\logback-core\1.5.6\logback-core-1.5.6.jar;C:\Users\admin\.m2\repository\org\openjfx\javafx-fxml\21\javafx-fxml-21-win.jar;C:\Users\admin\.m2\repository\net\synedra\validatorfx\0.4.0\validatorfx-0.4.0.jar;C:\Users\admin\.m2\repository\com\github\almasb\fxgl-gameplay\17.3\fxgl-gameplay-17.3.jar;C:\Users\admin\.m2\repository\org\controlsfx\controlsfx\11.1.2\controlsfx-11.1.2.jar;C:\Users\admin\.m2\repository\org\springframework\spring-context\6.1.6\spring-context-6.1.6.jar;C:\Users\admin\.m2\repository\org\openjfx\javafx-graphics\21\javafx-graphics-21-win.jar;C:\Users\admin\.m2\repository\com\github\almasb\fxgl-io\17.3\fxgl-io-17.3.jar;C:\Users\admin\.m2\repository\com\github\almasb\fxgl-entity\17.3\fxgl-entity-17.3.jar;C:\Users\admin\.m2\repository\com\fasterxml\jackson\core\jackson-annotations\2.14.2\jackson-annotations-2.14.2.jar;C:\Users\admin\.m2\repository\org\kordamp\ikonli\ikonli-javafx\12.3.1\ikonli-javafx-12.3.1.jar;C:\Users\admin\.m2\repository\com\gluonhq\attach\audio\4.0.17\audio-4.0.17.jar;C:\Users\admin\.m2\repository\org\kordamp\ikonli\ikonli-core\12.3.1\ikonli-core-12.3.1.jar;C:\Users\admin\.m2\repository\org\springframework\spring-beans\6.1.6\spring-beans-6.1.6.jar;C:\Users\admin\.m2\repository\com\github\almasb\fxgl-core\17.3\fxgl-core-17.3.jar;C:\Users\admin\.m2\repository\ch\qos\logback\logback-classic\1.5.6\logback-classic-1.5.6.jar;C:\Users\admin\.m2\repository\com\github\almasb\fxgl\17.3\fxgl-17.3.jar;C:\Users\admin\.m2\repository\org\springframework\spring-core\6.1.6\spring-core-6.1.6.jar;C:\Users\admin\.m2\repository\org\openjfx\javafx-base\21\javafx-base-21-win.jar;C:\Users\admin\.m2\repository\com\gluonhq\attach\lifecycle\4.0.17\li-Djdk.module.main=org.example.eventsplanner org.example.eventsplanner/com.mil0812.eventsplanner.Main

Host: AMD Ryzen 7 5700U with Radeon Graphics         , 16 cores, 15G,  Windows 10 , 64 bit Build 19041 (10.0.19041.3636)
Time: Wed May 22 11:05:17 2024  Windows 10 , 64 bit Build 19041 (10.0.19041.3636) elapsed time: 88.539795 seconds (0d 0h 1m 28s)

---------------  T H R E A D  ---------------

Current thread (0x000002c207e69270):  VMThread "VM Thread"          [id=9932, stack(0x000000f16d900000,0x000000f16da00000) (1024K)]

Stack: [0x000000f16d900000,0x000000f16da00000],  sp=0x000000f16d9ff0f0,  free space=1020k
Native frames: (J=compiled Java code, j=interpreted, Vv=VM code, C=native code)
C  [glass.dll+0x26587]


siginfo: EXCEPTION_ACCESS_VIOLATION (0xc0000005), reading address 0x0000000000000000


Registers:
RAX=0x0000000000000000, RBX=0x000002c2662c664a, RCX=0x000002c207e69270, RDX=0x000000f16d9ff0f0
RSP=0x000000f16d9ff0f0, RBP=0x000002c24deb2a08, RSI=0x000002c24deb29e0, RDI=0x0000b8b6c11b435e
R8 =0x0000000000010002, R9 =0x0000b8b6c11b435e, R10=0x0000000000008000, R11=0x000000f16d9ff080
R12=0x00007ff844233ed0, R13=0x00007ff825b24720, R14=0x000000f16d9ff1e8, R15=0x000002c24deb29e0
RIP=0x00007ff844236587, EFLAGS=0x0000000000010206


Register to memory mapping:

RAX=0x0 is null
RBX=0x000002c2662c664a is a global jni handle
RCX=0x000002c207e69270 points into unknown readable memory: 0x00007ff825936038 | 38 60 93 25 f8 7f 00 00
RDX=0x000000f16d9ff0f0 points into unknown readable memory: 0x0000000000000000 | 00 00 00 00 00 00 00 00
RSP=0x000000f16d9ff0f0 points into unknown readable memory: 0x0000000000000000 | 00 00 00 00 00 00 00 00
RBP=0x000002c24deb2a08 points into unknown readable memory: 0x0000b8b6c11b435e | 5e 43 1b c1 b6 b8 00 00
RSI=0x000002c24deb29e0 points into unknown readable memory: 0x110876ccc11b5ca0 | a0 5c 1b c1 cc 76 08 11
RDI=0x0000b8b6c11b435e is an unknown value
R8 =0x0000000000010002 is an unknown value
R9 =0x0000b8b6c11b435e is an unknown value
R10=0x0000000000008000 is an unknown value
R11=0x000000f16d9ff080 points into unknown readable memory: 0x000002c24deb29e0 | e0 29 eb 4d c2 02 00 00
R12=0x00007ff844233ed0 glass.dll
R13=0x00007ff825b24720 jvm.dll
R14=0x000000f16d9ff1e8 points into unknown readable memory: 0x000000f16d9ff1d0 | d0 f1 9f 6d f1 00 00 00
R15=0x000002c24deb29e0 points into unknown readable memory: 0x110876ccc11b5ca0 | a0 5c 1b c1 cc 76 08 11

Top of Stack: (sp=0x000000f16d9ff0f0)
0x000000f16d9ff0f0:   0000000000000000 000002c24deb29e0
0x000000f16d9ff100:   00007ff825b24720 00007ff844233ed0
0x000000f16d9ff110:   000002c24deb29e8 00007ff86b9942d6
0x000000f16d9ff120:   0000b8b6c11b435e 000002c200000000
0x000000f16d9ff130:   000002c24deb2a08 000002c24deb29e0
0x000000f16d9ff140:   fffffffffffffffe 0000000000000000
0x000000f16d9ff150:   0000000000000001 00007ff844210000
0x000000f16d9ff160:   000000f16d9ff1d8 00007ff86b9941fb
0x000000f16d9ff170:   0000000000000000 000000f16d9ff1e8
0x000000f16d9ff180:   000000f16d9ff4c0 00007ff86ba70e40
0x000000f16d9ff190:   0000000000000001 00007ff86b9941b4
0x000000f16d9ff1a0:   0000000000000000 0000000000000001
0x000000f16d9ff1b0:   0000000000000000 000000f16d9ff1d8
0x000000f16d9ff1c0:   0000000000000001 00007ff844233d5d
0x000000f16d9ff1d0:   00007ff84424a008 00007ff800000002
0x000000f16d9ff1e0:   0000000000000002 000000f16d9ff1d0
0x000000f16d9ff1f0:   0000000000000000 00007ff86e2e9993
0x000000f16d9ff200:   0000000000000000 00007ff844233e82
0x000000f16d9ff210:   0000000000000001 00007ff86a950000
0x000000f16d9ff220:   0000000000000001 00007ff86b234b9d
0x000000f16d9ff230:   00007ff86b230000 0000000000000000
0x000000f16d9ff240:   0000000000000001 00007ff86a950000
0x000000f16d9ff250:   00007ff844210000 000000007ffe0384
0x000000f16d9ff260:   0000000000000000 00007ff86e2e9a1d
0x000000f16d9ff270:   00007ff844210000 0000000000000000
0x000000f16d9ff280:   0000000000000001 000000007ffe0385
0x000000f16d9ff290:   0000000000000000 00007ff86e32de41
0x000000f16d9ff2a0:   0000500e56358900 0000000000000014
0x000000f16d9ff2b0:   00007ff844233ed0 0000000000000000
0x000000f16d9ff2c0:   0000000000000000 000000f16cc31000
0x000000f16d9ff2d0:   000002c24de257c0 00007ff86e32dcda
0x000000f16d9ff2e0:   000002c24de24e20 00007ff844210000 

Instructions: (pc=0x00007ff844236587)
0x00007ff844236487:   8b 4d 58 e8 8d cf ff ff 48 8b 4d 60 e8 84 cf ff
0x00007ff844236497:   ff 48 8b 95 80 00 00 00 48 8b 8d 18 01 00 00 e8
0x00007ff8442364a7:   76 c4 ff ff 33 d2 33 c9 e8 cc e1 ff ff 90 48 89
0x00007ff8442364b7:   54 24 10 55 48 83 ec 20 48 8b ea 48 b8 00 00 00
0x00007ff8442364c7:   00 00 00 00 00 48 83 c4 20 5d c3 cc 40 55 48 8b
0x00007ff8442364d7:   ea 48 8b 01 33 c9 81 38 05 00 00 c0 0f 94 c1 8b
0x00007ff8442364e7:   c1 5d c3 cc 40 55 48 83 ec 20 48 8b ea 8a 4d 40
0x00007ff8442364f7:   48 83 c4 20 5d e9 73 d3 ff ff cc 40 55 48 83 ec
0x00007ff844236507:   20 48 8b ea 8a 4d 20 e8 61 d3 ff ff 90 48 83 c4
0x00007ff844236517:   20 5d c3 cc 40 55 48 83 ec 20 48 8b ea 48 83 c4
0x00007ff844236527:   20 5d e9 c2 d1 ff ff cc 40 55 48 83 ec 30 48 8b
0x00007ff844236537:   ea 48 8b 01 8b 10 48 89 4c 24 28 89 54 24 20 4c
0x00007ff844236547:   8d 0d 63 d6 ff ff 4c 8b 45 70 8b 55 68 48 8b 4d
0x00007ff844236557:   60 e8 03 d1 ff ff 90 48 83 c4 30 5d c3 cc cc cc
0x00007ff844236567:   cc cc cc cc cc cc cc cc cc 40 53 48 83 ec 20 48
0x00007ff844236577:   8b 1d 8b 34 01 00 48 85 db 74 16 e8 89 8f ff ff
0x00007ff844236587:   4c 8b 00 48 8b d3 48 8b c8 41 ff 90 b0 00 00 00
0x00007ff844236597:   90 48 83 c4 20 5b c3 cc cc 40 53 48 83 ec 20 48
0x00007ff8442365a7:   8b 1d fb 35 01 00 48 85 db 74 57 b8 ff ff ff ff
0x00007ff8442365b7:   f0 0f c1 43 10 83 f8 01 75 3d 48 85 db 74 38 48
0x00007ff8442365c7:   8b 0b 48 85 c9 74 0d ff 15 d4 0c 00 00 48 c7 03
0x00007ff8442365d7:   00 00 00 00 48 8b 4b 08 48 85 c9 74 0d e8 33 ce
0x00007ff8442365e7:   ff ff 48 c7 43 08 00 00 00 00 ba 18 00 00 00 48
0x00007ff8442365f7:   8b cb e8 1e ce ff ff 48 c7 05 9f 35 01 00 00 00
0x00007ff844236607:   00 00 48 83 c4 20 5b c3 cc 40 53 48 83 ec 20 48
0x00007ff844236617:   8b 1d 6b 35 01 00 48 85 db 74 57 b8 ff ff ff ff
0x00007ff844236627:   f0 0f c1 43 10 83 f8 01 75 3d 48 85 db 74 38 48
0x00007ff844236637:   8b 0b 48 85 c9 74 0d ff 15 64 0c 00 00 48 c7 03
0x00007ff844236647:   00 00 00 00 48 8b 4b 08 48 85 c9 74 0d e8 c3 cd
0x00007ff844236657:   ff ff 48 c7 43 08 00 00 00 00 ba 18 00 00 00 48
0x00007ff844236667:   8b cb e8 ae cd ff ff 48 c7 05 0f 35 01 00 00 00
0x00007ff844236677:   00 00 48 83 c4 20 5b c3 cc 40 53 48 83 ec 20 48 


Stack slot to memory mapping:

stack at sp + 0 slots: 0x0 is null
stack at sp + 1 slots: 0x000002c24deb29e0 points into unknown readable memory: 0x110876ccc11b5ca0 | a0 5c 1b c1 cc 76 08 11
stack at sp + 2 slots: 0x00007ff825b24720 jvm.dll
stack at sp + 3 slots: 0x00007ff844233ed0 glass.dll
stack at sp + 4 slots: 0x000002c24deb29e8 points into unknown readable memory: 0x0000b8b6c11b435e | 5e 43 1b c1 b6 b8 00 00
stack at sp + 5 slots: 0x00007ff86b9942d6 ucrtbase.dll
stack at sp + 6 slots: 0x0000b8b6c11b435e is an unknown value
stack at sp + 7 slots: 0x000002c200000000 is an unknown value

VM_Operation (0x000000f16e9f89b0): Exit, mode: safepoint, requested by thread 0x000002c207e8d560


---------------  P R O C E S S  ---------------

Threads class SMR info:
_java_thread_list=0x000002c253de51a0, length=18, elements={
0x000002c2662e6780, 0x000002c207e84070, 0x000002c207e84c80, 0x000002c207e87580,
0x000002c207e8a350, 0x000002c207e8dbf0, 0x000002c207e93ba0, 0x000002c207e9c8c0,
0x000002c207e8c1b0, 0x000002c207e8ae00, 0x000002c207e8b490, 0x000002c207e8bb20,
0x000002c207e8e280, 0x000002c207e8d560, 0x000002c207e8ced0, 0x000002c207e8c840,
0x000002c24e661aa0, 0x000002c24e662130
}

Java Threads: ( => current thread )
  0x000002c2662e6780 JavaThread "main"                              [_thread_blocked, id=10492, stack(0x000000f16d200000,0x000000f16d300000) (1024K)]
  0x000002c207e84070 JavaThread "Reference Handler"          daemon [_thread_blocked, id=4720, stack(0x000000f16da00000,0x000000f16db00000) (1024K)]
  0x000002c207e84c80 JavaThread "Finalizer"                  daemon [_thread_blocked, id=12984, stack(0x000000f16db00000,0x000000f16dc00000) (1024K)]
  0x000002c207e87580 JavaThread "Attach Listener"            daemon [_thread_blocked, id=15032, stack(0x000000f16dd00000,0x000000f16de00000) (1024K)]
  0x000002c207e8a350 JavaThread "Service Thread"             daemon [_thread_blocked, id=12052, stack(0x000000f16de00000,0x000000f16df00000) (1024K)]
  0x000002c207e8dbf0 JavaThread "Monitor Deflation Thread"   daemon [_thread_blocked, id=12104, stack(0x000000f16df00000,0x000000f16e000000) (1024K)]
  0x000002c207e93ba0 JavaThread "C2 CompilerThread0"         daemon [_thread_blocked, id=12688, stack(0x000000f16e000000,0x000000f16e100000) (1024K)]
  0x000002c207e9c8c0 JavaThread "C1 CompilerThread0"         daemon [_thread_blocked, id=16076, stack(0x000000f16e100000,0x000000f16e200000) (1024K)]
  0x000002c207e8c1b0 JavaThread "Common-Cleaner"             daemon [_thread_blocked, id=16672, stack(0x000000f16e300000,0x000000f16e400000) (1024K)]
  0x000002c207e8ae00 JavaThread "Monitor Ctrl-Break"         daemon [_thread_in_native, id=19692, stack(0x000000f16eb00000,0x000000f16ec00000) (1024K)]
  0x000002c207e8b490 JavaThread "Notification Thread"        daemon [_thread_blocked, id=12988, stack(0x000000f16ec00000,0x000000f16ed00000) (1024K)]
  0x000002c207e8bb20 JavaThread "QuantumRenderer-0"          daemon [_thread_blocked, id=11608, stack(0x000000f16ea00000,0x000000f16eb00000) (1024K)]
  0x000002c207e8e280 JavaThread "InvokeLaterDispatcher"      daemon [_thread_blocked, id=8712, stack(0x000000f16f300000,0x000000f16f400000) (1024K)]
  0x000002c207e8d560 JavaThread "JavaFX Application Thread"         [_thread_blocked, id=16100, stack(0x000000f16e900000,0x000000f16ea00000) (1024K)]
  0x000002c207e8ced0 JavaThread "Thread-1"                   daemon [_thread_in_native, id=19536, stack(0x000000f16e700000,0x000000f16e800000) (1024K)]
  0x000002c207e8c840 JavaThread "JavaFX-Launcher"                   [_thread_blocked, id=18276, stack(0x000000f16fe00000,0x000000f16ff00000) (1024K)]
  0x000002c24e661aa0 JavaThread "Prism Font Disposer"        daemon [_thread_blocked, id=17224, stack(0x000000f16ff00000,0x000000f170000000) (1024K)]
  0x000002c24e662130 JavaThread "Cleaner-0"                  daemon [_thread_blocked, id=18768, stack(0x000000f16e800000,0x000000f16e900000) (1024K)]
Total: 18

Other Threads:
=>0x000002c207e69270 VMThread "VM Thread"                           [id=9932, stack(0x000000f16d900000,0x000000f16da00000) (1024K)]
  0x000002c2685156d0 WorkerThread "GC Thread#0"                     [id=18532, stack(0x000000f16d300000,0x000000f16d400000) (1024K)]
  0x000002c24db4bac0 WorkerThread "GC Thread#1"                     [id=2020, stack(0x000000f16ed00000,0x000000f16ee00000) (1024K)]
  0x000002c24db4be60 WorkerThread "GC Thread#2"                     [id=12828, stack(0x000000f16ee00000,0x000000f16ef00000) (1024K)]
  0x000002c24db4c200 WorkerThread "GC Thread#3"                     [id=1792, stack(0x000000f16ef00000,0x000000f16f000000) (1024K)]
  0x000002c24db4c5a0 WorkerThread "GC Thread#4"                     [id=19552, stack(0x000000f16f000000,0x000000f16f100000) (1024K)]
  0x000002c24e701760 WorkerThread "GC Thread#5"                     [id=13060, stack(0x000000f170000000,0x000000f170100000) (1024K)]
  0x000002c24e528460 WorkerThread "GC Thread#6"                     [id=19828, stack(0x000000f170100000,0x000000f170200000) (1024K)]
  0x000002c24e3f2e60 WorkerThread "GC Thread#7"                     [id=5760, stack(0x000000f170200000,0x000000f170300000) (1024K)]
  0x000002c24e168bd0 WorkerThread "GC Thread#8"                     [id=804, stack(0x000000f170300000,0x000000f170400000) (1024K)]
  0x000002c24e167d50 WorkerThread "GC Thread#9"                     [id=10936, stack(0x000000f170400000,0x000000f170500000) (1024K)]
  0x000002c24e167270 WorkerThread "GC Thread#10"                    [id=15380, stack(0x000000f170500000,0x000000f170600000) (1024K)]
  0x000002c24e167610 WorkerThread "GC Thread#11"                    [id=18596, stack(0x000000f170700000,0x000000f170800000) (1024K)]
  0x000002c24e1679b0 WorkerThread "GC Thread#12"                    [id=19728, stack(0x000000f170800000,0x000000f170900000) (1024K)]
  0x000002c268526e30 ConcurrentGCThread "G1 Main Marker"            terminated
  0x000002c268527930 WorkerThread "G1 Conc#0"                       [id=2928, stack(0x000000f16d500000,0x000000f16d600000) (1024K)]
  0x000002c24e1680f0 WorkerThread "G1 Conc#1"                       [id=6668, stack(0x000000f170900000,0x000000f170a00000) (1024K)]
  0x000002c24e168490 WorkerThread "G1 Conc#2"                       [id=1540, stack(0x000000f170a00000,0x000000f170b00000) (1024K)]
  0x000002c207d21570 ConcurrentGCThread "G1 Refine#0"               terminated
  0x000002c207d22da0 ConcurrentGCThread "G1 Service"                terminated
Total: 20

Threads with active compile tasks:
Total: 0

VM state: at safepoint (shutting down)

VM Mutex/Monitor currently owned by a thread:  ([mutex/lock_event])
[0x00007ff825afcd68] Threads_lock - owner thread: 0x000002c207e69270
[0x00007ff825afce68] Heap_lock - owner thread: 0x000002c207e8d560

Heap address: 0x000000070a400000, size: 3932 MB, Compressed Oops mode: Zero based, Oop shift amount: 3

CDS archive(s) mapped at: [0x000002c208000000-0x000002c208c90000-0x000002c208c90000), size 13172736, SharedBaseAddress: 0x000002c208000000, ArchiveRelocationMode: 1.
Compressed class space mapped at: 0x000002c209000000-0x000002c249000000, reserved size: 1073741824
Narrow klass base: 0x000002c208000000, Narrow klass shift: 0, Narrow klass range: 0x100000000

GC Precious Log:
 CardTable entry size: 512
 Card Set container configuration: InlinePtr #cards 4 size 8 Array Of Cards #cards 16 size 48 Howl #buckets 8 coarsen threshold 3686 Howl Bitmap #cards 512 size 80 coarsen threshold 460 Card regions per heap region 1 cards per card region 4096
 CPUs: 16 total, 16 available
 Memory: 15722M
 Large Page Support: Disabled
 NUMA Support: Disabled
 Compressed Oops: Enabled (Zero based)
 Heap Region Size: 2M
 Heap Min Capacity: 8M
 Heap Initial Capacity: 246M
 Heap Max Capacity: 3932M
 Pre-touch: Disabled
 Parallel Workers: 13
 Concurrent Workers: 3
 Concurrent Refinement Workers: 13
 Periodic GC: Disabled

Heap:
 garbage-first heap   total 55296K, used 46290K [0x000000070a400000, 0x0000000800000000)
  region size 2048K, 24 young (49152K), 6 survivors (12288K)
 Metaspace       used 25851K, committed 26368K, reserved 1114112K
  class space    used 3487K, committed 3712K, reserved 1048576K

Heap Regions: E=young(eden), S=young(survivor), O=old, HS=humongous(starts), HC=humongous(continues), CS=collection set, F=free, TAMS=top-at-mark-start, PB=parsable bottom
|   0|0x000000070a400000, 0x000000070a600000, 0x000000070a600000|100%|HS|  |TAMS 0x000000070a400000| PB 0x000000070a400000| Complete 
|   1|0x000000070a600000, 0x000000070a600000, 0x000000070a800000|  0%| F|  |TAMS 0x000000070a600000| PB 0x000000070a600000| Untracked 
|   2|0x000000070a800000, 0x000000070a800000, 0x000000070aa00000|  0%| F|  |TAMS 0x000000070a800000| PB 0x000000070a800000| Untracked 
|   3|0x000000070aa00000, 0x000000070aa98fb8, 0x000000070ac00000| 29%| E|  |TAMS 0x000000070aa00000| PB 0x000000070aa00000| Complete 
|   4|0x000000070ac00000, 0x000000070ae00000, 0x000000070ae00000|100%| E|CS|TAMS 0x000000070ac00000| PB 0x000000070ac00000| Complete 
|   5|0x000000070ae00000, 0x000000070b000000, 0x000000070b000000|100%| E|CS|TAMS 0x000000070ae00000| PB 0x000000070ae00000| Complete 
|   6|0x000000070b000000, 0x000000070b200000, 0x000000070b200000|100%| E|CS|TAMS 0x000000070b000000| PB 0x000000070b000000| Complete 
|   7|0x000000070b200000, 0x000000070b400000, 0x000000070b400000|100%| E|CS|TAMS 0x000000070b200000| PB 0x000000070b200000| Complete 
|   8|0x000000070b400000, 0x000000070b600000, 0x000000070b600000|100%| E|CS|TAMS 0x000000070b400000| PB 0x000000070b400000| Complete 
|   9|0x000000070b600000, 0x000000070b800000, 0x000000070b800000|100%| E|CS|TAMS 0x000000070b600000| PB 0x000000070b600000| Complete 
|  10|0x000000070b800000, 0x000000070ba00000, 0x000000070ba00000|100%| E|CS|TAMS 0x000000070b800000| PB 0x000000070b800000| Complete 
|  11|0x000000070ba00000, 0x000000070bc00000, 0x000000070bc00000|100%| E|CS|TAMS 0x000000070ba00000| PB 0x000000070ba00000| Complete 
|  12|0x000000070bc00000, 0x000000070be00000, 0x000000070be00000|100%| E|CS|TAMS 0x000000070bc00000| PB 0x000000070bc00000| Complete 
|  13|0x000000070be00000, 0x000000070c000000, 0x000000070c000000|100%| E|CS|TAMS 0x000000070be00000| PB 0x000000070be00000| Complete 
|  14|0x000000070c000000, 0x000000070c200000, 0x000000070c200000|100%| E|CS|TAMS 0x000000070c000000| PB 0x000000070c000000| Complete 
|  15|0x000000070c200000, 0x000000070c400000, 0x000000070c400000|100%| E|CS|TAMS 0x000000070c200000| PB 0x000000070c200000| Complete 
|  16|0x000000070c400000, 0x000000070c600000, 0x000000070c600000|100%| E|CS|TAMS 0x000000070c400000| PB 0x000000070c400000| Complete 
|  17|0x000000070c600000, 0x000000070c800000, 0x000000070c800000|100%| E|CS|TAMS 0x000000070c600000| PB 0x000000070c600000| Complete 
|  18|0x000000070c800000, 0x000000070ca00000, 0x000000070ca00000|100%| E|CS|TAMS 0x000000070c800000| PB 0x000000070c800000| Complete 
|  88|0x0000000715400000, 0x0000000715534980, 0x0000000715600000| 60%| S|CS|TAMS 0x0000000715400000| PB 0x0000000715400000| Complete 
|  89|0x0000000715600000, 0x0000000715800000, 0x0000000715800000|100%| S|CS|TAMS 0x0000000715600000| PB 0x0000000715600000| Complete 
|  90|0x0000000715800000, 0x0000000715a00000, 0x0000000715a00000|100%| S|CS|TAMS 0x0000000715800000| PB 0x0000000715800000| Complete 
|  91|0x0000000715a00000, 0x0000000715c00000, 0x0000000715c00000|100%| S|CS|TAMS 0x0000000715a00000| PB 0x0000000715a00000| Complete 
|  92|0x0000000715c00000, 0x0000000715e00000, 0x0000000715e00000|100%| S|CS|TAMS 0x0000000715c00000| PB 0x0000000715c00000| Complete 
|  97|0x0000000716600000, 0x0000000716800000, 0x0000000716800000|100%| S|CS|TAMS 0x0000000716600000| PB 0x0000000716600000| Complete 
| 121|0x0000000719600000, 0x0000000719800000, 0x0000000719800000|100%| E|  |TAMS 0x0000000719600000| PB 0x0000000719600000| Complete 
| 122|0x0000000719800000, 0x0000000719a00000, 0x0000000719a00000|100%| E|CS|TAMS 0x0000000719800000| PB 0x0000000719800000| Complete 

Card table byte_map: [0x000002c2009d0000,0x000002c201180000] _byte_map_base: 0x000002c1fd17e000

Marking Bits: (CMBitMap*) 0x000002c268515dd0
 Bits: [0x000002c201180000, 0x000002c204ef0000)

Polling page: 0x000002c266420000

Metaspace:

Usage:
  Non-class:     21.84 MB used.
      Class:      3.41 MB used.
       Both:     25.25 MB used.

Virtual space:
  Non-class space:       64.00 MB reserved,      22.12 MB ( 35%) committed,  1 nodes.
      Class space:        1.00 GB reserved,       3.62 MB ( <1%) committed,  1 nodes.
             Both:        1.06 GB reserved,      25.75 MB (  2%) committed. 

Chunk freelists:
   Non-Class:  9.72 MB
       Class:  12.35 MB
        Both:  22.07 MB

MaxMetaspaceSize: unlimited
CompressedClassSpaceSize: 1.00 GB
Initial GC threshold: 21.00 MB
Current GC threshold: 35.12 MB
CDS: on
 - commit_granule_bytes: 65536.
 - commit_granule_words: 8192.
 - virtual_space_node_default_size: 8388608.
 - enlarge_chunks_in_place: 1.
 - use_allocation_guard: 0.


Internal statistics:

num_allocs_failed_limit: 3.
num_arena_births: 614.
num_arena_deaths: 0.
num_vsnodes_births: 2.
num_vsnodes_deaths: 0.
num_space_committed: 412.
num_space_uncommitted: 0.
num_chunks_returned_to_freelist: 3.
num_chunks_taken_from_freelist: 1483.
num_chunk_merges: 3.
num_chunk_splits: 1007.
num_chunks_enlarged: 723.
num_inconsistent_stats: 0.

CodeHeap 'non-profiled nmethods': size=119168Kb used=2508Kb max_used=2508Kb free=116659Kb
 bounds [0x000002c2784b0000, 0x000002c278730000, 0x000002c27f910000]
CodeHeap 'profiled nmethods': size=119104Kb used=10989Kb max_used=10989Kb free=108115Kb
 bounds [0x000002c270910000, 0x000002c2713d0000, 0x000002c277d60000]
CodeHeap 'non-nmethods': size=7488Kb used=1873Kb max_used=3553Kb free=5614Kb
 bounds [0x000002c277d60000, 0x000002c2780e0000, 0x000002c2784b0000]
 total_blobs=6332 nmethods=5459 adapters=777
 compilation: enabled
              stopped_count=0, restarted_count=0
 full_count=0

Compilation events (20 events):
Event: 77.001 Thread 0x000002c207e9c8c0 5451       3       javafx.fxml.FXMLLoader$Element::isBindingExpression (25 bytes)
Event: 77.002 Thread 0x000002c207e9c8c0 nmethod 5451 0x000002c2713b4990 code [0x000002c2713b4b80, 0x000002c2713b5068]
Event: 77.002 Thread 0x000002c207e9c8c0 5452       3       javafx.fxml.FXMLLoader$Element::isBidirectionalBindingExpression (8 bytes)
Event: 77.002 Thread 0x000002c207e9c8c0 nmethod 5452 0x000002c2713b5290 code [0x000002c2713b5440, 0x000002c2713b5608]
Event: 77.002 Thread 0x000002c207e9c8c0 5453       3       javafx.fxml.FXMLLoader$Element::processValue (126 bytes)
Event: 77.003 Thread 0x000002c207e93ba0 5459       4       javafx.css.SimpleSelector::applies (54 bytes)
Event: 77.004 Thread 0x000002c207e9c8c0 nmethod 5453 0x000002c2713b5710 code [0x000002c2713b5b40, 0x000002c2713b8220]
Event: 77.004 Thread 0x000002c207e9c8c0 5454   !   3       javafx.fxml.FXMLLoader$Element::resolvePrefixedValue (449 bytes)
Event: 77.011 Thread 0x000002c207e9c8c0 nmethod 5454 0x000002c2713b8b90 code [0x000002c2713b96c0, 0x000002c2713bf580]
Event: 77.011 Thread 0x000002c207e9c8c0 5455       3       com.sun.javafx.fxml.BeanAdapter::put (10 bytes)
Event: 77.012 Thread 0x000002c207e9c8c0 nmethod 5455 0x000002c2713c1b10 code [0x000002c2713c1cc0, 0x000002c2713c1f08]
Event: 77.012 Thread 0x000002c207e9c8c0 5457       3       com.sun.javafx.fxml.ModuleHelper::invoke (87 bytes)
Event: 77.018 Thread 0x000002c207e9c8c0 nmethod 5457 0x000002c2713c2010 code [0x000002c2713c2a20, 0x000002c2713c78b8]
Event: 77.018 Thread 0x000002c207e9c8c0 5456       3       javafx.fxml.FXMLLoader$Element::applyProperty (30 bytes)
Event: 77.019 Thread 0x000002c207e9c8c0 nmethod 5456 0x000002c2713ca390 code [0x000002c2713ca5e0, 0x000002c2713cb178]
Event: 77.031 Thread 0x000002c207e93ba0 nmethod 5459 0x000002c27871ee90 code [0x000002c27871f160, 0x000002c278720098]
Event: 84.136 Thread 0x000002c207e93ba0 5460       4       com.sun.javafx.tk.quantum.QuantumToolkit::postPulse (133 bytes)
Event: 84.168 Thread 0x000002c207e93ba0 nmethod 5460 0x000002c278720f90 code [0x000002c278721240, 0x000002c2787225f8]
Event: 87.033 Thread 0x000002c207e93ba0 5461       4       com.sun.javafx.tk.quantum.QuantumToolkit$$Lambda/0x000002c20903b970::run (8 bytes)
Event: 87.034 Thread 0x000002c207e93ba0 nmethod 5461 0x000002c278722f10 code [0x000002c2787230c0, 0x000002c2787231d0]

GC Heap History (6 events):
Event: 0.703 GC heap before
{Heap before GC invocations=0 (full 0):
 garbage-first heap   total 251904K, used 20480K [0x000000070a400000, 0x0000000800000000)
  region size 2048K, 11 young (22528K), 0 survivors (0K)
 Metaspace       used 2616K, committed 2816K, reserved 1114112K
  class space    used 265K, committed 320K, reserved 1048576K
}
Event: 0.707 GC heap after
{Heap after GC invocations=1 (full 0):
 garbage-first heap   total 251904K, used 2297K [0x000000070a400000, 0x0000000800000000)
  region size 2048K, 2 young (4096K), 2 survivors (4096K)
 Metaspace       used 2616K, committed 2816K, reserved 1114112K
  class space    used 265K, committed 320K, reserved 1048576K
}
Event: 1.862 GC heap before
{Heap before GC invocations=1 (full 0):
 garbage-first heap   total 251904K, used 49401K [0x000000070a400000, 0x0000000800000000)
  region size 2048K, 26 young (53248K), 2 survivors (4096K)
 Metaspace       used 10314K, committed 10624K, reserved 1114112K
  class space    used 1163K, committed 1280K, reserved 1048576K
}
Event: 1.871 GC heap after
{Heap after GC invocations=2 (full 0):
 garbage-first heap   total 251904K, used 6528K [0x000000070a400000, 0x0000000800000000)
  region size 2048K, 4 young (8192K), 4 survivors (8192K)
 Metaspace       used 10314K, committed 10624K, reserved 1114112K
  class space    used 1163K, committed 1280K, reserved 1048576K
}
Event: 3.227 GC heap before
{Heap before GC invocations=2 (full 0):
 garbage-first heap   total 251904K, used 53632K [0x000000070a400000, 0x0000000800000000)
  region size 2048K, 29 young (59392K), 4 survivors (8192K)
 Metaspace       used 21080K, committed 21504K, reserved 1114112K
  class space    used 2848K, committed 3008K, reserved 1048576K
}
Event: 3.239 GC heap after
{Heap after GC invocations=3 (full 0):
 garbage-first heap   total 251904K, used 11474K [0x000000070a400000, 0x0000000800000000)
  region size 2048K, 6 young (12288K), 6 survivors (12288K)
 Metaspace       used 21080K, committed 21504K, reserved 1114112K
  class space    used 2848K, committed 3008K, reserved 1048576K
}

Dll operation events (20 events):
Event: 0.729 Loaded shared library C:\Users\admin\.openjfx\cache\21+31\amd64\api-ms-win-crt-math-l1-1-0.dll
Event: 0.732 Loaded shared library C:\Users\admin\.openjfx\cache\21+31\amd64\api-ms-win-crt-multibyte-l1-1-0.dll
Event: 0.737 Loaded shared library C:\Users\admin\.openjfx\cache\21+31\amd64\api-ms-win-crt-private-l1-1-0.dll
Event: 0.740 Loaded shared library C:\Users\admin\.openjfx\cache\21+31\amd64\api-ms-win-crt-process-l1-1-0.dll
Event: 0.743 Loaded shared library C:\Users\admin\.openjfx\cache\21+31\amd64\api-ms-win-crt-runtime-l1-1-0.dll
Event: 0.746 Loaded shared library C:\Users\admin\.openjfx\cache\21+31\amd64\api-ms-win-crt-stdio-l1-1-0.dll
Event: 0.749 Loaded shared library C:\Users\admin\.openjfx\cache\21+31\amd64\api-ms-win-crt-string-l1-1-0.dll
Event: 0.752 Loaded shared library C:\Users\admin\.openjfx\cache\21+31\amd64\api-ms-win-crt-time-l1-1-0.dll
Event: 0.755 Loaded shared library C:\Users\admin\.openjfx\cache\21+31\amd64\api-ms-win-crt-utility-l1-1-0.dll
Event: 0.777 Loaded shared library C:\Users\admin\.openjfx\cache\21+31\amd64\ucrtbase.dll
Event: 0.782 Loaded shared library C:\Users\admin\.openjfx\cache\21+31\amd64\vcruntime140.dll
Event: 0.786 Loaded shared library C:\Users\admin\.openjfx\cache\21+31\amd64\vcruntime140_1.dll
Event: 0.799 Loaded shared library C:\Users\admin\.openjfx\cache\21+31\amd64\msvcp140.dll
Event: 0.802 Loaded shared library C:\Users\admin\.openjfx\cache\21+31\amd64\msvcp140_1.dll
Event: 0.809 Loaded shared library C:\Users\admin\.openjfx\cache\21+31\amd64\msvcp140_2.dll
Event: 0.859 Loaded shared library C:\Users\admin\.openjfx\cache\21+31\amd64\prism_d3d.dll
Event: 0.914 Loaded shared library C:\Users\admin\.openjfx\cache\21+31\amd64\glass.dll
Event: 1.069 Loaded shared library C:\Users\admin\.jdks\openjdk-21.0.2\bin\jimage.dll
Event: 2.349 Loaded shared library C:\Users\admin\AppData\Local\Temp\sqlite-3.45.3.0-7d6e4fa9-03bf-4439-8285-9fefd99dc8fa-sqlitejdbc.dll
Event: 2.677 Loaded shared library C:\Users\admin\.openjfx\cache\21+31\amd64\javafx_font.dll

Deoptimization events (20 events):
Event: 72.520 Thread 0x000002c207e8d560 Uncommon trap: trap_request=0xffffff45 fr.pc=0x000002c2786b9e54 relative=0x0000000000000094
Event: 72.520 Thread 0x000002c207e8d560 Uncommon trap: reason=unstable_if action=reinterpret pc=0x000002c2786b9e54 method=javafx.scene.Node$MiscProperties.isMouseTransparent()Z @ 4 c2
Event: 72.520 Thread 0x000002c207e8d560 DEOPT PACKING pc=0x000002c2786b9e54 sp=0x000000f16e9f8ff0
Event: 72.520 Thread 0x000002c207e8d560 DEOPT UNPACKING pc=0x000002c277db46a2 sp=0x000000f16e9f8e90 mode 2
Event: 74.062 Thread 0x000002c207e8d560 Uncommon trap: trap_request=0xffffffd6 fr.pc=0x000002c27871c988 relative=0x0000000000000ba8
Event: 74.062 Thread 0x000002c207e8d560 Uncommon trap: reason=array_check action=maybe_recompile pc=0x000002c27871c988 method=javafx.css.SimpleSelector.applies(Ljavafx/css/Styleable;[Ljava/util/Set;I)Z @ 37 c2
Event: 74.062 Thread 0x000002c207e8d560 DEOPT PACKING pc=0x000002c27871c988 sp=0x000000f16e9f7e80
Event: 74.062 Thread 0x000002c207e8d560 DEOPT UNPACKING pc=0x000002c277db46a2 sp=0x000000f16e9f7e58 mode 2
Event: 74.062 Thread 0x000002c207e8d560 Uncommon trap: trap_request=0xffffffd6 fr.pc=0x000002c27871c988 relative=0x0000000000000ba8
Event: 74.062 Thread 0x000002c207e8d560 Uncommon trap: reason=array_check action=maybe_recompile pc=0x000002c27871c988 method=javafx.css.SimpleSelector.applies(Ljavafx/css/Styleable;[Ljava/util/Set;I)Z @ 37 c2
Event: 74.062 Thread 0x000002c207e8d560 DEOPT PACKING pc=0x000002c27871c988 sp=0x000000f16e9f7e80
Event: 74.062 Thread 0x000002c207e8d560 DEOPT UNPACKING pc=0x000002c277db46a2 sp=0x000000f16e9f7e58 mode 2
Event: 75.570 Thread 0x000002c207e8d560 Uncommon trap: trap_request=0xffffffd6 fr.pc=0x000002c27871c988 relative=0x0000000000000ba8
Event: 75.570 Thread 0x000002c207e8d560 Uncommon trap: reason=array_check action=maybe_recompile pc=0x000002c27871c988 method=javafx.css.SimpleSelector.applies(Ljavafx/css/Styleable;[Ljava/util/Set;I)Z @ 37 c2
Event: 75.570 Thread 0x000002c207e8d560 DEOPT PACKING pc=0x000002c27871c988 sp=0x000000f16e9f7e80
Event: 75.570 Thread 0x000002c207e8d560 DEOPT UNPACKING pc=0x000002c277db46a2 sp=0x000000f16e9f7e58 mode 2
Event: 75.570 Thread 0x000002c207e8d560 Uncommon trap: trap_request=0xffffffd6 fr.pc=0x000002c27871c988 relative=0x0000000000000ba8
Event: 75.570 Thread 0x000002c207e8d560 Uncommon trap: reason=array_check action=maybe_recompile pc=0x000002c27871c988 method=javafx.css.SimpleSelector.applies(Ljavafx/css/Styleable;[Ljava/util/Set;I)Z @ 37 c2
Event: 75.570 Thread 0x000002c207e8d560 DEOPT PACKING pc=0x000002c27871c988 sp=0x000000f16e9f7e80
Event: 75.570 Thread 0x000002c207e8d560 DEOPT UNPACKING pc=0x000002c277db46a2 sp=0x000000f16e9f7e58 mode 2

Classes loaded (20 events):
Event: 70.441 Loading class sun/util/logging/resources/logging
Event: 70.441 Loading class sun/util/logging/resources/logging done
Event: 70.442 Loading class sun/util/logging/resources/logging_uk
Event: 70.442 Loading class sun/util/logging/resources/logging_uk done
Event: 70.442 Loading class sun/util/logging/resources/logging_uk
Event: 70.442 Loading class sun/util/logging/resources/logging_uk done
Event: 70.442 Loading class sun/util/logging/resources/logging_uk_UA
Event: 70.442 Loading class sun/util/logging/resources/logging_uk_UA done
Event: 70.442 Loading class sun/util/logging/resources/logging_uk_UA
Event: 70.442 Loading class sun/util/logging/resources/logging_uk_UA done
Event: 70.442 Loading class java/util/Formatter$DateTime
Event: 70.442 Loading class java/util/Formatter$DateTime done
Event: 74.060 Loading class java/lang/AnchorPane
Event: 74.060 Loading class java/lang/AnchorPane done
Event: 74.060 Loading class java/util/AnchorPane
Event: 74.060 Loading class java/util/AnchorPane done
Event: 75.569 Loading class java/lang/AnchorPane
Event: 75.569 Loading class java/lang/AnchorPane done
Event: 75.569 Loading class java/util/AnchorPane
Event: 75.569 Loading class java/util/AnchorPane done

Classes unloaded (0 events):
No events

Classes redefined (0 events):
No events

Internal exceptions (20 events):
Event: 3.181 Thread 0x000002c207e8d560 Exception <a 'java/lang/ClassNotFoundException'{0x0000000716bc3690}: com/sun/javafx/scene/control/skin/resources/controls_uk> (0x0000000716bc3690) 
thrown [s\open\src\hotspot\share\prims\jni.cpp, line 539]
Event: 3.182 Thread 0x000002c207e8d560 Exception <a 'java/lang/ClassNotFoundException'{0x0000000716bc4638}: com/sun/javafx/scene/control/skin/resources/controls_uk_UA> (0x0000000716bc4638) 
thrown [s\open\src\hotspot\share\prims\jni.cpp, line 539]
Event: 3.336 Thread 0x000002c207e8d560 Exception <a 'java/lang/NoSuchMethodError'{0x000000070c98eb78}: 'java.lang.Object java.lang.invoke.DirectMethodHandle$Holder.newInvokeSpecial(java.lang.Object, java.lang.Object, int)'> (0x000000070c98eb78) 
thrown [s\open\src\hotspot\share\interpreter\linkResolver.cpp, line 773]
Event: 4.459 Thread 0x000002c207e8d560 Exception <a 'java/lang/NoSuchMethodError'{0x000000070c12f750}: 'long java.lang.invoke.DirectMethodHandle$Holder.invokeStatic(java.lang.Object, java.lang.Object, java.lang.Object)'> (0x000000070c12f750) 
thrown [s\open\src\hotspot\share\interpreter\linkResolver.cpp, line 773]
Event: 4.459 Thread 0x000002c207e8d560 Exception <a 'java/lang/NoSuchMethodError'{0x000000070c132b20}: 'long java.lang.invoke.DirectMethodHandle$Holder.invokeStaticInit(java.lang.Object, java.lang.Object, java.lang.Object)'> (0x000000070c132b20) 
thrown [s\open\src\hotspot\share\interpreter\linkResolver.cpp, line 773]
Event: 4.461 Thread 0x000002c207e8d560 Exception <a 'java/lang/NoSuchMethodError'{0x000000070c147118}: 'java.lang.Object java.lang.invoke.DirectMethodHandle$Holder.newInvokeSpecial(java.lang.Object, java.lang.Object, long)'> (0x000000070c147118) 
thrown [s\open\src\hotspot\share\interpreter\linkResolver.cpp, line 773]
Event: 4.461 Thread 0x000002c207e8d560 Exception <a 'java/lang/NoSuchMethodError'{0x000000070c14aa10}: 'java.lang.Object java.lang.invoke.Invokers$Holder.linkToTargetMethod(java.lang.Object, long, java.lang.Object)'> (0x000000070c14aa10) 
thrown [s\open\src\hotspot\share\interpreter\linkResolver.cpp, line 773]
Event: 42.629 Thread 0x000002c207e8d560 Exception <a 'java/lang/NoSuchMethodError'{0x000000070b967928}: 'void java.lang.invoke.DirectMethodHandle$Holder.invokeInterface(java.lang.Object, java.lang.Object, int)'> (0x000000070b967928) 
thrown [s\open\src\hotspot\share\interpreter\linkResolver.cpp, line 773]
Event: 42.639 Thread 0x000002c207e8d560 Exception <a 'java/lang/NoSuchMethodError'{0x000000070b9a9c38}: 'java.lang.Object java.lang.invoke.DirectMethodHandle$Holder.invokeSpecial(java.lang.Object, java.lang.Object, int, java.lang.Object, long)'> (0x000000070b9a9c38) 
thrown [s\open\src\hotspot\share\interpreter\linkResolver.cpp, line 773]
Event: 61.120 Thread 0x000002c207e8d560 Exception <a 'java/lang/NoSuchMethodError'{0x000000070b1408c0}: 'java.lang.Object java.lang.invoke.DirectMethodHandle$Holder.newInvokeSpecial(java.lang.Object, java.lang.Object, int, int, int, int, int, java.lang.Object)'> (0x000000070b1408c0) 
thrown [s\open\src\hotspot\share\interpreter\linkResolver.cpp, line 773]
Event: 61.122 Thread 0x000002c207e8d560 Exception <a 'java/lang/NoSuchMethodError'{0x000000070b152a30}: 'java.lang.Object java.lang.invoke.DirectMethodHandle$Holder.newInvokeSpecial(java.lang.Object, java.lang.Object, java.lang.Object, int, int, int, int, int)'> (0x000000070b152a30) 
thrown [s\open\src\hotspot\share\interpreter\linkResolver.cpp, line 773]
Event: 61.123 Thread 0x000002c207e8d560 Exception <a 'java/lang/NoSuchMethodError'{0x000000070b15a2d0}: 'java.lang.Object java.lang.invoke.Invokers$Holder.linkToTargetMethod(java.lang.Object, java.lang.Object, int, int, int, int, int, java.lang.Object)'> (0x000000070b15a2d0) 
thrown [s\open\src\hotspot\share\interpreter\linkResolver.cpp, line 773]
Event: 70.311 Thread 0x000002c207e8d560 Exception <a 'java/lang/NoSuchMethodError'{0x000000070af857e8}: 'java.lang.Object java.lang.invoke.DirectMethodHandle$Holder.newInvokeSpecial(java.lang.Object, java.lang.Object, int, java.lang.Object, int)'> (0x000000070af857e8) 
thrown [s\open\src\hotspot\share\interpreter\linkResolver.cpp, line 773]
Event: 70.311 Thread 0x000002c207e8d560 Exception <a 'java/lang/NoSuchMethodError'{0x000000070af89e68}: 'java.lang.Object java.lang.invoke.DirectMethodHandle$Holder.invokeSpecial(java.lang.Object, java.lang.Object, java.lang.Object, int, java.lang.Object, int)'> (0x000000070af89e68) 
thrown [s\open\src\hotspot\share\interpreter\linkResolver.cpp, line 773]
Event: 70.356 Thread 0x000002c207e8d560 Exception <a 'java/lang/NoSuchMethodError'{0x000000070afa0c40}: 'void java.lang.invoke.DirectMethodHandle$Holder.invokeInterface(java.lang.Object, java.lang.Object)'> (0x000000070afa0c40) 
thrown [s\open\src\hotspot\share\interpreter\linkResolver.cpp, line 773]
Event: 70.434 Thread 0x000002c207e8d560 Exception <a 'sun/nio/fs/WindowsException'{0x000000070acb16f0}> (0x000000070acb16f0) 
thrown [s\open\src\hotspot\share\prims\jni.cpp, line 520]
Event: 70.435 Thread 0x000002c207e8d560 Exception <a 'sun/nio/fs/WindowsException'{0x000000070acb3508}> (0x000000070acb3508) 
thrown [s\open\src\hotspot\share\prims\jni.cpp, line 520]
Event: 70.441 Thread 0x000002c207e8d560 Exception <a 'java/lang/ClassNotFoundException'{0x000000070acc3d70}: sun/util/logging/resources/spi/loggingProvider> (0x000000070acc3d70) 
thrown [s\open\src\hotspot\share\classfile\systemDictionary.cpp, line 312]
Event: 77.001 Thread 0x000002c207e8d560 Exception <a 'sun/nio/fs/WindowsException'{0x000000070add7f78}> (0x000000070add7f78) 
thrown [s\open\src\hotspot\share\prims\jni.cpp, line 520]
Event: 77.001 Thread 0x000002c207e8d560 Exception <a 'sun/nio/fs/WindowsException'{0x000000070adda320}> (0x000000070adda320) 
thrown [s\open\src\hotspot\share\prims\jni.cpp, line 520]

ZGC Phase Switch (0 events):
No events

VM Operations (20 events):
Event: 64.195 Executing VM operation: Cleanup done
Event: 65.195 Executing VM operation: Cleanup
Event: 65.195 Executing VM operation: Cleanup done
Event: 66.195 Executing VM operation: Cleanup
Event: 66.196 Executing VM operation: Cleanup done
Event: 68.196 Executing VM operation: Cleanup
Event: 68.196 Executing VM operation: Cleanup done
Event: 69.196 Executing VM operation: Cleanup
Event: 69.196 Executing VM operation: Cleanup done
Event: 70.197 Executing VM operation: Cleanup
Event: 70.197 Executing VM operation: Cleanup done
Event: 71.198 Executing VM operation: Cleanup
Event: 71.198 Executing VM operation: Cleanup done
Event: 73.199 Executing VM operation: Cleanup
Event: 73.199 Executing VM operation: Cleanup done
Event: 74.200 Executing VM operation: Cleanup
Event: 74.200 Executing VM operation: Cleanup done
Event: 77.202 Executing VM operation: Cleanup
Event: 77.202 Executing VM operation: Cleanup done
Event: 87.988 Executing VM operation: Exit

Events (20 events):
Event: 14.076 Thread 0x000002c253ea3d70 Thread added: 0x000002c253ea3d70
Event: 14.631 Thread 0x000002c253ea3d70 Thread exited: 0x000002c253ea3d70
Event: 18.329 Thread 0x000002c207ecdc90 Thread exited: 0x000002c207ecdc90
Event: 24.170 Thread 0x000002c24e675400 Thread added: 0x000002c24e675400
Event: 26.460 Thread 0x000002c24e7786d0 Thread added: 0x000002c24e7786d0
Event: 29.242 Thread 0x000002c24e7786d0 Thread exited: 0x000002c24e7786d0
Event: 30.425 Thread 0x000002c24e675400 Thread exited: 0x000002c24e675400
Event: 41.991 Thread 0x000002c24df17af0 Thread added: 0x000002c24df17af0
Event: 42.760 Thread 0x000002c24e6b7a90 Thread added: 0x000002c24e6b7a90
Event: 45.113 Thread 0x000002c24e6b7a90 Thread exited: 0x000002c24e6b7a90
Event: 45.114 Thread 0x000002c24df17af0 Thread exited: 0x000002c24df17af0
Event: 48.585 Thread 0x000002c24d28e800 Thread added: 0x000002c24d28e800
Event: 50.009 Thread 0x000002c24d28e800 Thread exited: 0x000002c24d28e800
Event: 70.401 Thread 0x000002c24e6ad200 Thread added: 0x000002c24e6ad200
Event: 74.059 Thread 0x000002c24e6ad200 Thread exited: 0x000002c24e6ad200
Event: 87.985 Thread 0x000002c24e664200 Thread added: 0x000002c24e664200
Event: 87.985 Thread 0x000002c24e667680 Thread added: 0x000002c24e667680
Event: 87.985 Thread 0x000002c24e667680 Thread exited: 0x000002c24e667680
Event: 87.986 Thread 0x000002c24e664200 Thread exited: 0x000002c24e664200
Event: 87.988 Thread 0x000002c207e868a0 Thread exited: 0x000002c207e868a0


Dynamic libraries:
0x00007ff737df0000 - 0x00007ff737dfe000 	C:\Users\admin\.jdks\openjdk-21.0.2\bin\java.exe
0x00007ff86e2d0000 - 0x00007ff86e4c8000 	C:\Windows\SYSTEM32\ntdll.dll
0x00007ff86cb90000 - 0x00007ff86cc4d000 	C:\Windows\System32\KERNEL32.DLL
0x00007ff86bc00000 - 0x00007ff86bef6000 	C:\Windows\System32\KERNELBASE.dll
0x00007ff86b980000 - 0x00007ff86ba80000 	C:\Windows\System32\ucrtbase.dll
0x00007ff86a0f0000 - 0x00007ff86a108000 	C:\Users\admin\.jdks\openjdk-21.0.2\bin\jli.dll
0x00007ff869e80000 - 0x00007ff869e9b000 	C:\Users\admin\.jdks\openjdk-21.0.2\bin\VCRUNTIME140.dll
0x00007ff86cc50000 - 0x00007ff86cdef000 	C:\Windows\System32\USER32.dll
0x00007ff86c2d0000 - 0x00007ff86c2f2000 	C:\Windows\System32\win32u.dll
0x00007ff852340000 - 0x00007ff8525da000 	C:\Windows\WinSxS\amd64_microsoft.windows.common-controls_6595b64144ccf1df_6.0.19041.4355_none_60b8b9eb71f62e16\COMCTL32.dll
0x00007ff86cf10000 - 0x00007ff86cf3b000 	C:\Windows\System32\GDI32.dll
0x00007ff86bf90000 - 0x00007ff86c0a7000 	C:\Windows\System32\gdi32full.dll
0x00007ff86e180000 - 0x00007ff86e21e000 	C:\Windows\System32\msvcrt.dll
0x00007ff86bab0000 - 0x00007ff86bb4d000 	C:\Windows\System32\msvcp_win.dll
0x00007ff86d650000 - 0x00007ff86d682000 	C:\Windows\System32\IMM32.DLL
0x00007ff86a0e0000 - 0x00007ff86a0ec000 	C:\Users\admin\.jdks\openjdk-21.0.2\bin\vcruntime140_1.dll
0x00007ff8596d0000 - 0x00007ff85975e000 	C:\Users\admin\.jdks\openjdk-21.0.2\bin\msvcp140.dll
0x00007ff824ec0000 - 0x00007ff825bd7000 	C:\Users\admin\.jdks\openjdk-21.0.2\bin\server\jvm.dll
0x00007ff86d310000 - 0x00007ff86d3c0000 	C:\Windows\System32\ADVAPI32.dll
0x00007ff86e0e0000 - 0x00007ff86e180000 	C:\Windows\System32\sechost.dll
0x00007ff86d690000 - 0x00007ff86d7b3000 	C:\Windows\System32\RPCRT4.dll
0x00007ff86ba80000 - 0x00007ff86baa7000 	C:\Windows\System32\bcrypt.dll
0x00007ff86e220000 - 0x00007ff86e28b000 	C:\Windows\System32\WS2_32.dll
0x00007ff85a830000 - 0x00007ff85a857000 	C:\Windows\SYSTEM32\WINMM.dll
0x00007ff86b720000 - 0x00007ff86b76b000 	C:\Windows\SYSTEM32\POWRPROF.dll
0x00007ff85f230000 - 0x00007ff85f23a000 	C:\Windows\SYSTEM32\VERSION.dll
0x00007ff86b700000 - 0x00007ff86b712000 	C:\Windows\SYSTEM32\UMPDC.dll
0x00007ff86a1c0000 - 0x00007ff86a1d2000 	C:\Windows\SYSTEM32\kernel.appcore.dll
0x00007ff869e60000 - 0x00007ff869e6a000 	C:\Users\admin\.jdks\openjdk-21.0.2\bin\jimage.dll
0x00007ff869ed0000 - 0x00007ff86a0b4000 	C:\Windows\SYSTEM32\DBGHELP.DLL
0x00007ff862570000 - 0x00007ff8625a4000 	C:\Windows\SYSTEM32\dbgcore.DLL
0x00007ff86bf00000 - 0x00007ff86bf82000 	C:\Windows\System32\bcryptPrimitives.dll
0x00007ff863dd0000 - 0x00007ff863ddf000 	C:\Users\admin\.jdks\openjdk-21.0.2\bin\instrument.dll
0x00007ff866fe0000 - 0x00007ff866fff000 	C:\Users\admin\.jdks\openjdk-21.0.2\bin\java.dll
0x00007ff86c410000 - 0x00007ff86cb7b000 	C:\Windows\System32\SHELL32.dll
0x00007ff869660000 - 0x00007ff869dfd000 	C:\Windows\SYSTEM32\windows.storage.dll
0x00007ff86d7c0000 - 0x00007ff86db13000 	C:\Windows\System32\combase.dll
0x00007ff86b330000 - 0x00007ff86b35e000 	C:\Windows\SYSTEM32\Wldp.dll
0x00007ff86d220000 - 0x00007ff86d2ed000 	C:\Windows\System32\OLEAUT32.dll
0x00007ff86ce60000 - 0x00007ff86cf0d000 	C:\Windows\System32\SHCORE.dll
0x00007ff86db20000 - 0x00007ff86db75000 	C:\Windows\System32\shlwapi.dll
0x00007ff86b8b0000 - 0x00007ff86b8d4000 	C:\Windows\SYSTEM32\profapi.dll
0x00007ff835e30000 - 0x00007ff835f07000 	C:\Users\admin\.jdks\openjdk-21.0.2\bin\jsvml.dll
0x00007ff8674b0000 - 0x00007ff8674c0000 	C:\Users\admin\.jdks\openjdk-21.0.2\bin\net.dll
0x00007ff867dc0000 - 0x00007ff867eca000 	C:\Windows\SYSTEM32\WINHTTP.dll
0x00007ff86b030000 - 0x00007ff86b09a000 	C:\Windows\system32\mswsock.dll
0x00007ff866fc0000 - 0x00007ff866fd6000 	C:\Users\admin\.jdks\openjdk-21.0.2\bin\nio.dll
0x00007ff863de0000 - 0x00007ff863df8000 	C:\Users\admin\.jdks\openjdk-21.0.2\bin\zip.dll
0x00007ff851ed0000 - 0x00007ff851eea000 	C:\Program Files\JetBrains\IntelliJ IDEA 2023.3.2\bin\breakgen64.dll
0x000002c24ebe0000 - 0x000002c24ebe3000 	C:\Users\admin\.openjfx\cache\21+31\amd64\api-ms-win-core-console-l1-1-0.dll
0x000002c24ebf0000 - 0x000002c24ebf3000 	C:\Users\admin\.openjfx\cache\21+31\amd64\api-ms-win-core-console-l1-2-0.dll
0x000002c24ec00000 - 0x000002c24ec03000 	C:\Users\admin\.openjfx\cache\21+31\amd64\api-ms-win-core-datetime-l1-1-0.dll
0x000002c24ec10000 - 0x000002c24ec13000 	C:\Users\admin\.openjfx\cache\21+31\amd64\api-ms-win-core-debug-l1-1-0.dll
0x000002c24ec20000 - 0x000002c24ec23000 	C:\Users\admin\.openjfx\cache\21+31\amd64\api-ms-win-core-errorhandling-l1-1-0.dll
0x000002c24ec30000 - 0x000002c24ec34000 	C:\Users\admin\.openjfx\cache\21+31\amd64\api-ms-win-core-file-l1-1-0.dll
0x000002c24ec40000 - 0x000002c24ec43000 	C:\Users\admin\.openjfx\cache\21+31\amd64\api-ms-win-core-file-l1-2-0.dll
0x000002c24ec50000 - 0x000002c24ec53000 	C:\Users\admin\.openjfx\cache\21+31\amd64\api-ms-win-core-file-l2-1-0.dll
0x000002c24ec60000 - 0x000002c24ec63000 	C:\Users\admin\.openjfx\cache\21+31\amd64\api-ms-win-core-handle-l1-1-0.dll
0x000002c24ec70000 - 0x000002c24ec73000 	C:\Users\admin\.openjfx\cache\21+31\amd64\api-ms-win-core-heap-l1-1-0.dll
0x000002c24ec80000 - 0x000002c24ec83000 	C:\Users\admin\.openjfx\cache\21+31\amd64\api-ms-win-core-interlocked-l1-1-0.dll
0x000002c24ec90000 - 0x000002c24ec93000 	C:\Users\admin\.openjfx\cache\21+31\amd64\api-ms-win-core-libraryloader-l1-1-0.dll
0x000002c24eca0000 - 0x000002c24eca3000 	C:\Users\admin\.openjfx\cache\21+31\amd64\api-ms-win-core-localization-l1-2-0.dll
0x000002c24ecb0000 - 0x000002c24ecb3000 	C:\Users\admin\.openjfx\cache\21+31\amd64\api-ms-win-core-memory-l1-1-0.dll
0x000002c24ecc0000 - 0x000002c24ecc3000 	C:\Users\admin\.openjfx\cache\21+31\amd64\api-ms-win-core-namedpipe-l1-1-0.dll
0x000002c24ecd0000 - 0x000002c24ecd3000 	C:\Users\admin\.openjfx\cache\21+31\amd64\api-ms-win-core-processenvironment-l1-1-0.dll
0x000002c24ece0000 - 0x000002c24ece3000 	C:\Users\admin\.openjfx\cache\21+31\amd64\api-ms-win-core-processthreads-l1-1-0.dll
0x000002c24ecf0000 - 0x000002c24ecf3000 	C:\Users\admin\.openjfx\cache\21+31\amd64\api-ms-win-core-processthreads-l1-1-1.dll
0x000002c24ed00000 - 0x000002c24ed03000 	C:\Users\admin\.openjfx\cache\21+31\amd64\api-ms-win-core-profile-l1-1-0.dll
0x000002c24ed10000 - 0x000002c24ed13000 	C:\Users\admin\.openjfx\cache\21+31\amd64\api-ms-win-core-rtlsupport-l1-1-0.dll
0x000002c24ed20000 - 0x000002c24ed23000 	C:\Users\admin\.openjfx\cache\21+31\amd64\api-ms-win-core-string-l1-1-0.dll
0x000002c24ed30000 - 0x000002c24ed33000 	C:\Users\admin\.openjfx\cache\21+31\amd64\api-ms-win-core-synch-l1-1-0.dll
0x000002c24ed40000 - 0x000002c24ed43000 	C:\Users\admin\.openjfx\cache\21+31\amd64\api-ms-win-core-synch-l1-2-0.dll
0x000002c24ed50000 - 0x000002c24ed53000 	C:\Users\admin\.openjfx\cache\21+31\amd64\api-ms-win-core-sysinfo-l1-1-0.dll
0x000002c24ed60000 - 0x000002c24ed63000 	C:\Users\admin\.openjfx\cache\21+31\amd64\api-ms-win-core-timezone-l1-1-0.dll
0x000002c24ed70000 - 0x000002c24ed73000 	C:\Users\admin\.openjfx\cache\21+31\amd64\api-ms-win-core-util-l1-1-0.dll
0x000002c24ed80000 - 0x000002c24ed83000 	C:\Users\admin\.openjfx\cache\21+31\amd64\api-ms-win-crt-conio-l1-1-0.dll
0x000002c24ed90000 - 0x000002c24ed94000 	C:\Users\admin\.openjfx\cache\21+31\amd64\api-ms-win-crt-convert-l1-1-0.dll
0x000002c24eda0000 - 0x000002c24eda3000 	C:\Users\admin\.openjfx\cache\21+31\amd64\api-ms-win-crt-environment-l1-1-0.dll
0x000002c24edb0000 - 0x000002c24edb3000 	C:\Users\admin\.openjfx\cache\21+31\amd64\api-ms-win-crt-filesystem-l1-1-0.dll
0x000002c24edc0000 - 0x000002c24edc3000 	C:\Users\admin\.openjfx\cache\21+31\amd64\api-ms-win-crt-heap-l1-1-0.dll
0x000002c24edd0000 - 0x000002c24edd3000 	C:\Users\admin\.openjfx\cache\21+31\amd64\api-ms-win-crt-locale-l1-1-0.dll
0x000002c24ede0000 - 0x000002c24ede5000 	C:\Users\admin\.openjfx\cache\21+31\amd64\api-ms-win-crt-math-l1-1-0.dll
0x000002c24edf0000 - 0x000002c24edf5000 	C:\Users\admin\.openjfx\cache\21+31\amd64\api-ms-win-crt-multibyte-l1-1-0.dll
0x000002c24ee00000 - 0x000002c24ee10000 	C:\Users\admin\.openjfx\cache\21+31\amd64\api-ms-win-crt-private-l1-1-0.dll
0x000002c24ee10000 - 0x000002c24ee13000 	C:\Users\admin\.openjfx\cache\21+31\amd64\api-ms-win-crt-process-l1-1-0.dll
0x000002c24ee20000 - 0x000002c24ee24000 	C:\Users\admin\.openjfx\cache\21+31\amd64\api-ms-win-crt-runtime-l1-1-0.dll
0x000002c24ee30000 - 0x000002c24ee34000 	C:\Users\admin\.openjfx\cache\21+31\amd64\api-ms-win-crt-stdio-l1-1-0.dll
0x000002c24ee40000 - 0x000002c24ee44000 	C:\Users\admin\.openjfx\cache\21+31\amd64\api-ms-win-crt-string-l1-1-0.dll
0x000002c24ee50000 - 0x000002c24ee53000 	C:\Users\admin\.openjfx\cache\21+31\amd64\api-ms-win-crt-time-l1-1-0.dll
0x000002c24ee60000 - 0x000002c24ee63000 	C:\Users\admin\.openjfx\cache\21+31\amd64\api-ms-win-crt-utility-l1-1-0.dll
0x00007ff831150000 - 0x00007ff83124c000 	C:\Users\admin\.openjfx\cache\21+31\amd64\ucrtbase.dll
0x00007ff851b20000 - 0x00007ff851b3b000 	C:\Users\admin\.openjfx\cache\21+31\amd64\vcruntime140.dll
0x00007ff854ff0000 - 0x00007ff854ffc000 	C:\Users\admin\.openjfx\cache\21+31\amd64\vcruntime140_1.dll
0x00007ff850ea0000 - 0x00007ff850f2e000 	C:\Users\admin\.openjfx\cache\21+31\amd64\msvcp140.dll
0x00007ff86d0f0000 - 0x00007ff86d21b000 	C:\Windows\System32\ole32.dll
0x00007ff851be0000 - 0x00007ff851be9000 	C:\Users\admin\.openjfx\cache\21+31\amd64\msvcp140_1.dll
0x00007ff8512d0000 - 0x00007ff8512ff000 	C:\Users\admin\.openjfx\cache\21+31\amd64\msvcp140_2.dll
0x00007ff850f90000 - 0x00007ff850fbf000 	C:\Users\admin\.openjfx\cache\21+31\amd64\prism_d3d.dll
0x00007ff82e290000 - 0x00007ff82e45e000 	C:\Windows\system32\d3d9.dll
0x00007ff869170000 - 0x00007ff86919f000 	C:\Windows\SYSTEM32\dwmapi.dll
0x00007ff868f90000 - 0x00007ff86902e000 	C:\Windows\system32\uxtheme.dll
0x00007ff844210000 - 0x00007ff844252000 	C:\Users\admin\.openjfx\cache\21+31\amd64\glass.dll
0x00007ff86d570000 - 0x00007ff86d64a000 	C:\Windows\System32\COMDLG32.dll
0x00007ff86cfd0000 - 0x00007ff86d0e4000 	C:\Windows\System32\MSCTF.dll
0x00007ff85c4d0000 - 0x00007ff85c50b000 	C:\Windows\SYSTEM32\dxcore.dll
0x00007ff86c280000 - 0x00007ff86c2ce000 	C:\Windows\System32\cfgmgr32.dll
0x00007ff86b230000 - 0x00007ff86b248000 	C:\Windows\SYSTEM32\CRYPTSP.dll
0x00007ff86a950000 - 0x00007ff86a984000 	C:\Windows\system32\rsaenh.dll
0x00007ff86b820000 - 0x00007ff86b84e000 	C:\Windows\SYSTEM32\USERENV.dll
0x00007ff86b220000 - 0x00007ff86b22c000 	C:\Windows\SYSTEM32\CRYPTBASE.dll
0x00007ff86ad10000 - 0x00007ff86ad4b000 	C:\Windows\SYSTEM32\IPHLPAPI.DLL
0x00007ff86cb80000 - 0x00007ff86cb88000 	C:\Windows\System32\NSI.dll
0x00007ff830940000 - 0x00007ff830a35000 	C:\Users\admin\AppData\Local\Temp\sqlite-3.45.3.0-7d6e4fa9-03bf-4439-8285-9fefd99dc8fa-sqlitejdbc.dll
0x00007ff851ac0000 - 0x00007ff851ad4000 	C:\Users\admin\.openjfx\cache\21+31\amd64\javafx_font.dll
0x00007ff854af0000 - 0x00007ff854d6f000 	C:\Windows\SYSTEM32\dwrite.dll
0x00007ff86c360000 - 0x00007ff86c409000 	C:\Windows\System32\clbcatq.dll
0x00007ff868cb0000 - 0x00007ff868e64000 	C:\Windows\SYSTEM32\WindowsCodecs.dll
0x00007ff8535b0000 - 0x00007ff8535ee000 	C:\Windows\system32\dataexchange.dll
0x00007ff865280000 - 0x00007ff8654e3000 	C:\Windows\system32\d3d11.dll
0x00007ff865b30000 - 0x00007ff865d15000 	C:\Windows\system32\dcomp.dll
0x00007ff86a200000 - 0x00007ff86a2f2000 	C:\Windows\system32\dxgi.dll
0x00007ff863240000 - 0x00007ff863443000 	C:\Windows\system32\twinapi.appcore.dll
0x00007ff8519b0000 - 0x00007ff8519e4000 	C:\Program Files\Common Files\Microsoft Shared\Ink\rtscom.dll
0x00007ff85bd10000 - 0x00007ff85be09000 	C:\Windows\SYSTEM32\textinputframework.dll
0x00007ff866620000 - 0x00007ff86697b000 	C:\Windows\System32\CoreUIComponents.dll
0x00007ff866320000 - 0x00007ff866412000 	C:\Windows\System32\CoreMessaging.dll
0x00007ff86aa70000 - 0x00007ff86aaa3000 	C:\Windows\SYSTEM32\ntmarta.dll
0x00007ff867be0000 - 0x00007ff867d37000 	C:\Windows\SYSTEM32\wintypes.dll

dbghelp: loaded successfully - version: 4.0.5 - missing functions: none
symbol engine: initialized successfully - sym options: 0x614 - pdb path: .;C:\Users\admin\.jdks\openjdk-21.0.2\bin;C:\Windows\SYSTEM32;C:\Windows\WinSxS\amd64_microsoft.windows.common-controls_6595b64144ccf1df_6.0.19041.4355_none_60b8b9eb71f62e16;C:\Users\admin\.jdks\openjdk-21.0.2\bin\server;C:\Program Files\JetBrains\IntelliJ IDEA 2023.3.2\bin;C:\Users\admin\.openjfx\cache\21+31\amd64;C:\Windows\System32\DriverStore\FileRepository\u0364120.inf_amd64_636d39f1d2b33111\B364017;C:\Users\admin\AppData\Local\Temp;C:\Program Files\Common Files\Microsoft Shared\Ink

VM Arguments:
jvm_args: --enable-preview -javaagent:C:\Program Files\JetBrains\IntelliJ IDEA 2023.3.2\lib\idea_rt.jar=52386:C:\Program Files\JetBrains\IntelliJ IDEA 2023.3.2\bin -Dfile.encoding=UTF-8 -Dsun.stdout.encoding=UTF-8 -Dsun.stderr.encoding=UTF-8 --module-path=C:\Users\admin\.m2\repository\com\dlsc\formsfx\formsfx-core\11.6.0\formsfx-core-11.6.0.jar;C:\Users\admin\.m2\repository\com\gluonhq\attach\util\4.0.17\util-4.0.17.jar;C:\Users\admin\.m2\repository\org\openjfx\javafx-controls\21\javafx-controls-21-win.jar;C:\Users\admin\.m2\repository\ch\qos\logback\logback-core\1.5.6\logback-core-1.5.6.jar;C:\Users\admin\.m2\repository\org\openjfx\javafx-fxml\21\javafx-fxml-21-win.jar;C:\Users\admin\.m2\repository\net\synedra\validatorfx\0.4.0\validatorfx-0.4.0.jar;C:\Users\admin\.m2\repository\com\github\almasb\fxgl-gameplay\17.3\fxgl-gameplay-17.3.jar;C:\Users\admin\.m2\repository\org\controlsfx\controlsfx\11.1.2\controlsfx-11.1.2.jar;C:\Users\admin\.m2\repository\org\springframework\spring-context\6.1.6\spring-context-6.1.6.jar;C:\Users\admin\.m2\repository\org\openjfx\javafx-graphics\21\javafx-graphics-21-win.jar;C:\Users\admin\.m2\repository\com\github\almasb\fxgl-io\17.3\fxgl-io-17.3.jar;C:\Users\admin\.m2\repository\com\github\almasb\fxgl-entity\17.3\fxgl-entity-17.3.jar;C:\Users\admin\.m2\repository\com\fasterxml\jackson\core\jackson-annotations\2.14.2\jackson-annotations-2.14.2.jar;C:\Users\admin\.m2\repository\org\kordamp\ikonli\ikonli-javafx\12.3.1\ikonli-javafx-12.3.1.jar;C:\Users\admin\.m2\repository\com\gluonhq\attach\audio\4.0.17\audio-4.0.17.jar;C:\Users\admin\.m2\repository\org\kordamp\ikonli\ikonli-core\12.3.1\ikonli-core-12.3.1.jar;C:\Users\admin\.m2\repository\org\springframework\spring-beans\6.1.6\spring-beans-6.1.6.jar;C:\Users\admin\.m2\repository\com\github\almasb\fxgl-core\17.3\fxgl-core-17.3.jar;C:\Users\admin\.m2\repository\ch\qos\logback\logback-classic\1.5.6\logback-classic-1.5.6.jar;C:\Users\admin\.m2\repository\com\github\almasb\fxgl\17.3\fxgl-17.3.jar;C:\Users\admin\.m2\repository\org\springframework\spring-core\6.1.6\spring-core-6.1.6.jar;C:\Users\admin\.m2\repository\org\openjfx\javafx-base\21\javafx-base-21-win.jar;C:\Users\admin\.m2\repository\com\gluonhq\attach\lifecycle\4.0.17\li-Djdk.module.main=org.example.eventsplanner 
java_command: org.example.eventsplanner/com.mil0812.eventsplanner.Main
java_class_path (initial): C:\Users\admin\.m2\repository\org\openjfx\javafx-controls\21\javafx-controls-21.jar;C:\Users\admin\.m2\repository\org\openjfx\javafx-graphics\21\javafx-graphics-21.jar;C:\Users\admin\.m2\repository\org\openjfx\javafx-base\21\javafx-base-21.jar;C:\Users\admin\.m2\repository\org\openjfx\javafx-fxml\21\javafx-fxml-21.jar;C:\Users\admin\.m2\repository\org\openjfx\javafx-web\21\javafx-web-21.jar;C:\Users\admin\.m2\repository\org\openjfx\javafx-swing\21\javafx-swing-21.jar;C:\Users\admin\.m2\repository\org\openjfx\javafx-swing\21\javafx-swing-21-win.jar;C:\Users\admin\.m2\repository\org\openjfx\javafx-media\21\javafx-media-21.jar;C:\Users\admin\.m2\repository\org\jetbrains\kotlin\kotlin-stdlib-common\1.8.10\kotlin-stdlib-common-1.8.10.jar;C:\Users\admin\.m2\repository\org\jetbrains\annotations\13.0\annotations-13.0.jar;C:\Users\admin\.m2\repository\org\springframework\spring-aop\6.1.6\spring-aop-6.1.6.jar;C:\Users\admin\.m2\repository\org\springframework\spring-jcl\6.1.6\spring-jcl-6.1.6.jar;C:\Users\admin\.m2\repository\org\springframework\spring-expression\6.1.6\spring-expression-6.1.6.jar;C:\Users\admin\.m2\repository\io\micrometer\micrometer-observation\1.12.5\micrometer-observation-1.12.5.jar;C:\Users\admin\.m2\repository\io\micrometer\micrometer-commons\1.12.5\micrometer-commons-1.12.5.jar;C:\Users\admin\.m2\repository\jakarta\annotation\jakarta.annotation-api\3.0.0\jakarta.annotation-api-3.0.0.jar
Launcher Type: SUN_STANDARD

[Global flags]
     intx CICompilerCount                          = 12                                        {product} {ergonomic}
     uint ConcGCThreads                            = 3                                         {product} {ergonomic}
     uint G1ConcRefinementThreads                  = 13                                        {product} {ergonomic}
   size_t G1HeapRegionSize                         = 2097152                                   {product} {ergonomic}
    uintx GCDrainStackTargetSize                   = 64                                        {product} {ergonomic}
   size_t InitialHeapSize                          = 257949696                                 {product} {ergonomic}
   size_t MarkStackSize                            = 4194304                                   {product} {ergonomic}
   size_t MaxHeapSize                              = 4123000832                                {product} {ergonomic}
   size_t MaxNewSize                               = 2472542208                                {product} {ergonomic}
   size_t MinHeapDeltaBytes                        = 2097152                                   {product} {ergonomic}
   size_t MinHeapSize                              = 8388608                                   {product} {ergonomic}
    uintx NonNMethodCodeHeapSize                   = 7602480                                {pd product} {ergonomic}
    uintx NonProfiledCodeHeapSize                  = 122027880                              {pd product} {ergonomic}
    uintx ProfiledCodeHeapSize                     = 122027880                              {pd product} {ergonomic}
    uintx ReservedCodeCacheSize                    = 251658240                              {pd product} {ergonomic}
     bool SegmentedCodeCache                       = true                                      {product} {ergonomic}
   size_t SoftMaxHeapSize                          = 4123000832                             {manageable} {ergonomic}
     bool UseCompressedOops                        = true                           {product lp64_product} {ergonomic}
     bool UseG1GC                                  = true                                      {product} {ergonomic}
     bool UseLargePagesIndividualAllocation        = false                                  {pd product} {ergonomic}

Logging:
Log output configuration:
 #0: stdout all=off uptime,level,tags foldmultilines=false
 #1: stderr all=off uptime,level,tags foldmultilines=false

Environment Variables:
JAVA_HOME=C:\Users\admin\scoop\apps\openjdk\current
PATH=C:\Windows\system32;C:\Windows;C:\Windows\System32\Wbem;C:\Windows\System32\WindowsPowerShell\v1.0\;C:\Windows\System32\OpenSSH\;C:\Program Files\nodejs\;C:\Program Files\dotnet\;C:\Program Files\Cloudflare\Cloudflare WARP\;C:\Users\admin\scoop\apps\openjdk\current\bin;C:\Users\admin\scoop\shims;C:\Users\admin\AppData\Local\Microsoft\WindowsApps;C:\Users\admin\AppData\Local\GitHubDesktop\bin;C:\Users\admin\AppData\Roaming\npm;C:\Users\admin\.dotnet\tools
USERNAME=admin
OS=Windows_NT
PROCESSOR_IDENTIFIER=AMD64 Family 23 Model 104 Stepping 1, AuthenticAMD
TMP=C:\Users\admin\AppData\Local\Temp
TEMP=C:\Users\admin\AppData\Local\Temp




Periodic native trim disabled

---------------  S Y S T E M  ---------------

OS:
 Windows 10 , 64 bit Build 19041 (10.0.19041.3636)
OS uptime: 6 days 17:32 hours

CPU: total 16 (initial active 16) (16 cores per cpu, 2 threads per core) family 23 model 104 stepping 1 microcode 0x0, cx8, cmov, fxsr, ht, mmx, 3dnowpref, sse, sse2, sse3, ssse3, sse4a, sse4.1, sse4.2, popcnt, lzcnt, tsc, tscinvbit, avx, avx2, aes, clmul, bmi1, bmi2, adx, sha, fma, vzeroupper, clflush, clflushopt, rdtscp, rdpid, f16c
Processor Information for all 16 processors :
  Max Mhz: 1801, Current Mhz: 1801, Mhz Limit: 1801

Memory: 4k page, system-wide physical 15722M (7306M free)
TotalPageFile size 18154M (AvailPageFile size 5303M)
current process WorkingSet (physical memory assigned to process): 155M, peak: 183M
current process commit charge ("private bytes"): 230M, peak: 426M

vm_info: OpenJDK 64-Bit Server VM (21.0.2+13-58) for windows-amd64 JRE (21.0.2+13-58), built on 2024-01-05T18:32:24Z by "mach5one" with MS VC++ 17.1 (VS2022)

END.
